  0%|          | 0/1319 [00:00<?, ?it/s]  0%|          | 1/1319 [00:03<1:14:56,  3.41s/it]  0%|          | 2/1319 [00:04<43:53,  2.00s/it]    0%|          | 3/1319 [00:06<42:38,  1.94s/it]  0%|          | 4/1319 [00:08<42:08,  1.92s/it]  0%|          | 5/1319 [00:10<41:28,  1.89s/it]  0%|          | 6/1319 [00:11<41:56,  1.92s/it]  1%|          | 7/1319 [00:13<38:11,  1.75s/it]File "llm_build/10b77b08-289f-11f0-8afd-e10f5b0b7eea/Solution.ml", line 5, characters 47-59:
5 | let gb_downloaded_before_restart = file_size * percent_done in
                                                   ^^^^^^^^^^^^
Error: This expression has type "float" but an expression was expected of type
         "int"
Traceback (most recent call last):
  File "/home/doyle/Documents/COS484/COS484_PAL/.venv/lib/python3.10/site-packages/pal/core/interface.py", line 185, in run
    exec_result = self.execute(code)
  File "/home/doyle/Documents/COS484/COS484_PAL/.venv/lib/python3.10/site-packages/pal/core/interface.py", line 114, in execute
    self.runtime.exec_code('\n'.join(code))
  File "/home/doyle/Documents/COS484/COS484_PAL/.venv/lib/python3.10/site-packages/pal/core/runtime.py", line 145, in exec_code
    result = subprocess.run([f"llm_build/{str(random_uuid)}/Solution"], capture_output=True)
  File "/usr/lib/python3.10/subprocess.py", line 503, in run
    with Popen(*popenargs, **kwargs) as process:
  File "/usr/lib/python3.10/subprocess.py", line 971, in __init__
    self._execute_child(args, executable, preexec_fn, close_fds,
  File "/usr/lib/python3.10/subprocess.py", line 1863, in _execute_child
    raise child_exception_type(errno_num, err_msg, err_filename)
FileNotFoundError: [Errno 2] No such file or directory: 'llm_build/10b77b08-289f-11f0-8afd-e10f5b0b7eea/Solution'

  1%|          | 8/1319 [00:15<39:39,  1.82s/it]File "llm_build/125b3f80-289f-11f0-8afd-e10f5b0b7eea/Solution.ml", line 10, characters 52-69:
10 | let time_driving_fast = time_total - time_traffic - time_driving_slow in
                                                         ^^^^^^^^^^^^^^^^^
Error: This expression has type "float" but an expression was expected of type
         "int"
Traceback (most recent call last):
  File "/home/doyle/Documents/COS484/COS484_PAL/.venv/lib/python3.10/site-packages/pal/core/interface.py", line 185, in run
    exec_result = self.execute(code)
  File "/home/doyle/Documents/COS484/COS484_PAL/.venv/lib/python3.10/site-packages/pal/core/interface.py", line 114, in execute
    self.runtime.exec_code('\n'.join(code))
  File "/home/doyle/Documents/COS484/COS484_PAL/.venv/lib/python3.10/site-packages/pal/core/runtime.py", line 145, in exec_code
    result = subprocess.run([f"llm_build/{str(random_uuid)}/Solution"], capture_output=True)
  File "/usr/lib/python3.10/subprocess.py", line 503, in run
    with Popen(*popenargs, **kwargs) as process:
  File "/usr/lib/python3.10/subprocess.py", line 971, in __init__
    self._execute_child(args, executable, preexec_fn, close_fds,
  File "/usr/lib/python3.10/subprocess.py", line 1863, in _execute_child
    raise child_exception_type(errno_num, err_msg, err_filename)
FileNotFoundError: [Errno 2] No such file or directory: 'llm_build/125b3f80-289f-11f0-8afd-e10f5b0b7eea/Solution'

  1%|          | 9/1319 [00:18<46:02,  2.11s/it]  1%|          | 10/1319 [00:19<44:33,  2.04s/it]  1%|          | 11/1319 [00:21<43:55,  2.01s/it]  1%|          | 12/1319 [00:24<49:30,  2.27s/it]File "llm_build/17afa9d0-289f-11f0-8afd-e10f5b0b7eea/Solution.ml", line 12, characters 58-73:
12 |   else years_until_profit (years + 1) (accumulated_cost + profit_per_year)
                                                               ^^^^^^^^^^^^^^^
Error: This expression has type "float" but an expression was expected of type
         "int"
Traceback (most recent call last):
  File "/home/doyle/Documents/COS484/COS484_PAL/.venv/lib/python3.10/site-packages/pal/core/interface.py", line 185, in run
    exec_result = self.execute(code)
  File "/home/doyle/Documents/COS484/COS484_PAL/.venv/lib/python3.10/site-packages/pal/core/interface.py", line 114, in execute
    self.runtime.exec_code('\n'.join(code))
  File "/home/doyle/Documents/COS484/COS484_PAL/.venv/lib/python3.10/site-packages/pal/core/runtime.py", line 145, in exec_code
    result = subprocess.run([f"llm_build/{str(random_uuid)}/Solution"], capture_output=True)
  File "/usr/lib/python3.10/subprocess.py", line 503, in run
    with Popen(*popenargs, **kwargs) as process:
  File "/usr/lib/python3.10/subprocess.py", line 971, in __init__
    self._execute_child(args, executable, preexec_fn, close_fds,
  File "/usr/lib/python3.10/subprocess.py", line 1863, in _execute_child
    raise child_exception_type(errno_num, err_msg, err_filename)
FileNotFoundError: [Errno 2] No such file or directory: 'llm_build/17afa9d0-289f-11f0-8afd-e10f5b0b7eea/Solution'

  1%|          | 13/1319 [00:27<49:11,  2.26s/it]  1%|          | 14/1319 [00:29<48:15,  2.22s/it]  1%|          | 15/1319 [00:31<48:19,  2.22s/it]File "llm_build/1bf8bb6c-289f-11f0-8afd-e10f5b0b7eea/Solution.ml", line 7, characters 38-65:
7 | let jewelry_profit = (jewelry_cost * (jewelry_increase_percentage / 100.0)) in
                                          ^^^^^^^^^^^^^^^^^^^^^^^^^^^
Error: This expression has type "float" but an expression was expected of type
         "int"
Traceback (most recent call last):
  File "/home/doyle/Documents/COS484/COS484_PAL/.venv/lib/python3.10/site-packages/pal/core/interface.py", line 185, in run
    exec_result = self.execute(code)
  File "/home/doyle/Documents/COS484/COS484_PAL/.venv/lib/python3.10/site-packages/pal/core/interface.py", line 114, in execute
    self.runtime.exec_code('\n'.join(code))
  File "/home/doyle/Documents/COS484/COS484_PAL/.venv/lib/python3.10/site-packages/pal/core/runtime.py", line 145, in exec_code
    result = subprocess.run([f"llm_build/{str(random_uuid)}/Solution"], capture_output=True)
  File "/usr/lib/python3.10/subprocess.py", line 503, in run
    with Popen(*popenargs, **kwargs) as process:
  File "/usr/lib/python3.10/subprocess.py", line 971, in __init__
    self._execute_child(args, executable, preexec_fn, close_fds,
  File "/usr/lib/python3.10/subprocess.py", line 1863, in _execute_child
    raise child_exception_type(errno_num, err_msg, err_filename)
FileNotFoundError: [Errno 2] No such file or directory: 'llm_build/1bf8bb6c-289f-11f0-8afd-e10f5b0b7eea/Solution'

  1%|          | 16/1319 [00:34<52:16,  2.41s/it]  1%|▏         | 17/1319 [00:35<44:56,  2.07s/it]  1%|▏         | 18/1319 [00:37<44:31,  2.05s/it]  1%|▏         | 19/1319 [00:39<46:07,  2.13s/it]  2%|▏         | 20/1319 [00:41<44:40,  2.06s/it]File "llm_build/22297224-289f-11f0-8afd-e10f5b0b7eea/Solution.ml", line 9, characters 50-74:
9 | let orange_drink_water = orange_drink_remaining * orange_drink_water_ratio in
                                                      ^^^^^^^^^^^^^^^^^^^^^^^^
Error: This expression has type "float" but an expression was expected of type
         "int"
Traceback (most recent call last):
  File "/home/doyle/Documents/COS484/COS484_PAL/.venv/lib/python3.10/site-packages/pal/core/interface.py", line 185, in run
    exec_result = self.execute(code)
  File "/home/doyle/Documents/COS484/COS484_PAL/.venv/lib/python3.10/site-packages/pal/core/interface.py", line 114, in execute
    self.runtime.exec_code('\n'.join(code))
  File "/home/doyle/Documents/COS484/COS484_PAL/.venv/lib/python3.10/site-packages/pal/core/runtime.py", line 145, in exec_code
    result = subprocess.run([f"llm_build/{str(random_uuid)}/Solution"], capture_output=True)
  File "/usr/lib/python3.10/subprocess.py", line 503, in run
    with Popen(*popenargs, **kwargs) as process:
  File "/usr/lib/python3.10/subprocess.py", line 971, in __init__
    self._execute_child(args, executable, preexec_fn, close_fds,
  File "/usr/lib/python3.10/subprocess.py", line 1863, in _execute_child
    raise child_exception_type(errno_num, err_msg, err_filename)
FileNotFoundError: [Errno 2] No such file or directory: 'llm_build/22297224-289f-11f0-8afd-e10f5b0b7eea/Solution'

  2%|▏         | 21/1319 [00:44<49:53,  2.31s/it]  2%|▏         | 22/1319 [00:47<51:27,  2.38s/it]File "llm_build/26027f3a-289f-11f0-8afd-e10f5b0b7eea/Solution.ml", line 4, characters 4-25:
4 | let customers_third_group = 3 in
        ^^^^^^^^^^^^^^^^^^^^^
Warning 26 [unused-var]: unused variable customers_third_group.
  2%|▏         | 23/1319 [00:51<1:01:17,  2.84s/it]  2%|▏         | 24/1319 [00:53<59:13,  2.74s/it]    2%|▏         | 25/1319 [00:55<56:17,  2.61s/it]File "llm_build/2ab07a46-289f-11f0-8afd-e10f5b0b7eea/Solution.ml", line 11, characters 46-56:
11 | let total_apple_cost = int_of_float (apples * apple_cost) in
                                                   ^^^^^^^^^^
Error: This expression has type "float" but an expression was expected of type
         "int"
Traceback (most recent call last):
  File "/home/doyle/Documents/COS484/COS484_PAL/.venv/lib/python3.10/site-packages/pal/core/interface.py", line 185, in run
    exec_result = self.execute(code)
  File "/home/doyle/Documents/COS484/COS484_PAL/.venv/lib/python3.10/site-packages/pal/core/interface.py", line 114, in execute
    self.runtime.exec_code('\n'.join(code))
  File "/home/doyle/Documents/COS484/COS484_PAL/.venv/lib/python3.10/site-packages/pal/core/runtime.py", line 145, in exec_code
    result = subprocess.run([f"llm_build/{str(random_uuid)}/Solution"], capture_output=True)
  File "/usr/lib/python3.10/subprocess.py", line 503, in run
    with Popen(*popenargs, **kwargs) as process:
  File "/usr/lib/python3.10/subprocess.py", line 971, in __init__
    self._execute_child(args, executable, preexec_fn, close_fds,
  File "/usr/lib/python3.10/subprocess.py", line 1863, in _execute_child
    raise child_exception_type(errno_num, err_msg, err_filename)
FileNotFoundError: [Errno 2] No such file or directory: 'llm_build/2ab07a46-289f-11f0-8afd-e10f5b0b7eea/Solution'

  2%|▏         | 26/1319 [00:58<58:54,  2.73s/it]File "llm_build/2b8e49fc-289f-11f0-8afd-e10f5b0b7eea/Solution.ml", line 6, characters 19-31:
6 | let total_spent = (shorts_price + pants_price + shoes_price) *. float_of_int items_count in
                       ^^^^^^^^^^^^
Error: This expression has type "float" but an expression was expected of type
         "int"
Traceback (most recent call last):
  File "/home/doyle/Documents/COS484/COS484_PAL/.venv/lib/python3.10/site-packages/pal/core/interface.py", line 185, in run
    exec_result = self.execute(code)
  File "/home/doyle/Documents/COS484/COS484_PAL/.venv/lib/python3.10/site-packages/pal/core/interface.py", line 114, in execute
    self.runtime.exec_code('\n'.join(code))
  File "/home/doyle/Documents/COS484/COS484_PAL/.venv/lib/python3.10/site-packages/pal/core/runtime.py", line 145, in exec_code
    result = subprocess.run([f"llm_build/{str(random_uuid)}/Solution"], capture_output=True)
  File "/usr/lib/python3.10/subprocess.py", line 503, in run
    with Popen(*popenargs, **kwargs) as process:
  File "/usr/lib/python3.10/subprocess.py", line 971, in __init__
    self._execute_child(args, executable, preexec_fn, close_fds,
  File "/usr/lib/python3.10/subprocess.py", line 1863, in _execute_child
    raise child_exception_type(errno_num, err_msg, err_filename)
FileNotFoundError: [Errno 2] No such file or directory: 'llm_build/2b8e49fc-289f-11f0-8afd-e10f5b0b7eea/Solution'

  2%|▏         | 27/1319 [01:00<50:33,  2.35s/it]  2%|▏         | 28/1319 [01:05<1:10:17,  3.27s/it]  2%|▏         | 29/1319 [01:07<58:04,  2.70s/it]    2%|▏         | 30/1319 [01:08<52:05,  2.43s/it]File "llm_build/3198f63a-289f-11f0-8afd-e10f5b0b7eea/Solution.ml", line 6, characters 4-15:
6 | let darrell_age = (total_age * ratio_darrell) / total_ratio in
        ^^^^^^^^^^^
Warning 26 [unused-var]: unused variable darrell_age.
  2%|▏         | 31/1319 [01:10<46:39,  2.17s/it]  2%|▏         | 32/1319 [01:13<52:53,  2.47s/it]  3%|▎         | 33/1319 [01:15<48:27,  2.26s/it]  3%|▎         | 34/1319 [01:17<47:00,  2.19s/it]  3%|▎         | 35/1319 [01:19<47:58,  2.24s/it]  3%|▎         | 36/1319 [01:25<1:11:24,  3.34s/it]  3%|▎         | 37/1319 [01:28<1:06:31,  3.11s/it]File "llm_build/3d5c40e4-289f-11f0-8afd-e10f5b0b7eea/Solution.ml", line 10, characters 4-15:
10 | let total_money = money_from_lego_sets - money_spent_on_video_games + money_left in
         ^^^^^^^^^^^
Warning 26 [unused-var]: unused variable total_money.
  3%|▎         | 38/1319 [01:30<58:47,  2.75s/it]  File "llm_build/3ea98ef2-289f-11f0-8afd-e10f5b0b7eea/Solution.ml", line 3, characters 4-17:
3 | let days_per_week = 3 in
        ^^^^^^^^^^^^^
Warning 26 [unused-var]: unused variable days_per_week.
  3%|▎         | 39/1319 [01:32<55:09,  2.59s/it]  3%|▎         | 40/1319 [01:34<54:29,  2.56s/it]  3%|▎         | 41/1319 [01:37<56:19,  2.64s/it]  3%|▎         | 42/1319 [01:41<1:05:22,  3.07s/it]  3%|▎         | 43/1319 [01:46<1:12:26,  3.41s/it]File "llm_build/48b703ca-289f-11f0-8afd-e10f5b0b7eea/Solution.ml", line 4, characters 4-25:
4 | let total_calories_in_bag = calories_per_serving * servings_in_bag in
        ^^^^^^^^^^^^^^^^^^^^^
Warning 26 [unused-var]: unused variable total_calories_in_bag.
  3%|▎         | 44/1319 [01:49<1:11:26,  3.36s/it]  3%|▎         | 45/1319 [01:51<1:05:04,  3.06s/it]  3%|▎         | 46/1319 [01:55<1:11:20,  3.36s/it]  4%|▎         | 47/1319 [01:58<1:08:06,  3.21s/it]  4%|▎         | 48/1319 [02:01<1:04:28,  3.04s/it]  4%|▎         | 49/1319 [02:04<1:02:38,  2.96s/it]  4%|▍         | 50/1319 [02:06<56:52,  2.69s/it]    4%|▍         | 51/1319 [02:08<52:34,  2.49s/it]  4%|▍         | 52/1319 [02:09<45:05,  2.13s/it]  4%|▍         | 53/1319 [02:10<41:38,  1.97s/it]  4%|▍         | 54/1319 [02:13<44:18,  2.10s/it]  4%|▍         | 55/1319 [02:15<45:10,  2.14s/it]  4%|▍         | 56/1319 [02:17<42:02,  2.00s/it]  4%|▍         | 57/1319 [02:20<50:53,  2.42s/it]  4%|▍         | 58/1319 [02:27<1:16:55,  3.66s/it]  4%|▍         | 59/1319 [02:31<1:21:47,  3.89s/it]  5%|▍         | 60/1319 [02:37<1:35:55,  4.57s/it]  5%|▍         | 61/1319 [02:40<1:21:33,  3.89s/it]  5%|▍         | 62/1319 [02:45<1:33:22,  4.46s/it]File "llm_build/6b8fa212-289f-11f0-8afd-e10f5b0b7eea/Solution.ml", line 9, characters 69-85:
9 | let pension_increase = if years_entitled > 0 then (pension_initial * entitlement_rate * float_of_int years_entitled) else 0.0 in
                                                                         ^^^^^^^^^^^^^^^^
Error: This expression has type "float" but an expression was expected of type
         "int"
Traceback (most recent call last):
  File "/home/doyle/Documents/COS484/COS484_PAL/.venv/lib/python3.10/site-packages/pal/core/interface.py", line 185, in run
    exec_result = self.execute(code)
  File "/home/doyle/Documents/COS484/COS484_PAL/.venv/lib/python3.10/site-packages/pal/core/interface.py", line 114, in execute
    self.runtime.exec_code('\n'.join(code))
  File "/home/doyle/Documents/COS484/COS484_PAL/.venv/lib/python3.10/site-packages/pal/core/runtime.py", line 145, in exec_code
    result = subprocess.run([f"llm_build/{str(random_uuid)}/Solution"], capture_output=True)
  File "/usr/lib/python3.10/subprocess.py", line 503, in run
    with Popen(*popenargs, **kwargs) as process:
  File "/usr/lib/python3.10/subprocess.py", line 971, in __init__
    self._execute_child(args, executable, preexec_fn, close_fds,
  File "/usr/lib/python3.10/subprocess.py", line 1863, in _execute_child
    raise child_exception_type(errno_num, err_msg, err_filename)
FileNotFoundError: [Errno 2] No such file or directory: 'llm_build/6b8fa212-289f-11f0-8afd-e10f5b0b7eea/Solution'

  5%|▍         | 63/1319 [02:47<1:16:51,  3.67s/it]File "llm_build/6d05890e-289f-11f0-8afd-e10f5b0b7eea/Solution.ml", line 5, characters 24-38:
5 | let discounted_charge = monthly_charge *. (1.0 -. discount_rate) in
                            ^^^^^^^^^^^^^^
Error: This expression has type "int" but an expression was expected of type
         "float"
Traceback (most recent call last):
  File "/home/doyle/Documents/COS484/COS484_PAL/.venv/lib/python3.10/site-packages/pal/core/interface.py", line 185, in run
    exec_result = self.execute(code)
  File "/home/doyle/Documents/COS484/COS484_PAL/.venv/lib/python3.10/site-packages/pal/core/interface.py", line 114, in execute
    self.runtime.exec_code('\n'.join(code))
  File "/home/doyle/Documents/COS484/COS484_PAL/.venv/lib/python3.10/site-packages/pal/core/runtime.py", line 145, in exec_code
    result = subprocess.run([f"llm_build/{str(random_uuid)}/Solution"], capture_output=True)
  File "/usr/lib/python3.10/subprocess.py", line 503, in run
    with Popen(*popenargs, **kwargs) as process:
  File "/usr/lib/python3.10/subprocess.py", line 971, in __init__
    self._execute_child(args, executable, preexec_fn, close_fds,
  File "/usr/lib/python3.10/subprocess.py", line 1863, in _execute_child
    raise child_exception_type(errno_num, err_msg, err_filename)
FileNotFoundError: [Errno 2] No such file or directory: 'llm_build/6d05890e-289f-11f0-8afd-e10f5b0b7eea/Solution'

  5%|▍         | 64/1319 [02:50<1:09:08,  3.31s/it]  5%|▍         | 65/1319 [02:52<1:01:03,  2.92s/it]  5%|▌         | 66/1319 [02:58<1:22:15,  3.94s/it]  5%|▌         | 67/1319 [03:04<1:33:46,  4.49s/it]  5%|▌         | 68/1319 [03:05<1:14:37,  3.58s/it]  5%|▌         | 69/1319 [03:06<59:10,  2.84s/it]    5%|▌         | 70/1319 [03:08<53:40,  2.58s/it]  5%|▌         | 71/1319 [03:10<48:01,  2.31s/it]  5%|▌         | 72/1319 [03:11<40:50,  1.97s/it]  6%|▌         | 73/1319 [03:13<42:44,  2.06s/it]File "llm_build/7c77b970-289f-11f0-8afd-e10f5b0b7eea/Solution.ml", line 6, characters 34-47:
6 | let total_interest = total_cost * interest_rate in
                                      ^^^^^^^^^^^^^
Error: This expression has type "float" but an expression was expected of type
         "int"
Traceback (most recent call last):
  File "/home/doyle/Documents/COS484/COS484_PAL/.venv/lib/python3.10/site-packages/pal/core/interface.py", line 185, in run
    exec_result = self.execute(code)
  File "/home/doyle/Documents/COS484/COS484_PAL/.venv/lib/python3.10/site-packages/pal/core/interface.py", line 114, in execute
    self.runtime.exec_code('\n'.join(code))
  File "/home/doyle/Documents/COS484/COS484_PAL/.venv/lib/python3.10/site-packages/pal/core/runtime.py", line 145, in exec_code
    result = subprocess.run([f"llm_build/{str(random_uuid)}/Solution"], capture_output=True)
  File "/usr/lib/python3.10/subprocess.py", line 503, in run
    with Popen(*popenargs, **kwargs) as process:
  File "/usr/lib/python3.10/subprocess.py", line 971, in __init__
    self._execute_child(args, executable, preexec_fn, close_fds,
  File "/usr/lib/python3.10/subprocess.py", line 1863, in _execute_child
    raise child_exception_type(errno_num, err_msg, err_filename)
FileNotFoundError: [Errno 2] No such file or directory: 'llm_build/7c77b970-289f-11f0-8afd-e10f5b0b7eea/Solution'

  6%|▌         | 74/1319 [03:16<43:16,  2.09s/it]  6%|▌         | 75/1319 [03:20<55:40,  2.69s/it]  6%|▌         | 76/1319 [03:22<53:09,  2.57s/it]  6%|▌         | 77/1319 [03:29<1:18:35,  3.80s/it]  6%|▌         | 78/1319 [03:32<1:18:12,  3.78s/it]  6%|▌         | 79/1319 [03:36<1:18:22,  3.79s/it]  6%|▌         | 80/1319 [03:38<1:04:20,  3.12s/it]  6%|▌         | 81/1319 [03:40<56:05,  2.72s/it]    6%|▌         | 82/1319 [03:42<52:08,  2.53s/it]  6%|▋         | 83/1319 [03:44<48:32,  2.36s/it]  6%|▋         | 84/1319 [03:45<41:20,  2.01s/it]  6%|▋         | 85/1319 [03:46<38:19,  1.86s/it]  7%|▋         | 86/1319 [03:52<1:00:54,  2.96s/it]  7%|▋         | 87/1319 [03:54<58:39,  2.86s/it]  File "llm_build/939e70e5-289f-11f0-8afd-e10f5b0b7eea/Solution.ml", line 6, characters 55-81:
6 | let salary_increase_per_year = annual_salary_initial * salary_increase_percentage in
                                                           ^^^^^^^^^^^^^^^^^^^^^^^^^^
Error: This expression has type "float" but an expression was expected of type
         "int"
Traceback (most recent call last):
  File "/home/doyle/Documents/COS484/COS484_PAL/.venv/lib/python3.10/site-packages/pal/core/interface.py", line 185, in run
    exec_result = self.execute(code)
  File "/home/doyle/Documents/COS484/COS484_PAL/.venv/lib/python3.10/site-packages/pal/core/interface.py", line 114, in execute
    self.runtime.exec_code('\n'.join(code))
  File "/home/doyle/Documents/COS484/COS484_PAL/.venv/lib/python3.10/site-packages/pal/core/runtime.py", line 145, in exec_code
    result = subprocess.run([f"llm_build/{str(random_uuid)}/Solution"], capture_output=True)
  File "/usr/lib/python3.10/subprocess.py", line 503, in run
    with Popen(*popenargs, **kwargs) as process:
  File "/usr/lib/python3.10/subprocess.py", line 971, in __init__
    self._execute_child(args, executable, preexec_fn, close_fds,
  File "/usr/lib/python3.10/subprocess.py", line 1863, in _execute_child
    raise child_exception_type(errno_num, err_msg, err_filename)
FileNotFoundError: [Errno 2] No such file or directory: 'llm_build/939e70e5-289f-11f0-8afd-e10f5b0b7eea/Solution'

  7%|▋         | 88/1319 [03:56<53:08,  2.59s/it]File "llm_build/95b85e62-289f-11f0-8afd-e10f5b0b7eea/Solution.ml", line 3, characters 20-21:
3 | let harald_copies = x in
                        ^
Error: Unbound value "x"
Traceback (most recent call last):
  File "/home/doyle/Documents/COS484/COS484_PAL/.venv/lib/python3.10/site-packages/pal/core/interface.py", line 185, in run
    exec_result = self.execute(code)
  File "/home/doyle/Documents/COS484/COS484_PAL/.venv/lib/python3.10/site-packages/pal/core/interface.py", line 114, in execute
    self.runtime.exec_code('\n'.join(code))
  File "/home/doyle/Documents/COS484/COS484_PAL/.venv/lib/python3.10/site-packages/pal/core/runtime.py", line 145, in exec_code
    result = subprocess.run([f"llm_build/{str(random_uuid)}/Solution"], capture_output=True)
  File "/usr/lib/python3.10/subprocess.py", line 503, in run
    with Popen(*popenargs, **kwargs) as process:
  File "/usr/lib/python3.10/subprocess.py", line 971, in __init__
    self._execute_child(args, executable, preexec_fn, close_fds,
  File "/usr/lib/python3.10/subprocess.py", line 1863, in _execute_child
    raise child_exception_type(errno_num, err_msg, err_filename)
FileNotFoundError: [Errno 2] No such file or directory: 'llm_build/95b85e62-289f-11f0-8afd-e10f5b0b7eea/Solution'

  7%|▋         | 89/1319 [03:58<46:44,  2.28s/it]  7%|▋         | 90/1319 [04:00<44:59,  2.20s/it]  7%|▋         | 91/1319 [04:04<53:00,  2.59s/it]  7%|▋         | 92/1319 [04:05<44:41,  2.19s/it]  7%|▋         | 93/1319 [04:06<40:07,  1.96s/it]File "llm_build/9b770e66-289f-11f0-8afd-e10f5b0b7eea/Solution.ml", line 4, characters 27-46:
4 | let gerald_time_improved = gerald_time_initial *. 0.9 in
                               ^^^^^^^^^^^^^^^^^^^
Error: This expression has type "int" but an expression was expected of type
         "float"
Traceback (most recent call last):
  File "/home/doyle/Documents/COS484/COS484_PAL/.venv/lib/python3.10/site-packages/pal/core/interface.py", line 185, in run
    exec_result = self.execute(code)
  File "/home/doyle/Documents/COS484/COS484_PAL/.venv/lib/python3.10/site-packages/pal/core/interface.py", line 114, in execute
    self.runtime.exec_code('\n'.join(code))
  File "/home/doyle/Documents/COS484/COS484_PAL/.venv/lib/python3.10/site-packages/pal/core/runtime.py", line 145, in exec_code
    result = subprocess.run([f"llm_build/{str(random_uuid)}/Solution"], capture_output=True)
  File "/usr/lib/python3.10/subprocess.py", line 503, in run
    with Popen(*popenargs, **kwargs) as process:
  File "/usr/lib/python3.10/subprocess.py", line 971, in __init__
    self._execute_child(args, executable, preexec_fn, close_fds,
  File "/usr/lib/python3.10/subprocess.py", line 1863, in _execute_child
    raise child_exception_type(errno_num, err_msg, err_filename)
FileNotFoundError: [Errno 2] No such file or directory: 'llm_build/9b770e66-289f-11f0-8afd-e10f5b0b7eea/Solution'

  7%|▋         | 94/1319 [04:08<36:54,  1.81s/it]  7%|▋         | 95/1319 [04:15<1:12:24,  3.55s/it]  7%|▋         | 96/1319 [04:31<2:28:20,  7.28s/it]  7%|▋         | 97/1319 [04:33<1:52:02,  5.50s/it]  7%|▋         | 98/1319 [04:35<1:34:09,  4.63s/it]  8%|▊         | 99/1319 [04:37<1:18:53,  3.88s/it]  8%|▊         | 100/1319 [04:41<1:19:09,  3.90s/it]  8%|▊         | 101/1319 [04:43<1:08:14,  3.36s/it]  8%|▊         | 102/1319 [04:46<1:01:19,  3.02s/it]  8%|▊         | 103/1319 [04:48<58:38,  2.89s/it]    8%|▊         | 104/1319 [04:51<1:00:07,  2.97s/it]  8%|▊         | 105/1319 [04:54<59:00,  2.92s/it]    8%|▊         | 106/1319 [04:56<50:07,  2.48s/it]  8%|▊         | 107/1319 [04:58<48:48,  2.42s/it]File "llm_build/bae86538-289f-11f0-8afd-e10f5b0b7eea/Solution.ml", line 3, characters 25-28:
3 | let thursday_hours = 1 + 0.5 in
                             ^^^
Error: This expression has type "float" but an expression was expected of type
         "int"
Traceback (most recent call last):
  File "/home/doyle/Documents/COS484/COS484_PAL/.venv/lib/python3.10/site-packages/pal/core/interface.py", line 185, in run
    exec_result = self.execute(code)
  File "/home/doyle/Documents/COS484/COS484_PAL/.venv/lib/python3.10/site-packages/pal/core/interface.py", line 114, in execute
    self.runtime.exec_code('\n'.join(code))
  File "/home/doyle/Documents/COS484/COS484_PAL/.venv/lib/python3.10/site-packages/pal/core/runtime.py", line 145, in exec_code
    result = subprocess.run([f"llm_build/{str(random_uuid)}/Solution"], capture_output=True)
  File "/usr/lib/python3.10/subprocess.py", line 503, in run
    with Popen(*popenargs, **kwargs) as process:
  File "/usr/lib/python3.10/subprocess.py", line 971, in __init__
    self._execute_child(args, executable, preexec_fn, close_fds,
  File "/usr/lib/python3.10/subprocess.py", line 1863, in _execute_child
    raise child_exception_type(errno_num, err_msg, err_filename)
FileNotFoundError: [Errno 2] No such file or directory: 'llm_build/bae86538-289f-11f0-8afd-e10f5b0b7eea/Solution'

  8%|▊         | 108/1319 [05:00<49:31,  2.45s/it]  8%|▊         | 109/1319 [05:04<55:15,  2.74s/it]  8%|▊         | 110/1319 [05:07<55:05,  2.73s/it]  8%|▊         | 111/1319 [05:09<50:37,  2.51s/it]  8%|▊         | 112/1319 [05:11<50:35,  2.51s/it]  9%|▊         | 113/1319 [05:13<45:40,  2.27s/it]  9%|▊         | 114/1319 [05:15<43:29,  2.17s/it]  9%|▊         | 115/1319 [05:21<1:10:52,  3.53s/it]  9%|▉         | 116/1319 [05:26<1:19:43,  3.98s/it]  9%|▉         | 117/1319 [05:28<1:03:00,  3.14s/it]  9%|▉         | 118/1319 [05:30<58:30,  2.92s/it]    9%|▉         | 119/1319 [05:32<52:59,  2.65s/it]  9%|▉         | 120/1319 [05:34<48:02,  2.40s/it]  9%|▉         | 121/1319 [05:36<43:44,  2.19s/it]  9%|▉         | 122/1319 [05:39<52:15,  2.62s/it]  9%|▉         | 123/1319 [05:42<54:29,  2.73s/it]  9%|▉         | 124/1319 [05:47<1:07:27,  3.39s/it]  9%|▉         | 125/1319 [05:49<56:24,  2.83s/it]   10%|▉         | 126/1319 [05:55<1:18:21,  3.94s/it] 10%|▉         | 127/1319 [05:56<1:01:59,  3.12s/it] 10%|▉         | 128/1319 [05:58<50:24,  2.54s/it]   10%|▉         | 129/1319 [06:05<1:20:52,  4.08s/it] 10%|▉         | 130/1319 [06:07<1:07:28,  3.40s/it] 10%|▉         | 131/1319 [06:11<1:08:49,  3.48s/it] 10%|█         | 132/1319 [06:22<1:53:08,  5.72s/it] 10%|█         | 133/1319 [06:28<1:59:01,  6.02s/it] 10%|█         | 134/1319 [06:30<1:32:14,  4.67s/it] 10%|█         | 135/1319 [06:31<1:11:42,  3.63s/it] 10%|█         | 136/1319 [06:35<1:16:08,  3.86s/it] 10%|█         | 137/1319 [06:39<1:15:15,  3.82s/it] 10%|█         | 138/1319 [06:45<1:26:26,  4.39s/it] 11%|█         | 139/1319 [06:47<1:13:31,  3.74s/it] 11%|█         | 140/1319 [06:49<1:02:31,  3.18s/it] 11%|█         | 141/1319 [06:51<56:09,  2.86s/it]  File "llm_build/fe899ef6-289f-11f0-8afd-e10f5b0b7eea/Solution.ml", line 2, characters 4-14:
2 | let total_bees = 700 in
        ^^^^^^^^^^
Warning 26 [unused-var]: unused variable total_bees.
 11%|█         | 142/1319 [06:54<55:18,  2.82s/it] 11%|█         | 143/1319 [06:56<48:34,  2.48s/it]File "llm_build/022e33e6-28a0-11f0-8afd-e10f5b0b7eea/Solution.ml", line 11, characters 38-46:
11 | let tax_amount = total_nonfood_cost * tax_rate in
                                           ^^^^^^^^
Error: This expression has type "float" but an expression was expected of type
         "int"
Traceback (most recent call last):
  File "/home/doyle/Documents/COS484/COS484_PAL/.venv/lib/python3.10/site-packages/pal/core/interface.py", line 185, in run
    exec_result = self.execute(code)
  File "/home/doyle/Documents/COS484/COS484_PAL/.venv/lib/python3.10/site-packages/pal/core/interface.py", line 114, in execute
    self.runtime.exec_code('\n'.join(code))
  File "/home/doyle/Documents/COS484/COS484_PAL/.venv/lib/python3.10/site-packages/pal/core/runtime.py", line 145, in exec_code
    result = subprocess.run([f"llm_build/{str(random_uuid)}/Solution"], capture_output=True)
  File "/usr/lib/python3.10/subprocess.py", line 503, in run
    with Popen(*popenargs, **kwargs) as process:
  File "/usr/lib/python3.10/subprocess.py", line 971, in __init__
    self._execute_child(args, executable, preexec_fn, close_fds,
  File "/usr/lib/python3.10/subprocess.py", line 1863, in _execute_child
    raise child_exception_type(errno_num, err_msg, err_filename)
FileNotFoundError: [Errno 2] No such file or directory: 'llm_build/022e33e6-28a0-11f0-8afd-e10f5b0b7eea/Solution'

 11%|█         | 144/1319 [07:00<59:55,  3.06s/it] 11%|█         | 145/1319 [07:03<1:00:34,  3.10s/it] 11%|█         | 146/1319 [07:07<1:04:18,  3.29s/it] 11%|█         | 147/1319 [07:09<56:37,  2.90s/it]  File "llm_build/08ad245c-28a0-11f0-8afd-e10f5b0b7eea/Solution.ml", line 4, characters 4-20:
4 | let bees_left_second = 2 * bees_left_first in
        ^^^^^^^^^^^^^^^^
Warning 26 [unused-var]: unused variable bees_left_second.
 11%|█         | 148/1319 [07:11<51:18,  2.63s/it] 11%|█▏        | 149/1319 [07:13<48:03,  2.46s/it] 11%|█▏        | 150/1319 [07:15<44:14,  2.27s/it] 11%|█▏        | 151/1319 [07:18<49:42,  2.55s/it] 12%|█▏        | 152/1319 [07:21<54:56,  2.82s/it] 12%|█▏        | 153/1319 [07:23<46:35,  2.40s/it] 12%|█▏        | 154/1319 [07:26<50:35,  2.61s/it] 12%|█▏        | 155/1319 [07:29<54:21,  2.80s/it] 12%|█▏        | 156/1319 [07:33<1:00:29,  3.12s/it] 12%|█▏        | 157/1319 [07:36<59:42,  3.08s/it]   12%|█▏        | 158/1319 [07:39<56:58,  2.94s/it]File "llm_build/1bec1c44-28a0-11f0-8afe-e10f5b0b7eea/Solution.ml", line 8, characters 61-74:
8 | let total_notebook_cost = float_of_int notebooks_quantity *. notebook_cost in
                                                                 ^^^^^^^^^^^^^
Error: This expression has type "int" but an expression was expected of type
         "float"
Traceback (most recent call last):
  File "/home/doyle/Documents/COS484/COS484_PAL/.venv/lib/python3.10/site-packages/pal/core/interface.py", line 185, in run
    exec_result = self.execute(code)
  File "/home/doyle/Documents/COS484/COS484_PAL/.venv/lib/python3.10/site-packages/pal/core/interface.py", line 114, in execute
    self.runtime.exec_code('\n'.join(code))
  File "/home/doyle/Documents/COS484/COS484_PAL/.venv/lib/python3.10/site-packages/pal/core/runtime.py", line 145, in exec_code
    result = subprocess.run([f"llm_build/{str(random_uuid)}/Solution"], capture_output=True)
  File "/usr/lib/python3.10/subprocess.py", line 503, in run
    with Popen(*popenargs, **kwargs) as process:
  File "/usr/lib/python3.10/subprocess.py", line 971, in __init__
    self._execute_child(args, executable, preexec_fn, close_fds,
  File "/usr/lib/python3.10/subprocess.py", line 1863, in _execute_child
    raise child_exception_type(errno_num, err_msg, err_filename)
FileNotFoundError: [Errno 2] No such file or directory: 'llm_build/1bec1c44-28a0-11f0-8afe-e10f5b0b7eea/Solution'

 12%|█▏        | 159/1319 [07:43<1:05:51,  3.41s/it] 12%|█▏        | 160/1319 [07:48<1:12:09,  3.74s/it] 12%|█▏        | 161/1319 [07:49<1:00:22,  3.13s/it] 12%|█▏        | 162/1319 [07:56<1:18:27,  4.07s/it]File "llm_build/235ace77-28a0-11f0-8afe-e10f5b0b7eea/Solution.ml", line 7, characters 37-50:
7 | let total_increase = initial_price * increase_rate * float_of_int num_increases in
                                         ^^^^^^^^^^^^^
Error: This expression has type "float" but an expression was expected of type
         "int"
Traceback (most recent call last):
  File "/home/doyle/Documents/COS484/COS484_PAL/.venv/lib/python3.10/site-packages/pal/core/interface.py", line 185, in run
    exec_result = self.execute(code)
  File "/home/doyle/Documents/COS484/COS484_PAL/.venv/lib/python3.10/site-packages/pal/core/interface.py", line 114, in execute
    self.runtime.exec_code('\n'.join(code))
  File "/home/doyle/Documents/COS484/COS484_PAL/.venv/lib/python3.10/site-packages/pal/core/runtime.py", line 145, in exec_code
    result = subprocess.run([f"llm_build/{str(random_uuid)}/Solution"], capture_output=True)
  File "/usr/lib/python3.10/subprocess.py", line 503, in run
    with Popen(*popenargs, **kwargs) as process:
  File "/usr/lib/python3.10/subprocess.py", line 971, in __init__
    self._execute_child(args, executable, preexec_fn, close_fds,
  File "/usr/lib/python3.10/subprocess.py", line 1863, in _execute_child
    raise child_exception_type(errno_num, err_msg, err_filename)
FileNotFoundError: [Errno 2] No such file or directory: 'llm_build/235ace77-28a0-11f0-8afe-e10f5b0b7eea/Solution'

 12%|█▏        | 163/1319 [07:57<1:03:31,  3.30s/it] 12%|█▏        | 164/1319 [08:00<1:00:27,  3.14s/it] 13%|█▎        | 165/1319 [08:01<50:32,  2.63s/it]   13%|█▎        | 166/1319 [08:05<58:22,  3.04s/it] 13%|█▎        | 167/1319 [08:11<1:12:31,  3.78s/it] 13%|█▎        | 168/1319 [08:12<57:08,  2.98s/it]   13%|█▎        | 169/1319 [08:13<45:42,  2.38s/it] 13%|█▎        | 170/1319 [08:14<40:06,  2.09s/it] 13%|█▎        | 171/1319 [08:16<36:04,  1.89s/it] 13%|█▎        | 172/1319 [08:18<38:25,  2.01s/it] 13%|█▎        | 173/1319 [08:21<44:08,  2.31s/it] 13%|█▎        | 174/1319 [08:24<45:59,  2.41s/it] 13%|█▎        | 175/1319 [08:26<46:14,  2.43s/it]File "llm_build/3aadf3f0-28a0-11f0-8afe-e10f5b0b7eea/Solution.ml", line 9, characters 4-17:
9 | let total_revenue = price_per_glass *. float_of_int glasses_per_gallon in
        ^^^^^^^^^^^^^
Warning 26 [unused-var]: unused variable total_revenue.
 13%|█▎        | 176/1319 [08:35<1:21:20,  4.27s/it] 13%|█▎        | 177/1319 [08:36<1:05:06,  3.42s/it] 13%|█▎        | 178/1319 [08:39<59:33,  3.13s/it]   14%|█▎        | 179/1319 [08:40<49:48,  2.62s/it] 14%|█▎        | 180/1319 [08:42<45:28,  2.40s/it] 14%|█▎        | 181/1319 [08:44<43:30,  2.29s/it] 14%|█▍        | 182/1319 [08:47<45:02,  2.38s/it] 14%|█▍        | 183/1319 [08:48<38:56,  2.06s/it] 14%|█▍        | 184/1319 [08:51<46:51,  2.48s/it] 14%|█▍        | 185/1319 [08:53<44:46,  2.37s/it] 14%|█▍        | 186/1319 [08:56<46:17,  2.45s/it] 14%|█▍        | 187/1319 [08:59<48:07,  2.55s/it] 14%|█▍        | 188/1319 [09:00<41:38,  2.21s/it] 14%|█▍        | 189/1319 [09:02<40:36,  2.16s/it] 14%|█▍        | 190/1319 [09:05<44:06,  2.34s/it] 14%|█▍        | 191/1319 [09:07<39:08,  2.08s/it] 15%|█▍        | 192/1319 [09:09<38:51,  2.07s/it] 15%|█▍        | 193/1319 [09:11<39:15,  2.09s/it] 15%|█▍        | 194/1319 [09:14<45:01,  2.40s/it] 15%|█▍        | 195/1319 [09:15<39:54,  2.13s/it]File "llm_build/53f8d3a2-28a0-11f0-8afe-e10f5b0b7eea/Solution.ml", line 4, characters 15-26:
4 | let pen_cost = pencil_cost + eraser_cost in
                   ^^^^^^^^^^^
Error: This expression has type "float" but an expression was expected of type
         "int"
Traceback (most recent call last):
  File "/home/doyle/Documents/COS484/COS484_PAL/.venv/lib/python3.10/site-packages/pal/core/interface.py", line 185, in run
    exec_result = self.execute(code)
  File "/home/doyle/Documents/COS484/COS484_PAL/.venv/lib/python3.10/site-packages/pal/core/interface.py", line 114, in execute
    self.runtime.exec_code('\n'.join(code))
  File "/home/doyle/Documents/COS484/COS484_PAL/.venv/lib/python3.10/site-packages/pal/core/runtime.py", line 145, in exec_code
    result = subprocess.run([f"llm_build/{str(random_uuid)}/Solution"], capture_output=True)
  File "/usr/lib/python3.10/subprocess.py", line 503, in run
    with Popen(*popenargs, **kwargs) as process:
  File "/usr/lib/python3.10/subprocess.py", line 971, in __init__
    self._execute_child(args, executable, preexec_fn, close_fds,
  File "/usr/lib/python3.10/subprocess.py", line 1863, in _execute_child
    raise child_exception_type(errno_num, err_msg, err_filename)
FileNotFoundError: [Errno 2] No such file or directory: 'llm_build/53f8d3a2-28a0-11f0-8afe-e10f5b0b7eea/Solution'

 15%|█▍        | 196/1319 [09:17<37:59,  2.03s/it] 15%|█▍        | 197/1319 [09:19<36:46,  1.97s/it] 15%|█▌        | 198/1319 [09:20<32:56,  1.76s/it] 15%|█▌        | 199/1319 [09:22<33:03,  1.77s/it] 15%|█▌        | 200/1319 [09:24<34:30,  1.85s/it] 15%|█▌        | 201/1319 [09:26<35:46,  1.92s/it]File "llm_build/5a4bdea2-28a0-11f0-8afe-e10f5b0b7eea/Solution.ml", line 6, characters 54-70:
6 | let salary_after_raise = weekly_salary_initial * (1 + raise_percentage) in
                                                          ^^^^^^^^^^^^^^^^
Error: This expression has type "float" but an expression was expected of type
         "int"
Traceback (most recent call last):
  File "/home/doyle/Documents/COS484/COS484_PAL/.venv/lib/python3.10/site-packages/pal/core/interface.py", line 185, in run
    exec_result = self.execute(code)
  File "/home/doyle/Documents/COS484/COS484_PAL/.venv/lib/python3.10/site-packages/pal/core/interface.py", line 114, in execute
    self.runtime.exec_code('\n'.join(code))
  File "/home/doyle/Documents/COS484/COS484_PAL/.venv/lib/python3.10/site-packages/pal/core/runtime.py", line 145, in exec_code
    result = subprocess.run([f"llm_build/{str(random_uuid)}/Solution"], capture_output=True)
  File "/usr/lib/python3.10/subprocess.py", line 503, in run
    with Popen(*popenargs, **kwargs) as process:
  File "/usr/lib/python3.10/subprocess.py", line 971, in __init__
    self._execute_child(args, executable, preexec_fn, close_fds,
  File "/usr/lib/python3.10/subprocess.py", line 1863, in _execute_child
    raise child_exception_type(errno_num, err_msg, err_filename)
FileNotFoundError: [Errno 2] No such file or directory: 'llm_build/5a4bdea2-28a0-11f0-8afe-e10f5b0b7eea/Solution'

 15%|█▌        | 202/1319 [09:28<33:55,  1.82s/it] 15%|█▌        | 203/1319 [09:30<34:26,  1.85s/it] 15%|█▌        | 204/1319 [09:32<38:38,  2.08s/it] 16%|█▌        | 205/1319 [09:34<37:49,  2.04s/it] 16%|█▌        | 206/1319 [09:38<46:07,  2.49s/it] 16%|█▌        | 207/1319 [09:40<44:28,  2.40s/it] 16%|█▌        | 208/1319 [09:42<42:05,  2.27s/it] 16%|█▌        | 209/1319 [09:44<42:28,  2.30s/it] 16%|█▌        | 210/1319 [09:46<38:59,  2.11s/it] 16%|█▌        | 211/1319 [09:49<43:11,  2.34s/it]File "llm_build/6911db80-28a0-11f0-8afe-e10f5b0b7eea/Solution.ml", line 20, characters 16-16:
Error: Syntax error
Traceback (most recent call last):
  File "/home/doyle/Documents/COS484/COS484_PAL/.venv/lib/python3.10/site-packages/pal/core/interface.py", line 185, in run
    exec_result = self.execute(code)
  File "/home/doyle/Documents/COS484/COS484_PAL/.venv/lib/python3.10/site-packages/pal/core/interface.py", line 114, in execute
    self.runtime.exec_code('\n'.join(code))
  File "/home/doyle/Documents/COS484/COS484_PAL/.venv/lib/python3.10/site-packages/pal/core/runtime.py", line 145, in exec_code
    result = subprocess.run([f"llm_build/{str(random_uuid)}/Solution"], capture_output=True)
  File "/usr/lib/python3.10/subprocess.py", line 503, in run
    with Popen(*popenargs, **kwargs) as process:
  File "/usr/lib/python3.10/subprocess.py", line 971, in __init__
    self._execute_child(args, executable, preexec_fn, close_fds,
  File "/usr/lib/python3.10/subprocess.py", line 1863, in _execute_child
    raise child_exception_type(errno_num, err_msg, err_filename)
FileNotFoundError: [Errno 2] No such file or directory: 'llm_build/6911db80-28a0-11f0-8afe-e10f5b0b7eea/Solution'

 16%|█▌        | 212/1319 [09:53<50:43,  2.75s/it] 16%|█▌        | 213/1319 [09:54<43:31,  2.36s/it] 16%|█▌        | 214/1319 [09:56<43:44,  2.37s/it]File "llm_build/6db143d8-28a0-11f0-8afe-e10f5b0b7eea/Solution.ml", line 8, characters 23-37:
8 | let big_pool_now = 4 * small_pool_now in
                           ^^^^^^^^^^^^^^
Error: This expression has type "string" but an expression was expected of type
         "int"
Traceback (most recent call last):
  File "/home/doyle/Documents/COS484/COS484_PAL/.venv/lib/python3.10/site-packages/pal/core/interface.py", line 185, in run
    exec_result = self.execute(code)
  File "/home/doyle/Documents/COS484/COS484_PAL/.venv/lib/python3.10/site-packages/pal/core/interface.py", line 114, in execute
    self.runtime.exec_code('\n'.join(code))
  File "/home/doyle/Documents/COS484/COS484_PAL/.venv/lib/python3.10/site-packages/pal/core/runtime.py", line 145, in exec_code
    result = subprocess.run([f"llm_build/{str(random_uuid)}/Solution"], capture_output=True)
  File "/usr/lib/python3.10/subprocess.py", line 503, in run
    with Popen(*popenargs, **kwargs) as process:
  File "/usr/lib/python3.10/subprocess.py", line 971, in __init__
    self._execute_child(args, executable, preexec_fn, close_fds,
  File "/usr/lib/python3.10/subprocess.py", line 1863, in _execute_child
    raise child_exception_type(errno_num, err_msg, err_filename)
FileNotFoundError: [Errno 2] No such file or directory: 'llm_build/6db143d8-28a0-11f0-8afe-e10f5b0b7eea/Solution'

 16%|█▋        | 215/1319 [10:00<52:02,  2.83s/it] 16%|█▋        | 216/1319 [10:06<1:07:14,  3.66s/it] 16%|█▋        | 217/1319 [10:07<55:10,  3.00s/it]   17%|█▋        | 218/1319 [10:09<47:08,  2.57s/it] 17%|█▋        | 219/1319 [10:12<47:57,  2.62s/it] 17%|█▋        | 220/1319 [10:14<44:05,  2.41s/it] 17%|█▋        | 221/1319 [10:15<39:50,  2.18s/it] 17%|█▋        | 222/1319 [10:17<38:13,  2.09s/it] 17%|█▋        | 223/1319 [10:19<34:53,  1.91s/it] 17%|█▋        | 224/1319 [10:20<32:54,  1.80s/it] 17%|█▋        | 225/1319 [10:22<32:28,  1.78s/it] 17%|█▋        | 226/1319 [10:24<32:45,  1.80s/it] 17%|█▋        | 227/1319 [10:26<35:22,  1.94s/it] 17%|█▋        | 228/1319 [10:29<40:27,  2.22s/it] 17%|█▋        | 229/1319 [10:31<41:12,  2.27s/it] 17%|█▋        | 230/1319 [10:34<41:11,  2.27s/it]File "llm_build/817a6099-28a0-11f0-8afe-e10f5b0b7eea/Solution.ml", line 8, characters 34-42:
8 | let tax_amount = total_car_cost * tax_rate in
                                      ^^^^^^^^
Error: This expression has type "float" but an expression was expected of type
         "int"
Traceback (most recent call last):
  File "/home/doyle/Documents/COS484/COS484_PAL/.venv/lib/python3.10/site-packages/pal/core/interface.py", line 185, in run
    exec_result = self.execute(code)
  File "/home/doyle/Documents/COS484/COS484_PAL/.venv/lib/python3.10/site-packages/pal/core/interface.py", line 114, in execute
    self.runtime.exec_code('\n'.join(code))
  File "/home/doyle/Documents/COS484/COS484_PAL/.venv/lib/python3.10/site-packages/pal/core/runtime.py", line 145, in exec_code
    result = subprocess.run([f"llm_build/{str(random_uuid)}/Solution"], capture_output=True)
  File "/usr/lib/python3.10/subprocess.py", line 503, in run
    with Popen(*popenargs, **kwargs) as process:
  File "/usr/lib/python3.10/subprocess.py", line 971, in __init__
    self._execute_child(args, executable, preexec_fn, close_fds,
  File "/usr/lib/python3.10/subprocess.py", line 1863, in _execute_child
    raise child_exception_type(errno_num, err_msg, err_filename)
FileNotFoundError: [Errno 2] No such file or directory: 'llm_build/817a6099-28a0-11f0-8afe-e10f5b0b7eea/Solution'

 18%|█▊        | 231/1319 [10:35<38:11,  2.11s/it] 18%|█▊        | 232/1319 [10:37<35:10,  1.94s/it] 18%|█▊        | 233/1319 [10:39<38:00,  2.10s/it] 18%|█▊        | 234/1319 [10:41<34:30,  1.91s/it] 18%|█▊        | 235/1319 [10:43<36:13,  2.00s/it] 18%|█▊        | 236/1319 [10:47<49:28,  2.74s/it] 18%|█▊        | 237/1319 [10:50<47:04,  2.61s/it] 18%|█▊        | 238/1319 [10:51<40:26,  2.24s/it] 18%|█▊        | 239/1319 [10:53<38:51,  2.16s/it] 18%|█▊        | 240/1319 [10:56<42:57,  2.39s/it] 18%|█▊        | 241/1319 [10:57<36:49,  2.05s/it] 18%|█▊        | 242/1319 [10:58<31:58,  1.78s/it] 18%|█▊        | 243/1319 [11:00<32:34,  1.82s/it] 18%|█▊        | 244/1319 [11:02<32:43,  1.83s/it] 19%|█▊        | 245/1319 [11:04<34:30,  1.93s/it] 19%|█▊        | 246/1319 [11:14<1:13:38,  4.12s/it]File "llm_build/9ae8fa58-28a0-11f0-8afe-e10f5b0b7eea/Solution.ml", line 8, characters 35-43:
8 | let discount_amount = total_cost * discount in
                                       ^^^^^^^^
Error: This expression has type "float" but an expression was expected of type
         "int"
Traceback (most recent call last):
  File "/home/doyle/Documents/COS484/COS484_PAL/.venv/lib/python3.10/site-packages/pal/core/interface.py", line 185, in run
    exec_result = self.execute(code)
  File "/home/doyle/Documents/COS484/COS484_PAL/.venv/lib/python3.10/site-packages/pal/core/interface.py", line 114, in execute
    self.runtime.exec_code('\n'.join(code))
  File "/home/doyle/Documents/COS484/COS484_PAL/.venv/lib/python3.10/site-packages/pal/core/runtime.py", line 145, in exec_code
    result = subprocess.run([f"llm_build/{str(random_uuid)}/Solution"], capture_output=True)
  File "/usr/lib/python3.10/subprocess.py", line 503, in run
    with Popen(*popenargs, **kwargs) as process:
  File "/usr/lib/python3.10/subprocess.py", line 971, in __init__
    self._execute_child(args, executable, preexec_fn, close_fds,
  File "/usr/lib/python3.10/subprocess.py", line 1863, in _execute_child
    raise child_exception_type(errno_num, err_msg, err_filename)
FileNotFoundError: [Errno 2] No such file or directory: 'llm_build/9ae8fa58-28a0-11f0-8afe-e10f5b0b7eea/Solution'

 19%|█▊        | 247/1319 [11:16<1:05:30,  3.67s/it] 19%|█▉        | 248/1319 [11:19<1:00:52,  3.41s/it] 19%|█▉        | 249/1319 [11:21<52:14,  2.93s/it]   19%|█▉        | 250/1319 [11:23<48:46,  2.74s/it]File "llm_build/a0afffc2-28a0-11f0-8afe-e10f5b0b7eea/Solution.ml", line 7, characters 4-15:
7 | let total_girls = total_girls_class1 + total_girls_class2 in
        ^^^^^^^^^^^
Warning 26 [unused-var]: unused variable total_girls.
 19%|█▉        | 251/1319 [11:26<48:59,  2.75s/it] 19%|█▉        | 252/1319 [11:27<41:02,  2.31s/it] 19%|█▉        | 253/1319 [11:29<36:24,  2.05s/it] 19%|█▉        | 254/1319 [11:30<31:12,  1.76s/it] 19%|█▉        | 255/1319 [11:31<30:02,  1.69s/it] 19%|█▉        | 256/1319 [11:37<52:26,  2.96s/it] 19%|█▉        | 257/1319 [11:39<44:33,  2.52s/it] 20%|█▉        | 258/1319 [11:41<42:34,  2.41s/it] 20%|█▉        | 259/1319 [11:45<49:47,  2.82s/it] 20%|█▉        | 260/1319 [11:47<45:15,  2.56s/it] 20%|█▉        | 261/1319 [11:49<42:55,  2.43s/it] 20%|█▉        | 262/1319 [11:50<36:39,  2.08s/it] 20%|█▉        | 263/1319 [11:52<34:16,  1.95s/it] 20%|██        | 264/1319 [11:53<31:44,  1.81s/it] 20%|██        | 265/1319 [11:54<28:41,  1.63s/it]File "llm_build/b347631e-28a0-11f0-8afe-e10f5b0b7eea/Solution.ml", line 6, characters 36-60:
6 | let brokerage_fee = selling_price * brokerage_fee_percentage in
                                        ^^^^^^^^^^^^^^^^^^^^^^^^
Error: This expression has type "float" but an expression was expected of type
         "int"
Traceback (most recent call last):
  File "/home/doyle/Documents/COS484/COS484_PAL/.venv/lib/python3.10/site-packages/pal/core/interface.py", line 185, in run
    exec_result = self.execute(code)
  File "/home/doyle/Documents/COS484/COS484_PAL/.venv/lib/python3.10/site-packages/pal/core/interface.py", line 114, in execute
    self.runtime.exec_code('\n'.join(code))
  File "/home/doyle/Documents/COS484/COS484_PAL/.venv/lib/python3.10/site-packages/pal/core/runtime.py", line 145, in exec_code
    result = subprocess.run([f"llm_build/{str(random_uuid)}/Solution"], capture_output=True)
  File "/usr/lib/python3.10/subprocess.py", line 503, in run
    with Popen(*popenargs, **kwargs) as process:
  File "/usr/lib/python3.10/subprocess.py", line 971, in __init__
    self._execute_child(args, executable, preexec_fn, close_fds,
  File "/usr/lib/python3.10/subprocess.py", line 1863, in _execute_child
    raise child_exception_type(errno_num, err_msg, err_filename)
FileNotFoundError: [Errno 2] No such file or directory: 'llm_build/b347631e-28a0-11f0-8afe-e10f5b0b7eea/Solution'

 20%|██        | 266/1319 [11:57<34:55,  1.99s/it] 20%|██        | 267/1319 [11:59<35:04,  2.00s/it] 20%|██        | 268/1319 [12:01<34:26,  1.97s/it] 20%|██        | 269/1319 [12:03<34:05,  1.95s/it] 20%|██        | 270/1319 [12:04<30:32,  1.75s/it] 21%|██        | 271/1319 [12:06<33:23,  1.91s/it] 21%|██        | 272/1319 [12:09<34:07,  1.96s/it]File "llm_build/ba19042d-28a0-11f0-8afe-e10f5b0b7eea/Solution.ml", line 5, characters 17-27:
5 | let total_cost = cocoa_cost + laundry_cost + pasta_cost in
                     ^^^^^^^^^^
Error: This expression has type "float" but an expression was expected of type
         "int"
Traceback (most recent call last):
  File "/home/doyle/Documents/COS484/COS484_PAL/.venv/lib/python3.10/site-packages/pal/core/interface.py", line 185, in run
    exec_result = self.execute(code)
  File "/home/doyle/Documents/COS484/COS484_PAL/.venv/lib/python3.10/site-packages/pal/core/interface.py", line 114, in execute
    self.runtime.exec_code('\n'.join(code))
  File "/home/doyle/Documents/COS484/COS484_PAL/.venv/lib/python3.10/site-packages/pal/core/runtime.py", line 145, in exec_code
    result = subprocess.run([f"llm_build/{str(random_uuid)}/Solution"], capture_output=True)
  File "/usr/lib/python3.10/subprocess.py", line 503, in run
    with Popen(*popenargs, **kwargs) as process:
  File "/usr/lib/python3.10/subprocess.py", line 971, in __init__
    self._execute_child(args, executable, preexec_fn, close_fds,
  File "/usr/lib/python3.10/subprocess.py", line 1863, in _execute_child
    raise child_exception_type(errno_num, err_msg, err_filename)
FileNotFoundError: [Errno 2] No such file or directory: 'llm_build/ba19042d-28a0-11f0-8afe-e10f5b0b7eea/Solution'

 21%|██        | 273/1319 [12:10<32:21,  1.86s/it] 21%|██        | 274/1319 [12:13<37:48,  2.17s/it] 21%|██        | 275/1319 [12:15<35:34,  2.04s/it] 21%|██        | 276/1319 [12:17<36:30,  2.10s/it] 21%|██        | 277/1319 [12:19<35:10,  2.03s/it] 21%|██        | 278/1319 [12:21<34:25,  1.98s/it] 21%|██        | 279/1319 [12:22<30:36,  1.77s/it]File "llm_build/c33189e4-28a0-11f0-8afe-e10f5b0b7eea/Solution.ml", line 6, characters 4-12:
6 | let equation = ruby_age_future = 3 * sam_age_future in
        ^^^^^^^^
Warning 26 [unused-var]: unused variable equation.
 21%|██        | 280/1319 [12:24<30:32,  1.76s/it] 21%|██▏       | 281/1319 [12:26<32:11,  1.86s/it] 21%|██▏       | 282/1319 [12:28<33:49,  1.96s/it] 21%|██▏       | 283/1319 [12:32<45:06,  2.61s/it]File "llm_build/c95f3b90-28a0-11f0-8afe-e10f5b0b7eea/Solution.ml", line 8, characters 31-47:
8 | let beads_used = int_of_float (remaining_length /. sterling_silver_bead_length) in
                                   ^^^^^^^^^^^^^^^^
Error: This expression has type "int" but an expression was expected of type
         "float"
Traceback (most recent call last):
  File "/home/doyle/Documents/COS484/COS484_PAL/.venv/lib/python3.10/site-packages/pal/core/interface.py", line 185, in run
    exec_result = self.execute(code)
  File "/home/doyle/Documents/COS484/COS484_PAL/.venv/lib/python3.10/site-packages/pal/core/interface.py", line 114, in execute
    self.runtime.exec_code('\n'.join(code))
  File "/home/doyle/Documents/COS484/COS484_PAL/.venv/lib/python3.10/site-packages/pal/core/runtime.py", line 145, in exec_code
    result = subprocess.run([f"llm_build/{str(random_uuid)}/Solution"], capture_output=True)
  File "/usr/lib/python3.10/subprocess.py", line 503, in run
    with Popen(*popenargs, **kwargs) as process:
  File "/usr/lib/python3.10/subprocess.py", line 971, in __init__
    self._execute_child(args, executable, preexec_fn, close_fds,
  File "/usr/lib/python3.10/subprocess.py", line 1863, in _execute_child
    raise child_exception_type(errno_num, err_msg, err_filename)
FileNotFoundError: [Errno 2] No such file or directory: 'llm_build/c95f3b90-28a0-11f0-8afe-e10f5b0b7eea/Solution'

 22%|██▏       | 284/1319 [12:34<41:36,  2.41s/it] 22%|██▏       | 285/1319 [12:38<47:25,  2.75s/it] 22%|██▏       | 286/1319 [12:40<45:12,  2.63s/it] 22%|██▏       | 287/1319 [12:42<43:20,  2.52s/it] 22%|██▏       | 288/1319 [12:45<46:37,  2.71s/it] 22%|██▏       | 289/1319 [12:48<47:43,  2.78s/it] 22%|██▏       | 290/1319 [12:51<47:54,  2.79s/it] 22%|██▏       | 291/1319 [12:53<40:52,  2.39s/it] 22%|██▏       | 292/1319 [12:56<46:52,  2.74s/it] 22%|██▏       | 293/1319 [12:59<44:31,  2.60s/it] 22%|██▏       | 294/1319 [13:01<41:57,  2.46s/it] 22%|██▏       | 295/1319 [13:02<37:41,  2.21s/it] 22%|██▏       | 296/1319 [13:05<38:14,  2.24s/it]File "llm_build/dce2b368-28a0-11f0-8afe-e10f5b0b7eea/Solution.ml", line 6, characters 61-85:
6 | let total_rice_per_day = household_members * meals_per_day * rice_per_person_per_meal in
                                                                 ^^^^^^^^^^^^^^^^^^^^^^^^
Error: This expression has type "float" but an expression was expected of type
         "int"
Traceback (most recent call last):
  File "/home/doyle/Documents/COS484/COS484_PAL/.venv/lib/python3.10/site-packages/pal/core/interface.py", line 185, in run
    exec_result = self.execute(code)
  File "/home/doyle/Documents/COS484/COS484_PAL/.venv/lib/python3.10/site-packages/pal/core/interface.py", line 114, in execute
    self.runtime.exec_code('\n'.join(code))
  File "/home/doyle/Documents/COS484/COS484_PAL/.venv/lib/python3.10/site-packages/pal/core/runtime.py", line 145, in exec_code
    result = subprocess.run([f"llm_build/{str(random_uuid)}/Solution"], capture_output=True)
  File "/usr/lib/python3.10/subprocess.py", line 503, in run
    with Popen(*popenargs, **kwargs) as process:
  File "/usr/lib/python3.10/subprocess.py", line 971, in __init__
    self._execute_child(args, executable, preexec_fn, close_fds,
  File "/usr/lib/python3.10/subprocess.py", line 1863, in _execute_child
    raise child_exception_type(errno_num, err_msg, err_filename)
FileNotFoundError: [Errno 2] No such file or directory: 'llm_build/dce2b368-28a0-11f0-8afe-e10f5b0b7eea/Solution'

 23%|██▎       | 297/1319 [13:07<38:34,  2.26s/it] 23%|██▎       | 298/1319 [13:10<40:46,  2.40s/it] 23%|██▎       | 299/1319 [13:12<42:41,  2.51s/it] 23%|██▎       | 300/1319 [13:16<50:51,  2.99s/it] 23%|██▎       | 301/1319 [13:18<44:17,  2.61s/it] 23%|██▎       | 302/1319 [13:21<45:59,  2.71s/it] 23%|██▎       | 303/1319 [13:23<43:27,  2.57s/it] 23%|██▎       | 304/1319 [13:28<54:32,  3.22s/it] 23%|██▎       | 305/1319 [13:30<48:08,  2.85s/it] 23%|██▎       | 306/1319 [13:33<45:43,  2.71s/it] 23%|██▎       | 307/1319 [13:34<38:36,  2.29s/it] 23%|██▎       | 308/1319 [13:42<1:09:34,  4.13s/it]File "llm_build/f36c54d6-28a0-11f0-8afe-e10f5b0b7eea/Solution.ml", line 9, characters 25-38:
9 | let total_milk_savings = milk_discount * num_milk_packets in
                             ^^^^^^^^^^^^^
Error: This expression has type "float" but an expression was expected of type
         "int"
Traceback (most recent call last):
  File "/home/doyle/Documents/COS484/COS484_PAL/.venv/lib/python3.10/site-packages/pal/core/interface.py", line 185, in run
    exec_result = self.execute(code)
  File "/home/doyle/Documents/COS484/COS484_PAL/.venv/lib/python3.10/site-packages/pal/core/interface.py", line 114, in execute
    self.runtime.exec_code('\n'.join(code))
  File "/home/doyle/Documents/COS484/COS484_PAL/.venv/lib/python3.10/site-packages/pal/core/runtime.py", line 145, in exec_code
    result = subprocess.run([f"llm_build/{str(random_uuid)}/Solution"], capture_output=True)
  File "/usr/lib/python3.10/subprocess.py", line 503, in run
    with Popen(*popenargs, **kwargs) as process:
  File "/usr/lib/python3.10/subprocess.py", line 971, in __init__
    self._execute_child(args, executable, preexec_fn, close_fds,
  File "/usr/lib/python3.10/subprocess.py", line 1863, in _execute_child
    raise child_exception_type(errno_num, err_msg, err_filename)
FileNotFoundError: [Errno 2] No such file or directory: 'llm_build/f36c54d6-28a0-11f0-8afe-e10f5b0b7eea/Solution'

 23%|██▎       | 309/1319 [13:45<1:01:05,  3.63s/it] 24%|██▎       | 310/1319 [13:49<1:06:24,  3.95s/it] 24%|██▎       | 311/1319 [13:54<1:07:14,  4.00s/it] 24%|██▎       | 312/1319 [13:55<56:38,  3.38s/it]   24%|██▎       | 313/1319 [13:59<58:38,  3.50s/it] 24%|██▍       | 314/1319 [14:01<52:02,  3.11s/it]File "llm_build/fe404b7e-28a0-11f0-8afe-e10f5b0b7eea/Solution.ml", line 3, characters 22-23:
3 | let defense_players = d in
                          ^
Error: Unbound value "d"
Traceback (most recent call last):
  File "/home/doyle/Documents/COS484/COS484_PAL/.venv/lib/python3.10/site-packages/pal/core/interface.py", line 185, in run
    exec_result = self.execute(code)
  File "/home/doyle/Documents/COS484/COS484_PAL/.venv/lib/python3.10/site-packages/pal/core/interface.py", line 114, in execute
    self.runtime.exec_code('\n'.join(code))
  File "/home/doyle/Documents/COS484/COS484_PAL/.venv/lib/python3.10/site-packages/pal/core/runtime.py", line 145, in exec_code
    result = subprocess.run([f"llm_build/{str(random_uuid)}/Solution"], capture_output=True)
  File "/usr/lib/python3.10/subprocess.py", line 503, in run
    with Popen(*popenargs, **kwargs) as process:
  File "/usr/lib/python3.10/subprocess.py", line 971, in __init__
    self._execute_child(args, executable, preexec_fn, close_fds,
  File "/usr/lib/python3.10/subprocess.py", line 1863, in _execute_child
    raise child_exception_type(errno_num, err_msg, err_filename)
FileNotFoundError: [Errno 2] No such file or directory: 'llm_build/fe404b7e-28a0-11f0-8afe-e10f5b0b7eea/Solution'

 24%|██▍       | 315/1319 [14:03<43:40,  2.61s/it] 24%|██▍       | 316/1319 [14:08<55:08,  3.30s/it] 24%|██▍       | 317/1319 [14:12<1:01:52,  3.70s/it] 24%|██▍       | 318/1319 [14:14<51:37,  3.09s/it]   24%|██▍       | 319/1319 [14:19<59:02,  3.54s/it]File "llm_build/0b162f4e-28a1-11f0-8afe-e10f5b0b7eea/Solution.ml", line 5, characters 4-15:
5 | let total_ratio = ratio_poles + ratio_wires in
        ^^^^^^^^^^^
Warning 26 [unused-var]: unused variable total_ratio.
 24%|██▍       | 320/1319 [14:24<1:09:55,  4.20s/it] 24%|██▍       | 321/1319 [14:26<56:21,  3.39s/it]   24%|██▍       | 322/1319 [14:27<46:33,  2.80s/it] 24%|██▍       | 323/1319 [14:31<52:32,  3.16s/it] 25%|██▍       | 324/1319 [14:34<50:16,  3.03s/it] 25%|██▍       | 325/1319 [14:36<45:25,  2.74s/it] 25%|██▍       | 326/1319 [14:41<57:16,  3.46s/it] 25%|██▍       | 327/1319 [14:44<54:03,  3.27s/it] 25%|██▍       | 328/1319 [14:47<54:24,  3.29s/it] 25%|██▍       | 329/1319 [14:49<44:54,  2.72s/it] 25%|██▌       | 330/1319 [14:51<42:56,  2.60s/it] 25%|██▌       | 331/1319 [14:53<40:28,  2.46s/it] 25%|██▌       | 332/1319 [14:58<52:19,  3.18s/it] 25%|██▌       | 333/1319 [15:00<44:17,  2.69s/it] 25%|██▌       | 334/1319 [15:03<45:34,  2.78s/it] 25%|██▌       | 335/1319 [15:09<1:02:21,  3.80s/it] 25%|██▌       | 336/1319 [15:11<51:49,  3.16s/it]  File "llm_build/27e3cfdc-28a1-11f0-8afe-e10f5b0b7eea/Solution.ml", line 5, characters 65-68:
5 | let price_per_share_after_first_year = price_per_share_initial * 1.5 in
                                                                     ^^^
Error: This expression has type "float" but an expression was expected of type
         "int"
Traceback (most recent call last):
  File "/home/doyle/Documents/COS484/COS484_PAL/.venv/lib/python3.10/site-packages/pal/core/interface.py", line 185, in run
    exec_result = self.execute(code)
  File "/home/doyle/Documents/COS484/COS484_PAL/.venv/lib/python3.10/site-packages/pal/core/interface.py", line 114, in execute
    self.runtime.exec_code('\n'.join(code))
  File "/home/doyle/Documents/COS484/COS484_PAL/.venv/lib/python3.10/site-packages/pal/core/runtime.py", line 145, in exec_code
    subprocess.run(["cp", "/dev/stdin", f"llm_build/{str(random_uuid)}/Solution.ml"], input=code, text=True)
  File "/usr/lib/python3.10/subprocess.py", line 503, in run
    with Popen(*popenargs, **kwargs) as process:
  File "/usr/lib/python3.10/subprocess.py", line 971, in __init__
    self._execute_child(args, executable, preexec_fn, close_fds,
  File "/usr/lib/python3.10/subprocess.py", line 1863, in _execute_child
    raise child_exception_type(errno_num, err_msg, err_filename)
FileNotFoundError: [Errno 2] No such file or directory: 'llm_build/27e3cfdc-28a1-11f0-8afe-e10f5b0b7eea/Solution'

 26%|██▌       | 337/1319 [15:13<46:56,  2.87s/it] 26%|██▌       | 338/1319 [15:16<46:39,  2.85s/it]File "llm_build/29911723-28a1-11f0-8afe-e10f5b0b7eea/Solution.ml", line 3, characters 4-14:
3 | let group_size = 2 in
        ^^^^^^^^^^
Warning 26 [unused-var]: unused variable group_size.
 26%|██▌       | 339/1319 [15:17<41:45,  2.56s/it] 26%|██▌       | 340/1319 [15:19<36:58,  2.27s/it]File "llm_build/2d5a06c0-28a1-11f0-8afe-e10f5b0b7eea/Solution.ml", line 8, characters 4-14:
8 | let balls_lost = balls_dropped - balls_caught in
        ^^^^^^^^^^
Warning 26 [unused-var]: unused variable balls_lost.
 26%|██▌       | 341/1319 [15:22<40:02,  2.46s/it] 26%|██▌       | 342/1319 [15:24<36:38,  2.25s/it] 26%|██▌       | 343/1319 [15:25<32:31,  2.00s/it] 26%|██▌       | 344/1319 [15:27<32:54,  2.03s/it] 26%|██▌       | 345/1319 [15:29<30:12,  1.86s/it] 26%|██▌       | 346/1319 [15:31<30:09,  1.86s/it] 26%|██▋       | 347/1319 [15:34<38:55,  2.40s/it] 26%|██▋       | 348/1319 [15:37<40:11,  2.48s/it] 26%|██▋       | 349/1319 [15:39<38:23,  2.37s/it] 27%|██▋       | 350/1319 [15:41<36:03,  2.23s/it]File "llm_build/39e35270-28a1-11f0-8afe-e10f5b0b7eea/Solution.ml", line 5, characters 18-21:
5 | let museum_tour = 0.5 * cooking_class in
                      ^^^
Error: This expression has type "float" but an expression was expected of type
         "int"
Traceback (most recent call last):
  File "/home/doyle/Documents/COS484/COS484_PAL/.venv/lib/python3.10/site-packages/pal/core/interface.py", line 185, in run
    exec_result = self.execute(code)
  File "/home/doyle/Documents/COS484/COS484_PAL/.venv/lib/python3.10/site-packages/pal/core/interface.py", line 114, in execute
    self.runtime.exec_code('\n'.join(code))
  File "/home/doyle/Documents/COS484/COS484_PAL/.venv/lib/python3.10/site-packages/pal/core/runtime.py", line 145, in exec_code
    subprocess.run(["cp", "/dev/stdin", f"llm_build/{str(random_uuid)}/Solution.ml"], input=code, text=True)
  File "/usr/lib/python3.10/subprocess.py", line 503, in run
    with Popen(*popenargs, **kwargs) as process:
  File "/usr/lib/python3.10/subprocess.py", line 971, in __init__
    self._execute_child(args, executable, preexec_fn, close_fds,
  File "/usr/lib/python3.10/subprocess.py", line 1863, in _execute_child
    raise child_exception_type(errno_num, err_msg, err_filename)
FileNotFoundError: [Errno 2] No such file or directory: 'llm_build/39e35270-28a1-11f0-8afe-e10f5b0b7eea/Solution'

 27%|██▋       | 351/1319 [15:43<35:09,  2.18s/it] 27%|██▋       | 352/1319 [15:45<34:32,  2.14s/it]File "llm_build/3c290750-28a1-11f0-8afe-e10f5b0b7eea/Solution.ml", line 6, characters 4-14:
6 | let money_left = money_initial - total_spent in
        ^^^^^^^^^^
Warning 26 [unused-var]: unused variable money_left.
 27%|██▋       | 353/1319 [15:47<32:40,  2.03s/it]File "llm_build/3e9c6eaa-28a1-11f0-8afe-e10f5b0b7eea/Solution.ml", line 7, characters 41-44:
7 | let total_time_spent = total_show_time / 0.3 in
                                             ^^^
Error: This expression has type "float" but an expression was expected of type
         "int"
Traceback (most recent call last):
  File "/home/doyle/Documents/COS484/COS484_PAL/.venv/lib/python3.10/site-packages/pal/core/interface.py", line 185, in run
    exec_result = self.execute(code)
  File "/home/doyle/Documents/COS484/COS484_PAL/.venv/lib/python3.10/site-packages/pal/core/interface.py", line 114, in execute
    self.runtime.exec_code('\n'.join(code))
  File "/home/doyle/Documents/COS484/COS484_PAL/.venv/lib/python3.10/site-packages/pal/core/runtime.py", line 145, in exec_code
    subprocess.run(["cp", "/dev/stdin", f"llm_build/{str(random_uuid)}/Solution.ml"], input=code, text=True)
  File "/usr/lib/python3.10/subprocess.py", line 503, in run
    with Popen(*popenargs, **kwargs) as process:
  File "/usr/lib/python3.10/subprocess.py", line 971, in __init__
    self._execute_child(args, executable, preexec_fn, close_fds,
  File "/usr/lib/python3.10/subprocess.py", line 1863, in _execute_child
    raise child_exception_type(errno_num, err_msg, err_filename)
FileNotFoundError: [Errno 2] No such file or directory: 'llm_build/3e9c6eaa-28a1-11f0-8afe-e10f5b0b7eea/Solution'

 27%|██▋       | 354/1319 [15:51<42:36,  2.65s/it] 27%|██▋       | 355/1319 [15:54<46:09,  2.87s/it] 27%|██▋       | 356/1319 [15:56<39:27,  2.46s/it] 27%|██▋       | 357/1319 [15:58<36:42,  2.29s/it] 27%|██▋       | 358/1319 [16:00<35:11,  2.20s/it]File "llm_build/45115fde-28a1-11f0-8afe-e10f5b0b7eea/Solution.ml", line 6, characters 26-46:
6 | let money_saved_per_day = pocket_money_per_day -. total_lollipop_cost_per_day in
                              ^^^^^^^^^^^^^^^^^^^^
Error: This expression has type "int" but an expression was expected of type
         "float"
Traceback (most recent call last):
  File "/home/doyle/Documents/COS484/COS484_PAL/.venv/lib/python3.10/site-packages/pal/core/interface.py", line 185, in run
    exec_result = self.execute(code)
  File "/home/doyle/Documents/COS484/COS484_PAL/.venv/lib/python3.10/site-packages/pal/core/interface.py", line 114, in execute
    self.runtime.exec_code('\n'.join(code))
  File "/home/doyle/Documents/COS484/COS484_PAL/.venv/lib/python3.10/site-packages/pal/core/runtime.py", line 145, in exec_code
    subprocess.run(["cp", "/dev/stdin", f"llm_build/{str(random_uuid)}/Solution.ml"], input=code, text=True)
  File "/usr/lib/python3.10/subprocess.py", line 503, in run
    with Popen(*popenargs, **kwargs) as process:
  File "/usr/lib/python3.10/subprocess.py", line 971, in __init__
    self._execute_child(args, executable, preexec_fn, close_fds,
  File "/usr/lib/python3.10/subprocess.py", line 1863, in _execute_child
    raise child_exception_type(errno_num, err_msg, err_filename)
FileNotFoundError: [Errno 2] No such file or directory: 'llm_build/45115fde-28a1-11f0-8afe-e10f5b0b7eea/Solution'

 27%|██▋       | 359/1319 [16:02<34:31,  2.16s/it] 27%|██▋       | 360/1319 [16:04<35:42,  2.23s/it] 27%|██▋       | 361/1319 [16:05<31:07,  1.95s/it] 27%|██▋       | 362/1319 [16:08<34:52,  2.19s/it] 28%|██▊       | 363/1319 [16:11<37:17,  2.34s/it] 28%|██▊       | 364/1319 [16:13<37:08,  2.33s/it]File "llm_build/4df27052-28a1-11f0-8afe-e10f5b0b7eea/Solution.ml", line 5, characters 4-16:
5 | let girls_absent = 5 in
        ^^^^^^^^^^^^
Warning 26 [unused-var]: unused variable girls_absent.
 28%|██▊       | 365/1319 [16:17<42:26,  2.67s/it] 28%|██▊       | 366/1319 [16:19<41:09,  2.59s/it] 28%|██▊       | 367/1319 [16:21<36:23,  2.29s/it] 28%|██▊       | 368/1319 [16:23<34:51,  2.20s/it] 28%|██▊       | 369/1319 [16:24<30:06,  1.90s/it] 28%|██▊       | 370/1319 [16:26<32:53,  2.08s/it] 28%|██▊       | 371/1319 [16:28<30:52,  1.95s/it] 28%|██▊       | 372/1319 [16:30<32:32,  2.06s/it] 28%|██▊       | 373/1319 [16:32<30:01,  1.90s/it] 28%|██▊       | 374/1319 [16:33<27:39,  1.76s/it] 28%|██▊       | 375/1319 [16:35<30:06,  1.91s/it] 29%|██▊       | 376/1319 [16:37<27:29,  1.75s/it] 29%|██▊       | 377/1319 [16:38<26:02,  1.66s/it] 29%|██▊       | 378/1319 [16:41<32:00,  2.04s/it] 29%|██▊       | 379/1319 [16:43<30:16,  1.93s/it] 29%|██▉       | 380/1319 [16:44<27:09,  1.74s/it]File "llm_build/5f783848-28a1-11f0-8afe-e10f5b0b7eea/Solution.ml", line 5, characters 60-73:
5 | let total_amount_due = borrowed_amount + (borrowed_amount * interest_rate) in
                                                                ^^^^^^^^^^^^^
Error: This expression has type "float" but an expression was expected of type
         "int"
Traceback (most recent call last):
  File "/home/doyle/Documents/COS484/COS484_PAL/.venv/lib/python3.10/site-packages/pal/core/interface.py", line 185, in run
    exec_result = self.execute(code)
  File "/home/doyle/Documents/COS484/COS484_PAL/.venv/lib/python3.10/site-packages/pal/core/interface.py", line 114, in execute
    self.runtime.exec_code('\n'.join(code))
  File "/home/doyle/Documents/COS484/COS484_PAL/.venv/lib/python3.10/site-packages/pal/core/runtime.py", line 145, in exec_code
    subprocess.run(["cp", "/dev/stdin", f"llm_build/{str(random_uuid)}/Solution.ml"], input=code, text=True)
  File "/usr/lib/python3.10/subprocess.py", line 503, in run
    with Popen(*popenargs, **kwargs) as process:
  File "/usr/lib/python3.10/subprocess.py", line 971, in __init__
    self._execute_child(args, executable, preexec_fn, close_fds,
  File "/usr/lib/python3.10/subprocess.py", line 1863, in _execute_child
    raise child_exception_type(errno_num, err_msg, err_filename)
FileNotFoundError: [Errno 2] No such file or directory: 'llm_build/5f783848-28a1-11f0-8afe-e10f5b0b7eea/Solution'

 29%|██▉       | 381/1319 [16:46<27:25,  1.75s/it] 29%|██▉       | 382/1319 [16:48<27:02,  1.73s/it] 29%|██▉       | 383/1319 [16:50<31:54,  2.04s/it] 29%|██▉       | 384/1319 [16:53<34:54,  2.24s/it] 29%|██▉       | 385/1319 [16:55<34:05,  2.19s/it] 29%|██▉       | 386/1319 [16:57<33:21,  2.15s/it] 29%|██▉       | 387/1319 [17:00<33:57,  2.19s/it] 29%|██▉       | 388/1319 [17:01<32:21,  2.09s/it] 29%|██▉       | 389/1319 [17:03<28:59,  1.87s/it] 30%|██▉       | 390/1319 [17:05<31:08,  2.01s/it] 30%|██▉       | 391/1319 [17:08<33:55,  2.19s/it] 30%|██▉       | 392/1319 [17:09<31:41,  2.05s/it]File "llm_build/6eb79038-28a1-11f0-8afe-e10f5b0b7eea/Solution.ml", line 8, characters 32-52:
8 | let discounted_streaming_cost = total_streaming_cost *. (1.0 -. bundle_discount) in
                                    ^^^^^^^^^^^^^^^^^^^^
Error: This expression has type "int" but an expression was expected of type
         "float"
Traceback (most recent call last):
  File "/home/doyle/Documents/COS484/COS484_PAL/.venv/lib/python3.10/site-packages/pal/core/interface.py", line 185, in run
    exec_result = self.execute(code)
  File "/home/doyle/Documents/COS484/COS484_PAL/.venv/lib/python3.10/site-packages/pal/core/interface.py", line 114, in execute
    self.runtime.exec_code('\n'.join(code))
  File "/home/doyle/Documents/COS484/COS484_PAL/.venv/lib/python3.10/site-packages/pal/core/runtime.py", line 145, in exec_code
    subprocess.run(["cp", "/dev/stdin", f"llm_build/{str(random_uuid)}/Solution.ml"], input=code, text=True)
  File "/usr/lib/python3.10/subprocess.py", line 503, in run
    with Popen(*popenargs, **kwargs) as process:
  File "/usr/lib/python3.10/subprocess.py", line 971, in __init__
    self._execute_child(args, executable, preexec_fn, close_fds,
  File "/usr/lib/python3.10/subprocess.py", line 1863, in _execute_child
    raise child_exception_type(errno_num, err_msg, err_filename)
FileNotFoundError: [Errno 2] No such file or directory: 'llm_build/6eb79038-28a1-11f0-8afe-e10f5b0b7eea/Solution'

 30%|██▉       | 393/1319 [17:12<32:04,  2.08s/it] 30%|██▉       | 394/1319 [17:13<28:50,  1.87s/it] 30%|██▉       | 395/1319 [17:14<27:11,  1.77s/it] 30%|███       | 396/1319 [17:16<27:36,  1.79s/it] 30%|███       | 397/1319 [17:22<45:52,  2.99s/it] 30%|███       | 398/1319 [17:24<41:22,  2.70s/it] 30%|███       | 399/1319 [17:26<36:01,  2.35s/it] 30%|███       | 400/1319 [17:27<32:08,  2.10s/it] 30%|███       | 401/1319 [17:29<30:02,  1.96s/it] 30%|███       | 402/1319 [17:31<31:44,  2.08s/it] 31%|███       | 403/1319 [17:33<31:12,  2.04s/it]File "llm_build/7df0ae90-28a1-11f0-8afe-e10f5b0b7eea/Solution.ml", line 6, characters 4-20:
6 | let hours_used_final = hours_used_initial - hours_reduced in
        ^^^^^^^^^^^^^^^^
Warning 26 [unused-var]: unused variable hours_used_final.
 31%|███       | 404/1319 [17:37<40:03,  2.63s/it] 31%|███       | 405/1319 [17:40<40:32,  2.66s/it] 31%|███       | 406/1319 [17:50<1:13:15,  4.81s/it] 31%|███       | 407/1319 [17:52<1:01:17,  4.03s/it] 31%|███       | 408/1319 [17:54<51:01,  3.36s/it]   31%|███       | 409/1319 [17:55<43:42,  2.88s/it] 31%|███       | 410/1319 [17:58<41:07,  2.72s/it]File "llm_build/8bdabb18-28a1-11f0-8afe-e10f5b0b7eea/Solution.ml", line 9, characters 25-46:
9 | let magnets_total_cost = magnets_cost_per_unit * float_of_int magnets_quantity in
                             ^^^^^^^^^^^^^^^^^^^^^
Error: This expression has type "float" but an expression was expected of type
         "int"
Traceback (most recent call last):
  File "/home/doyle/Documents/COS484/COS484_PAL/.venv/lib/python3.10/site-packages/pal/core/interface.py", line 185, in run
    exec_result = self.execute(code)
  File "/home/doyle/Documents/COS484/COS484_PAL/.venv/lib/python3.10/site-packages/pal/core/interface.py", line 114, in execute
    self.runtime.exec_code('\n'.join(code))
  File "/home/doyle/Documents/COS484/COS484_PAL/.venv/lib/python3.10/site-packages/pal/core/runtime.py", line 145, in exec_code
    subprocess.run(["cp", "/dev/stdin", f"llm_build/{str(random_uuid)}/Solution.ml"], input=code, text=True)
  File "/usr/lib/python3.10/subprocess.py", line 503, in run
    with Popen(*popenargs, **kwargs) as process:
  File "/usr/lib/python3.10/subprocess.py", line 971, in __init__
    self._execute_child(args, executable, preexec_fn, close_fds,
  File "/usr/lib/python3.10/subprocess.py", line 1863, in _execute_child
    raise child_exception_type(errno_num, err_msg, err_filename)
FileNotFoundError: [Errno 2] No such file or directory: 'llm_build/8bdabb18-28a1-11f0-8afe-e10f5b0b7eea/Solution'

 31%|███       | 411/1319 [18:00<40:50,  2.70s/it]File "llm_build/8d2cf364-28a1-11f0-8afe-e10f5b0b7eea/Solution.ml", line 6, characters 50-58:
6 | let discounted_cost = total_fireworks_cost * (1 - discount) in
                                                      ^^^^^^^^
Error: This expression has type "float" but an expression was expected of type
         "int"
Traceback (most recent call last):
  File "/home/doyle/Documents/COS484/COS484_PAL/.venv/lib/python3.10/site-packages/pal/core/interface.py", line 185, in run
    exec_result = self.execute(code)
  File "/home/doyle/Documents/COS484/COS484_PAL/.venv/lib/python3.10/site-packages/pal/core/interface.py", line 114, in execute
    self.runtime.exec_code('\n'.join(code))
  File "/home/doyle/Documents/COS484/COS484_PAL/.venv/lib/python3.10/site-packages/pal/core/runtime.py", line 145, in exec_code
    subprocess.run(["cp", "/dev/stdin", f"llm_build/{str(random_uuid)}/Solution.ml"], input=code, text=True)
  File "/usr/lib/python3.10/subprocess.py", line 503, in run
    with Popen(*popenargs, **kwargs) as process:
  File "/usr/lib/python3.10/subprocess.py", line 971, in __init__
    self._execute_child(args, executable, preexec_fn, close_fds,
  File "/usr/lib/python3.10/subprocess.py", line 1863, in _execute_child
    raise child_exception_type(errno_num, err_msg, err_filename)
FileNotFoundError: [Errno 2] No such file or directory: 'llm_build/8d2cf364-28a1-11f0-8afe-e10f5b0b7eea/Solution'

 31%|███       | 412/1319 [18:03<38:37,  2.56s/it] 31%|███▏      | 413/1319 [18:05<37:19,  2.47s/it] 31%|███▏      | 414/1319 [18:07<36:10,  2.40s/it] 31%|███▏      | 415/1319 [18:10<36:15,  2.41s/it] 32%|███▏      | 416/1319 [18:13<39:38,  2.63s/it] 32%|███▏      | 417/1319 [18:15<37:28,  2.49s/it]File "llm_build/969e4ab0-28a1-11f0-8afe-e10f5b0b7eea/Solution.ml", line 6, characters 4-18:
6 | let days_no_travel = 1 in
        ^^^^^^^^^^^^^^
Warning 26 [unused-var]: unused variable days_no_travel.
 32%|███▏      | 418/1319 [18:19<42:23,  2.82s/it] 32%|███▏      | 419/1319 [18:20<34:43,  2.31s/it] 32%|███▏      | 420/1319 [18:22<34:27,  2.30s/it] 32%|███▏      | 421/1319 [18:24<32:33,  2.18s/it] 32%|███▏      | 422/1319 [18:26<32:51,  2.20s/it] 32%|███▏      | 423/1319 [18:28<32:44,  2.19s/it] 32%|███▏      | 424/1319 [18:31<33:09,  2.22s/it] 32%|███▏      | 425/1319 [18:33<33:04,  2.22s/it] 32%|███▏      | 426/1319 [18:37<43:03,  2.89s/it] 32%|███▏      | 427/1319 [18:41<48:25,  3.26s/it]File "llm_build/a6fd8c7c-28a1-11f0-8afe-e10f5b0b7eea/Solution.ml", line 6, characters 17-35:
6 | let cards_sold = total_money_needed /. card_price in
                     ^^^^^^^^^^^^^^^^^^
Error: This expression has type "int" but an expression was expected of type
         "float"
Traceback (most recent call last):
  File "/home/doyle/Documents/COS484/COS484_PAL/.venv/lib/python3.10/site-packages/pal/core/interface.py", line 185, in run
    exec_result = self.execute(code)
  File "/home/doyle/Documents/COS484/COS484_PAL/.venv/lib/python3.10/site-packages/pal/core/interface.py", line 114, in execute
    self.runtime.exec_code('\n'.join(code))
  File "/home/doyle/Documents/COS484/COS484_PAL/.venv/lib/python3.10/site-packages/pal/core/runtime.py", line 145, in exec_code
    subprocess.run(["cp", "/dev/stdin", f"llm_build/{str(random_uuid)}/Solution.ml"], input=code, text=True)
  File "/usr/lib/python3.10/subprocess.py", line 503, in run
    with Popen(*popenargs, **kwargs) as process:
  File "/usr/lib/python3.10/subprocess.py", line 971, in __init__
    self._execute_child(args, executable, preexec_fn, close_fds,
  File "/usr/lib/python3.10/subprocess.py", line 1863, in _execute_child
    raise child_exception_type(errno_num, err_msg, err_filename)
FileNotFoundError: [Errno 2] No such file or directory: 'llm_build/a6fd8c7c-28a1-11f0-8afe-e10f5b0b7eea/Solution'

 32%|███▏      | 428/1319 [18:46<54:41,  3.68s/it] 33%|███▎      | 429/1319 [18:51<58:39,  3.95s/it] 33%|███▎      | 430/1319 [18:52<47:32,  3.21s/it] 33%|███▎      | 431/1319 [18:54<42:46,  2.89s/it] 33%|███▎      | 432/1319 [18:56<38:03,  2.57s/it] 33%|███▎      | 433/1319 [19:02<53:56,  3.65s/it] 33%|███▎      | 434/1319 [19:07<57:34,  3.90s/it] 33%|███▎      | 435/1319 [19:09<50:20,  3.42s/it] 33%|███▎      | 436/1319 [19:11<42:55,  2.92s/it] 33%|███▎      | 437/1319 [19:12<37:56,  2.58s/it] 33%|███▎      | 438/1319 [19:14<34:07,  2.32s/it] 33%|███▎      | 439/1319 [19:17<34:31,  2.35s/it] 33%|███▎      | 440/1319 [19:19<34:50,  2.38s/it] 33%|███▎      | 441/1319 [19:21<33:54,  2.32s/it] 34%|███▎      | 442/1319 [19:23<33:19,  2.28s/it] 34%|███▎      | 443/1319 [19:27<37:14,  2.55s/it] 34%|███▎      | 444/1319 [19:30<40:18,  2.76s/it] 34%|███▎      | 445/1319 [19:31<33:23,  2.29s/it]File "llm_build/c4f434e2-28a1-11f0-8afe-e10f5b0b7eea/Solution.ml", line 5, characters 21-30:
5 | let distance_miles = speed_mph *. time_hours in
                         ^^^^^^^^^
Error: This expression has type "int" but an expression was expected of type
         "float"
Traceback (most recent call last):
  File "/home/doyle/Documents/COS484/COS484_PAL/.venv/lib/python3.10/site-packages/pal/core/interface.py", line 185, in run
    exec_result = self.execute(code)
  File "/home/doyle/Documents/COS484/COS484_PAL/.venv/lib/python3.10/site-packages/pal/core/interface.py", line 114, in execute
    self.runtime.exec_code('\n'.join(code))
  File "/home/doyle/Documents/COS484/COS484_PAL/.venv/lib/python3.10/site-packages/pal/core/runtime.py", line 145, in exec_code
    subprocess.run(["cp", "/dev/stdin", f"llm_build/{str(random_uuid)}/Solution.ml"], input=code, text=True)
  File "/usr/lib/python3.10/subprocess.py", line 503, in run
    with Popen(*popenargs, **kwargs) as process:
  File "/usr/lib/python3.10/subprocess.py", line 971, in __init__
    self._execute_child(args, executable, preexec_fn, close_fds,
  File "/usr/lib/python3.10/subprocess.py", line 1863, in _execute_child
    raise child_exception_type(errno_num, err_msg, err_filename)
FileNotFoundError: [Errno 2] No such file or directory: 'llm_build/c4f434e2-28a1-11f0-8afe-e10f5b0b7eea/Solution'

 34%|███▍      | 446/1319 [19:36<45:51,  3.15s/it] 34%|███▍      | 447/1319 [19:39<43:51,  3.02s/it] 34%|███▍      | 448/1319 [19:42<41:48,  2.88s/it] 34%|███▍      | 449/1319 [19:44<38:01,  2.62s/it] 34%|███▍      | 450/1319 [19:47<39:47,  2.75s/it] 34%|███▍      | 451/1319 [19:50<42:40,  2.95s/it] 34%|███▍      | 452/1319 [19:52<37:58,  2.63s/it] 34%|███▍      | 453/1319 [19:54<34:32,  2.39s/it] 34%|███▍      | 454/1319 [19:56<33:50,  2.35s/it] 34%|███▍      | 455/1319 [19:57<29:15,  2.03s/it] 35%|███▍      | 456/1319 [20:00<31:25,  2.18s/it] 35%|███▍      | 457/1319 [20:01<28:07,  1.96s/it] 35%|███▍      | 458/1319 [20:06<38:16,  2.67s/it] 35%|███▍      | 459/1319 [20:10<44:10,  3.08s/it] 35%|███▍      | 460/1319 [20:13<45:54,  3.21s/it] 35%|███▍      | 461/1319 [20:16<45:58,  3.21s/it] 35%|███▌      | 462/1319 [20:18<37:19,  2.61s/it] 35%|███▌      | 463/1319 [20:19<31:54,  2.24s/it] 35%|███▌      | 464/1319 [20:20<28:35,  2.01s/it] 35%|███▌      | 465/1319 [20:23<32:32,  2.29s/it] 35%|███▌      | 466/1319 [20:26<35:52,  2.52s/it] 35%|███▌      | 467/1319 [20:29<37:49,  2.66s/it] 35%|███▌      | 468/1319 [20:36<55:59,  3.95s/it] 36%|███▌      | 469/1319 [20:38<46:28,  3.28s/it] 36%|███▌      | 470/1319 [20:42<51:15,  3.62s/it] 36%|███▌      | 471/1319 [20:44<43:11,  3.06s/it] 36%|███▌      | 472/1319 [20:46<37:35,  2.66s/it] 36%|███▌      | 473/1319 [20:48<34:05,  2.42s/it] 36%|███▌      | 474/1319 [20:50<32:31,  2.31s/it] 36%|███▌      | 475/1319 [20:51<28:22,  2.02s/it] 36%|███▌      | 476/1319 [20:55<37:40,  2.68s/it] 36%|███▌      | 477/1319 [20:59<40:29,  2.89s/it] 36%|███▌      | 478/1319 [21:01<35:55,  2.56s/it] 36%|███▋      | 479/1319 [21:02<32:03,  2.29s/it]File "llm_build/fb70f564-28a1-11f0-8afe-e10f5b0b7eea/Solution.ml", line 7, characters 27-53:
7 | let hotel_price_increase = hotel_normal_price_per_day *. hotel_price_increase_percentage in
                               ^^^^^^^^^^^^^^^^^^^^^^^^^^
Error: This expression has type "int" but an expression was expected of type
         "float"
Traceback (most recent call last):
  File "/home/doyle/Documents/COS484/COS484_PAL/.venv/lib/python3.10/site-packages/pal/core/interface.py", line 185, in run
    exec_result = self.execute(code)
  File "/home/doyle/Documents/COS484/COS484_PAL/.venv/lib/python3.10/site-packages/pal/core/interface.py", line 114, in execute
    self.runtime.exec_code('\n'.join(code))
  File "/home/doyle/Documents/COS484/COS484_PAL/.venv/lib/python3.10/site-packages/pal/core/runtime.py", line 145, in exec_code
    subprocess.run(["cp", "/dev/stdin", f"llm_build/{str(random_uuid)}/Solution.ml"], input=code, text=True)
  File "/usr/lib/python3.10/subprocess.py", line 503, in run
    with Popen(*popenargs, **kwargs) as process:
  File "/usr/lib/python3.10/subprocess.py", line 971, in __init__
    self._execute_child(args, executable, preexec_fn, close_fds,
  File "/usr/lib/python3.10/subprocess.py", line 1863, in _execute_child
    raise child_exception_type(errno_num, err_msg, err_filename)
FileNotFoundError: [Errno 2] No such file or directory: 'llm_build/fb70f564-28a1-11f0-8afe-e10f5b0b7eea/Solution'

 36%|███▋      | 480/1319 [21:08<45:11,  3.23s/it] 36%|███▋      | 481/1319 [21:10<40:20,  2.89s/it] 37%|███▋      | 482/1319 [21:14<46:41,  3.35s/it] 37%|███▋      | 483/1319 [21:16<38:46,  2.78s/it] 37%|███▋      | 484/1319 [21:20<45:22,  3.26s/it] 37%|███▋      | 485/1319 [21:22<39:29,  2.84s/it] 37%|███▋      | 486/1319 [21:23<32:06,  2.31s/it] 37%|███▋      | 487/1319 [21:25<32:36,  2.35s/it] 37%|███▋      | 488/1319 [21:27<30:45,  2.22s/it] 37%|███▋      | 489/1319 [21:31<38:04,  2.75s/it] 37%|███▋      | 490/1319 [21:33<33:33,  2.43s/it] 37%|███▋      | 491/1319 [21:34<28:57,  2.10s/it] 37%|███▋      | 492/1319 [21:35<24:58,  1.81s/it] 37%|███▋      | 493/1319 [21:38<29:09,  2.12s/it] 37%|███▋      | 494/1319 [21:43<40:13,  2.93s/it]File "llm_build/1311b294-28a2-11f0-8afe-e10f5b0b7eea/Solution.ml", line 7, characters 4-13:
7 | let top_layer = 1 in
        ^^^^^^^^^
Warning 26 [unused-var]: unused variable top_layer.
 38%|███▊      | 495/1319 [21:47<45:30,  3.31s/it] 38%|███▊      | 496/1319 [21:49<40:37,  2.96s/it]File "llm_build/17dbd98a-28a2-11f0-8afe-e10f5b0b7eea/Solution.ml", line 3, characters 4-27:
3 | let brett_age_in_four_years = brett_age + 4 in
        ^^^^^^^^^^^^^^^^^^^^^^^
Warning 26 [unused-var]: unused variable brett_age_in_four_years.
 38%|███▊      | 497/1319 [21:55<52:38,  3.84s/it] 38%|███▊      | 498/1319 [22:00<57:57,  4.24s/it] 38%|███▊      | 499/1319 [22:02<48:36,  3.56s/it] 38%|███▊      | 500/1319 [22:05<44:45,  3.28s/it] 38%|███▊      | 501/1319 [22:06<36:30,  2.68s/it] 38%|███▊      | 502/1319 [22:08<31:27,  2.31s/it] 38%|███▊      | 503/1319 [22:11<35:08,  2.58s/it] 38%|███▊      | 504/1319 [22:13<34:10,  2.52s/it] 38%|███▊      | 505/1319 [22:17<37:40,  2.78s/it]File "llm_build/29751fee-28a2-11f0-8afe-e10f5b0b7eea/Solution.ml", line 41, characters 0-3:
41 | let max_sticks = max (max_sticks_combination) (max total_sticks_2x4_only total_sticks_2x8_only) in
     ^^^
Error: Syntax error
Traceback (most recent call last):
  File "/home/doyle/Documents/COS484/COS484_PAL/.venv/lib/python3.10/site-packages/pal/core/interface.py", line 185, in run
    exec_result = self.execute(code)
  File "/home/doyle/Documents/COS484/COS484_PAL/.venv/lib/python3.10/site-packages/pal/core/interface.py", line 114, in execute
    self.runtime.exec_code('\n'.join(code))
  File "/home/doyle/Documents/COS484/COS484_PAL/.venv/lib/python3.10/site-packages/pal/core/runtime.py", line 145, in exec_code
    subprocess.run(["cp", "/dev/stdin", f"llm_build/{str(random_uuid)}/Solution.ml"], input=code, text=True)
  File "/usr/lib/python3.10/subprocess.py", line 503, in run
    with Popen(*popenargs, **kwargs) as process:
  File "/usr/lib/python3.10/subprocess.py", line 971, in __init__
    self._execute_child(args, executable, preexec_fn, close_fds,
  File "/usr/lib/python3.10/subprocess.py", line 1863, in _execute_child
    raise child_exception_type(errno_num, err_msg, err_filename)
FileNotFoundError: [Errno 2] No such file or directory: 'llm_build/29751fee-28a2-11f0-8afe-e10f5b0b7eea/Solution'

 38%|███▊      | 506/1319 [22:25<59:07,  4.36s/it] 38%|███▊      | 507/1319 [22:26<47:49,  3.53s/it] 39%|███▊      | 508/1319 [22:28<39:23,  2.91s/it] 39%|███▊      | 509/1319 [22:30<34:16,  2.54s/it] 39%|███▊      | 510/1319 [22:32<32:47,  2.43s/it] 39%|███▊      | 511/1319 [22:34<31:31,  2.34s/it] 39%|███▉      | 512/1319 [22:35<27:11,  2.02s/it] 39%|███▉      | 513/1319 [22:39<34:04,  2.54s/it] 39%|███▉      | 514/1319 [22:41<30:39,  2.28s/it] 39%|███▉      | 515/1319 [22:42<27:08,  2.03s/it] 39%|███▉      | 516/1319 [22:44<28:45,  2.15s/it] 39%|███▉      | 517/1319 [22:46<28:08,  2.11s/it] 39%|███▉      | 518/1319 [22:48<25:17,  1.89s/it] 39%|███▉      | 519/1319 [22:51<31:24,  2.36s/it] 39%|███▉      | 520/1319 [22:53<26:52,  2.02s/it] 39%|███▉      | 521/1319 [22:55<30:17,  2.28s/it] 40%|███▉      | 522/1319 [22:58<32:27,  2.44s/it] 40%|███▉      | 523/1319 [23:00<30:49,  2.32s/it] 40%|███▉      | 524/1319 [23:02<28:59,  2.19s/it] 40%|███▉      | 525/1319 [23:06<34:06,  2.58s/it] 40%|███▉      | 526/1319 [23:08<31:19,  2.37s/it]File "llm_build/44956e46-28a2-11f0-8afe-e10f5b0b7eea/Solution.ml", line 7, characters 26-51:
7 | let weekly_cost_initial = daily_consumption_initial *. cost_per_kwh *. float_of_int days_in_week in
                              ^^^^^^^^^^^^^^^^^^^^^^^^^
Error: This expression has type "int" but an expression was expected of type
         "float"
Traceback (most recent call last):
  File "/home/doyle/Documents/COS484/COS484_PAL/.venv/lib/python3.10/site-packages/pal/core/interface.py", line 185, in run
    exec_result = self.execute(code)
  File "/home/doyle/Documents/COS484/COS484_PAL/.venv/lib/python3.10/site-packages/pal/core/interface.py", line 114, in execute
    self.runtime.exec_code('\n'.join(code))
  File "/home/doyle/Documents/COS484/COS484_PAL/.venv/lib/python3.10/site-packages/pal/core/runtime.py", line 145, in exec_code
    subprocess.run(["cp", "/dev/stdin", f"llm_build/{str(random_uuid)}/Solution.ml"], input=code, text=True)
  File "/usr/lib/python3.10/subprocess.py", line 503, in run
    with Popen(*popenargs, **kwargs) as process:
  File "/usr/lib/python3.10/subprocess.py", line 971, in __init__
    self._execute_child(args, executable, preexec_fn, close_fds,
  File "/usr/lib/python3.10/subprocess.py", line 1863, in _execute_child
    raise child_exception_type(errno_num, err_msg, err_filename)
FileNotFoundError: [Errno 2] No such file or directory: 'llm_build/44956e46-28a2-11f0-8afe-e10f5b0b7eea/Solution'

 40%|███▉      | 527/1319 [23:10<33:06,  2.51s/it] 40%|████      | 528/1319 [23:12<30:50,  2.34s/it] 40%|████      | 529/1319 [23:14<30:07,  2.29s/it] 40%|████      | 530/1319 [23:17<30:03,  2.29s/it] 40%|████      | 531/1319 [23:19<31:20,  2.39s/it] 40%|████      | 532/1319 [23:22<34:07,  2.60s/it] 40%|████      | 533/1319 [23:24<31:02,  2.37s/it] 40%|████      | 534/1319 [23:26<29:59,  2.29s/it] 41%|████      | 535/1319 [23:29<31:37,  2.42s/it] 41%|████      | 536/1319 [23:30<27:14,  2.09s/it] 41%|████      | 537/1319 [23:31<23:05,  1.77s/it] 41%|████      | 538/1319 [23:34<26:30,  2.04s/it] 41%|████      | 539/1319 [23:36<26:10,  2.01s/it] 41%|████      | 540/1319 [23:38<27:05,  2.09s/it] 41%|████      | 541/1319 [23:40<26:18,  2.03s/it]File "llm_build/5848986e-28a2-11f0-8afe-e10f5b0b7eea/Solution.ml", line 8, characters 4-17:
8 | let total_savings = total_savings_first_half + total_savings_second_half in
        ^^^^^^^^^^^^^
Warning 26 [unused-var]: unused variable total_savings.
 41%|████      | 542/1319 [23:43<30:42,  2.37s/it] 41%|████      | 543/1319 [23:46<31:51,  2.46s/it] 41%|████      | 544/1319 [23:49<33:36,  2.60s/it] 41%|████▏     | 545/1319 [23:50<27:33,  2.14s/it] 41%|████▏     | 546/1319 [23:52<26:13,  2.04s/it] 41%|████▏     | 547/1319 [23:54<26:06,  2.03s/it]File "llm_build/5f868ed8-28a2-11f0-8afe-e10f5b0b7eea/Solution.ml", line 5, characters 44-63:
5 | let families_notified = families_initial * (families_per_family ** (round - 1)) in
                                                ^^^^^^^^^^^^^^^^^^^
Error: This expression has type "int" but an expression was expected of type
         "float"
Traceback (most recent call last):
  File "/home/doyle/Documents/COS484/COS484_PAL/.venv/lib/python3.10/site-packages/pal/core/interface.py", line 185, in run
    exec_result = self.execute(code)
  File "/home/doyle/Documents/COS484/COS484_PAL/.venv/lib/python3.10/site-packages/pal/core/interface.py", line 114, in execute
    self.runtime.exec_code('\n'.join(code))
  File "/home/doyle/Documents/COS484/COS484_PAL/.venv/lib/python3.10/site-packages/pal/core/runtime.py", line 145, in exec_code
    subprocess.run(["cp", "/dev/stdin", f"llm_build/{str(random_uuid)}/Solution.ml"], input=code, text=True)
  File "/usr/lib/python3.10/subprocess.py", line 503, in run
    with Popen(*popenargs, **kwargs) as process:
  File "/usr/lib/python3.10/subprocess.py", line 971, in __init__
    self._execute_child(args, executable, preexec_fn, close_fds,
  File "/usr/lib/python3.10/subprocess.py", line 1863, in _execute_child
    raise child_exception_type(errno_num, err_msg, err_filename)
FileNotFoundError: [Errno 2] No such file or directory: 'llm_build/5f868ed8-28a2-11f0-8afe-e10f5b0b7eea/Solution'

 42%|████▏     | 548/1319 [23:56<24:41,  1.92s/it] 42%|████▏     | 549/1319 [23:58<25:57,  2.02s/it] 42%|████▏     | 550/1319 [23:59<22:33,  1.76s/it] 42%|████▏     | 551/1319 [24:02<28:06,  2.20s/it]File "llm_build/6510c530-28a2-11f0-8afe-e10f5b0b7eea/Solution.ml", line 15, characters 12-18:
15 | print_float result
                 ^^^^^^
Error: This expression has type "int" but an expression was expected of type
         "float"
Traceback (most recent call last):
  File "/home/doyle/Documents/COS484/COS484_PAL/.venv/lib/python3.10/site-packages/pal/core/interface.py", line 185, in run
    exec_result = self.execute(code)
  File "/home/doyle/Documents/COS484/COS484_PAL/.venv/lib/python3.10/site-packages/pal/core/interface.py", line 114, in execute
    self.runtime.exec_code('\n'.join(code))
  File "/home/doyle/Documents/COS484/COS484_PAL/.venv/lib/python3.10/site-packages/pal/core/runtime.py", line 145, in exec_code
    subprocess.run(["cp", "/dev/stdin", f"llm_build/{str(random_uuid)}/Solution.ml"], input=code, text=True)
  File "/usr/lib/python3.10/subprocess.py", line 503, in run
    with Popen(*popenargs, **kwargs) as process:
  File "/usr/lib/python3.10/subprocess.py", line 971, in __init__
    self._execute_child(args, executable, preexec_fn, close_fds,
  File "/usr/lib/python3.10/subprocess.py", line 1863, in _execute_child
    raise child_exception_type(errno_num, err_msg, err_filename)
FileNotFoundError: [Errno 2] No such file or directory: 'llm_build/6510c530-28a2-11f0-8afe-e10f5b0b7eea/Solution'

 42%|████▏     | 552/1319 [24:05<29:53,  2.34s/it]File "llm_build/672750c8-28a2-11f0-8afe-e10f5b0b7eea/Solution.ml", line 7, characters 35-56:
7 | let commission_first = threshold * commission_rate_first in
                                       ^^^^^^^^^^^^^^^^^^^^^
Error: This expression has type "float" but an expression was expected of type
         "int"
Traceback (most recent call last):
  File "/home/doyle/Documents/COS484/COS484_PAL/.venv/lib/python3.10/site-packages/pal/core/interface.py", line 185, in run
    exec_result = self.execute(code)
  File "/home/doyle/Documents/COS484/COS484_PAL/.venv/lib/python3.10/site-packages/pal/core/interface.py", line 114, in execute
    self.runtime.exec_code('\n'.join(code))
  File "/home/doyle/Documents/COS484/COS484_PAL/.venv/lib/python3.10/site-packages/pal/core/runtime.py", line 145, in exec_code
    subprocess.run(["cp", "/dev/stdin", f"llm_build/{str(random_uuid)}/Solution.ml"], input=code, text=True)
  File "/usr/lib/python3.10/subprocess.py", line 503, in run
    with Popen(*popenargs, **kwargs) as process:
  File "/usr/lib/python3.10/subprocess.py", line 971, in __init__
    self._execute_child(args, executable, preexec_fn, close_fds,
  File "/usr/lib/python3.10/subprocess.py", line 1863, in _execute_child
    raise child_exception_type(errno_num, err_msg, err_filename)
FileNotFoundError: [Errno 2] No such file or directory: 'llm_build/672750c8-28a2-11f0-8afe-e10f5b0b7eea/Solution'

 42%|████▏     | 553/1319 [24:08<34:21,  2.69s/it] 42%|████▏     | 554/1319 [24:11<32:44,  2.57s/it] 42%|████▏     | 555/1319 [24:12<29:20,  2.30s/it] 42%|████▏     | 556/1319 [24:14<25:29,  2.00s/it] 42%|████▏     | 557/1319 [24:15<24:11,  1.91s/it] 42%|████▏     | 558/1319 [24:17<23:54,  1.88s/it] 42%|████▏     | 559/1319 [24:18<20:59,  1.66s/it] 42%|████▏     | 560/1319 [24:20<21:54,  1.73s/it] 43%|████▎     | 561/1319 [24:23<24:22,  1.93s/it] 43%|████▎     | 562/1319 [24:25<25:58,  2.06s/it] 43%|████▎     | 563/1319 [24:28<28:29,  2.26s/it] 43%|████▎     | 564/1319 [24:29<26:27,  2.10s/it]File "llm_build/75084c6a-28a2-11f0-8afe-e10f5b0b7eea/Solution.ml", line 9, characters 23-44:
9 | let total_pages_read = pages_read_first_week + (float_of_int pages_read_second_week) in
                           ^^^^^^^^^^^^^^^^^^^^^
Error: This expression has type "float" but an expression was expected of type
         "int"
Traceback (most recent call last):
  File "/home/doyle/Documents/COS484/COS484_PAL/.venv/lib/python3.10/site-packages/pal/core/interface.py", line 185, in run
    exec_result = self.execute(code)
  File "/home/doyle/Documents/COS484/COS484_PAL/.venv/lib/python3.10/site-packages/pal/core/interface.py", line 114, in execute
    self.runtime.exec_code('\n'.join(code))
  File "/home/doyle/Documents/COS484/COS484_PAL/.venv/lib/python3.10/site-packages/pal/core/runtime.py", line 145, in exec_code
    subprocess.run(["cp", "/dev/stdin", f"llm_build/{str(random_uuid)}/Solution.ml"], input=code, text=True)
  File "/usr/lib/python3.10/subprocess.py", line 503, in run
    with Popen(*popenargs, **kwargs) as process:
  File "/usr/lib/python3.10/subprocess.py", line 971, in __init__
    self._execute_child(args, executable, preexec_fn, close_fds,
  File "/usr/lib/python3.10/subprocess.py", line 1863, in _execute_child
    raise child_exception_type(errno_num, err_msg, err_filename)
FileNotFoundError: [Errno 2] No such file or directory: 'llm_build/75084c6a-28a2-11f0-8afe-e10f5b0b7eea/Solution'

 43%|████▎     | 565/1319 [24:32<26:57,  2.15s/it] 43%|████▎     | 566/1319 [24:34<28:02,  2.23s/it] 43%|████▎     | 567/1319 [24:36<28:10,  2.25s/it]File "llm_build/790806fc-28a2-11f0-8afe-e10f5b0b7eea/Solution.ml", line 5, characters 20-39:
5 | let total_payment = first_tooth_payment + (next_three_teeth_payment *. 3.0) + (last_two_teeth_payment *. 2.0) in
                        ^^^^^^^^^^^^^^^^^^^
Error: This expression has type "float" but an expression was expected of type
         "int"
Traceback (most recent call last):
  File "/home/doyle/Documents/COS484/COS484_PAL/.venv/lib/python3.10/site-packages/pal/core/interface.py", line 185, in run
    exec_result = self.execute(code)
  File "/home/doyle/Documents/COS484/COS484_PAL/.venv/lib/python3.10/site-packages/pal/core/interface.py", line 114, in execute
    self.runtime.exec_code('\n'.join(code))
  File "/home/doyle/Documents/COS484/COS484_PAL/.venv/lib/python3.10/site-packages/pal/core/runtime.py", line 145, in exec_code
    subprocess.run(["cp", "/dev/stdin", f"llm_build/{str(random_uuid)}/Solution.ml"], input=code, text=True)
  File "/usr/lib/python3.10/subprocess.py", line 503, in run
    with Popen(*popenargs, **kwargs) as process:
  File "/usr/lib/python3.10/subprocess.py", line 971, in __init__
    self._execute_child(args, executable, preexec_fn, close_fds,
  File "/usr/lib/python3.10/subprocess.py", line 1863, in _execute_child
    raise child_exception_type(errno_num, err_msg, err_filename)
FileNotFoundError: [Errno 2] No such file or directory: 'llm_build/790806fc-28a2-11f0-8afe-e10f5b0b7eea/Solution'

 43%|████▎     | 568/1319 [24:38<27:08,  2.17s/it] 43%|████▎     | 569/1319 [24:40<23:47,  1.90s/it] 43%|████▎     | 570/1319 [24:43<29:51,  2.39s/it] 43%|████▎     | 571/1319 [24:48<38:34,  3.09s/it] 43%|████▎     | 572/1319 [24:50<34:44,  2.79s/it] 43%|████▎     | 573/1319 [24:54<37:44,  3.04s/it] 44%|████▎     | 574/1319 [24:56<35:33,  2.86s/it] 44%|████▎     | 575/1319 [24:59<37:33,  3.03s/it] 44%|████▎     | 576/1319 [25:03<38:08,  3.08s/it] 44%|████▎     | 577/1319 [25:06<38:55,  3.15s/it] 44%|████▍     | 578/1319 [25:09<39:02,  3.16s/it] 44%|████▍     | 579/1319 [25:11<33:41,  2.73s/it] 44%|████▍     | 580/1319 [25:12<27:50,  2.26s/it] 44%|████▍     | 581/1319 [25:14<26:56,  2.19s/it] 44%|████▍     | 582/1319 [25:16<25:24,  2.07s/it] 44%|████▍     | 583/1319 [25:17<23:24,  1.91s/it] 44%|████▍     | 584/1319 [25:19<21:27,  1.75s/it]File "llm_build/927a39b6-28a2-11f0-8afe-e10f5b0b7eea/Solution.ml", line 8, characters 36-49:
8 | let discount_amount = total_price * discount_rate in
                                        ^^^^^^^^^^^^^
Error: This expression has type "float" but an expression was expected of type
         "int"
Traceback (most recent call last):
  File "/home/doyle/Documents/COS484/COS484_PAL/.venv/lib/python3.10/site-packages/pal/core/interface.py", line 185, in run
    exec_result = self.execute(code)
  File "/home/doyle/Documents/COS484/COS484_PAL/.venv/lib/python3.10/site-packages/pal/core/interface.py", line 114, in execute
    self.runtime.exec_code('\n'.join(code))
  File "/home/doyle/Documents/COS484/COS484_PAL/.venv/lib/python3.10/site-packages/pal/core/runtime.py", line 145, in exec_code
    subprocess.run(["cp", "/dev/stdin", f"llm_build/{str(random_uuid)}/Solution.ml"], input=code, text=True)
  File "/usr/lib/python3.10/subprocess.py", line 503, in run
    with Popen(*popenargs, **kwargs) as process:
  File "/usr/lib/python3.10/subprocess.py", line 971, in __init__
    self._execute_child(args, executable, preexec_fn, close_fds,
  File "/usr/lib/python3.10/subprocess.py", line 1863, in _execute_child
    raise child_exception_type(errno_num, err_msg, err_filename)
FileNotFoundError: [Errno 2] No such file or directory: 'llm_build/927a39b6-28a2-11f0-8afe-e10f5b0b7eea/Solution'

 44%|████▍     | 585/1319 [25:21<23:18,  1.91s/it] 44%|████▍     | 586/1319 [25:24<26:54,  2.20s/it] 45%|████▍     | 587/1319 [25:27<28:54,  2.37s/it] 45%|████▍     | 588/1319 [25:29<29:06,  2.39s/it] 45%|████▍     | 589/1319 [25:31<26:16,  2.16s/it] 45%|████▍     | 590/1319 [25:33<26:52,  2.21s/it] 45%|████▍     | 591/1319 [25:35<25:38,  2.11s/it] 45%|████▍     | 592/1319 [25:40<34:48,  2.87s/it] 45%|████▍     | 593/1319 [25:42<32:59,  2.73s/it] 45%|████▌     | 594/1319 [25:44<28:46,  2.38s/it] 45%|████▌     | 595/1319 [25:46<27:27,  2.28s/it] 45%|████▌     | 596/1319 [25:48<28:58,  2.40s/it] 45%|████▌     | 597/1319 [25:58<54:37,  4.54s/it]File "llm_build/a9ad7a94-28a2-11f0-8afe-e10f5b0b7eea/Solution.ml", line 5, characters 4-15:
5 | let total_angle = smallest_angle + second_angle + largest_angle in
        ^^^^^^^^^^^
Warning 26 [unused-var]: unused variable total_angle.
 45%|████▌     | 598/1319 [26:00<45:53,  3.82s/it] 45%|████▌     | 599/1319 [26:01<37:21,  3.11s/it] 45%|████▌     | 600/1319 [26:07<46:33,  3.89s/it] 46%|████▌     | 601/1319 [26:09<38:57,  3.26s/it] 46%|████▌     | 602/1319 [26:12<39:15,  3.29s/it] 46%|████▌     | 603/1319 [26:14<32:49,  2.75s/it] 46%|████▌     | 604/1319 [26:18<36:49,  3.09s/it] 46%|████▌     | 605/1319 [26:21<36:41,  3.08s/it] 46%|████▌     | 606/1319 [26:26<44:32,  3.75s/it] 46%|████▌     | 607/1319 [26:29<40:57,  3.45s/it]File "llm_build/bc3c35b0-28a2-11f0-8afe-e10f5b0b7eea/Solution.ml", line 7, characters 61-72:
7 | let cost_per_pump_cents = (shampoo_cost_dollars *. 100.0) /. total_pumps in
                                                                 ^^^^^^^^^^^
Error: This expression has type "int" but an expression was expected of type
         "float"
Traceback (most recent call last):
  File "/home/doyle/Documents/COS484/COS484_PAL/.venv/lib/python3.10/site-packages/pal/core/interface.py", line 185, in run
    exec_result = self.execute(code)
  File "/home/doyle/Documents/COS484/COS484_PAL/.venv/lib/python3.10/site-packages/pal/core/interface.py", line 114, in execute
    self.runtime.exec_code('\n'.join(code))
  File "/home/doyle/Documents/COS484/COS484_PAL/.venv/lib/python3.10/site-packages/pal/core/runtime.py", line 145, in exec_code
    subprocess.run(["cp", "/dev/stdin", f"llm_build/{str(random_uuid)}/Solution.ml"], input=code, text=True)
  File "/usr/lib/python3.10/subprocess.py", line 503, in run
    with Popen(*popenargs, **kwargs) as process:
  File "/usr/lib/python3.10/subprocess.py", line 971, in __init__
    self._execute_child(args, executable, preexec_fn, close_fds,
  File "/usr/lib/python3.10/subprocess.py", line 1863, in _execute_child
    raise child_exception_type(errno_num, err_msg, err_filename)
FileNotFoundError: [Errno 2] No such file or directory: 'llm_build/bc3c35b0-28a2-11f0-8afe-e10f5b0b7eea/Solution'

 46%|████▌     | 608/1319 [26:31<36:53,  3.11s/it]File "llm_build/bdcb5c8a-28a2-11f0-8afe-e10f5b0b7eea/Solution.ml", line 7, characters 29-40:
7 | let total_discounted_price = total_price *. (1.0 -. discount) in
                                 ^^^^^^^^^^^
Error: This expression has type "int" but an expression was expected of type
         "float"
Traceback (most recent call last):
  File "/home/doyle/Documents/COS484/COS484_PAL/.venv/lib/python3.10/site-packages/pal/core/interface.py", line 185, in run
    exec_result = self.execute(code)
  File "/home/doyle/Documents/COS484/COS484_PAL/.venv/lib/python3.10/site-packages/pal/core/interface.py", line 114, in execute
    self.runtime.exec_code('\n'.join(code))
  File "/home/doyle/Documents/COS484/COS484_PAL/.venv/lib/python3.10/site-packages/pal/core/runtime.py", line 145, in exec_code
    subprocess.run(["cp", "/dev/stdin", f"llm_build/{str(random_uuid)}/Solution.ml"], input=code, text=True)
  File "/usr/lib/python3.10/subprocess.py", line 503, in run
    with Popen(*popenargs, **kwargs) as process:
  File "/usr/lib/python3.10/subprocess.py", line 971, in __init__
    self._execute_child(args, executable, preexec_fn, close_fds,
  File "/usr/lib/python3.10/subprocess.py", line 1863, in _execute_child
    raise child_exception_type(errno_num, err_msg, err_filename)
FileNotFoundError: [Errno 2] No such file or directory: 'llm_build/bdcb5c8a-28a2-11f0-8afe-e10f5b0b7eea/Solution'

 46%|████▌     | 609/1319 [26:34<35:03,  2.96s/it] 46%|████▌     | 610/1319 [26:36<31:28,  2.66s/it] 46%|████▋     | 611/1319 [26:39<33:44,  2.86s/it] 46%|████▋     | 612/1319 [26:42<32:50,  2.79s/it] 46%|████▋     | 613/1319 [26:44<32:49,  2.79s/it] 47%|████▋     | 614/1319 [26:46<28:38,  2.44s/it] 47%|████▋     | 615/1319 [26:48<26:27,  2.25s/it] 47%|████▋     | 616/1319 [26:53<36:08,  3.08s/it] 47%|████▋     | 617/1319 [26:55<33:07,  2.83s/it] 47%|████▋     | 618/1319 [26:57<30:11,  2.58s/it] 47%|████▋     | 619/1319 [26:59<28:18,  2.43s/it] 47%|████▋     | 620/1319 [27:04<36:41,  3.15s/it] 47%|████▋     | 621/1319 [27:06<30:51,  2.65s/it] 47%|████▋     | 622/1319 [27:07<26:16,  2.26s/it] 47%|████▋     | 623/1319 [27:10<28:50,  2.49s/it] 47%|████▋     | 624/1319 [27:11<24:56,  2.15s/it] 47%|████▋     | 625/1319 [27:13<23:08,  2.00s/it] 47%|████▋     | 626/1319 [27:18<33:37,  2.91s/it] 48%|████▊     | 627/1319 [27:20<31:54,  2.77s/it] 48%|████▊     | 628/1319 [27:22<29:36,  2.57s/it] 48%|████▊     | 629/1319 [27:24<26:30,  2.31s/it]File "llm_build/dd3698c8-28a2-11f0-8afe-e10f5b0b7eea/Solution.ml", line 8, characters 37-59:
8 | let acquisition_cost = total_sales * acquisition_percentage in
                                         ^^^^^^^^^^^^^^^^^^^^^^
Error: This expression has type "float" but an expression was expected of type
         "int"
Traceback (most recent call last):
  File "/home/doyle/Documents/COS484/COS484_PAL/.venv/lib/python3.10/site-packages/pal/core/interface.py", line 185, in run
    exec_result = self.execute(code)
  File "/home/doyle/Documents/COS484/COS484_PAL/.venv/lib/python3.10/site-packages/pal/core/interface.py", line 114, in execute
    self.runtime.exec_code('\n'.join(code))
  File "/home/doyle/Documents/COS484/COS484_PAL/.venv/lib/python3.10/site-packages/pal/core/runtime.py", line 145, in exec_code
    subprocess.run(["cp", "/dev/stdin", f"llm_build/{str(random_uuid)}/Solution.ml"], input=code, text=True)
  File "/usr/lib/python3.10/subprocess.py", line 503, in run
    with Popen(*popenargs, **kwargs) as process:
  File "/usr/lib/python3.10/subprocess.py", line 971, in __init__
    self._execute_child(args, executable, preexec_fn, close_fds,
  File "/usr/lib/python3.10/subprocess.py", line 1863, in _execute_child
    raise child_exception_type(errno_num, err_msg, err_filename)
FileNotFoundError: [Errno 2] No such file or directory: 'llm_build/dd3698c8-28a2-11f0-8afe-e10f5b0b7eea/Solution'

 48%|████▊     | 630/1319 [27:26<26:21,  2.30s/it] 48%|████▊     | 631/1319 [27:29<25:51,  2.26s/it] 48%|████▊     | 632/1319 [27:31<25:38,  2.24s/it] 48%|████▊     | 633/1319 [27:33<24:27,  2.14s/it] 48%|████▊     | 634/1319 [27:36<28:44,  2.52s/it] 48%|████▊     | 635/1319 [27:38<26:38,  2.34s/it] 48%|████▊     | 636/1319 [27:40<25:39,  2.25s/it] 48%|████▊     | 637/1319 [27:43<26:30,  2.33s/it] 48%|████▊     | 638/1319 [27:44<22:21,  1.97s/it] 48%|████▊     | 639/1319 [27:47<26:04,  2.30s/it] 49%|████▊     | 640/1319 [27:49<24:48,  2.19s/it] 49%|████▊     | 641/1319 [27:52<29:07,  2.58s/it]File "llm_build/ed81a6d2-28a2-11f0-8afe-e10f5b0b7eea/Solution.ml", line 5, characters 37-53:
5 | let monthly_raise = salary_initial * raise_percentage in
                                         ^^^^^^^^^^^^^^^^
Error: This expression has type "float" but an expression was expected of type
         "int"
Traceback (most recent call last):
  File "/home/doyle/Documents/COS484/COS484_PAL/.venv/lib/python3.10/site-packages/pal/core/interface.py", line 185, in run
    exec_result = self.execute(code)
  File "/home/doyle/Documents/COS484/COS484_PAL/.venv/lib/python3.10/site-packages/pal/core/interface.py", line 114, in execute
    self.runtime.exec_code('\n'.join(code))
  File "/home/doyle/Documents/COS484/COS484_PAL/.venv/lib/python3.10/site-packages/pal/core/runtime.py", line 145, in exec_code
    subprocess.run(["cp", "/dev/stdin", f"llm_build/{str(random_uuid)}/Solution.ml"], input=code, text=True)
  File "/usr/lib/python3.10/subprocess.py", line 503, in run
    with Popen(*popenargs, **kwargs) as process:
  File "/usr/lib/python3.10/subprocess.py", line 971, in __init__
    self._execute_child(args, executable, preexec_fn, close_fds,
  File "/usr/lib/python3.10/subprocess.py", line 1863, in _execute_child
    raise child_exception_type(errno_num, err_msg, err_filename)
FileNotFoundError: [Errno 2] No such file or directory: 'llm_build/ed81a6d2-28a2-11f0-8afe-e10f5b0b7eea/Solution'

 49%|████▊     | 642/1319 [27:54<25:36,  2.27s/it] 49%|████▊     | 643/1319 [27:57<29:07,  2.58s/it] 49%|████▉     | 644/1319 [27:59<26:33,  2.36s/it] 49%|████▉     | 645/1319 [28:01<24:05,  2.14s/it] 49%|████▉     | 646/1319 [28:02<21:55,  1.96s/it]File "llm_build/f39e8062-28a2-11f0-8afe-e10f5b0b7eea/Solution.ml", line 6, characters 21-32:
6 | let alisa_distance = alisa_speed *. alisa_time in
                         ^^^^^^^^^^^
Error: This expression has type "int" but an expression was expected of type
         "float"
Traceback (most recent call last):
  File "/home/doyle/Documents/COS484/COS484_PAL/.venv/lib/python3.10/site-packages/pal/core/interface.py", line 185, in run
    exec_result = self.execute(code)
  File "/home/doyle/Documents/COS484/COS484_PAL/.venv/lib/python3.10/site-packages/pal/core/interface.py", line 114, in execute
    self.runtime.exec_code('\n'.join(code))
  File "/home/doyle/Documents/COS484/COS484_PAL/.venv/lib/python3.10/site-packages/pal/core/runtime.py", line 145, in exec_code
    subprocess.run(["cp", "/dev/stdin", f"llm_build/{str(random_uuid)}/Solution.ml"], input=code, text=True)
  File "/usr/lib/python3.10/subprocess.py", line 503, in run
    with Popen(*popenargs, **kwargs) as process:
  File "/usr/lib/python3.10/subprocess.py", line 971, in __init__
    self._execute_child(args, executable, preexec_fn, close_fds,
  File "/usr/lib/python3.10/subprocess.py", line 1863, in _execute_child
    raise child_exception_type(errno_num, err_msg, err_filename)
FileNotFoundError: [Errno 2] No such file or directory: 'llm_build/f39e8062-28a2-11f0-8afe-e10f5b0b7eea/Solution'

 49%|████▉     | 647/1319 [28:04<21:51,  1.95s/it] 49%|████▉     | 648/1319 [28:06<22:58,  2.05s/it] 49%|████▉     | 649/1319 [28:11<32:18,  2.89s/it] 49%|████▉     | 650/1319 [28:13<27:42,  2.48s/it] 49%|████▉     | 651/1319 [28:18<36:49,  3.31s/it] 49%|████▉     | 652/1319 [28:20<31:51,  2.87s/it] 50%|████▉     | 653/1319 [28:22<28:41,  2.58s/it] 50%|████▉     | 654/1319 [28:25<29:49,  2.69s/it] 50%|████▉     | 655/1319 [28:26<26:21,  2.38s/it] 50%|████▉     | 656/1319 [28:27<22:05,  2.00s/it] 50%|████▉     | 657/1319 [28:29<21:05,  1.91s/it] 50%|████▉     | 658/1319 [28:33<28:05,  2.55s/it] 50%|████▉     | 659/1319 [28:36<28:00,  2.55s/it] 50%|█████     | 660/1319 [28:39<30:35,  2.79s/it]File "llm_build/09def910-28a3-11f0-8afe-e10f5b0b7eea/Solution.ml", line 10, characters 4-17:
10 | let legs_equation = 4 * (total_heads - y) + 2 * y in
         ^^^^^^^^^^^^^
Warning 26 [unused-var]: unused variable legs_equation.
 50%|█████     | 661/1319 [28:41<29:03,  2.65s/it] 50%|█████     | 662/1319 [28:48<41:38,  3.80s/it] 50%|█████     | 663/1319 [28:52<43:56,  4.02s/it] 50%|█████     | 664/1319 [28:54<36:52,  3.38s/it]File "llm_build/12787dd0-28a3-11f0-8afe-e10f5b0b7eea/Solution.ml", line 7, characters 36-47:
7 | let recipes_learned = int_of_float (total_hours /. hours_per_recipe) in
                                        ^^^^^^^^^^^
Error: This expression has type "int" but an expression was expected of type
         "float"
Traceback (most recent call last):
  File "/home/doyle/Documents/COS484/COS484_PAL/.venv/lib/python3.10/site-packages/pal/core/interface.py", line 185, in run
    exec_result = self.execute(code)
  File "/home/doyle/Documents/COS484/COS484_PAL/.venv/lib/python3.10/site-packages/pal/core/interface.py", line 114, in execute
    self.runtime.exec_code('\n'.join(code))
  File "/home/doyle/Documents/COS484/COS484_PAL/.venv/lib/python3.10/site-packages/pal/core/runtime.py", line 145, in exec_code
    subprocess.run(["cp", "/dev/stdin", f"llm_build/{str(random_uuid)}/Solution.ml"], input=code, text=True)
  File "/usr/lib/python3.10/subprocess.py", line 503, in run
    with Popen(*popenargs, **kwargs) as process:
  File "/usr/lib/python3.10/subprocess.py", line 971, in __init__
    self._execute_child(args, executable, preexec_fn, close_fds,
  File "/usr/lib/python3.10/subprocess.py", line 1863, in _execute_child
    raise child_exception_type(errno_num, err_msg, err_filename)
FileNotFoundError: [Errno 2] No such file or directory: 'llm_build/12787dd0-28a3-11f0-8afe-e10f5b0b7eea/Solution'

 50%|█████     | 665/1319 [28:56<30:46,  2.82s/it] 50%|█████     | 666/1319 [28:57<26:38,  2.45s/it] 51%|█████     | 667/1319 [29:00<26:15,  2.42s/it] 51%|█████     | 668/1319 [29:01<22:20,  2.06s/it] 51%|█████     | 669/1319 [29:02<20:40,  1.91s/it]File "llm_build/17ec66fa-28a3-11f0-8afe-e10f5b0b7eea/Solution.ml", line 8, characters 27-42:
8 | let total_salt = muffins * salt_per_muffin in
                               ^^^^^^^^^^^^^^^
Error: This expression has type "float" but an expression was expected of type
         "int"
Traceback (most recent call last):
  File "/home/doyle/Documents/COS484/COS484_PAL/.venv/lib/python3.10/site-packages/pal/core/interface.py", line 185, in run
    exec_result = self.execute(code)
  File "/home/doyle/Documents/COS484/COS484_PAL/.venv/lib/python3.10/site-packages/pal/core/interface.py", line 114, in execute
    self.runtime.exec_code('\n'.join(code))
  File "/home/doyle/Documents/COS484/COS484_PAL/.venv/lib/python3.10/site-packages/pal/core/runtime.py", line 145, in exec_code
    subprocess.run(["cp", "/dev/stdin", f"llm_build/{str(random_uuid)}/Solution.ml"], input=code, text=True)
  File "/usr/lib/python3.10/subprocess.py", line 503, in run
    with Popen(*popenargs, **kwargs) as process:
  File "/usr/lib/python3.10/subprocess.py", line 971, in __init__
    self._execute_child(args, executable, preexec_fn, close_fds,
  File "/usr/lib/python3.10/subprocess.py", line 1863, in _execute_child
    raise child_exception_type(errno_num, err_msg, err_filename)
FileNotFoundError: [Errno 2] No such file or directory: 'llm_build/17ec66fa-28a3-11f0-8afe-e10f5b0b7eea/Solution'

 51%|█████     | 670/1319 [29:05<22:23,  2.07s/it] 51%|█████     | 671/1319 [29:06<20:23,  1.89s/it] 51%|█████     | 672/1319 [29:09<21:48,  2.02s/it]File "llm_build/1f008a3e-28a3-11f0-8afe-e10f5b0b7eea/Solution.ml", line 5, characters 4-24:
5 | let neutral_days_initial = total_days - good_days_initial - bad_days_initial in
        ^^^^^^^^^^^^^^^^^^^^
Warning 26 [unused-var]: unused variable neutral_days_initial.
 51%|█████     | 673/1319 [29:17<41:20,  3.84s/it] 51%|█████     | 674/1319 [29:18<31:52,  2.97s/it] 51%|█████     | 675/1319 [29:20<30:24,  2.83s/it]File "llm_build/2337c50e-28a3-11f0-8afe-e10f5b0b7eea/Solution.ml", line 2, characters 4-16:
2 | let toys_initial = 4 in
        ^^^^^^^^^^^^
Warning 26 [unused-var]: unused variable toys_initial.
 51%|█████▏    | 676/1319 [29:24<32:55,  3.07s/it] 51%|█████▏    | 677/1319 [29:26<30:13,  2.82s/it] 51%|█████▏    | 678/1319 [29:29<29:08,  2.73s/it] 51%|█████▏    | 679/1319 [29:30<25:32,  2.39s/it] 52%|█████▏    | 680/1319 [29:32<23:30,  2.21s/it] 52%|█████▏    | 681/1319 [29:34<23:50,  2.24s/it] 52%|█████▏    | 682/1319 [29:37<24:52,  2.34s/it]File "llm_build/2bf12456-28a3-11f0-8afe-e10f5b0b7eea/Solution.ml", line 6, characters 22-43:
6 | let original_length = length_with_extension /. 1.5 in
                          ^^^^^^^^^^^^^^^^^^^^^
Error: This expression has type "int" but an expression was expected of type
         "float"
Traceback (most recent call last):
  File "/home/doyle/Documents/COS484/COS484_PAL/.venv/lib/python3.10/site-packages/pal/core/interface.py", line 185, in run
    exec_result = self.execute(code)
  File "/home/doyle/Documents/COS484/COS484_PAL/.venv/lib/python3.10/site-packages/pal/core/interface.py", line 114, in execute
    self.runtime.exec_code('\n'.join(code))
  File "/home/doyle/Documents/COS484/COS484_PAL/.venv/lib/python3.10/site-packages/pal/core/runtime.py", line 145, in exec_code
    subprocess.run(["cp", "/dev/stdin", f"llm_build/{str(random_uuid)}/Solution.ml"], input=code, text=True)
  File "/usr/lib/python3.10/subprocess.py", line 503, in run
    with Popen(*popenargs, **kwargs) as process:
  File "/usr/lib/python3.10/subprocess.py", line 971, in __init__
    self._execute_child(args, executable, preexec_fn, close_fds,
  File "/usr/lib/python3.10/subprocess.py", line 1863, in _execute_child
    raise child_exception_type(errno_num, err_msg, err_filename)
FileNotFoundError: [Errno 2] No such file or directory: 'llm_build/2bf12456-28a3-11f0-8afe-e10f5b0b7eea/Solution'

 52%|█████▏    | 683/1319 [29:39<22:27,  2.12s/it] 52%|█████▏    | 684/1319 [29:42<26:02,  2.46s/it] 52%|█████▏    | 685/1319 [29:44<25:12,  2.39s/it] 52%|█████▏    | 686/1319 [29:46<23:59,  2.27s/it] 52%|█████▏    | 687/1319 [29:53<39:57,  3.79s/it] 52%|█████▏    | 688/1319 [29:56<37:23,  3.56s/it] 52%|█████▏    | 689/1319 [29:58<31:20,  2.98s/it] 52%|█████▏    | 690/1319 [30:01<31:32,  3.01s/it] 52%|█████▏    | 691/1319 [30:03<27:39,  2.64s/it]File "llm_build/3c0a266c-28a3-11f0-8afe-e10f5b0b7eea/Solution.ml", line 7, characters 17-35:
7 | let total_bill = total_vaccine_cost /. (1.0 -. heartworm_check_percentage) in
                     ^^^^^^^^^^^^^^^^^^
Error: This expression has type "int" but an expression was expected of type
         "float"
Traceback (most recent call last):
  File "/home/doyle/Documents/COS484/COS484_PAL/.venv/lib/python3.10/site-packages/pal/core/interface.py", line 185, in run
    exec_result = self.execute(code)
  File "/home/doyle/Documents/COS484/COS484_PAL/.venv/lib/python3.10/site-packages/pal/core/interface.py", line 114, in execute
    self.runtime.exec_code('\n'.join(code))
  File "/home/doyle/Documents/COS484/COS484_PAL/.venv/lib/python3.10/site-packages/pal/core/runtime.py", line 145, in exec_code
    subprocess.run(["cp", "/dev/stdin", f"llm_build/{str(random_uuid)}/Solution.ml"], input=code, text=True)
  File "/usr/lib/python3.10/subprocess.py", line 503, in run
    with Popen(*popenargs, **kwargs) as process:
  File "/usr/lib/python3.10/subprocess.py", line 971, in __init__
    self._execute_child(args, executable, preexec_fn, close_fds,
  File "/usr/lib/python3.10/subprocess.py", line 1863, in _execute_child
    raise child_exception_type(errno_num, err_msg, err_filename)
FileNotFoundError: [Errno 2] No such file or directory: 'llm_build/3c0a266c-28a3-11f0-8afe-e10f5b0b7eea/Solution'

 52%|█████▏    | 692/1319 [30:06<27:43,  2.65s/it] 53%|█████▎    | 693/1319 [30:09<28:57,  2.78s/it] 53%|█████▎    | 694/1319 [30:10<26:05,  2.51s/it] 53%|█████▎    | 695/1319 [30:13<26:15,  2.52s/it] 53%|█████▎    | 696/1319 [30:15<24:36,  2.37s/it] 53%|█████▎    | 697/1319 [30:18<25:16,  2.44s/it] 53%|█████▎    | 698/1319 [30:24<37:58,  3.67s/it] 53%|█████▎    | 699/1319 [30:26<33:38,  3.26s/it] 53%|█████▎    | 700/1319 [30:28<27:14,  2.64s/it] 53%|█████▎    | 701/1319 [30:30<25:30,  2.48s/it] 53%|█████▎    | 702/1319 [30:36<37:09,  3.61s/it] 53%|█████▎    | 703/1319 [30:39<36:14,  3.53s/it] 53%|█████▎    | 704/1319 [30:46<46:54,  4.58s/it] 53%|█████▎    | 705/1319 [30:50<42:22,  4.14s/it] 54%|█████▎    | 706/1319 [30:52<36:27,  3.57s/it]File "llm_build/5b64a05a-28a3-11f0-8afe-e10f5b0b7eea/Solution.ml", line 5, characters 4-20:
5 | let remaining_amount = goal_amount - amount_raised in
        ^^^^^^^^^^^^^^^^
Warning 26 [unused-var]: unused variable remaining_amount.
 54%|█████▎    | 707/1319 [30:58<45:01,  4.41s/it] 54%|█████▎    | 708/1319 [31:01<39:09,  3.84s/it] 54%|█████▍    | 709/1319 [31:02<31:24,  3.09s/it] 54%|█████▍    | 710/1319 [31:08<40:52,  4.03s/it] 54%|█████▍    | 711/1319 [31:15<48:20,  4.77s/it] 54%|█████▍    | 712/1319 [31:22<54:54,  5.43s/it] 54%|█████▍    | 713/1319 [31:26<51:55,  5.14s/it] 54%|█████▍    | 714/1319 [31:29<44:12,  4.38s/it]File "llm_build/6fc77e14-28a3-11f0-8afe-e10f5b0b7eea/Solution.ml", line 5, characters 25-43:
5 | let total_cost_picking = cost_to_go_picking + (cost_per_pound_picking *. float_of_int pounds_picked) in
                             ^^^^^^^^^^^^^^^^^^
Error: This expression has type "float" but an expression was expected of type
         "int"
Traceback (most recent call last):
  File "/home/doyle/Documents/COS484/COS484_PAL/.venv/lib/python3.10/site-packages/pal/core/interface.py", line 185, in run
    exec_result = self.execute(code)
  File "/home/doyle/Documents/COS484/COS484_PAL/.venv/lib/python3.10/site-packages/pal/core/interface.py", line 114, in execute
    self.runtime.exec_code('\n'.join(code))
  File "/home/doyle/Documents/COS484/COS484_PAL/.venv/lib/python3.10/site-packages/pal/core/runtime.py", line 145, in exec_code
    subprocess.run(["cp", "/dev/stdin", f"llm_build/{str(random_uuid)}/Solution.ml"], input=code, text=True)
  File "/usr/lib/python3.10/subprocess.py", line 503, in run
    with Popen(*popenargs, **kwargs) as process:
  File "/usr/lib/python3.10/subprocess.py", line 971, in __init__
    self._execute_child(args, executable, preexec_fn, close_fds,
  File "/usr/lib/python3.10/subprocess.py", line 1863, in _execute_child
    raise child_exception_type(errno_num, err_msg, err_filename)
FileNotFoundError: [Errno 2] No such file or directory: 'llm_build/6fc77e14-28a3-11f0-8afe-e10f5b0b7eea/Solution'

 54%|█████▍    | 715/1319 [31:32<41:42,  4.14s/it]File "llm_build/728a6008-28a3-11f0-8afe-e10f5b0b7eea/Solution.ml", line 5, characters 63-88:
5 | let new_price_per_computer = initial_price_per_computer * (1 + price_increase_percentage) in
                                                                   ^^^^^^^^^^^^^^^^^^^^^^^^^
Error: This expression has type "float" but an expression was expected of type
         "int"
Traceback (most recent call last):
  File "/home/doyle/Documents/COS484/COS484_PAL/.venv/lib/python3.10/site-packages/pal/core/interface.py", line 185, in run
    exec_result = self.execute(code)
  File "/home/doyle/Documents/COS484/COS484_PAL/.venv/lib/python3.10/site-packages/pal/core/interface.py", line 114, in execute
    self.runtime.exec_code('\n'.join(code))
  File "/home/doyle/Documents/COS484/COS484_PAL/.venv/lib/python3.10/site-packages/pal/core/runtime.py", line 145, in exec_code
    subprocess.run(["cp", "/dev/stdin", f"llm_build/{str(random_uuid)}/Solution.ml"], input=code, text=True)
  File "/usr/lib/python3.10/subprocess.py", line 503, in run
    with Popen(*popenargs, **kwargs) as process:
  File "/usr/lib/python3.10/subprocess.py", line 971, in __init__
    self._execute_child(args, executable, preexec_fn, close_fds,
  File "/usr/lib/python3.10/subprocess.py", line 1863, in _execute_child
    raise child_exception_type(errno_num, err_msg, err_filename)
FileNotFoundError: [Errno 2] No such file or directory: 'llm_build/728a6008-28a3-11f0-8afe-e10f5b0b7eea/Solution'

 54%|█████▍    | 716/1319 [31:37<43:05,  4.29s/it] 54%|█████▍    | 717/1319 [31:44<51:37,  5.15s/it] 54%|█████▍    | 718/1319 [31:46<41:11,  4.11s/it] 55%|█████▍    | 719/1319 [31:48<34:34,  3.46s/it]File "llm_build/7aa96a68-28a3-11f0-8afe-e10f5b0b7eea/Solution.ml", line 2, characters 4-17:
2 | let sacks_initial = 20 in
        ^^^^^^^^^^^^^
Warning 26 [unused-var]: unused variable sacks_initial.
 55%|█████▍    | 720/1319 [31:51<32:42,  3.28s/it] 55%|█████▍    | 721/1319 [31:52<27:25,  2.75s/it] 55%|█████▍    | 722/1319 [31:55<28:03,  2.82s/it] 55%|█████▍    | 723/1319 [31:57<26:34,  2.68s/it] 55%|█████▍    | 724/1319 [31:59<23:53,  2.41s/it] 55%|█████▍    | 725/1319 [32:02<25:14,  2.55s/it] 55%|█████▌    | 726/1319 [32:04<24:15,  2.45s/it] 55%|█████▌    | 727/1319 [32:07<24:17,  2.46s/it] 55%|█████▌    | 728/1319 [32:09<23:54,  2.43s/it] 55%|█████▌    | 729/1319 [32:12<25:55,  2.64s/it] 55%|█████▌    | 730/1319 [32:14<23:34,  2.40s/it] 55%|█████▌    | 731/1319 [32:16<23:13,  2.37s/it] 55%|█████▌    | 732/1319 [32:20<25:59,  2.66s/it] 56%|█████▌    | 733/1319 [32:22<25:01,  2.56s/it] 56%|█████▌    | 734/1319 [32:24<22:59,  2.36s/it] 56%|█████▌    | 735/1319 [32:26<22:21,  2.30s/it] 56%|█████▌    | 736/1319 [32:28<20:38,  2.12s/it] 56%|█████▌    | 737/1319 [32:32<25:34,  2.64s/it]File "llm_build/9468a57c-28a3-11f0-8afe-e10f5b0b7eea/Solution.ml", line 9, characters 121-138:
9 | let water_used = (giant_cubes_made * giant_cube_ounces) + (medium_cubes_made * medium_cube_ounces) + (small_cubes_made * small_cube_ounces) in
                                                                                                                             ^^^^^^^^^^^^^^^^^
Error: This expression has type "float" but an expression was expected of type
         "int"
Traceback (most recent call last):
  File "/home/doyle/Documents/COS484/COS484_PAL/.venv/lib/python3.10/site-packages/pal/core/interface.py", line 185, in run
    exec_result = self.execute(code)
  File "/home/doyle/Documents/COS484/COS484_PAL/.venv/lib/python3.10/site-packages/pal/core/interface.py", line 114, in execute
    self.runtime.exec_code('\n'.join(code))
  File "/home/doyle/Documents/COS484/COS484_PAL/.venv/lib/python3.10/site-packages/pal/core/runtime.py", line 145, in exec_code
    subprocess.run(["cp", "/dev/stdin", f"llm_build/{str(random_uuid)}/Solution.ml"], input=code, text=True)
  File "/usr/lib/python3.10/subprocess.py", line 503, in run
    with Popen(*popenargs, **kwargs) as process:
  File "/usr/lib/python3.10/subprocess.py", line 971, in __init__
    self._execute_child(args, executable, preexec_fn, close_fds,
  File "/usr/lib/python3.10/subprocess.py", line 1863, in _execute_child
    raise child_exception_type(errno_num, err_msg, err_filename)
FileNotFoundError: [Errno 2] No such file or directory: 'llm_build/9468a57c-28a3-11f0-8afe-e10f5b0b7eea/Solution'

 56%|█████▌    | 738/1319 [32:34<23:56,  2.47s/it] 56%|█████▌    | 739/1319 [32:35<20:34,  2.13s/it] 56%|█████▌    | 740/1319 [32:37<20:54,  2.17s/it] 56%|█████▌    | 741/1319 [32:40<21:40,  2.25s/it] 56%|█████▋    | 742/1319 [32:42<21:21,  2.22s/it] 56%|█████▋    | 743/1319 [32:44<22:04,  2.30s/it] 56%|█████▋    | 744/1319 [32:50<30:44,  3.21s/it] 56%|█████▋    | 745/1319 [32:53<30:12,  3.16s/it] 57%|█████▋    | 746/1319 [32:56<29:44,  3.11s/it] 57%|█████▋    | 747/1319 [33:00<31:59,  3.36s/it] 57%|█████▋    | 748/1319 [33:02<27:48,  2.92s/it] 57%|█████▋    | 749/1319 [33:03<24:25,  2.57s/it]File "llm_build/a782d16e-28a3-11f0-8afe-e10f5b0b7eea/Solution.ml", line 2, characters 4-18:
2 | let students_total = 54 in
        ^^^^^^^^^^^^^^
Warning 26 [unused-var]: unused variable students_total.
 57%|█████▋    | 750/1319 [33:06<23:59,  2.53s/it]File "llm_build/a885ab9a-28a3-11f0-8afe-e10f5b0b7eea/Solution.ml", line 4, characters 4-13:
4 | let days_week = 7 in
        ^^^^^^^^^
Warning 26 [unused-var]: unused variable days_week.
 57%|█████▋    | 751/1319 [33:08<21:34,  2.28s/it] 57%|█████▋    | 752/1319 [33:12<27:18,  2.89s/it] 57%|█████▋    | 753/1319 [33:13<23:00,  2.44s/it] 57%|█████▋    | 754/1319 [33:16<22:56,  2.44s/it]File "llm_build/b0916946-28a3-11f0-8afe-e10f5b0b7eea/Solution.ml", line 10, characters 4-23:
10 | let small_stickers_left = small_stickers_initial - small_stickers_traded in
         ^^^^^^^^^^^^^^^^^^^
Warning 26 [unused-var]: unused variable small_stickers_left.
 57%|█████▋    | 755/1319 [33:21<31:10,  3.32s/it] 57%|█████▋    | 756/1319 [33:22<24:56,  2.66s/it]File "llm_build/b25a72cc-28a3-11f0-8afe-e10f5b0b7eea/Solution.ml", line 3, characters 20-21:
3 | let votes_against = x in
                        ^
Error: Unbound value "x"
Traceback (most recent call last):
  File "/home/doyle/Documents/COS484/COS484_PAL/.venv/lib/python3.10/site-packages/pal/core/interface.py", line 185, in run
    exec_result = self.execute(code)
  File "/home/doyle/Documents/COS484/COS484_PAL/.venv/lib/python3.10/site-packages/pal/core/interface.py", line 114, in execute
    self.runtime.exec_code('\n'.join(code))
  File "/home/doyle/Documents/COS484/COS484_PAL/.venv/lib/python3.10/site-packages/pal/core/runtime.py", line 145, in exec_code
    subprocess.run(["cp", "/dev/stdin", f"llm_build/{str(random_uuid)}/Solution.ml"], input=code, text=True)
  File "/usr/lib/python3.10/subprocess.py", line 503, in run
    with Popen(*popenargs, **kwargs) as process:
  File "/usr/lib/python3.10/subprocess.py", line 971, in __init__
    self._execute_child(args, executable, preexec_fn, close_fds,
  File "/usr/lib/python3.10/subprocess.py", line 1863, in _execute_child
    raise child_exception_type(errno_num, err_msg, err_filename)
FileNotFoundError: [Errno 2] No such file or directory: 'llm_build/b25a72cc-28a3-11f0-8afe-e10f5b0b7eea/Solution'

 57%|█████▋    | 757/1319 [33:24<22:40,  2.42s/it] 57%|█████▋    | 758/1319 [33:27<23:14,  2.49s/it] 58%|█████▊    | 759/1319 [33:28<19:20,  2.07s/it] 58%|█████▊    | 760/1319 [33:29<16:59,  1.82s/it] 58%|█████▊    | 761/1319 [33:32<19:59,  2.15s/it]File "llm_build/b7fd78aa-28a3-11f0-8afe-e10f5b0b7eea/Solution.ml", line 5, characters 23-39:
5 | let pomeranian_total = pomeranian_girls /. fraction_girls in
                           ^^^^^^^^^^^^^^^^
Error: This expression has type "int" but an expression was expected of type
         "float"
Traceback (most recent call last):
  File "/home/doyle/Documents/COS484/COS484_PAL/.venv/lib/python3.10/site-packages/pal/core/interface.py", line 185, in run
    exec_result = self.execute(code)
  File "/home/doyle/Documents/COS484/COS484_PAL/.venv/lib/python3.10/site-packages/pal/core/interface.py", line 114, in execute
    self.runtime.exec_code('\n'.join(code))
  File "/home/doyle/Documents/COS484/COS484_PAL/.venv/lib/python3.10/site-packages/pal/core/runtime.py", line 145, in exec_code
    subprocess.run(["cp", "/dev/stdin", f"llm_build/{str(random_uuid)}/Solution.ml"], input=code, text=True)
  File "/usr/lib/python3.10/subprocess.py", line 503, in run
    with Popen(*popenargs, **kwargs) as process:
  File "/usr/lib/python3.10/subprocess.py", line 971, in __init__
    self._execute_child(args, executable, preexec_fn, close_fds,
  File "/usr/lib/python3.10/subprocess.py", line 1863, in _execute_child
    raise child_exception_type(errno_num, err_msg, err_filename)
FileNotFoundError: [Errno 2] No such file or directory: 'llm_build/b7fd78aa-28a3-11f0-8afe-e10f5b0b7eea/Solution'

 58%|█████▊    | 762/1319 [33:33<18:18,  1.97s/it] 58%|█████▊    | 763/1319 [33:35<17:10,  1.85s/it] 58%|█████▊    | 764/1319 [33:37<16:47,  1.82s/it] 58%|█████▊    | 765/1319 [33:39<18:15,  1.98s/it] 58%|█████▊    | 766/1319 [33:41<16:31,  1.79s/it] 58%|█████▊    | 767/1319 [33:43<17:52,  1.94s/it] 58%|█████▊    | 768/1319 [33:49<29:12,  3.18s/it] 58%|█████▊    | 769/1319 [33:51<25:00,  2.73s/it] 58%|█████▊    | 770/1319 [33:53<24:58,  2.73s/it] 58%|█████▊    | 771/1319 [33:56<23:40,  2.59s/it] 59%|█████▊    | 772/1319 [33:57<21:39,  2.38s/it] 59%|█████▊    | 773/1319 [33:59<20:21,  2.24s/it] 59%|█████▊    | 774/1319 [34:01<19:45,  2.18s/it] 59%|█████▉    | 775/1319 [34:07<28:46,  3.17s/it] 59%|█████▉    | 776/1319 [34:11<30:02,  3.32s/it] 59%|█████▉    | 777/1319 [34:12<25:48,  2.86s/it] 59%|█████▉    | 778/1319 [34:15<24:08,  2.68s/it] 59%|█████▉    | 779/1319 [34:18<25:08,  2.79s/it] 59%|█████▉    | 780/1319 [34:21<25:39,  2.86s/it] 59%|█████▉    | 781/1319 [34:26<31:29,  3.51s/it] 59%|█████▉    | 782/1319 [34:28<27:08,  3.03s/it] 59%|█████▉    | 783/1319 [34:30<26:04,  2.92s/it]File "llm_build/dbe1c9ba-28a3-11f0-8afe-e10f5b0b7eea/Solution.ml", line 20, characters 0-3:
20 | let white_fish_bought = find_white_fish 0 in
     ^^^
Error: Syntax error
Traceback (most recent call last):
  File "/home/doyle/Documents/COS484/COS484_PAL/.venv/lib/python3.10/site-packages/pal/core/interface.py", line 185, in run
    exec_result = self.execute(code)
  File "/home/doyle/Documents/COS484/COS484_PAL/.venv/lib/python3.10/site-packages/pal/core/interface.py", line 114, in execute
    self.runtime.exec_code('\n'.join(code))
  File "/home/doyle/Documents/COS484/COS484_PAL/.venv/lib/python3.10/site-packages/pal/core/runtime.py", line 145, in exec_code
    subprocess.run(["cp", "/dev/stdin", f"llm_build/{str(random_uuid)}/Solution.ml"], input=code, text=True)
  File "/usr/lib/python3.10/subprocess.py", line 503, in run
    with Popen(*popenargs, **kwargs) as process:
  File "/usr/lib/python3.10/subprocess.py", line 971, in __init__
    self._execute_child(args, executable, preexec_fn, close_fds,
  File "/usr/lib/python3.10/subprocess.py", line 1863, in _execute_child
    raise child_exception_type(errno_num, err_msg, err_filename)
FileNotFoundError: [Errno 2] No such file or directory: 'llm_build/dbe1c9ba-28a3-11f0-8afe-e10f5b0b7eea/Solution'

 59%|█████▉    | 784/1319 [34:34<27:28,  3.08s/it] 60%|█████▉    | 785/1319 [34:36<25:54,  2.91s/it]File "llm_build/dfcb4df8-28a3-11f0-8afe-e10f5b0b7eea/Solution.ml", line 7, characters 4-24:
7 | let total_twenties_value = twenties_initial * value_of_twenties in
        ^^^^^^^^^^^^^^^^^^^^
Warning 26 [unused-var]: unused variable total_twenties_value.
 60%|█████▉    | 786/1319 [34:40<28:54,  3.25s/it] 60%|█████▉    | 787/1319 [34:44<30:01,  3.39s/it] 60%|█████▉    | 788/1319 [34:46<26:03,  2.94s/it] 60%|█████▉    | 789/1319 [34:49<25:55,  2.93s/it] 60%|█████▉    | 790/1319 [34:52<25:37,  2.91s/it] 60%|█████▉    | 791/1319 [34:54<22:57,  2.61s/it] 60%|██████    | 792/1319 [34:57<24:08,  2.75s/it] 60%|██████    | 793/1319 [34:59<22:39,  2.59s/it] 60%|██████    | 794/1319 [35:01<20:56,  2.39s/it] 60%|██████    | 795/1319 [35:02<18:10,  2.08s/it] 60%|██████    | 796/1319 [35:04<17:29,  2.01s/it] 60%|██████    | 797/1319 [35:05<16:05,  1.85s/it] 61%|██████    | 798/1319 [35:08<16:57,  1.95s/it]File "llm_build/f30271a8-28a3-11f0-8afe-e10f5b0b7eea/Solution.ml", line 5, characters 28-49:
5 | let sally_starting_salary = billy_starting_salary + 0.50 in
                                ^^^^^^^^^^^^^^^^^^^^^
Error: This expression has type "float" but an expression was expected of type
         "int"
Traceback (most recent call last):
  File "/home/doyle/Documents/COS484/COS484_PAL/.venv/lib/python3.10/site-packages/pal/core/interface.py", line 185, in run
    exec_result = self.execute(code)
  File "/home/doyle/Documents/COS484/COS484_PAL/.venv/lib/python3.10/site-packages/pal/core/interface.py", line 114, in execute
    self.runtime.exec_code('\n'.join(code))
  File "/home/doyle/Documents/COS484/COS484_PAL/.venv/lib/python3.10/site-packages/pal/core/runtime.py", line 145, in exec_code
    subprocess.run(["cp", "/dev/stdin", f"llm_build/{str(random_uuid)}/Solution.ml"], input=code, text=True)
  File "/usr/lib/python3.10/subprocess.py", line 503, in run
    with Popen(*popenargs, **kwargs) as process:
  File "/usr/lib/python3.10/subprocess.py", line 971, in __init__
    self._execute_child(args, executable, preexec_fn, close_fds,
  File "/usr/lib/python3.10/subprocess.py", line 1863, in _execute_child
    raise child_exception_type(errno_num, err_msg, err_filename)
FileNotFoundError: [Errno 2] No such file or directory: 'llm_build/f30271a8-28a3-11f0-8afe-e10f5b0b7eea/Solution'

 61%|██████    | 799/1319 [35:12<24:31,  2.83s/it] 61%|██████    | 800/1319 [35:14<20:36,  2.38s/it] 61%|██████    | 801/1319 [35:15<18:21,  2.13s/it] 61%|██████    | 802/1319 [35:17<17:57,  2.08s/it]File "llm_build/f74ccff6-28a3-11f0-8afe-e10f5b0b7eea/Solution.ml", line 9, characters 65-81:
9 | let goats_to_buy = total_goats_needed - (total_stuffed_animals * percentage_goats |> int_of_float) in
                                                                     ^^^^^^^^^^^^^^^^
Error: This expression has type "float" but an expression was expected of type
         "int"
Traceback (most recent call last):
  File "/home/doyle/Documents/COS484/COS484_PAL/.venv/lib/python3.10/site-packages/pal/core/interface.py", line 185, in run
    exec_result = self.execute(code)
  File "/home/doyle/Documents/COS484/COS484_PAL/.venv/lib/python3.10/site-packages/pal/core/interface.py", line 114, in execute
    self.runtime.exec_code('\n'.join(code))
  File "/home/doyle/Documents/COS484/COS484_PAL/.venv/lib/python3.10/site-packages/pal/core/runtime.py", line 145, in exec_code
    subprocess.run(["cp", "/dev/stdin", f"llm_build/{str(random_uuid)}/Solution.ml"], input=code, text=True)
  File "/usr/lib/python3.10/subprocess.py", line 503, in run
    with Popen(*popenargs, **kwargs) as process:
  File "/usr/lib/python3.10/subprocess.py", line 971, in __init__
    self._execute_child(args, executable, preexec_fn, close_fds,
  File "/usr/lib/python3.10/subprocess.py", line 1863, in _execute_child
    raise child_exception_type(errno_num, err_msg, err_filename)
FileNotFoundError: [Errno 2] No such file or directory: 'llm_build/f74ccff6-28a3-11f0-8afe-e10f5b0b7eea/Solution'

 61%|██████    | 803/1319 [35:20<18:36,  2.16s/it]File "llm_build/f878e2ca-28a3-11f0-8afe-e10f5b0b7eea/Solution.ml", line 9, characters 25-47:
9 | let total_hours_played = hours_played_two_weeks + hours_played_one_week in
                             ^^^^^^^^^^^^^^^^^^^^^^
Error: This expression has type "float" but an expression was expected of type
         "int"
Traceback (most recent call last):
  File "/home/doyle/Documents/COS484/COS484_PAL/.venv/lib/python3.10/site-packages/pal/core/interface.py", line 185, in run
    exec_result = self.execute(code)
  File "/home/doyle/Documents/COS484/COS484_PAL/.venv/lib/python3.10/site-packages/pal/core/interface.py", line 114, in execute
    self.runtime.exec_code('\n'.join(code))
  File "/home/doyle/Documents/COS484/COS484_PAL/.venv/lib/python3.10/site-packages/pal/core/runtime.py", line 145, in exec_code
    subprocess.run(["cp", "/dev/stdin", f"llm_build/{str(random_uuid)}/Solution.ml"], input=code, text=True)
  File "/usr/lib/python3.10/subprocess.py", line 503, in run
    with Popen(*popenargs, **kwargs) as process:
  File "/usr/lib/python3.10/subprocess.py", line 971, in __init__
    self._execute_child(args, executable, preexec_fn, close_fds,
  File "/usr/lib/python3.10/subprocess.py", line 1863, in _execute_child
    raise child_exception_type(errno_num, err_msg, err_filename)
FileNotFoundError: [Errno 2] No such file or directory: 'llm_build/f878e2ca-28a3-11f0-8afe-e10f5b0b7eea/Solution'

 61%|██████    | 804/1319 [35:22<18:02,  2.10s/it] 61%|██████    | 805/1319 [35:23<17:08,  2.00s/it]File "llm_build/fa791e5a-28a3-11f0-8afe-e10f5b0b7eea/Solution.ml", line 6, characters 32-50:
6 | let premium_cost = total_cost * premium_percentage in
                                    ^^^^^^^^^^^^^^^^^^
Error: This expression has type "float" but an expression was expected of type
         "int"
Traceback (most recent call last):
  File "/home/doyle/Documents/COS484/COS484_PAL/.venv/lib/python3.10/site-packages/pal/core/interface.py", line 185, in run
    exec_result = self.execute(code)
  File "/home/doyle/Documents/COS484/COS484_PAL/.venv/lib/python3.10/site-packages/pal/core/interface.py", line 114, in execute
    self.runtime.exec_code('\n'.join(code))
  File "/home/doyle/Documents/COS484/COS484_PAL/.venv/lib/python3.10/site-packages/pal/core/runtime.py", line 145, in exec_code
    subprocess.run(["cp", "/dev/stdin", f"llm_build/{str(random_uuid)}/Solution.ml"], input=code, text=True)
  File "/usr/lib/python3.10/subprocess.py", line 503, in run
    with Popen(*popenargs, **kwargs) as process:
  File "/usr/lib/python3.10/subprocess.py", line 971, in __init__
    self._execute_child(args, executable, preexec_fn, close_fds,
  File "/usr/lib/python3.10/subprocess.py", line 1863, in _execute_child
    raise child_exception_type(errno_num, err_msg, err_filename)
FileNotFoundError: [Errno 2] No such file or directory: 'llm_build/fa791e5a-28a3-11f0-8afe-e10f5b0b7eea/Solution'

 61%|██████    | 806/1319 [35:25<16:05,  1.88s/it] 61%|██████    | 807/1319 [35:29<20:32,  2.41s/it] 61%|██████▏   | 808/1319 [35:30<18:50,  2.21s/it]File "llm_build/fef850cc-28a3-11f0-8afe-e10f5b0b7eea/Solution.ml", line 4, characters 59-62:
4 | let amount_drunk_by_1_5_students = students_drinking_1_5 * 1.5 in
                                                               ^^^
Error: This expression has type "float" but an expression was expected of type
         "int"
Traceback (most recent call last):
  File "/home/doyle/Documents/COS484/COS484_PAL/.venv/lib/python3.10/site-packages/pal/core/interface.py", line 185, in run
    exec_result = self.execute(code)
  File "/home/doyle/Documents/COS484/COS484_PAL/.venv/lib/python3.10/site-packages/pal/core/interface.py", line 114, in execute
    self.runtime.exec_code('\n'.join(code))
  File "/home/doyle/Documents/COS484/COS484_PAL/.venv/lib/python3.10/site-packages/pal/core/runtime.py", line 145, in exec_code
    subprocess.run(["cp", "/dev/stdin", f"llm_build/{str(random_uuid)}/Solution.ml"], input=code, text=True)
  File "/usr/lib/python3.10/subprocess.py", line 503, in run
    with Popen(*popenargs, **kwargs) as process:
  File "/usr/lib/python3.10/subprocess.py", line 971, in __init__
    self._execute_child(args, executable, preexec_fn, close_fds,
  File "/usr/lib/python3.10/subprocess.py", line 1863, in _execute_child
    raise child_exception_type(errno_num, err_msg, err_filename)
FileNotFoundError: [Errno 2] No such file or directory: 'llm_build/fef850cc-28a3-11f0-8afe-e10f5b0b7eea/Solution'

 61%|██████▏   | 809/1319 [35:33<18:37,  2.19s/it] 61%|██████▏   | 810/1319 [35:36<21:27,  2.53s/it] 61%|██████▏   | 811/1319 [35:39<21:46,  2.57s/it] 62%|██████▏   | 812/1319 [35:41<20:45,  2.46s/it]File "llm_build/0a3b4408-28a4-11f0-8afe-e10f5b0b7eea/Solution.ml", line 11, characters 4-24:
11 | let total_petals_initial = 
         ^^^^^^^^^^^^^^^^^^^^
Warning 26 [unused-var]: unused variable total_petals_initial.

File "llm_build/0a3b4408-28a4-11f0-8afe-e10f5b0b7eea/Solution.ml", line 18, characters 4-17:
18 | let total_flowers = 
         ^^^^^^^^^^^^^
Warning 26 [unused-var]: unused variable total_flowers.
 62%|██████▏   | 813/1319 [35:51<41:38,  4.94s/it] 62%|██████▏   | 814/1319 [35:54<35:04,  4.17s/it]File "llm_build/0d1177ba-28a4-11f0-8afe-e10f5b0b7eea/Solution.ml", line 8, characters 4-14:
8 | let jack_games = total_play_time_minutes / jack_play_time in
        ^^^^^^^^^^
Warning 26 [unused-var]: unused variable jack_games.
 62%|██████▏   | 815/1319 [35:56<30:31,  3.63s/it]File "llm_build/0e27fdcc-28a4-11f0-8afe-e10f5b0b7eea/Solution.ml", line 3, characters 11-12:
3 | let zest = x in
               ^
Error: Unbound value "x"
Traceback (most recent call last):
  File "/home/doyle/Documents/COS484/COS484_PAL/.venv/lib/python3.10/site-packages/pal/core/interface.py", line 185, in run
    exec_result = self.execute(code)
  File "/home/doyle/Documents/COS484/COS484_PAL/.venv/lib/python3.10/site-packages/pal/core/interface.py", line 114, in execute
    self.runtime.exec_code('\n'.join(code))
  File "/home/doyle/Documents/COS484/COS484_PAL/.venv/lib/python3.10/site-packages/pal/core/runtime.py", line 145, in exec_code
    subprocess.run(["cp", "/dev/stdin", f"llm_build/{str(random_uuid)}/Solution.ml"], input=code, text=True)
  File "/usr/lib/python3.10/subprocess.py", line 503, in run
    with Popen(*popenargs, **kwargs) as process:
  File "/usr/lib/python3.10/subprocess.py", line 971, in __init__
    self._execute_child(args, executable, preexec_fn, close_fds,
  File "/usr/lib/python3.10/subprocess.py", line 1863, in _execute_child
    raise child_exception_type(errno_num, err_msg, err_filename)
FileNotFoundError: [Errno 2] No such file or directory: 'llm_build/0e27fdcc-28a4-11f0-8afe-e10f5b0b7eea/Solution'

 62%|██████▏   | 816/1319 [35:58<25:53,  3.09s/it] 62%|██████▏   | 817/1319 [35:59<21:32,  2.58s/it] 62%|██████▏   | 818/1319 [36:01<18:45,  2.25s/it] 62%|██████▏   | 819/1319 [36:02<16:58,  2.04s/it] 62%|██████▏   | 820/1319 [36:04<16:30,  1.98s/it] 62%|██████▏   | 821/1319 [36:07<18:05,  2.18s/it] 62%|██████▏   | 822/1319 [36:09<17:14,  2.08s/it] 62%|██████▏   | 823/1319 [36:11<16:22,  1.98s/it] 62%|██████▏   | 824/1319 [36:12<15:58,  1.94s/it] 63%|██████▎   | 825/1319 [36:14<14:43,  1.79s/it] 63%|██████▎   | 826/1319 [36:16<16:37,  2.02s/it] 63%|██████▎   | 827/1319 [36:19<17:12,  2.10s/it] 63%|██████▎   | 828/1319 [36:22<19:02,  2.33s/it] 63%|██████▎   | 829/1319 [36:23<17:29,  2.14s/it] 63%|██████▎   | 830/1319 [36:27<21:54,  2.69s/it] 63%|██████▎   | 831/1319 [36:31<24:39,  3.03s/it] 63%|██████▎   | 832/1319 [36:34<25:15,  3.11s/it]File "llm_build/2478e802-28a4-11f0-8afe-e10f5b0b7eea/Solution.ml", line 3, characters 22-33:
3 | let anthony_savings = eva_savings + 10.0 in
                          ^^^^^^^^^^^
Error: This expression has type "float" but an expression was expected of type
         "int"
Traceback (most recent call last):
  File "/home/doyle/Documents/COS484/COS484_PAL/.venv/lib/python3.10/site-packages/pal/core/interface.py", line 185, in run
    exec_result = self.execute(code)
  File "/home/doyle/Documents/COS484/COS484_PAL/.venv/lib/python3.10/site-packages/pal/core/interface.py", line 114, in execute
    self.runtime.exec_code('\n'.join(code))
  File "/home/doyle/Documents/COS484/COS484_PAL/.venv/lib/python3.10/site-packages/pal/core/runtime.py", line 145, in exec_code
    subprocess.run(["cp", "/dev/stdin", f"llm_build/{str(random_uuid)}/Solution.ml"], input=code, text=True)
  File "/usr/lib/python3.10/subprocess.py", line 503, in run
    with Popen(*popenargs, **kwargs) as process:
  File "/usr/lib/python3.10/subprocess.py", line 971, in __init__
    self._execute_child(args, executable, preexec_fn, close_fds,
  File "/usr/lib/python3.10/subprocess.py", line 1863, in _execute_child
    raise child_exception_type(errno_num, err_msg, err_filename)
FileNotFoundError: [Errno 2] No such file or directory: 'llm_build/2478e802-28a4-11f0-8afe-e10f5b0b7eea/Solution'

 63%|██████▎   | 833/1319 [36:35<20:27,  2.53s/it] 63%|██████▎   | 834/1319 [36:38<19:56,  2.47s/it] 63%|██████▎   | 835/1319 [36:44<27:49,  3.45s/it] 63%|██████▎   | 836/1319 [36:46<24:36,  3.06s/it] 63%|██████▎   | 837/1319 [36:47<21:00,  2.62s/it] 64%|██████▎   | 838/1319 [36:51<24:27,  3.05s/it] 64%|██████▎   | 839/1319 [36:53<22:13,  2.78s/it] 64%|██████▎   | 840/1319 [36:55<19:54,  2.49s/it] 64%|██████▍   | 841/1319 [36:58<19:39,  2.47s/it] 64%|██████▍   | 842/1319 [36:59<17:28,  2.20s/it] 64%|██████▍   | 843/1319 [37:00<14:54,  1.88s/it] 64%|██████▍   | 844/1319 [37:03<15:33,  1.96s/it] 64%|██████▍   | 845/1319 [37:06<17:52,  2.26s/it] 64%|██████▍   | 846/1319 [37:07<15:24,  1.95s/it] 64%|██████▍   | 847/1319 [37:09<15:34,  1.98s/it] 64%|██████▍   | 848/1319 [37:11<15:24,  1.96s/it] 64%|██████▍   | 849/1319 [37:13<15:10,  1.94s/it] 64%|██████▍   | 850/1319 [37:14<13:38,  1.75s/it] 65%|██████▍   | 851/1319 [37:16<14:10,  1.82s/it] 65%|██████▍   | 852/1319 [37:18<14:07,  1.82s/it] 65%|██████▍   | 853/1319 [37:20<14:29,  1.87s/it] 65%|██████▍   | 854/1319 [37:21<13:23,  1.73s/it] 65%|██████▍   | 855/1319 [37:25<17:35,  2.28s/it]File "llm_build/42e60a22-28a4-11f0-8afe-e10f5b0b7eea/Solution.ml", line 2, characters 14-15:
2 | let my_age =  x in
                  ^
Error: Unbound value "x"
Traceback (most recent call last):
  File "/home/doyle/Documents/COS484/COS484_PAL/.venv/lib/python3.10/site-packages/pal/core/interface.py", line 185, in run
    exec_result = self.execute(code)
  File "/home/doyle/Documents/COS484/COS484_PAL/.venv/lib/python3.10/site-packages/pal/core/interface.py", line 114, in execute
    self.runtime.exec_code('\n'.join(code))
  File "/home/doyle/Documents/COS484/COS484_PAL/.venv/lib/python3.10/site-packages/pal/core/runtime.py", line 145, in exec_code
    subprocess.run(["cp", "/dev/stdin", f"llm_build/{str(random_uuid)}/Solution.ml"], input=code, text=True)
  File "/usr/lib/python3.10/subprocess.py", line 503, in run
    with Popen(*popenargs, **kwargs) as process:
  File "/usr/lib/python3.10/subprocess.py", line 971, in __init__
    self._execute_child(args, executable, preexec_fn, close_fds,
  File "/usr/lib/python3.10/subprocess.py", line 1863, in _execute_child
    raise child_exception_type(errno_num, err_msg, err_filename)
FileNotFoundError: [Errno 2] No such file or directory: 'llm_build/42e60a22-28a4-11f0-8afe-e10f5b0b7eea/Solution'

 65%|██████▍   | 856/1319 [37:27<16:36,  2.15s/it] 65%|██████▍   | 857/1319 [37:28<15:41,  2.04s/it] 65%|██████▌   | 858/1319 [37:31<17:07,  2.23s/it]File "llm_build/4691709e-28a4-11f0-8afe-e10f5b0b7eea/Solution.ml", line 14, characters 0-3:
14 | let result = total_infected in
     ^^^
Error: Syntax error
Traceback (most recent call last):
  File "/home/doyle/Documents/COS484/COS484_PAL/.venv/lib/python3.10/site-packages/pal/core/interface.py", line 185, in run
    exec_result = self.execute(code)
  File "/home/doyle/Documents/COS484/COS484_PAL/.venv/lib/python3.10/site-packages/pal/core/interface.py", line 114, in execute
    self.runtime.exec_code('\n'.join(code))
  File "/home/doyle/Documents/COS484/COS484_PAL/.venv/lib/python3.10/site-packages/pal/core/runtime.py", line 145, in exec_code
    subprocess.run(["cp", "/dev/stdin", f"llm_build/{str(random_uuid)}/Solution.ml"], input=code, text=True)
  File "/usr/lib/python3.10/subprocess.py", line 503, in run
    with Popen(*popenargs, **kwargs) as process:
  File "/usr/lib/python3.10/subprocess.py", line 971, in __init__
    self._execute_child(args, executable, preexec_fn, close_fds,
  File "/usr/lib/python3.10/subprocess.py", line 1863, in _execute_child
    raise child_exception_type(errno_num, err_msg, err_filename)
FileNotFoundError: [Errno 2] No such file or directory: 'llm_build/4691709e-28a4-11f0-8afe-e10f5b0b7eea/Solution'

 65%|██████▌   | 859/1319 [37:33<15:54,  2.07s/it] 65%|██████▌   | 860/1319 [37:34<15:01,  1.96s/it] 65%|██████▌   | 861/1319 [37:36<14:08,  1.85s/it]File "llm_build/4a796932-28a4-11f0-8afe-e10f5b0b7eea/Solution.ml", line 6, characters 4-23:
6 | let claire_total_badges = claire_badges_per_month * months_in_a_year in
        ^^^^^^^^^^^^^^^^^^^
Warning 26 [unused-var]: unused variable claire_total_badges.
 65%|██████▌   | 862/1319 [37:39<17:19,  2.28s/it] 65%|██████▌   | 863/1319 [37:43<21:47,  2.87s/it] 66%|██████▌   | 864/1319 [37:46<20:13,  2.67s/it] 66%|██████▌   | 865/1319 [37:48<18:30,  2.45s/it] 66%|██████▌   | 866/1319 [37:51<19:38,  2.60s/it] 66%|██████▌   | 867/1319 [37:52<16:48,  2.23s/it] 66%|██████▌   | 868/1319 [37:53<14:55,  1.99s/it] 66%|██████▌   | 869/1319 [37:56<15:31,  2.07s/it] 66%|██████▌   | 870/1319 [37:57<13:09,  1.76s/it] 66%|██████▌   | 871/1319 [37:59<14:29,  1.94s/it] 66%|██████▌   | 872/1319 [38:01<13:51,  1.86s/it] 66%|██████▌   | 873/1319 [38:02<13:24,  1.80s/it] 66%|██████▋   | 874/1319 [38:04<12:13,  1.65s/it] 66%|██████▋   | 875/1319 [38:05<11:21,  1.53s/it] 66%|██████▋   | 876/1319 [38:07<11:50,  1.60s/it] 66%|██████▋   | 877/1319 [38:11<17:13,  2.34s/it] 67%|██████▋   | 878/1319 [38:13<17:32,  2.39s/it] 67%|██████▋   | 879/1319 [38:15<15:29,  2.11s/it] 67%|██████▋   | 880/1319 [38:16<14:20,  1.96s/it]File "llm_build/6193dfd0-28a4-11f0-8afe-e10f5b0b7eea/Solution.ml", line 6, characters 31-51:
6 | let total_cost = rope_length * cost_price_per_meter in
                                   ^^^^^^^^^^^^^^^^^^^^
Error: This expression has type "float" but an expression was expected of type
         "int"
Traceback (most recent call last):
  File "/home/doyle/Documents/COS484/COS484_PAL/.venv/lib/python3.10/site-packages/pal/core/interface.py", line 185, in run
    exec_result = self.execute(code)
  File "/home/doyle/Documents/COS484/COS484_PAL/.venv/lib/python3.10/site-packages/pal/core/interface.py", line 114, in execute
    self.runtime.exec_code('\n'.join(code))
  File "/home/doyle/Documents/COS484/COS484_PAL/.venv/lib/python3.10/site-packages/pal/core/runtime.py", line 145, in exec_code
    subprocess.run(["cp", "/dev/stdin", f"llm_build/{str(random_uuid)}/Solution.ml"], input=code, text=True)
  File "/usr/lib/python3.10/subprocess.py", line 503, in run
    with Popen(*popenargs, **kwargs) as process:
  File "/usr/lib/python3.10/subprocess.py", line 971, in __init__
    self._execute_child(args, executable, preexec_fn, close_fds,
  File "/usr/lib/python3.10/subprocess.py", line 1863, in _execute_child
    raise child_exception_type(errno_num, err_msg, err_filename)
FileNotFoundError: [Errno 2] No such file or directory: 'llm_build/6193dfd0-28a4-11f0-8afe-e10f5b0b7eea/Solution'

 67%|██████▋   | 881/1319 [38:18<13:39,  1.87s/it] 67%|██████▋   | 882/1319 [38:19<12:25,  1.71s/it] 67%|██████▋   | 883/1319 [38:22<14:50,  2.04s/it] 67%|██████▋   | 884/1319 [38:29<24:19,  3.35s/it] 67%|██████▋   | 885/1319 [38:30<21:00,  2.90s/it] 67%|██████▋   | 886/1319 [38:32<18:29,  2.56s/it] 67%|██████▋   | 887/1319 [38:34<17:02,  2.37s/it] 67%|██████▋   | 888/1319 [38:36<15:34,  2.17s/it] 67%|██████▋   | 889/1319 [38:38<16:22,  2.28s/it] 67%|██████▋   | 890/1319 [38:40<15:05,  2.11s/it] 68%|██████▊   | 891/1319 [38:42<14:11,  1.99s/it] 68%|██████▊   | 892/1319 [38:43<12:50,  1.81s/it] 68%|██████▊   | 893/1319 [38:45<12:15,  1.73s/it] 68%|██████▊   | 894/1319 [38:46<12:03,  1.70s/it] 68%|██████▊   | 895/1319 [38:49<13:59,  1.98s/it] 68%|██████▊   | 896/1319 [38:51<14:29,  2.06s/it] 68%|██████▊   | 897/1319 [38:53<14:17,  2.03s/it] 68%|██████▊   | 898/1319 [38:55<13:50,  1.97s/it] 68%|██████▊   | 899/1319 [38:57<13:48,  1.97s/it] 68%|██████▊   | 900/1319 [39:06<27:51,  3.99s/it] 68%|██████▊   | 901/1319 [39:08<24:11,  3.47s/it]File "llm_build/808eece0-28a4-11f0-8afe-e10f5b0b7eea/Solution.ml", line 3, characters 4-15:
3 | let bowls_child = 8 in
        ^^^^^^^^^^^
Warning 26 [unused-var]: unused variable bowls_child.
 68%|██████▊   | 902/1319 [39:10<21:11,  3.05s/it] 68%|██████▊   | 903/1319 [39:12<18:54,  2.73s/it]File "llm_build/82f4dddc-28a4-11f0-8afe-e10f5b0b7eea/Solution.ml", line 7, characters 77-81:
7 | let material_for_large_masks = (large_masks_needed / large_masks_per_yard) * 2.25 in
                                                                                 ^^^^
Error: This expression has type "float" but an expression was expected of type
         "int"
Traceback (most recent call last):
  File "/home/doyle/Documents/COS484/COS484_PAL/.venv/lib/python3.10/site-packages/pal/core/interface.py", line 185, in run
    exec_result = self.execute(code)
  File "/home/doyle/Documents/COS484/COS484_PAL/.venv/lib/python3.10/site-packages/pal/core/interface.py", line 114, in execute
    self.runtime.exec_code('\n'.join(code))
  File "/home/doyle/Documents/COS484/COS484_PAL/.venv/lib/python3.10/site-packages/pal/core/runtime.py", line 145, in exec_code
    subprocess.run(["cp", "/dev/stdin", f"llm_build/{str(random_uuid)}/Solution.ml"], input=code, text=True)
  File "/usr/lib/python3.10/subprocess.py", line 503, in run
    with Popen(*popenargs, **kwargs) as process:
  File "/usr/lib/python3.10/subprocess.py", line 971, in __init__
    self._execute_child(args, executable, preexec_fn, close_fds,
  File "/usr/lib/python3.10/subprocess.py", line 1863, in _execute_child
    raise child_exception_type(errno_num, err_msg, err_filename)
FileNotFoundError: [Errno 2] No such file or directory: 'llm_build/82f4dddc-28a4-11f0-8afe-e10f5b0b7eea/Solution'

 69%|██████▊   | 904/1319 [39:14<17:26,  2.52s/it] 69%|██████▊   | 905/1319 [39:18<19:29,  2.82s/it] 69%|██████▊   | 906/1319 [39:19<17:10,  2.50s/it] 69%|██████▉   | 907/1319 [39:22<17:16,  2.52s/it] 69%|██████▉   | 908/1319 [39:23<14:30,  2.12s/it] 69%|██████▉   | 909/1319 [39:25<14:10,  2.07s/it] 69%|██████▉   | 910/1319 [39:27<14:17,  2.10s/it] 69%|██████▉   | 911/1319 [39:29<12:53,  1.89s/it] 69%|██████▉   | 912/1319 [39:30<12:46,  1.88s/it] 69%|██████▉   | 913/1319 [39:32<11:47,  1.74s/it] 69%|██████▉   | 914/1319 [39:40<25:16,  3.74s/it] 69%|██████▉   | 915/1319 [39:43<22:19,  3.32s/it] 69%|██████▉   | 916/1319 [39:45<19:47,  2.95s/it]File "llm_build/96df368a-28a4-11f0-8afe-e10f5b0b7eea/Solution.ml", line 5, characters 43-62:
5 | let balloons_cost = (dozen_balloons / 2) * balloons_cost_per_2 in
                                               ^^^^^^^^^^^^^^^^^^^
Error: This expression has type "float" but an expression was expected of type
         "int"
Traceback (most recent call last):
  File "/home/doyle/Documents/COS484/COS484_PAL/.venv/lib/python3.10/site-packages/pal/core/interface.py", line 185, in run
    exec_result = self.execute(code)
  File "/home/doyle/Documents/COS484/COS484_PAL/.venv/lib/python3.10/site-packages/pal/core/interface.py", line 114, in execute
    self.runtime.exec_code('\n'.join(code))
  File "/home/doyle/Documents/COS484/COS484_PAL/.venv/lib/python3.10/site-packages/pal/core/runtime.py", line 145, in exec_code
    subprocess.run(["cp", "/dev/stdin", f"llm_build/{str(random_uuid)}/Solution.ml"], input=code, text=True)
  File "/usr/lib/python3.10/subprocess.py", line 503, in run
    with Popen(*popenargs, **kwargs) as process:
  File "/usr/lib/python3.10/subprocess.py", line 971, in __init__
    self._execute_child(args, executable, preexec_fn, close_fds,
  File "/usr/lib/python3.10/subprocess.py", line 1863, in _execute_child
    raise child_exception_type(errno_num, err_msg, err_filename)
FileNotFoundError: [Errno 2] No such file or directory: 'llm_build/96df368a-28a4-11f0-8afe-e10f5b0b7eea/Solution'

 70%|██████▉   | 917/1319 [39:47<19:21,  2.89s/it] 70%|██████▉   | 918/1319 [39:49<16:29,  2.47s/it] 70%|██████▉   | 919/1319 [39:51<14:52,  2.23s/it]File "llm_build/9a4cbf04-28a4-11f0-8afe-e10f5b0b7eea/Solution.ml", line 7, characters 38-57:
7 | let total_revenue = total_lollipops * lollipop_price_sold in
                                          ^^^^^^^^^^^^^^^^^^^
Error: This expression has type "float" but an expression was expected of type
         "int"
Traceback (most recent call last):
  File "/home/doyle/Documents/COS484/COS484_PAL/.venv/lib/python3.10/site-packages/pal/core/interface.py", line 185, in run
    exec_result = self.execute(code)
  File "/home/doyle/Documents/COS484/COS484_PAL/.venv/lib/python3.10/site-packages/pal/core/interface.py", line 114, in execute
    self.runtime.exec_code('\n'.join(code))
  File "/home/doyle/Documents/COS484/COS484_PAL/.venv/lib/python3.10/site-packages/pal/core/runtime.py", line 145, in exec_code
    subprocess.run(["cp", "/dev/stdin", f"llm_build/{str(random_uuid)}/Solution.ml"], input=code, text=True)
  File "/usr/lib/python3.10/subprocess.py", line 503, in run
    with Popen(*popenargs, **kwargs) as process:
  File "/usr/lib/python3.10/subprocess.py", line 971, in __init__
    self._execute_child(args, executable, preexec_fn, close_fds,
  File "/usr/lib/python3.10/subprocess.py", line 1863, in _execute_child
    raise child_exception_type(errno_num, err_msg, err_filename)
FileNotFoundError: [Errno 2] No such file or directory: 'llm_build/9a4cbf04-28a4-11f0-8afe-e10f5b0b7eea/Solution'

 70%|██████▉   | 920/1319 [39:53<15:33,  2.34s/it] 70%|██████▉   | 921/1319 [39:57<18:12,  2.74s/it] 70%|██████▉   | 922/1319 [40:00<18:41,  2.82s/it] 70%|██████▉   | 923/1319 [40:01<15:50,  2.40s/it] 70%|███████   | 924/1319 [40:04<17:11,  2.61s/it] 70%|███████   | 925/1319 [40:09<20:27,  3.11s/it] 70%|███████   | 926/1319 [40:11<18:17,  2.79s/it] 70%|███████   | 927/1319 [40:14<19:09,  2.93s/it] 70%|███████   | 928/1319 [40:17<19:44,  3.03s/it] 70%|███████   | 929/1319 [40:20<18:19,  2.82s/it] 71%|███████   | 930/1319 [40:22<17:04,  2.63s/it] 71%|███████   | 931/1319 [40:24<15:50,  2.45s/it] 71%|███████   | 932/1319 [40:29<21:24,  3.32s/it] 71%|███████   | 933/1319 [40:31<18:48,  2.92s/it] 71%|███████   | 934/1319 [40:37<24:19,  3.79s/it] 71%|███████   | 935/1319 [40:39<21:07,  3.30s/it] 71%|███████   | 936/1319 [40:48<31:52,  4.99s/it] 71%|███████   | 937/1319 [40:51<27:36,  4.34s/it] 71%|███████   | 938/1319 [40:53<23:01,  3.63s/it] 71%|███████   | 939/1319 [40:56<21:27,  3.39s/it] 71%|███████▏  | 940/1319 [40:59<21:24,  3.39s/it] 71%|███████▏  | 941/1319 [41:02<19:54,  3.16s/it] 71%|███████▏  | 942/1319 [41:03<17:02,  2.71s/it] 71%|███████▏  | 943/1319 [41:06<17:12,  2.75s/it]File "llm_build/c6f3da74-28a4-11f0-8afe-e10f5b0b7eea/Solution.ml", line 5, characters 27-34:
5 | let cds_discounted_price = cd_cost *. (1.0 -. discount) in
                               ^^^^^^^
Error: This expression has type "int" but an expression was expected of type
         "float"
Traceback (most recent call last):
  File "/home/doyle/Documents/COS484/COS484_PAL/.venv/lib/python3.10/site-packages/pal/core/interface.py", line 185, in run
    exec_result = self.execute(code)
  File "/home/doyle/Documents/COS484/COS484_PAL/.venv/lib/python3.10/site-packages/pal/core/interface.py", line 114, in execute
    self.runtime.exec_code('\n'.join(code))
  File "/home/doyle/Documents/COS484/COS484_PAL/.venv/lib/python3.10/site-packages/pal/core/runtime.py", line 145, in exec_code
    subprocess.run(["cp", "/dev/stdin", f"llm_build/{str(random_uuid)}/Solution.ml"], input=code, text=True)
  File "/usr/lib/python3.10/subprocess.py", line 503, in run
    with Popen(*popenargs, **kwargs) as process:
  File "/usr/lib/python3.10/subprocess.py", line 971, in __init__
    self._execute_child(args, executable, preexec_fn, close_fds,
  File "/usr/lib/python3.10/subprocess.py", line 1863, in _execute_child
    raise child_exception_type(errno_num, err_msg, err_filename)
FileNotFoundError: [Errno 2] No such file or directory: 'llm_build/c6f3da74-28a4-11f0-8afe-e10f5b0b7eea/Solution'

 72%|███████▏  | 944/1319 [41:08<15:37,  2.50s/it] 72%|███████▏  | 945/1319 [41:11<16:31,  2.65s/it] 72%|███████▏  | 946/1319 [41:14<16:18,  2.62s/it] 72%|███████▏  | 947/1319 [41:15<14:29,  2.34s/it] 72%|███████▏  | 948/1319 [41:17<13:02,  2.11s/it] 72%|███████▏  | 949/1319 [41:20<15:25,  2.50s/it] 72%|███████▏  | 950/1319 [41:22<13:15,  2.16s/it] 72%|███████▏  | 951/1319 [41:23<11:57,  1.95s/it]File "llm_build/d1097bf4-28a4-11f0-8afe-e10f5b0b7eea/Solution.ml", line 4, characters 32-46:
4 | let total_pages = int_of_float (pages_per_inch *. thickness_inches) in
                                    ^^^^^^^^^^^^^^
Error: This expression has type "int" but an expression was expected of type
         "float"
Traceback (most recent call last):
  File "/home/doyle/Documents/COS484/COS484_PAL/.venv/lib/python3.10/site-packages/pal/core/interface.py", line 185, in run
    exec_result = self.execute(code)
  File "/home/doyle/Documents/COS484/COS484_PAL/.venv/lib/python3.10/site-packages/pal/core/interface.py", line 114, in execute
    self.runtime.exec_code('\n'.join(code))
  File "/home/doyle/Documents/COS484/COS484_PAL/.venv/lib/python3.10/site-packages/pal/core/runtime.py", line 145, in exec_code
    subprocess.run(["cp", "/dev/stdin", f"llm_build/{str(random_uuid)}/Solution.ml"], input=code, text=True)
  File "/usr/lib/python3.10/subprocess.py", line 503, in run
    with Popen(*popenargs, **kwargs) as process:
  File "/usr/lib/python3.10/subprocess.py", line 971, in __init__
    self._execute_child(args, executable, preexec_fn, close_fds,
  File "/usr/lib/python3.10/subprocess.py", line 1863, in _execute_child
    raise child_exception_type(errno_num, err_msg, err_filename)
FileNotFoundError: [Errno 2] No such file or directory: 'llm_build/d1097bf4-28a4-11f0-8afe-e10f5b0b7eea/Solution'

 72%|███████▏  | 952/1319 [41:25<11:47,  1.93s/it] 72%|███████▏  | 953/1319 [41:27<11:18,  1.85s/it] 72%|███████▏  | 954/1319 [41:31<16:06,  2.65s/it] 72%|███████▏  | 955/1319 [41:33<14:10,  2.34s/it] 72%|███████▏  | 956/1319 [41:35<13:30,  2.23s/it] 73%|███████▎  | 957/1319 [41:37<12:41,  2.10s/it] 73%|███████▎  | 958/1319 [41:39<12:20,  2.05s/it] 73%|███████▎  | 959/1319 [41:40<11:19,  1.89s/it] 73%|███████▎  | 960/1319 [41:43<13:21,  2.23s/it] 73%|███████▎  | 961/1319 [41:46<14:49,  2.49s/it] 73%|███████▎  | 962/1319 [41:48<13:31,  2.27s/it] 73%|███████▎  | 963/1319 [41:50<12:27,  2.10s/it]File "llm_build/e0e73e4e-28a4-11f0-8afe-e10f5b0b7eea/Solution.ml", line 5, characters 4-16:
5 | let alex_pokemon = stan_pokemon + 5 in
        ^^^^^^^^^^^^
Warning 26 [unused-var]: unused variable alex_pokemon.
 73%|███████▎  | 964/1319 [41:52<12:16,  2.07s/it] 73%|███████▎  | 965/1319 [41:53<11:20,  1.92s/it] 73%|███████▎  | 966/1319 [41:57<15:13,  2.59s/it] 73%|███████▎  | 967/1319 [42:00<15:51,  2.70s/it] 73%|███████▎  | 968/1319 [42:02<13:26,  2.30s/it] 73%|███████▎  | 969/1319 [42:08<20:40,  3.54s/it] 74%|███████▎  | 970/1319 [42:12<20:27,  3.52s/it] 74%|███████▎  | 971/1319 [42:14<18:20,  3.16s/it] 74%|███████▎  | 972/1319 [42:17<17:24,  3.01s/it] 74%|███████▍  | 973/1319 [42:19<16:56,  2.94s/it] 74%|███████▍  | 974/1319 [42:21<14:49,  2.58s/it] 74%|███████▍  | 975/1319 [42:23<12:58,  2.26s/it] 74%|███████▍  | 976/1319 [42:24<12:12,  2.14s/it] 74%|███████▍  | 977/1319 [42:27<13:31,  2.37s/it] 74%|███████▍  | 978/1319 [42:29<11:56,  2.10s/it]File "llm_build/f711fc23-28a4-11f0-8afe-e10f5b0b7eea/Solution.ml", line 4, characters 37-62:
4 | let red_car_price = blue_car_price * (1.0 -. red_car_discount) in
                                         ^^^^^^^^^^^^^^^^^^^^^^^^^
Error: This expression has type "float" but an expression was expected of type
         "int"
Traceback (most recent call last):
  File "/home/doyle/Documents/COS484/COS484_PAL/.venv/lib/python3.10/site-packages/pal/core/interface.py", line 185, in run
    exec_result = self.execute(code)
  File "/home/doyle/Documents/COS484/COS484_PAL/.venv/lib/python3.10/site-packages/pal/core/interface.py", line 114, in execute
    self.runtime.exec_code('\n'.join(code))
  File "/home/doyle/Documents/COS484/COS484_PAL/.venv/lib/python3.10/site-packages/pal/core/runtime.py", line 145, in exec_code
    subprocess.run(["cp", "/dev/stdin", f"llm_build/{str(random_uuid)}/Solution.ml"], input=code, text=True)
  File "/usr/lib/python3.10/subprocess.py", line 503, in run
    with Popen(*popenargs, **kwargs) as process:
  File "/usr/lib/python3.10/subprocess.py", line 971, in __init__
    self._execute_child(args, executable, preexec_fn, close_fds,
  File "/usr/lib/python3.10/subprocess.py", line 1863, in _execute_child
    raise child_exception_type(errno_num, err_msg, err_filename)
FileNotFoundError: [Errno 2] No such file or directory: 'llm_build/f711fc23-28a4-11f0-8afe-e10f5b0b7eea/Solution'

 74%|███████▍  | 979/1319 [42:30<10:55,  1.93s/it] 74%|███████▍  | 980/1319 [42:33<11:55,  2.11s/it] 74%|███████▍  | 981/1319 [42:35<11:21,  2.02s/it] 74%|███████▍  | 982/1319 [42:37<11:17,  2.01s/it] 75%|███████▍  | 983/1319 [42:39<12:25,  2.22s/it] 75%|███████▍  | 984/1319 [42:41<10:58,  1.97s/it]File "llm_build/00a69ba8-28a5-11f0-8afe-e10f5b0b7eea/Solution.ml", line 5, characters 28-40:
5 | let total_space_per_plant = flower_width + space_between in
                                ^^^^^^^^^^^^
Error: This expression has type "float" but an expression was expected of type
         "int"
Traceback (most recent call last):
  File "/home/doyle/Documents/COS484/COS484_PAL/.venv/lib/python3.10/site-packages/pal/core/interface.py", line 185, in run
    exec_result = self.execute(code)
  File "/home/doyle/Documents/COS484/COS484_PAL/.venv/lib/python3.10/site-packages/pal/core/interface.py", line 114, in execute
    self.runtime.exec_code('\n'.join(code))
  File "/home/doyle/Documents/COS484/COS484_PAL/.venv/lib/python3.10/site-packages/pal/core/runtime.py", line 145, in exec_code
    subprocess.run(["cp", "/dev/stdin", f"llm_build/{str(random_uuid)}/Solution.ml"], input=code, text=True)
  File "/usr/lib/python3.10/subprocess.py", line 503, in run
    with Popen(*popenargs, **kwargs) as process:
  File "/usr/lib/python3.10/subprocess.py", line 971, in __init__
    self._execute_child(args, executable, preexec_fn, close_fds,
  File "/usr/lib/python3.10/subprocess.py", line 1863, in _execute_child
    raise child_exception_type(errno_num, err_msg, err_filename)
FileNotFoundError: [Errno 2] No such file or directory: 'llm_build/00a69ba8-28a5-11f0-8afe-e10f5b0b7eea/Solution'

 75%|███████▍  | 985/1319 [42:45<14:34,  2.62s/it] 75%|███████▍  | 986/1319 [42:47<13:26,  2.42s/it] 75%|███████▍  | 987/1319 [42:51<15:33,  2.81s/it]File "llm_build/05bba868-28a5-11f0-8afe-e10f5b0b7eea/Solution.ml", line 9, characters 29-45:
9 | let total_carnation_weight = carnation_weight * carnations_planted in
                                 ^^^^^^^^^^^^^^^^
Error: This expression has type "float" but an expression was expected of type
         "int"
Traceback (most recent call last):
  File "/home/doyle/Documents/COS484/COS484_PAL/.venv/lib/python3.10/site-packages/pal/core/interface.py", line 185, in run
    exec_result = self.execute(code)
  File "/home/doyle/Documents/COS484/COS484_PAL/.venv/lib/python3.10/site-packages/pal/core/interface.py", line 114, in execute
    self.runtime.exec_code('\n'.join(code))
  File "/home/doyle/Documents/COS484/COS484_PAL/.venv/lib/python3.10/site-packages/pal/core/runtime.py", line 145, in exec_code
    subprocess.run(["cp", "/dev/stdin", f"llm_build/{str(random_uuid)}/Solution.ml"], input=code, text=True)
  File "/usr/lib/python3.10/subprocess.py", line 503, in run
    with Popen(*popenargs, **kwargs) as process:
  File "/usr/lib/python3.10/subprocess.py", line 971, in __init__
    self._execute_child(args, executable, preexec_fn, close_fds,
  File "/usr/lib/python3.10/subprocess.py", line 1863, in _execute_child
    raise child_exception_type(errno_num, err_msg, err_filename)
FileNotFoundError: [Errno 2] No such file or directory: 'llm_build/05bba868-28a5-11f0-8afe-e10f5b0b7eea/Solution'

 75%|███████▍  | 988/1319 [42:53<15:32,  2.82s/it] 75%|███████▍  | 989/1319 [42:55<14:03,  2.56s/it] 75%|███████▌  | 990/1319 [42:57<12:59,  2.37s/it] 75%|███████▌  | 991/1319 [42:59<12:15,  2.24s/it] 75%|███████▌  | 992/1319 [43:06<19:11,  3.52s/it] 75%|███████▌  | 993/1319 [43:08<16:28,  3.03s/it] 75%|███████▌  | 994/1319 [43:14<21:57,  4.05s/it] 75%|███████▌  | 995/1319 [43:18<21:06,  3.91s/it] 76%|███████▌  | 996/1319 [43:19<17:30,  3.25s/it]File "llm_build/16380696-28a5-11f0-8afe-e10f5b0b7eea/Solution.ml", line 7, characters 4-14:
7 | let helene_age = 2 * average_age in
        ^^^^^^^^^^
Warning 26 [unused-var]: unused variable helene_age.
 76%|███████▌  | 997/1319 [43:21<14:58,  2.79s/it] 76%|███████▌  | 998/1319 [43:23<13:51,  2.59s/it] 76%|███████▌  | 999/1319 [43:25<12:33,  2.35s/it]File "llm_build/19aae4b0-28a5-11f0-8afe-e10f5b0b7eea/Solution.ml", line 6, characters 4-22:
6 | let total_adult_slices = adults * adult_slice_size in
        ^^^^^^^^^^^^^^^^^^
Warning 26 [unused-var]: unused variable total_adult_slices.
 76%|███████▌  | 1000/1319 [43:27<11:43,  2.21s/it] 76%|███████▌  | 1001/1319 [43:29<12:12,  2.30s/it] 76%|███████▌  | 1002/1319 [43:32<13:02,  2.47s/it]File "llm_build/1dd122ca-28a5-11f0-8afe-e10f5b0b7eea/Solution.ml", line 4, characters 18-28:
4 | let total_boxes = lisa_boxes + peter_boxes in
                      ^^^^^^^^^^
Error: This expression has type "float" but an expression was expected of type
         "int"
Traceback (most recent call last):
  File "/home/doyle/Documents/COS484/COS484_PAL/.venv/lib/python3.10/site-packages/pal/core/interface.py", line 185, in run
    exec_result = self.execute(code)
  File "/home/doyle/Documents/COS484/COS484_PAL/.venv/lib/python3.10/site-packages/pal/core/interface.py", line 114, in execute
    self.runtime.exec_code('\n'.join(code))
  File "/home/doyle/Documents/COS484/COS484_PAL/.venv/lib/python3.10/site-packages/pal/core/runtime.py", line 145, in exec_code
    subprocess.run(["cp", "/dev/stdin", f"llm_build/{str(random_uuid)}/Solution.ml"], input=code, text=True)
  File "/usr/lib/python3.10/subprocess.py", line 503, in run
    with Popen(*popenargs, **kwargs) as process:
  File "/usr/lib/python3.10/subprocess.py", line 971, in __init__
    self._execute_child(args, executable, preexec_fn, close_fds,
  File "/usr/lib/python3.10/subprocess.py", line 1863, in _execute_child
    raise child_exception_type(errno_num, err_msg, err_filename)
FileNotFoundError: [Errno 2] No such file or directory: 'llm_build/1dd122ca-28a5-11f0-8afe-e10f5b0b7eea/Solution'

 76%|███████▌  | 1003/1319 [43:34<11:34,  2.20s/it] 76%|███████▌  | 1004/1319 [43:36<11:37,  2.22s/it] 76%|███████▌  | 1005/1319 [43:39<12:48,  2.45s/it] 76%|███████▋  | 1006/1319 [43:41<12:19,  2.36s/it] 76%|███████▋  | 1007/1319 [43:44<12:17,  2.36s/it] 76%|███████▋  | 1008/1319 [43:45<10:43,  2.07s/it] 76%|███████▋  | 1009/1319 [43:46<09:49,  1.90s/it] 77%|███████▋  | 1010/1319 [43:49<10:50,  2.10s/it] 77%|███████▋  | 1011/1319 [43:51<10:16,  2.00s/it] 77%|███████▋  | 1012/1319 [43:54<12:36,  2.46s/it] 77%|███████▋  | 1013/1319 [43:57<12:55,  2.53s/it] 77%|███████▋  | 1014/1319 [44:00<13:25,  2.64s/it]File "llm_build/2f677598-28a5-11f0-8afe-e10f5b0b7eea/Solution.ml", line 15, characters 2-45:
15 |   (float_of_int peaches_bought *. peach_cost) +
       ^^^^^^^^^^^^^^^^^^^^^^^^^^^^^^^^^^^^^^^^^^^
Error: This expression has type "float" but an expression was expected of type
         "int"
Traceback (most recent call last):
  File "/home/doyle/Documents/COS484/COS484_PAL/.venv/lib/python3.10/site-packages/pal/core/interface.py", line 185, in run
    exec_result = self.execute(code)
  File "/home/doyle/Documents/COS484/COS484_PAL/.venv/lib/python3.10/site-packages/pal/core/interface.py", line 114, in execute
    self.runtime.exec_code('\n'.join(code))
  File "/home/doyle/Documents/COS484/COS484_PAL/.venv/lib/python3.10/site-packages/pal/core/runtime.py", line 145, in exec_code
    subprocess.run(["cp", "/dev/stdin", f"llm_build/{str(random_uuid)}/Solution.ml"], input=code, text=True)
  File "/usr/lib/python3.10/subprocess.py", line 503, in run
    with Popen(*popenargs, **kwargs) as process:
  File "/usr/lib/python3.10/subprocess.py", line 971, in __init__
    self._execute_child(args, executable, preexec_fn, close_fds,
  File "/usr/lib/python3.10/subprocess.py", line 1863, in _execute_child
    raise child_exception_type(errno_num, err_msg, err_filename)
FileNotFoundError: [Errno 2] No such file or directory: 'llm_build/2f677598-28a5-11f0-8afe-e10f5b0b7eea/Solution'

 77%|███████▋  | 1015/1319 [44:03<14:29,  2.86s/it]File "llm_build/306d159c-28a5-11f0-8afe-e10f5b0b7eea/Solution.ml", line 6, characters 4-16:
6 | let total_pieces = packs_initial * pieces_per_pack in
        ^^^^^^^^^^^^
Warning 26 [unused-var]: unused variable total_pieces.
 77%|███████▋  | 1016/1319 [44:05<12:42,  2.52s/it]File "llm_build/317f3c8a-28a5-11f0-8afe-e10f5b0b7eea/Solution.ml", line 6, characters 27-32:
6 | let result = int_of_float (round final_price) in
                               ^^^^^
Error: Unbound value "round"
Traceback (most recent call last):
  File "/home/doyle/Documents/COS484/COS484_PAL/.venv/lib/python3.10/site-packages/pal/core/interface.py", line 185, in run
    exec_result = self.execute(code)
  File "/home/doyle/Documents/COS484/COS484_PAL/.venv/lib/python3.10/site-packages/pal/core/interface.py", line 114, in execute
    self.runtime.exec_code('\n'.join(code))
  File "/home/doyle/Documents/COS484/COS484_PAL/.venv/lib/python3.10/site-packages/pal/core/runtime.py", line 145, in exec_code
    subprocess.run(["cp", "/dev/stdin", f"llm_build/{str(random_uuid)}/Solution.ml"], input=code, text=True)
  File "/usr/lib/python3.10/subprocess.py", line 503, in run
    with Popen(*popenargs, **kwargs) as process:
  File "/usr/lib/python3.10/subprocess.py", line 971, in __init__
    self._execute_child(args, executable, preexec_fn, close_fds,
  File "/usr/lib/python3.10/subprocess.py", line 1863, in _execute_child
    raise child_exception_type(errno_num, err_msg, err_filename)
FileNotFoundError: [Errno 2] No such file or directory: 'llm_build/317f3c8a-28a5-11f0-8afe-e10f5b0b7eea/Solution'

 77%|███████▋  | 1017/1319 [44:07<11:34,  2.30s/it]File "llm_build/32eb8272-28a5-11f0-8afe-e10f5b0b7eea/Solution.ml", line 9, characters 4-10:
9 | let result = (selfies_total, portraits_total) in
        ^^^^^^
Warning 26 [unused-var]: unused variable result.
 77%|███████▋  | 1018/1319 [44:09<11:40,  2.33s/it] 77%|███████▋  | 1019/1319 [44:11<11:11,  2.24s/it] 77%|███████▋  | 1020/1319 [44:14<11:53,  2.39s/it] 77%|███████▋  | 1021/1319 [44:16<10:43,  2.16s/it] 77%|███████▋  | 1022/1319 [44:18<11:44,  2.37s/it]File "llm_build/3a43ec4e-28a5-11f0-8afe-e10f5b0b7eea/Solution.ml", line 4, characters 4-16:
4 | let total_earned = 120 in
        ^^^^^^^^^^^^
Warning 26 [unused-var]: unused variable total_earned.

File "llm_build/3a43ec4e-28a5-11f0-8afe-e10f5b0b7eea/Solution.ml", line 7, characters 4-27:
7 | let total_earned_from_sales = (small_stuffed_animals_sold * small_stuffed_animal_price) + (large_stuffed_animals_sold * large_stuffed_animal_price) in
        ^^^^^^^^^^^^^^^^^^^^^^^
Warning 26 [unused-var]: unused variable total_earned_from_sales.
 78%|███████▊  | 1023/1319 [44:22<12:43,  2.58s/it] 78%|███████▊  | 1024/1319 [44:24<12:03,  2.45s/it] 78%|███████▊  | 1025/1319 [44:27<12:44,  2.60s/it] 78%|███████▊  | 1026/1319 [44:30<14:00,  2.87s/it] 78%|███████▊  | 1027/1319 [44:33<14:10,  2.91s/it]File "llm_build/431462fe-28a5-11f0-8afe-e10f5b0b7eea/Solution.ml", line 4, characters 4-23:
4 | let package2_sandwiches = 4 in
        ^^^^^^^^^^^^^^^^^^^
Warning 26 [unused-var]: unused variable package2_sandwiches.

File "llm_build/431462fe-28a5-11f0-8afe-e10f5b0b7eea/Solution.ml", line 5, characters 4-18:
5 | let package2_price = 6 in
        ^^^^^^^^^^^^^^
Warning 26 [unused-var]: unused variable package2_price.
 78%|███████▊  | 1028/1319 [44:36<14:31,  2.99s/it] 78%|███████▊  | 1029/1319 [44:38<12:20,  2.55s/it] 78%|███████▊  | 1030/1319 [44:41<13:08,  2.73s/it] 78%|███████▊  | 1031/1319 [44:45<14:57,  3.12s/it] 78%|███████▊  | 1032/1319 [44:47<13:02,  2.73s/it] 78%|███████▊  | 1033/1319 [44:49<12:30,  2.62s/it] 78%|███████▊  | 1034/1319 [44:52<12:39,  2.66s/it] 78%|███████▊  | 1035/1319 [44:54<11:33,  2.44s/it] 79%|███████▊  | 1036/1319 [44:57<12:57,  2.75s/it] 79%|███████▊  | 1037/1319 [44:59<11:45,  2.50s/it] 79%|███████▊  | 1038/1319 [45:01<10:52,  2.32s/it] 79%|███████▉  | 1039/1319 [45:04<11:29,  2.46s/it] 79%|███████▉  | 1040/1319 [45:08<12:56,  2.78s/it] 79%|███████▉  | 1041/1319 [45:09<10:56,  2.36s/it] 79%|███████▉  | 1042/1319 [45:11<10:36,  2.30s/it]File "llm_build/59b0726e-28a5-11f0-8afe-e10f5b0b7eea/Solution.ml", line 4, characters 22-25:
4 | let loss_third_race = 1.5 * float_of_int win_second_race in
                          ^^^
Error: This expression has type "float" but an expression was expected of type
         "int"
Traceback (most recent call last):
  File "/home/doyle/Documents/COS484/COS484_PAL/.venv/lib/python3.10/site-packages/pal/core/interface.py", line 185, in run
    exec_result = self.execute(code)
  File "/home/doyle/Documents/COS484/COS484_PAL/.venv/lib/python3.10/site-packages/pal/core/interface.py", line 114, in execute
    self.runtime.exec_code('\n'.join(code))
  File "/home/doyle/Documents/COS484/COS484_PAL/.venv/lib/python3.10/site-packages/pal/core/runtime.py", line 145, in exec_code
    subprocess.run(["cp", "/dev/stdin", f"llm_build/{str(random_uuid)}/Solution.ml"], input=code, text=True)
  File "/usr/lib/python3.10/subprocess.py", line 503, in run
    with Popen(*popenargs, **kwargs) as process:
  File "/usr/lib/python3.10/subprocess.py", line 971, in __init__
    self._execute_child(args, executable, preexec_fn, close_fds,
  File "/usr/lib/python3.10/subprocess.py", line 1863, in _execute_child
    raise child_exception_type(errno_num, err_msg, err_filename)
FileNotFoundError: [Errno 2] No such file or directory: 'llm_build/59b0726e-28a5-11f0-8afe-e10f5b0b7eea/Solution'

 79%|███████▉  | 1043/1319 [45:14<11:49,  2.57s/it] 79%|███████▉  | 1044/1319 [45:16<09:59,  2.18s/it] 79%|███████▉  | 1045/1319 [45:18<09:58,  2.19s/it] 79%|███████▉  | 1046/1319 [45:20<10:17,  2.26s/it]File "llm_build/5f50037e-28a5-11f0-8afe-e10f5b0b7eea/Solution.ml", line 7, characters 29-39:
7 | let total_work_per_painter = total_days *. fraction_of_day in
                                 ^^^^^^^^^^
Error: This expression has type "int" but an expression was expected of type
         "float"
Traceback (most recent call last):
  File "/home/doyle/Documents/COS484/COS484_PAL/.venv/lib/python3.10/site-packages/pal/core/interface.py", line 185, in run
    exec_result = self.execute(code)
  File "/home/doyle/Documents/COS484/COS484_PAL/.venv/lib/python3.10/site-packages/pal/core/interface.py", line 114, in execute
    self.runtime.exec_code('\n'.join(code))
  File "/home/doyle/Documents/COS484/COS484_PAL/.venv/lib/python3.10/site-packages/pal/core/runtime.py", line 145, in exec_code
    subprocess.run(["cp", "/dev/stdin", f"llm_build/{str(random_uuid)}/Solution.ml"], input=code, text=True)
  File "/usr/lib/python3.10/subprocess.py", line 503, in run
    with Popen(*popenargs, **kwargs) as process:
  File "/usr/lib/python3.10/subprocess.py", line 971, in __init__
    self._execute_child(args, executable, preexec_fn, close_fds,
  File "/usr/lib/python3.10/subprocess.py", line 1863, in _execute_child
    raise child_exception_type(errno_num, err_msg, err_filename)
FileNotFoundError: [Errno 2] No such file or directory: 'llm_build/5f50037e-28a5-11f0-8afe-e10f5b0b7eea/Solution'

 79%|███████▉  | 1047/1319 [45:24<11:58,  2.64s/it]File "llm_build/5f50037f-28a5-11f0-8afe-e10f5b0b7eea/Solution.ml", line 3, characters 23-24:
3 | let second_set_balls = x in
                           ^
Error: Unbound value "x"
Traceback (most recent call last):
  File "/home/doyle/Documents/COS484/COS484_PAL/.venv/lib/python3.10/site-packages/pal/core/interface.py", line 185, in run
    exec_result = self.execute(code)
  File "/home/doyle/Documents/COS484/COS484_PAL/.venv/lib/python3.10/site-packages/pal/core/interface.py", line 114, in execute
    self.runtime.exec_code('\n'.join(code))
  File "/home/doyle/Documents/COS484/COS484_PAL/.venv/lib/python3.10/site-packages/pal/core/runtime.py", line 145, in exec_code
    subprocess.run(["cp", "/dev/stdin", f"llm_build/{str(random_uuid)}/Solution.ml"], input=code, text=True)
  File "/usr/lib/python3.10/subprocess.py", line 503, in run
    with Popen(*popenargs, **kwargs) as process:
  File "/usr/lib/python3.10/subprocess.py", line 971, in __init__
    self._execute_child(args, executable, preexec_fn, close_fds,
  File "/usr/lib/python3.10/subprocess.py", line 1863, in _execute_child
    raise child_exception_type(errno_num, err_msg, err_filename)
FileNotFoundError: [Errno 2] No such file or directory: 'llm_build/5f50037f-28a5-11f0-8afe-e10f5b0b7eea/Solution'

 79%|███████▉  | 1048/1319 [45:25<10:38,  2.36s/it] 80%|███████▉  | 1049/1319 [45:29<11:42,  2.60s/it] 80%|███████▉  | 1050/1319 [45:31<11:32,  2.58s/it] 80%|███████▉  | 1051/1319 [45:33<10:06,  2.26s/it] 80%|███████▉  | 1052/1319 [45:35<09:37,  2.16s/it] 80%|███████▉  | 1053/1319 [45:38<11:40,  2.63s/it] 80%|███████▉  | 1054/1319 [45:41<11:48,  2.67s/it] 80%|███████▉  | 1055/1319 [45:43<11:25,  2.59s/it]File "llm_build/6c254c58-28a5-11f0-8afe-e10f5b0b7eea/Solution.ml", line 4, characters 56-75:
4 | let increased_cost_monthly = normal_cost_monthly * (1 + increase_percentage) in
                                                            ^^^^^^^^^^^^^^^^^^^
Error: This expression has type "float" but an expression was expected of type
         "int"
Traceback (most recent call last):
  File "/home/doyle/Documents/COS484/COS484_PAL/.venv/lib/python3.10/site-packages/pal/core/interface.py", line 185, in run
    exec_result = self.execute(code)
  File "/home/doyle/Documents/COS484/COS484_PAL/.venv/lib/python3.10/site-packages/pal/core/interface.py", line 114, in execute
    self.runtime.exec_code('\n'.join(code))
  File "/home/doyle/Documents/COS484/COS484_PAL/.venv/lib/python3.10/site-packages/pal/core/runtime.py", line 145, in exec_code
    subprocess.run(["cp", "/dev/stdin", f"llm_build/{str(random_uuid)}/Solution.ml"], input=code, text=True)
  File "/usr/lib/python3.10/subprocess.py", line 503, in run
    with Popen(*popenargs, **kwargs) as process:
  File "/usr/lib/python3.10/subprocess.py", line 971, in __init__
    self._execute_child(args, executable, preexec_fn, close_fds,
  File "/usr/lib/python3.10/subprocess.py", line 1863, in _execute_child
    raise child_exception_type(errno_num, err_msg, err_filename)
FileNotFoundError: [Errno 2] No such file or directory: 'llm_build/6c254c58-28a5-11f0-8afe-e10f5b0b7eea/Solution'

 80%|████████  | 1056/1319 [45:45<10:18,  2.35s/it] 80%|████████  | 1057/1319 [45:49<11:42,  2.68s/it] 80%|████████  | 1058/1319 [45:51<10:34,  2.43s/it] 80%|████████  | 1059/1319 [45:53<10:10,  2.35s/it] 80%|████████  | 1060/1319 [45:54<09:06,  2.11s/it]File "llm_build/7287df16-28a5-11f0-8afe-e10f5b0b7eea/Solution.ml", line 4, characters 4-16:
4 | let total_slices = pizzas * slices_per_pizza in
        ^^^^^^^^^^^^
Warning 26 [unused-var]: unused variable total_slices.
 80%|████████  | 1061/1319 [45:56<08:33,  1.99s/it] 81%|████████  | 1062/1319 [45:57<07:55,  1.85s/it] 81%|████████  | 1063/1319 [46:03<13:00,  3.05s/it] 81%|████████  | 1064/1319 [46:05<11:42,  2.76s/it] 81%|████████  | 1065/1319 [46:07<10:36,  2.51s/it] 81%|████████  | 1066/1319 [46:11<11:51,  2.81s/it]File "llm_build/7d218134-28a5-11f0-8afe-e10f5b0b7eea/Solution.ml", line 5, characters 54-68:
5 | let football_team_pizzas_eaten = int_of_float (0.8 *. float_of_float football_team_pizzas) in
                                                          ^^^^^^^^^^^^^^
Error: Unbound value "float_of_float"
Traceback (most recent call last):
  File "/home/doyle/Documents/COS484/COS484_PAL/.venv/lib/python3.10/site-packages/pal/core/interface.py", line 185, in run
    exec_result = self.execute(code)
  File "/home/doyle/Documents/COS484/COS484_PAL/.venv/lib/python3.10/site-packages/pal/core/interface.py", line 114, in execute
    self.runtime.exec_code('\n'.join(code))
  File "/home/doyle/Documents/COS484/COS484_PAL/.venv/lib/python3.10/site-packages/pal/core/runtime.py", line 145, in exec_code
    subprocess.run(["cp", "/dev/stdin", f"llm_build/{str(random_uuid)}/Solution.ml"], input=code, text=True)
  File "/usr/lib/python3.10/subprocess.py", line 503, in run
    with Popen(*popenargs, **kwargs) as process:
  File "/usr/lib/python3.10/subprocess.py", line 971, in __init__
    self._execute_child(args, executable, preexec_fn, close_fds,
  File "/usr/lib/python3.10/subprocess.py", line 1863, in _execute_child
    raise child_exception_type(errno_num, err_msg, err_filename)
FileNotFoundError: [Errno 2] No such file or directory: 'llm_build/7d218134-28a5-11f0-8afe-e10f5b0b7eea/Solution'

 81%|████████  | 1067/1319 [46:14<11:53,  2.83s/it] 81%|████████  | 1068/1319 [46:16<10:34,  2.53s/it] 81%|████████  | 1069/1319 [46:17<09:22,  2.25s/it] 81%|████████  | 1070/1319 [46:20<10:20,  2.49s/it] 81%|████████  | 1071/1319 [46:22<09:07,  2.21s/it] 81%|████████▏ | 1072/1319 [46:24<09:26,  2.29s/it] 81%|████████▏ | 1073/1319 [46:26<08:44,  2.13s/it] 81%|████████▏ | 1074/1319 [46:28<09:09,  2.24s/it] 82%|████████▏ | 1075/1319 [46:30<08:29,  2.09s/it]File "llm_build/87e32208-28a5-11f0-8afe-e10f5b0b7eea/Solution.ml", line 7, characters 28-32:
7 | let quarters = money_left / 0.25 in
                                ^^^^
Error: This expression has type "float" but an expression was expected of type
         "int"
Traceback (most recent call last):
  File "/home/doyle/Documents/COS484/COS484_PAL/.venv/lib/python3.10/site-packages/pal/core/interface.py", line 185, in run
    exec_result = self.execute(code)
  File "/home/doyle/Documents/COS484/COS484_PAL/.venv/lib/python3.10/site-packages/pal/core/interface.py", line 114, in execute
    self.runtime.exec_code('\n'.join(code))
  File "/home/doyle/Documents/COS484/COS484_PAL/.venv/lib/python3.10/site-packages/pal/core/runtime.py", line 145, in exec_code
    subprocess.run(["cp", "/dev/stdin", f"llm_build/{str(random_uuid)}/Solution.ml"], input=code, text=True)
  File "/usr/lib/python3.10/subprocess.py", line 503, in run
    with Popen(*popenargs, **kwargs) as process:
  File "/usr/lib/python3.10/subprocess.py", line 971, in __init__
    self._execute_child(args, executable, preexec_fn, close_fds,
  File "/usr/lib/python3.10/subprocess.py", line 1863, in _execute_child
    raise child_exception_type(errno_num, err_msg, err_filename)
FileNotFoundError: [Errno 2] No such file or directory: 'llm_build/87e32208-28a5-11f0-8afe-e10f5b0b7eea/Solution'

 82%|████████▏ | 1076/1319 [46:32<07:48,  1.93s/it] 82%|████████▏ | 1077/1319 [46:38<12:49,  3.18s/it] 82%|████████▏ | 1078/1319 [46:41<12:59,  3.24s/it] 82%|████████▏ | 1079/1319 [46:44<12:28,  3.12s/it] 82%|████████▏ | 1080/1319 [46:46<11:12,  2.81s/it] 82%|████████▏ | 1081/1319 [46:48<10:07,  2.55s/it] 82%|████████▏ | 1082/1319 [46:49<08:37,  2.18s/it] 82%|████████▏ | 1083/1319 [46:51<07:59,  2.03s/it]File "llm_build/94868a7c-28a5-11f0-8afe-e10f5b0b7eea/Solution.ml", line 6, characters 38-53:
6 | let cost_individual = total_bananas * cost_per_banana in
                                          ^^^^^^^^^^^^^^^
Error: This expression has type "float" but an expression was expected of type
         "int"
Traceback (most recent call last):
  File "/home/doyle/Documents/COS484/COS484_PAL/.venv/lib/python3.10/site-packages/pal/core/interface.py", line 185, in run
    exec_result = self.execute(code)
  File "/home/doyle/Documents/COS484/COS484_PAL/.venv/lib/python3.10/site-packages/pal/core/interface.py", line 114, in execute
    self.runtime.exec_code('\n'.join(code))
  File "/home/doyle/Documents/COS484/COS484_PAL/.venv/lib/python3.10/site-packages/pal/core/runtime.py", line 145, in exec_code
    subprocess.run(["cp", "/dev/stdin", f"llm_build/{str(random_uuid)}/Solution.ml"], input=code, text=True)
  File "/usr/lib/python3.10/subprocess.py", line 503, in run
    with Popen(*popenargs, **kwargs) as process:
  File "/usr/lib/python3.10/subprocess.py", line 971, in __init__
    self._execute_child(args, executable, preexec_fn, close_fds,
  File "/usr/lib/python3.10/subprocess.py", line 1863, in _execute_child
    raise child_exception_type(errno_num, err_msg, err_filename)
FileNotFoundError: [Errno 2] No such file or directory: 'llm_build/94868a7c-28a5-11f0-8afe-e10f5b0b7eea/Solution'

 82%|████████▏ | 1084/1319 [46:53<07:44,  1.98s/it] 82%|████████▏ | 1085/1319 [46:55<07:21,  1.89s/it] 82%|████████▏ | 1086/1319 [46:56<07:12,  1.86s/it] 82%|████████▏ | 1087/1319 [47:01<10:06,  2.61s/it] 82%|████████▏ | 1088/1319 [47:04<10:24,  2.70s/it] 83%|████████▎ | 1089/1319 [47:07<10:42,  2.79s/it] 83%|████████▎ | 1090/1319 [47:08<09:19,  2.45s/it] 83%|████████▎ | 1091/1319 [47:10<08:29,  2.23s/it] 83%|████████▎ | 1092/1319 [47:12<07:32,  1.99s/it] 83%|████████▎ | 1093/1319 [47:13<07:16,  1.93s/it] 83%|████████▎ | 1094/1319 [47:16<08:22,  2.24s/it]File "llm_build/a4c372d8-28a5-11f0-8afe-e10f5b0b7eea/Solution.ml", line 7, characters 4-26:
7 | let sodas_taken_by_brother = 1 + 2 in
        ^^^^^^^^^^^^^^^^^^^^^^
Warning 26 [unused-var]: unused variable sodas_taken_by_brother.
 83%|████████▎ | 1095/1319 [47:20<10:16,  2.75s/it] 83%|████████▎ | 1096/1319 [47:22<09:06,  2.45s/it] 83%|████████▎ | 1097/1319 [47:26<10:26,  2.82s/it] 83%|████████▎ | 1098/1319 [47:28<09:25,  2.56s/it] 83%|████████▎ | 1099/1319 [47:29<08:17,  2.26s/it] 83%|████████▎ | 1100/1319 [47:32<08:38,  2.37s/it] 83%|████████▎ | 1101/1319 [47:34<08:26,  2.32s/it]File "llm_build/ae6b2b6e-28a5-11f0-8afe-e10f5b0b7eea/Solution.ml", line 5, characters 34-45:
5 | let ahito_miles = total_miles -. (amber_miles + micah_miles) in
                                      ^^^^^^^^^^^
Error: This expression has type "float" but an expression was expected of type
         "int"
Traceback (most recent call last):
  File "/home/doyle/Documents/COS484/COS484_PAL/.venv/lib/python3.10/site-packages/pal/core/interface.py", line 185, in run
    exec_result = self.execute(code)
  File "/home/doyle/Documents/COS484/COS484_PAL/.venv/lib/python3.10/site-packages/pal/core/interface.py", line 114, in execute
    self.runtime.exec_code('\n'.join(code))
  File "/home/doyle/Documents/COS484/COS484_PAL/.venv/lib/python3.10/site-packages/pal/core/runtime.py", line 145, in exec_code
    subprocess.run(["cp", "/dev/stdin", f"llm_build/{str(random_uuid)}/Solution.ml"], input=code, text=True)
  File "/usr/lib/python3.10/subprocess.py", line 503, in run
    with Popen(*popenargs, **kwargs) as process:
  File "/usr/lib/python3.10/subprocess.py", line 971, in __init__
    self._execute_child(args, executable, preexec_fn, close_fds,
  File "/usr/lib/python3.10/subprocess.py", line 1863, in _execute_child
    raise child_exception_type(errno_num, err_msg, err_filename)
FileNotFoundError: [Errno 2] No such file or directory: 'llm_build/ae6b2b6e-28a5-11f0-8afe-e10f5b0b7eea/Solution'

 84%|████████▎ | 1102/1319 [47:36<08:28,  2.34s/it]File "llm_build/afee5fa6-28a5-11f0-8afe-e10f5b0b7eea/Solution.ml", line 9, characters 26-40:
9 | let charge_after_return = initial_charge - return_item_cost in
                              ^^^^^^^^^^^^^^
Error: This expression has type "float" but an expression was expected of type
         "int"
Traceback (most recent call last):
  File "/home/doyle/Documents/COS484/COS484_PAL/.venv/lib/python3.10/site-packages/pal/core/interface.py", line 185, in run
    exec_result = self.execute(code)
  File "/home/doyle/Documents/COS484/COS484_PAL/.venv/lib/python3.10/site-packages/pal/core/interface.py", line 114, in execute
    self.runtime.exec_code('\n'.join(code))
  File "/home/doyle/Documents/COS484/COS484_PAL/.venv/lib/python3.10/site-packages/pal/core/runtime.py", line 145, in exec_code
    subprocess.run(["cp", "/dev/stdin", f"llm_build/{str(random_uuid)}/Solution.ml"], input=code, text=True)
  File "/usr/lib/python3.10/subprocess.py", line 503, in run
    with Popen(*popenargs, **kwargs) as process:
  File "/usr/lib/python3.10/subprocess.py", line 971, in __init__
    self._execute_child(args, executable, preexec_fn, close_fds,
  File "/usr/lib/python3.10/subprocess.py", line 1863, in _execute_child
    raise child_exception_type(errno_num, err_msg, err_filename)
FileNotFoundError: [Errno 2] No such file or directory: 'llm_build/afee5fa6-28a5-11f0-8afe-e10f5b0b7eea/Solution'

 84%|████████▎ | 1103/1319 [47:39<08:39,  2.41s/it]File "llm_build/b1ca73b4-28a5-11f0-8afe-e10f5b0b7eea/Solution.ml", line 7, characters 36-59:
7 | let total_jellyfish = int_of_float (jellyfish_changed_color /. fraction_changed_color /. fraction_large) in
                                        ^^^^^^^^^^^^^^^^^^^^^^^
Error: This expression has type "int" but an expression was expected of type
         "float"
Traceback (most recent call last):
  File "/home/doyle/Documents/COS484/COS484_PAL/.venv/lib/python3.10/site-packages/pal/core/interface.py", line 185, in run
    exec_result = self.execute(code)
  File "/home/doyle/Documents/COS484/COS484_PAL/.venv/lib/python3.10/site-packages/pal/core/interface.py", line 114, in execute
    self.runtime.exec_code('\n'.join(code))
  File "/home/doyle/Documents/COS484/COS484_PAL/.venv/lib/python3.10/site-packages/pal/core/runtime.py", line 145, in exec_code
    subprocess.run(["cp", "/dev/stdin", f"llm_build/{str(random_uuid)}/Solution.ml"], input=code, text=True)
  File "/usr/lib/python3.10/subprocess.py", line 503, in run
    with Popen(*popenargs, **kwargs) as process:
  File "/usr/lib/python3.10/subprocess.py", line 971, in __init__
    self._execute_child(args, executable, preexec_fn, close_fds,
  File "/usr/lib/python3.10/subprocess.py", line 1863, in _execute_child
    raise child_exception_type(errno_num, err_msg, err_filename)
FileNotFoundError: [Errno 2] No such file or directory: 'llm_build/b1ca73b4-28a5-11f0-8afe-e10f5b0b7eea/Solution'

 84%|████████▎ | 1104/1319 [47:42<09:22,  2.62s/it] 84%|████████▍ | 1105/1319 [47:43<07:41,  2.16s/it]File "llm_build/b4d2ac52-28a5-11f0-8afe-e10f5b0b7eea/Solution.ml", line 7, characters 42-59:
7 | let annual_living_cost = current_salary * living_percentage in
                                              ^^^^^^^^^^^^^^^^^
Error: This expression has type "float" but an expression was expected of type
         "int"
Traceback (most recent call last):
  File "/home/doyle/Documents/COS484/COS484_PAL/.venv/lib/python3.10/site-packages/pal/core/interface.py", line 185, in run
    exec_result = self.execute(code)
  File "/home/doyle/Documents/COS484/COS484_PAL/.venv/lib/python3.10/site-packages/pal/core/interface.py", line 114, in execute
    self.runtime.exec_code('\n'.join(code))
  File "/home/doyle/Documents/COS484/COS484_PAL/.venv/lib/python3.10/site-packages/pal/core/runtime.py", line 145, in exec_code
    subprocess.run(["cp", "/dev/stdin", f"llm_build/{str(random_uuid)}/Solution.ml"], input=code, text=True)
  File "/usr/lib/python3.10/subprocess.py", line 503, in run
    with Popen(*popenargs, **kwargs) as process:
  File "/usr/lib/python3.10/subprocess.py", line 971, in __init__
    self._execute_child(args, executable, preexec_fn, close_fds,
  File "/usr/lib/python3.10/subprocess.py", line 1863, in _execute_child
    raise child_exception_type(errno_num, err_msg, err_filename)
FileNotFoundError: [Errno 2] No such file or directory: 'llm_build/b4d2ac52-28a5-11f0-8afe-e10f5b0b7eea/Solution'

 84%|████████▍ | 1106/1319 [47:47<09:37,  2.71s/it] 84%|████████▍ | 1107/1319 [47:48<08:04,  2.28s/it] 84%|████████▍ | 1108/1319 [47:50<06:48,  1.93s/it] 84%|████████▍ | 1109/1319 [47:51<06:40,  1.91s/it] 84%|████████▍ | 1110/1319 [47:54<06:52,  1.97s/it] 84%|████████▍ | 1111/1319 [47:56<07:15,  2.09s/it] 84%|████████▍ | 1112/1319 [47:58<07:17,  2.11s/it] 84%|████████▍ | 1113/1319 [48:00<06:33,  1.91s/it] 84%|████████▍ | 1114/1319 [48:03<07:58,  2.34s/it] 85%|████████▍ | 1115/1319 [48:04<07:04,  2.08s/it] 85%|████████▍ | 1116/1319 [48:11<11:45,  3.47s/it] 85%|████████▍ | 1117/1319 [48:13<10:05,  3.00s/it] 85%|████████▍ | 1118/1319 [48:14<08:31,  2.54s/it] 85%|████████▍ | 1119/1319 [48:22<13:45,  4.13s/it] 85%|████████▍ | 1120/1319 [48:24<11:27,  3.45s/it] 85%|████████▍ | 1121/1319 [48:26<09:27,  2.87s/it] 85%|████████▌ | 1122/1319 [48:27<07:50,  2.39s/it]File "llm_build/ce95cd72-28a5-11f0-8afe-e10f5b0b7eea/Solution.ml", line 4, characters 4-17:
4 | let toys_produced = total_toys_ordered - toys_needed_after_shift in
        ^^^^^^^^^^^^^
Warning 26 [unused-var]: unused variable toys_produced.
 85%|████████▌ | 1123/1319 [48:30<08:53,  2.72s/it] 85%|████████▌ | 1124/1319 [48:32<07:48,  2.40s/it] 85%|████████▌ | 1125/1319 [48:35<07:58,  2.47s/it] 85%|████████▌ | 1126/1319 [48:37<08:01,  2.49s/it] 85%|████████▌ | 1127/1319 [48:39<07:03,  2.21s/it]File "llm_build/d5434fe6-28a5-11f0-8afe-e10f5b0b7eea/Solution.ml", line 4, characters 24-28:
4 | let fastest_car_speed = 1.25 * float_of_int second_fastest_car_speed in
                            ^^^^
Error: This expression has type "float" but an expression was expected of type
         "int"
Traceback (most recent call last):
  File "/home/doyle/Documents/COS484/COS484_PAL/.venv/lib/python3.10/site-packages/pal/core/interface.py", line 185, in run
    exec_result = self.execute(code)
  File "/home/doyle/Documents/COS484/COS484_PAL/.venv/lib/python3.10/site-packages/pal/core/interface.py", line 114, in execute
    self.runtime.exec_code('\n'.join(code))
  File "/home/doyle/Documents/COS484/COS484_PAL/.venv/lib/python3.10/site-packages/pal/core/runtime.py", line 145, in exec_code
    subprocess.run(["cp", "/dev/stdin", f"llm_build/{str(random_uuid)}/Solution.ml"], input=code, text=True)
  File "/usr/lib/python3.10/subprocess.py", line 503, in run
    with Popen(*popenargs, **kwargs) as process:
  File "/usr/lib/python3.10/subprocess.py", line 971, in __init__
    self._execute_child(args, executable, preexec_fn, close_fds,
  File "/usr/lib/python3.10/subprocess.py", line 1863, in _execute_child
    raise child_exception_type(errno_num, err_msg, err_filename)
FileNotFoundError: [Errno 2] No such file or directory: 'llm_build/d5434fe6-28a5-11f0-8afe-e10f5b0b7eea/Solution'

 86%|████████▌ | 1128/1319 [48:42<07:37,  2.39s/it] 86%|████████▌ | 1129/1319 [48:43<06:49,  2.16s/it] 86%|████████▌ | 1130/1319 [48:47<08:17,  2.63s/it] 86%|████████▌ | 1131/1319 [48:50<08:47,  2.80s/it] 86%|████████▌ | 1132/1319 [48:53<08:22,  2.69s/it] 86%|████████▌ | 1133/1319 [48:55<07:55,  2.56s/it] 86%|████████▌ | 1134/1319 [48:57<07:22,  2.39s/it] 86%|████████▌ | 1135/1319 [48:58<06:34,  2.15s/it] 86%|████████▌ | 1136/1319 [49:00<06:27,  2.12s/it] 86%|████████▌ | 1137/1319 [49:02<05:55,  1.95s/it]File "llm_build/e2a9f216-28a5-11f0-8afe-e10f5b0b7eea/Solution.ml", line 3, characters 4-13:
3 | let temp_mug2 = 40 in
        ^^^^^^^^^
Warning 26 [unused-var]: unused variable temp_mug2.
 86%|████████▋ | 1138/1319 [49:04<05:59,  1.99s/it] 86%|████████▋ | 1139/1319 [49:07<06:49,  2.28s/it]File "llm_build/e695f366-28a5-11f0-8afe-e10f5b0b7eea/Solution.ml", line 7, characters 35-52:
7 | let discounted_cost = total_cost * (1.0 -. discount) in
                                       ^^^^^^^^^^^^^^^^^
Error: This expression has type "float" but an expression was expected of type
         "int"
Traceback (most recent call last):
  File "/home/doyle/Documents/COS484/COS484_PAL/.venv/lib/python3.10/site-packages/pal/core/interface.py", line 185, in run
    exec_result = self.execute(code)
  File "/home/doyle/Documents/COS484/COS484_PAL/.venv/lib/python3.10/site-packages/pal/core/interface.py", line 114, in execute
    self.runtime.exec_code('\n'.join(code))
  File "/home/doyle/Documents/COS484/COS484_PAL/.venv/lib/python3.10/site-packages/pal/core/runtime.py", line 145, in exec_code
    subprocess.run(["cp", "/dev/stdin", f"llm_build/{str(random_uuid)}/Solution.ml"], input=code, text=True)
  File "/usr/lib/python3.10/subprocess.py", line 503, in run
    with Popen(*popenargs, **kwargs) as process:
  File "/usr/lib/python3.10/subprocess.py", line 971, in __init__
    self._execute_child(args, executable, preexec_fn, close_fds,
  File "/usr/lib/python3.10/subprocess.py", line 1863, in _execute_child
    raise child_exception_type(errno_num, err_msg, err_filename)
FileNotFoundError: [Errno 2] No such file or directory: 'llm_build/e695f366-28a5-11f0-8afe-e10f5b0b7eea/Solution'

 86%|████████▋ | 1140/1319 [49:11<07:59,  2.68s/it] 87%|████████▋ | 1141/1319 [49:12<06:47,  2.29s/it] 87%|████████▋ | 1142/1319 [49:15<06:58,  2.36s/it] 87%|████████▋ | 1143/1319 [49:18<07:37,  2.60s/it] 87%|████████▋ | 1144/1319 [49:19<06:29,  2.23s/it] 87%|████████▋ | 1145/1319 [49:21<05:53,  2.03s/it] 87%|████████▋ | 1146/1319 [49:23<06:11,  2.15s/it] 87%|████████▋ | 1147/1319 [49:26<06:57,  2.42s/it] 87%|████████▋ | 1148/1319 [49:29<07:39,  2.69s/it] 87%|████████▋ | 1149/1319 [49:30<06:09,  2.17s/it] 87%|████████▋ | 1150/1319 [49:32<05:23,  1.91s/it] 87%|████████▋ | 1151/1319 [49:34<05:25,  1.93s/it] 87%|████████▋ | 1152/1319 [49:35<05:06,  1.83s/it] 87%|████████▋ | 1153/1319 [49:38<05:59,  2.16s/it] 87%|████████▋ | 1154/1319 [49:41<06:32,  2.38s/it] 88%|████████▊ | 1155/1319 [49:43<06:00,  2.20s/it] 88%|████████▊ | 1156/1319 [49:44<05:21,  1.97s/it] 88%|████████▊ | 1157/1319 [49:46<05:06,  1.89s/it] 88%|████████▊ | 1158/1319 [49:47<04:42,  1.76s/it]File "llm_build/fd811592-28a5-11f0-8afe-e10f5b0b7eea/Solution.ml", line 6, characters 26-45:
6 | let total_juices_needed = total_energy_needed /. energy_coverage_per_juice in
                              ^^^^^^^^^^^^^^^^^^^
Error: This expression has type "int" but an expression was expected of type
         "float"
Traceback (most recent call last):
  File "/home/doyle/Documents/COS484/COS484_PAL/.venv/lib/python3.10/site-packages/pal/core/interface.py", line 185, in run
    exec_result = self.execute(code)
  File "/home/doyle/Documents/COS484/COS484_PAL/.venv/lib/python3.10/site-packages/pal/core/interface.py", line 114, in execute
    self.runtime.exec_code('\n'.join(code))
  File "/home/doyle/Documents/COS484/COS484_PAL/.venv/lib/python3.10/site-packages/pal/core/runtime.py", line 145, in exec_code
    subprocess.run(["cp", "/dev/stdin", f"llm_build/{str(random_uuid)}/Solution.ml"], input=code, text=True)
  File "/usr/lib/python3.10/subprocess.py", line 503, in run
    with Popen(*popenargs, **kwargs) as process:
  File "/usr/lib/python3.10/subprocess.py", line 971, in __init__
    self._execute_child(args, executable, preexec_fn, close_fds,
  File "/usr/lib/python3.10/subprocess.py", line 1863, in _execute_child
    raise child_exception_type(errno_num, err_msg, err_filename)
FileNotFoundError: [Errno 2] No such file or directory: 'llm_build/fd811592-28a5-11f0-8afe-e10f5b0b7eea/Solution'

 88%|████████▊ | 1159/1319 [49:49<04:35,  1.72s/it] 88%|████████▊ | 1160/1319 [49:51<04:47,  1.81s/it] 88%|████████▊ | 1161/1319 [49:53<04:31,  1.72s/it] 88%|████████▊ | 1162/1319 [49:55<04:39,  1.78s/it] 88%|████████▊ | 1163/1319 [49:56<04:24,  1.70s/it] 88%|████████▊ | 1164/1319 [49:58<04:22,  1.70s/it] 88%|████████▊ | 1165/1319 [50:01<05:19,  2.08s/it] 88%|████████▊ | 1166/1319 [50:04<06:27,  2.53s/it] 88%|████████▊ | 1167/1319 [50:07<06:21,  2.51s/it] 89%|████████▊ | 1168/1319 [50:08<05:23,  2.15s/it] 89%|████████▊ | 1169/1319 [50:09<04:48,  1.92s/it] 89%|████████▊ | 1170/1319 [50:12<05:10,  2.08s/it] 89%|████████▉ | 1171/1319 [50:14<05:25,  2.20s/it] 89%|████████▉ | 1172/1319 [50:17<05:57,  2.44s/it] 89%|████████▉ | 1173/1319 [50:21<06:55,  2.85s/it] 89%|████████▉ | 1174/1319 [50:23<06:24,  2.65s/it] 89%|████████▉ | 1175/1319 [50:27<06:49,  2.84s/it] 89%|████████▉ | 1176/1319 [50:29<06:43,  2.82s/it] 89%|████████▉ | 1177/1319 [50:33<07:08,  3.02s/it] 89%|████████▉ | 1178/1319 [50:36<06:53,  2.94s/it] 89%|████████▉ | 1179/1319 [50:37<05:42,  2.45s/it] 89%|████████▉ | 1180/1319 [50:39<05:14,  2.26s/it] 90%|████████▉ | 1181/1319 [50:42<05:44,  2.49s/it]File "llm_build/1cecbcb1-28a6-11f0-8afe-e10f5b0b7eea/Solution.ml", line 4, characters 4-25:
4 | let colin_age_in_25_years = colin_age_now + 25 in
        ^^^^^^^^^^^^^^^^^^^^^
Warning 26 [unused-var]: unused variable colin_age_in_25_years.

File "llm_build/1cecbcb1-28a6-11f0-8afe-e10f5b0b7eea/Solution.ml", line 5, characters 4-25:
5 | let wendy_age_in_25_years = wendy_age_now + 25 in
        ^^^^^^^^^^^^^^^^^^^^^
Warning 26 [unused-var]: unused variable wendy_age_in_25_years.
 90%|████████▉ | 1182/1319 [50:43<04:59,  2.19s/it] 90%|████████▉ | 1183/1319 [50:47<06:12,  2.74s/it]File "llm_build/21a3a46c-28a6-11f0-8afe-e10f5b0b7eea/Solution.ml", line 6, characters 4-23:
6 | let apples_thrown_first = 1 in
        ^^^^^^^^^^^^^^^^^^^
Warning 26 [unused-var]: unused variable apples_thrown_first.
 90%|████████▉ | 1184/1319 [50:50<05:56,  2.64s/it] 90%|████████▉ | 1185/1319 [50:51<05:03,  2.26s/it] 90%|████████▉ | 1186/1319 [50:54<05:07,  2.31s/it] 90%|████████▉ | 1187/1319 [50:55<04:44,  2.16s/it] 90%|█████████ | 1188/1319 [50:59<05:24,  2.48s/it] 90%|█████████ | 1189/1319 [51:04<07:27,  3.45s/it]File "llm_build/2b959188-28a6-11f0-8afe-e10f5b0b7eea/Solution.ml", line 2, characters 4-15:
2 | let doxa_slices = 8 in
        ^^^^^^^^^^^
Warning 26 [unused-var]: unused variable doxa_slices.
 90%|█████████ | 1190/1319 [51:06<06:34,  3.05s/it] 90%|█████████ | 1191/1319 [51:12<07:58,  3.74s/it] 90%|█████████ | 1192/1319 [51:14<06:58,  3.29s/it]File "llm_build/31cb34f4-28a6-11f0-8afe-e10f5b0b7eea/Solution.ml", line 8, characters 53-69:
8 | let total_earnings = (total_hours *. hourly_rate) +. attendance_bonus in
                                                         ^^^^^^^^^^^^^^^^
Error: This expression has type "int" but an expression was expected of type
         "float"
Traceback (most recent call last):
  File "/home/doyle/Documents/COS484/COS484_PAL/.venv/lib/python3.10/site-packages/pal/core/interface.py", line 185, in run
    exec_result = self.execute(code)
  File "/home/doyle/Documents/COS484/COS484_PAL/.venv/lib/python3.10/site-packages/pal/core/interface.py", line 114, in execute
    self.runtime.exec_code('\n'.join(code))
  File "/home/doyle/Documents/COS484/COS484_PAL/.venv/lib/python3.10/site-packages/pal/core/runtime.py", line 145, in exec_code
    subprocess.run(["cp", "/dev/stdin", f"llm_build/{str(random_uuid)}/Solution.ml"], input=code, text=True)
  File "/usr/lib/python3.10/subprocess.py", line 503, in run
    with Popen(*popenargs, **kwargs) as process:
  File "/usr/lib/python3.10/subprocess.py", line 971, in __init__
    self._execute_child(args, executable, preexec_fn, close_fds,
  File "/usr/lib/python3.10/subprocess.py", line 1863, in _execute_child
    raise child_exception_type(errno_num, err_msg, err_filename)
FileNotFoundError: [Errno 2] No such file or directory: 'llm_build/31cb34f4-28a6-11f0-8afe-e10f5b0b7eea/Solution'

 90%|█████████ | 1193/1319 [51:17<06:37,  3.15s/it] 91%|█████████ | 1194/1319 [51:19<06:09,  2.95s/it] 91%|█████████ | 1195/1319 [51:22<05:40,  2.75s/it] 91%|█████████ | 1196/1319 [51:25<05:45,  2.81s/it] 91%|█████████ | 1197/1319 [51:26<04:55,  2.43s/it] 91%|█████████ | 1198/1319 [51:29<05:00,  2.49s/it] 91%|█████████ | 1199/1319 [51:32<05:17,  2.64s/it] 91%|█████████ | 1200/1319 [51:34<05:16,  2.66s/it] 91%|█████████ | 1201/1319 [51:39<06:38,  3.38s/it] 91%|█████████ | 1202/1319 [51:41<05:38,  2.89s/it] 91%|█████████ | 1203/1319 [51:44<05:44,  2.97s/it] 91%|█████████▏| 1204/1319 [51:46<04:49,  2.52s/it] 91%|█████████▏| 1205/1319 [51:50<05:47,  3.05s/it] 91%|█████████▏| 1206/1319 [51:52<04:59,  2.65s/it] 92%|█████████▏| 1207/1319 [51:54<04:51,  2.61s/it] 92%|█████████▏| 1208/1319 [51:57<04:46,  2.58s/it] 92%|█████████▏| 1209/1319 [51:58<03:58,  2.17s/it] 92%|█████████▏| 1210/1319 [52:23<16:12,  8.93s/it] 92%|█████████▏| 1211/1319 [52:25<12:43,  7.07s/it] 92%|█████████▏| 1212/1319 [52:27<09:36,  5.39s/it] 92%|█████████▏| 1213/1319 [52:29<07:42,  4.37s/it]File "llm_build/5e0528a4-28a6-11f0-8afe-e10f5b0b7eea/Solution.ml", line 7, characters 39-52:
7 | let total_interest = borrowed_amount * interest_rate in
                                           ^^^^^^^^^^^^^
Error: This expression has type "float" but an expression was expected of type
         "int"
Traceback (most recent call last):
  File "/home/doyle/Documents/COS484/COS484_PAL/.venv/lib/python3.10/site-packages/pal/core/interface.py", line 185, in run
    exec_result = self.execute(code)
  File "/home/doyle/Documents/COS484/COS484_PAL/.venv/lib/python3.10/site-packages/pal/core/interface.py", line 114, in execute
    self.runtime.exec_code('\n'.join(code))
  File "/home/doyle/Documents/COS484/COS484_PAL/.venv/lib/python3.10/site-packages/pal/core/runtime.py", line 145, in exec_code
    subprocess.run(["cp", "/dev/stdin", f"llm_build/{str(random_uuid)}/Solution.ml"], input=code, text=True)
  File "/usr/lib/python3.10/subprocess.py", line 503, in run
    with Popen(*popenargs, **kwargs) as process:
  File "/usr/lib/python3.10/subprocess.py", line 971, in __init__
    self._execute_child(args, executable, preexec_fn, close_fds,
  File "/usr/lib/python3.10/subprocess.py", line 1863, in _execute_child
    raise child_exception_type(errno_num, err_msg, err_filename)
FileNotFoundError: [Errno 2] No such file or directory: 'llm_build/5e0528a4-28a6-11f0-8afe-e10f5b0b7eea/Solution'

 92%|█████████▏| 1214/1319 [52:31<06:26,  3.68s/it] 92%|█████████▏| 1215/1319 [52:33<05:30,  3.18s/it]File "llm_build/60ada9fa-28a6-11f0-8afe-e10f5b0b7eea/Solution.ml", line 11, characters 23-46:
11 | let effective_volume = float_of_int jar_volume * packing_efficiency in
                            ^^^^^^^^^^^^^^^^^^^^^^^
Error: This expression has type "float" but an expression was expected of type
         "int"
Traceback (most recent call last):
  File "/home/doyle/Documents/COS484/COS484_PAL/.venv/lib/python3.10/site-packages/pal/core/interface.py", line 185, in run
    exec_result = self.execute(code)
  File "/home/doyle/Documents/COS484/COS484_PAL/.venv/lib/python3.10/site-packages/pal/core/interface.py", line 114, in execute
    self.runtime.exec_code('\n'.join(code))
  File "/home/doyle/Documents/COS484/COS484_PAL/.venv/lib/python3.10/site-packages/pal/core/runtime.py", line 145, in exec_code
    subprocess.run(["cp", "/dev/stdin", f"llm_build/{str(random_uuid)}/Solution.ml"], input=code, text=True)
  File "/usr/lib/python3.10/subprocess.py", line 503, in run
    with Popen(*popenargs, **kwargs) as process:
  File "/usr/lib/python3.10/subprocess.py", line 971, in __init__
    self._execute_child(args, executable, preexec_fn, close_fds,
  File "/usr/lib/python3.10/subprocess.py", line 1863, in _execute_child
    raise child_exception_type(errno_num, err_msg, err_filename)
FileNotFoundError: [Errno 2] No such file or directory: 'llm_build/60ada9fa-28a6-11f0-8afe-e10f5b0b7eea/Solution'

 92%|█████████▏| 1216/1319 [52:35<05:04,  2.96s/it] 92%|█████████▏| 1217/1319 [52:38<04:42,  2.77s/it] 92%|█████████▏| 1218/1319 [52:42<05:09,  3.07s/it] 92%|█████████▏| 1219/1319 [52:44<04:54,  2.95s/it] 92%|█████████▏| 1220/1319 [52:46<04:29,  2.72s/it] 93%|█████████▎| 1221/1319 [52:47<03:37,  2.22s/it] 93%|█████████▎| 1222/1319 [52:49<03:25,  2.12s/it] 93%|█████████▎| 1223/1319 [52:51<03:09,  1.98s/it]File "llm_build/6b0ef3ea-28a6-11f0-8afe-e10f5b0b7eea/Solution.ml", line 11, characters 17-29:
11 | let total_cost = initial_cost + reduced_cost in
                      ^^^^^^^^^^^^
Error: This expression has type "float" but an expression was expected of type
         "int"
Traceback (most recent call last):
  File "/home/doyle/Documents/COS484/COS484_PAL/.venv/lib/python3.10/site-packages/pal/core/interface.py", line 185, in run
    exec_result = self.execute(code)
  File "/home/doyle/Documents/COS484/COS484_PAL/.venv/lib/python3.10/site-packages/pal/core/interface.py", line 114, in execute
    self.runtime.exec_code('\n'.join(code))
  File "/home/doyle/Documents/COS484/COS484_PAL/.venv/lib/python3.10/site-packages/pal/core/runtime.py", line 145, in exec_code
    subprocess.run(["cp", "/dev/stdin", f"llm_build/{str(random_uuid)}/Solution.ml"], input=code, text=True)
  File "/usr/lib/python3.10/subprocess.py", line 503, in run
    with Popen(*popenargs, **kwargs) as process:
  File "/usr/lib/python3.10/subprocess.py", line 971, in __init__
    self._execute_child(args, executable, preexec_fn, close_fds,
  File "/usr/lib/python3.10/subprocess.py", line 1863, in _execute_child
    raise child_exception_type(errno_num, err_msg, err_filename)
FileNotFoundError: [Errno 2] No such file or directory: 'llm_build/6b0ef3ea-28a6-11f0-8afe-e10f5b0b7eea/Solution'

 93%|█████████▎| 1224/1319 [52:53<03:05,  1.95s/it] 93%|█████████▎| 1225/1319 [52:55<03:17,  2.10s/it] 93%|█████████▎| 1226/1319 [52:58<03:27,  2.23s/it]File "llm_build/6fa12bf8-28a6-11f0-8afe-e10f5b0b7eea/Solution.ml", line 9, characters 43-56:
9 | let discount_amount = total_service_cost * discount_rate in
                                               ^^^^^^^^^^^^^
Error: This expression has type "float" but an expression was expected of type
         "int"
Traceback (most recent call last):
  File "/home/doyle/Documents/COS484/COS484_PAL/.venv/lib/python3.10/site-packages/pal/core/interface.py", line 185, in run
    exec_result = self.execute(code)
  File "/home/doyle/Documents/COS484/COS484_PAL/.venv/lib/python3.10/site-packages/pal/core/interface.py", line 114, in execute
    self.runtime.exec_code('\n'.join(code))
  File "/home/doyle/Documents/COS484/COS484_PAL/.venv/lib/python3.10/site-packages/pal/core/runtime.py", line 145, in exec_code
    subprocess.run(["cp", "/dev/stdin", f"llm_build/{str(random_uuid)}/Solution.ml"], input=code, text=True)
  File "/usr/lib/python3.10/subprocess.py", line 503, in run
    with Popen(*popenargs, **kwargs) as process:
  File "/usr/lib/python3.10/subprocess.py", line 971, in __init__
    self._execute_child(args, executable, preexec_fn, close_fds,
  File "/usr/lib/python3.10/subprocess.py", line 1863, in _execute_child
    raise child_exception_type(errno_num, err_msg, err_filename)
FileNotFoundError: [Errno 2] No such file or directory: 'llm_build/6fa12bf8-28a6-11f0-8afe-e10f5b0b7eea/Solution'

 93%|█████████▎| 1227/1319 [53:01<03:37,  2.37s/it] 93%|█████████▎| 1228/1319 [53:03<03:50,  2.53s/it] 93%|█████████▎| 1229/1319 [53:05<03:29,  2.33s/it] 93%|█████████▎| 1230/1319 [53:07<03:07,  2.10s/it]File "llm_build/759f9bb6-28a6-11f0-8afe-e10f5b0b7eea/Solution.ml", line 4, characters 40-56:
4 | let veteran_rate = standard_rate * (1 - veteran_discount) in
                                            ^^^^^^^^^^^^^^^^
Error: This expression has type "float" but an expression was expected of type
         "int"
Traceback (most recent call last):
  File "/home/doyle/Documents/COS484/COS484_PAL/.venv/lib/python3.10/site-packages/pal/core/interface.py", line 185, in run
    exec_result = self.execute(code)
  File "/home/doyle/Documents/COS484/COS484_PAL/.venv/lib/python3.10/site-packages/pal/core/interface.py", line 114, in execute
    self.runtime.exec_code('\n'.join(code))
  File "/home/doyle/Documents/COS484/COS484_PAL/.venv/lib/python3.10/site-packages/pal/core/runtime.py", line 145, in exec_code
    subprocess.run(["cp", "/dev/stdin", f"llm_build/{str(random_uuid)}/Solution.ml"], input=code, text=True)
  File "/usr/lib/python3.10/subprocess.py", line 503, in run
    with Popen(*popenargs, **kwargs) as process:
  File "/usr/lib/python3.10/subprocess.py", line 971, in __init__
    self._execute_child(args, executable, preexec_fn, close_fds,
  File "/usr/lib/python3.10/subprocess.py", line 1863, in _execute_child
    raise child_exception_type(errno_num, err_msg, err_filename)
FileNotFoundError: [Errno 2] No such file or directory: 'llm_build/759f9bb6-28a6-11f0-8afe-e10f5b0b7eea/Solution'

 93%|█████████▎| 1231/1319 [53:11<03:47,  2.58s/it] 93%|█████████▎| 1232/1319 [53:13<03:40,  2.54s/it] 93%|█████████▎| 1233/1319 [53:26<08:19,  5.80s/it] 94%|█████████▎| 1234/1319 [53:28<06:32,  4.62s/it] 94%|█████████▎| 1235/1319 [53:30<05:13,  3.73s/it] 94%|█████████▎| 1236/1319 [53:32<04:23,  3.17s/it] 94%|█████████▍| 1237/1319 [53:34<03:53,  2.85s/it] 94%|█████████▍| 1238/1319 [53:35<03:15,  2.42s/it] 94%|█████████▍| 1239/1319 [53:37<02:56,  2.21s/it] 94%|█████████▍| 1240/1319 [53:41<03:40,  2.79s/it] 94%|█████████▍| 1241/1319 [53:45<03:52,  2.98s/it]File "llm_build/8b885814-28a6-11f0-8afe-e10f5b0b7eea/Solution.ml", line 9, characters 20-49:
9 | let total_revenue = float_of_int (total_eggs / 3) * selling_price_per_3_eggs in
                        ^^^^^^^^^^^^^^^^^^^^^^^^^^^^^
Error: This expression has type "float" but an expression was expected of type
         "int"
Traceback (most recent call last):
  File "/home/doyle/Documents/COS484/COS484_PAL/.venv/lib/python3.10/site-packages/pal/core/interface.py", line 185, in run
    exec_result = self.execute(code)
  File "/home/doyle/Documents/COS484/COS484_PAL/.venv/lib/python3.10/site-packages/pal/core/interface.py", line 114, in execute
    self.runtime.exec_code('\n'.join(code))
  File "/home/doyle/Documents/COS484/COS484_PAL/.venv/lib/python3.10/site-packages/pal/core/runtime.py", line 145, in exec_code
    subprocess.run(["cp", "/dev/stdin", f"llm_build/{str(random_uuid)}/Solution.ml"], input=code, text=True)
  File "/usr/lib/python3.10/subprocess.py", line 503, in run
    with Popen(*popenargs, **kwargs) as process:
  File "/usr/lib/python3.10/subprocess.py", line 971, in __init__
    self._execute_child(args, executable, preexec_fn, close_fds,
  File "/usr/lib/python3.10/subprocess.py", line 1863, in _execute_child
    raise child_exception_type(errno_num, err_msg, err_filename)
FileNotFoundError: [Errno 2] No such file or directory: 'llm_build/8b885814-28a6-11f0-8afe-e10f5b0b7eea/Solution'

 94%|█████████▍| 1242/1319 [53:47<03:43,  2.91s/it] 94%|█████████▍| 1243/1319 [53:50<03:24,  2.69s/it] 94%|█████████▍| 1244/1319 [53:52<03:04,  2.46s/it] 94%|█████████▍| 1245/1319 [53:54<03:04,  2.49s/it] 94%|█████████▍| 1246/1319 [53:57<03:21,  2.76s/it] 95%|█████████▍| 1247/1319 [54:01<03:36,  3.01s/it] 95%|█████████▍| 1248/1319 [54:04<03:25,  2.90s/it] 95%|█████████▍| 1249/1319 [54:06<03:11,  2.74s/it] 95%|█████████▍| 1250/1319 [54:14<04:56,  4.30s/it] 95%|█████████▍| 1251/1319 [54:16<04:04,  3.60s/it] 95%|█████████▍| 1252/1319 [54:18<03:23,  3.04s/it] 95%|█████████▍| 1253/1319 [54:19<02:55,  2.66s/it] 95%|█████████▌| 1254/1319 [54:21<02:37,  2.42s/it] 95%|█████████▌| 1255/1319 [54:23<02:27,  2.30s/it]File "llm_build/a2312488-28a6-11f0-8afe-e10f5b0b7eea/Solution.ml", line 11, characters 12-18:
11 | print_float result
                 ^^^^^^
Error: This expression has type "int" but an expression was expected of type
         "float"
Traceback (most recent call last):
  File "/home/doyle/Documents/COS484/COS484_PAL/.venv/lib/python3.10/site-packages/pal/core/interface.py", line 185, in run
    exec_result = self.execute(code)
  File "/home/doyle/Documents/COS484/COS484_PAL/.venv/lib/python3.10/site-packages/pal/core/interface.py", line 114, in execute
    self.runtime.exec_code('\n'.join(code))
  File "/home/doyle/Documents/COS484/COS484_PAL/.venv/lib/python3.10/site-packages/pal/core/runtime.py", line 145, in exec_code
    subprocess.run(["cp", "/dev/stdin", f"llm_build/{str(random_uuid)}/Solution.ml"], input=code, text=True)
  File "/usr/lib/python3.10/subprocess.py", line 503, in run
    with Popen(*popenargs, **kwargs) as process:
  File "/usr/lib/python3.10/subprocess.py", line 971, in __init__
    self._execute_child(args, executable, preexec_fn, close_fds,
  File "/usr/lib/python3.10/subprocess.py", line 1863, in _execute_child
    raise child_exception_type(errno_num, err_msg, err_filename)
FileNotFoundError: [Errno 2] No such file or directory: 'llm_build/a2312488-28a6-11f0-8afe-e10f5b0b7eea/Solution'

 95%|█████████▌| 1256/1319 [54:25<02:20,  2.22s/it] 95%|█████████▌| 1257/1319 [54:29<02:40,  2.58s/it] 95%|█████████▌| 1258/1319 [54:30<02:19,  2.29s/it] 95%|█████████▌| 1259/1319 [54:32<02:01,  2.03s/it] 96%|█████████▌| 1260/1319 [54:33<01:49,  1.85s/it] 96%|█████████▌| 1261/1319 [54:35<01:43,  1.78s/it] 96%|█████████▌| 1262/1319 [54:37<01:51,  1.96s/it] 96%|█████████▌| 1263/1319 [54:42<02:41,  2.88s/it] 96%|█████████▌| 1264/1319 [54:45<02:32,  2.78s/it] 96%|█████████▌| 1265/1319 [54:48<02:37,  2.91s/it] 96%|█████████▌| 1266/1319 [54:51<02:29,  2.81s/it] 96%|█████████▌| 1267/1319 [54:53<02:24,  2.77s/it] 96%|█████████▌| 1268/1319 [54:55<02:09,  2.54s/it] 96%|█████████▌| 1269/1319 [54:57<01:52,  2.25s/it] 96%|█████████▋| 1270/1319 [55:02<02:37,  3.21s/it]File "llm_build/bad7631c-28a6-11f0-8afe-e10f5b0b7eea/Solution.ml", line 7, characters 40-68:
7 | let value_after_year_1 = boat_initial * (1.0 -. depreciation_year_1) in
                                            ^^^^^^^^^^^^^^^^^^^^^^^^^^^^
Error: This expression has type "float" but an expression was expected of type
         "int"
Traceback (most recent call last):
  File "/home/doyle/Documents/COS484/COS484_PAL/.venv/lib/python3.10/site-packages/pal/core/interface.py", line 185, in run
    exec_result = self.execute(code)
  File "/home/doyle/Documents/COS484/COS484_PAL/.venv/lib/python3.10/site-packages/pal/core/interface.py", line 114, in execute
    self.runtime.exec_code('\n'.join(code))
  File "/home/doyle/Documents/COS484/COS484_PAL/.venv/lib/python3.10/site-packages/pal/core/runtime.py", line 145, in exec_code
    subprocess.run(["cp", "/dev/stdin", f"llm_build/{str(random_uuid)}/Solution.ml"], input=code, text=True)
  File "/usr/lib/python3.10/subprocess.py", line 503, in run
    with Popen(*popenargs, **kwargs) as process:
  File "/usr/lib/python3.10/subprocess.py", line 971, in __init__
    self._execute_child(args, executable, preexec_fn, close_fds,
  File "/usr/lib/python3.10/subprocess.py", line 1863, in _execute_child
    raise child_exception_type(errno_num, err_msg, err_filename)
FileNotFoundError: [Errno 2] No such file or directory: 'llm_build/bad7631c-28a6-11f0-8afe-e10f5b0b7eea/Solution'

 96%|█████████▋| 1271/1319 [55:07<02:51,  3.57s/it] 96%|█████████▋| 1272/1319 [55:09<02:22,  3.02s/it]File "llm_build/bd1378a0-28a6-11f0-8afe-e10f5b0b7eea/Solution.ml", line 5, characters 24-27:
5 | let bus_cost_per_trip = 0.1 * float_of_int hotel_cost_per_night in
                            ^^^
Error: This expression has type "float" but an expression was expected of type
         "int"
Traceback (most recent call last):
  File "/home/doyle/Documents/COS484/COS484_PAL/.venv/lib/python3.10/site-packages/pal/core/interface.py", line 185, in run
    exec_result = self.execute(code)
  File "/home/doyle/Documents/COS484/COS484_PAL/.venv/lib/python3.10/site-packages/pal/core/interface.py", line 114, in execute
    self.runtime.exec_code('\n'.join(code))
  File "/home/doyle/Documents/COS484/COS484_PAL/.venv/lib/python3.10/site-packages/pal/core/runtime.py", line 145, in exec_code
    subprocess.run(["cp", "/dev/stdin", f"llm_build/{str(random_uuid)}/Solution.ml"], input=code, text=True)
  File "/usr/lib/python3.10/subprocess.py", line 503, in run
    with Popen(*popenargs, **kwargs) as process:
  File "/usr/lib/python3.10/subprocess.py", line 971, in __init__
    self._execute_child(args, executable, preexec_fn, close_fds,
  File "/usr/lib/python3.10/subprocess.py", line 1863, in _execute_child
    raise child_exception_type(errno_num, err_msg, err_filename)
FileNotFoundError: [Errno 2] No such file or directory: 'llm_build/bd1378a0-28a6-11f0-8afe-e10f5b0b7eea/Solution'

 97%|█████████▋| 1273/1319 [55:11<02:05,  2.72s/it] 97%|█████████▋| 1274/1319 [55:12<01:50,  2.45s/it] 97%|█████████▋| 1275/1319 [55:14<01:41,  2.30s/it] 97%|█████████▋| 1276/1319 [55:16<01:32,  2.14s/it] 97%|█████████▋| 1277/1319 [55:17<01:19,  1.90s/it] 97%|█████████▋| 1278/1319 [55:19<01:10,  1.71s/it] 97%|█████████▋| 1279/1319 [55:21<01:12,  1.81s/it] 97%|█████████▋| 1280/1319 [55:23<01:21,  2.10s/it] 97%|█████████▋| 1281/1319 [55:27<01:36,  2.54s/it] 97%|█████████▋| 1282/1319 [55:29<01:28,  2.38s/it] 97%|█████████▋| 1283/1319 [55:34<01:57,  3.26s/it] 97%|█████████▋| 1284/1319 [55:45<03:14,  5.55s/it] 97%|█████████▋| 1285/1319 [55:49<02:49,  4.99s/it] 97%|█████████▋| 1286/1319 [55:51<02:16,  4.13s/it] 98%|█████████▊| 1287/1319 [55:53<01:52,  3.52s/it] 98%|█████████▊| 1288/1319 [55:55<01:34,  3.06s/it] 98%|█████████▊| 1289/1319 [55:58<01:33,  3.11s/it] 98%|█████████▊| 1290/1319 [56:00<01:19,  2.76s/it] 98%|█████████▊| 1291/1319 [56:02<01:06,  2.38s/it] 98%|█████████▊| 1292/1319 [56:03<00:54,  2.03s/it]File "llm_build/dd66d9d0-28a6-11f0-8afe-e10f5b0b7eea/Solution.ml", line 1, characters 0-2:
1 | (* Jackie grew 3" over the summer. She is now 2" shorter than Anne, who is twice the size of Albert. If Albert is 36" tall, how tall was Jackie before summer? *)
    ^^
Error: This comment contains an unterminated string literal
File "llm_build/dd66d9d0-28a6-11f0-8afe-e10f5b0b7eea/Solution.ml", line 1, characters 116-117:
1 | (* Jackie grew 3" over the summer. She is now 2" shorter than Anne, who is twice the size of Albert. If Albert is 36" tall, how tall was Jackie before summer? *)
                                                                                                                        ^
  String literal begins here
Traceback (most recent call last):
  File "/home/doyle/Documents/COS484/COS484_PAL/.venv/lib/python3.10/site-packages/pal/core/interface.py", line 185, in run
    exec_result = self.execute(code)
  File "/home/doyle/Documents/COS484/COS484_PAL/.venv/lib/python3.10/site-packages/pal/core/interface.py", line 114, in execute
    self.runtime.exec_code('\n'.join(code))
  File "/home/doyle/Documents/COS484/COS484_PAL/.venv/lib/python3.10/site-packages/pal/core/runtime.py", line 145, in exec_code
    subprocess.run(["cp", "/dev/stdin", f"llm_build/{str(random_uuid)}/Solution.ml"], input=code, text=True)
  File "/usr/lib/python3.10/subprocess.py", line 503, in run
    with Popen(*popenargs, **kwargs) as process:
  File "/usr/lib/python3.10/subprocess.py", line 971, in __init__
    self._execute_child(args, executable, preexec_fn, close_fds,
  File "/usr/lib/python3.10/subprocess.py", line 1863, in _execute_child
    raise child_exception_type(errno_num, err_msg, err_filename)
FileNotFoundError: [Errno 2] No such file or directory: 'llm_build/dd66d9d0-28a6-11f0-8afe-e10f5b0b7eea/Solution'

 98%|█████████▊| 1293/1319 [56:05<00:50,  1.93s/it] 98%|█████████▊| 1294/1319 [56:06<00:44,  1.79s/it]File "llm_build/e04fc9b8-28a6-11f0-8afe-e10f5b0b7eea/Solution.ml", line 5, characters 57-82:
5 | let total_tshirt_cost = t_shirt_price + (t_shirt_price * discount_on_second_tshirt) in
                                                             ^^^^^^^^^^^^^^^^^^^^^^^^^
Error: This expression has type "float" but an expression was expected of type
         "int"
Traceback (most recent call last):
  File "/home/doyle/Documents/COS484/COS484_PAL/.venv/lib/python3.10/site-packages/pal/core/interface.py", line 185, in run
    exec_result = self.execute(code)
  File "/home/doyle/Documents/COS484/COS484_PAL/.venv/lib/python3.10/site-packages/pal/core/interface.py", line 114, in execute
    self.runtime.exec_code('\n'.join(code))
  File "/home/doyle/Documents/COS484/COS484_PAL/.venv/lib/python3.10/site-packages/pal/core/runtime.py", line 145, in exec_code
    subprocess.run(["cp", "/dev/stdin", f"llm_build/{str(random_uuid)}/Solution.ml"], input=code, text=True)
  File "/usr/lib/python3.10/subprocess.py", line 503, in run
    with Popen(*popenargs, **kwargs) as process:
  File "/usr/lib/python3.10/subprocess.py", line 971, in __init__
    self._execute_child(args, executable, preexec_fn, close_fds,
  File "/usr/lib/python3.10/subprocess.py", line 1863, in _execute_child
    raise child_exception_type(errno_num, err_msg, err_filename)
FileNotFoundError: [Errno 2] No such file or directory: 'llm_build/e04fc9b8-28a6-11f0-8afe-e10f5b0b7eea/Solution'

 98%|█████████▊| 1295/1319 [56:10<00:54,  2.28s/it]File "llm_build/e1832dac-28a6-11f0-8afe-e10f5b0b7eea/Solution.ml", line 9, characters 17-32:
9 | let money_left = total_allowance -. total_ice_cream_cost in
                     ^^^^^^^^^^^^^^^
Error: This expression has type "int" but an expression was expected of type
         "float"
Traceback (most recent call last):
  File "/home/doyle/Documents/COS484/COS484_PAL/.venv/lib/python3.10/site-packages/pal/core/interface.py", line 185, in run
    exec_result = self.execute(code)
  File "/home/doyle/Documents/COS484/COS484_PAL/.venv/lib/python3.10/site-packages/pal/core/interface.py", line 114, in execute
    self.runtime.exec_code('\n'.join(code))
  File "/home/doyle/Documents/COS484/COS484_PAL/.venv/lib/python3.10/site-packages/pal/core/runtime.py", line 145, in exec_code
    subprocess.run(["cp", "/dev/stdin", f"llm_build/{str(random_uuid)}/Solution.ml"], input=code, text=True)
  File "/usr/lib/python3.10/subprocess.py", line 503, in run
    with Popen(*popenargs, **kwargs) as process:
  File "/usr/lib/python3.10/subprocess.py", line 971, in __init__
    self._execute_child(args, executable, preexec_fn, close_fds,
  File "/usr/lib/python3.10/subprocess.py", line 1863, in _execute_child
    raise child_exception_type(errno_num, err_msg, err_filename)
FileNotFoundError: [Errno 2] No such file or directory: 'llm_build/e1832dac-28a6-11f0-8afe-e10f5b0b7eea/Solution'

 98%|█████████▊| 1296/1319 [56:12<00:50,  2.20s/it] 98%|█████████▊| 1297/1319 [56:18<01:16,  3.47s/it]File "llm_build/e739ac3a-28a6-11f0-8afe-e10f5b0b7eea/Solution.ml", line 12, characters 22-39:
12 | let total_jackfruit = jackfruit_per_jar * jars in
                           ^^^^^^^^^^^^^^^^^
Error: This expression has type "float" but an expression was expected of type
         "int"
Traceback (most recent call last):
  File "/home/doyle/Documents/COS484/COS484_PAL/.venv/lib/python3.10/site-packages/pal/core/interface.py", line 185, in run
    exec_result = self.execute(code)
  File "/home/doyle/Documents/COS484/COS484_PAL/.venv/lib/python3.10/site-packages/pal/core/interface.py", line 114, in execute
    self.runtime.exec_code('\n'.join(code))
  File "/home/doyle/Documents/COS484/COS484_PAL/.venv/lib/python3.10/site-packages/pal/core/runtime.py", line 145, in exec_code
    subprocess.run(["cp", "/dev/stdin", f"llm_build/{str(random_uuid)}/Solution.ml"], input=code, text=True)
  File "/usr/lib/python3.10/subprocess.py", line 503, in run
    with Popen(*popenargs, **kwargs) as process:
  File "/usr/lib/python3.10/subprocess.py", line 971, in __init__
    self._execute_child(args, executable, preexec_fn, close_fds,
  File "/usr/lib/python3.10/subprocess.py", line 1863, in _execute_child
    raise child_exception_type(errno_num, err_msg, err_filename)
FileNotFoundError: [Errno 2] No such file or directory: 'llm_build/e739ac3a-28a6-11f0-8afe-e10f5b0b7eea/Solution'

 98%|█████████▊| 1298/1319 [56:21<01:10,  3.37s/it] 98%|█████████▊| 1299/1319 [56:23<00:59,  2.98s/it] 99%|█████████▊| 1300/1319 [56:27<01:02,  3.27s/it] 99%|█████████▊| 1301/1319 [56:29<00:52,  2.90s/it]File "llm_build/eed08a5e-28a6-11f0-8afe-e10f5b0b7eea/Solution.ml", line 6, characters 4-23:
6 | let cookies_eaten_snack = 3 in
        ^^^^^^^^^^^^^^^^^^^
Warning 26 [unused-var]: unused variable cookies_eaten_snack.
 99%|█████████▊| 1302/1319 [56:34<00:58,  3.44s/it] 99%|█████████▉| 1303/1319 [56:36<00:47,  2.95s/it] 99%|█████████▉| 1304/1319 [56:40<00:48,  3.24s/it] 99%|█████████▉| 1305/1319 [56:43<00:44,  3.15s/it] 99%|█████████▉| 1306/1319 [56:45<00:38,  2.96s/it]File "llm_build/f84b4808-28a6-11f0-8afe-e10f5b0b7eea/Solution.ml", line 10, characters 4-24:
10 | let total_items_gathered = test_tubes_gathered + beakers_gathered + petri_dishes_gathered in
         ^^^^^^^^^^^^^^^^^^^^
Warning 26 [unused-var]: unused variable total_items_gathered.
 99%|█████████▉| 1307/1319 [56:50<00:41,  3.49s/it] 99%|█████████▉| 1308/1319 [56:52<00:32,  2.94s/it] 99%|█████████▉| 1309/1319 [56:53<00:24,  2.44s/it] 99%|█████████▉| 1310/1319 [56:56<00:23,  2.64s/it] 99%|█████████▉| 1311/1319 [56:58<00:19,  2.39s/it] 99%|█████████▉| 1312/1319 [57:00<00:17,  2.45s/it]100%|█████████▉| 1313/1319 [57:02<00:13,  2.27s/it]100%|█████████▉| 1314/1319 [57:04<00:10,  2.17s/it]File "llm_build/02d05926-28a7-11f0-8afe-e10f5b0b7eea/Solution.ml", line 3, characters 4-17:
3 | let james_age_now = 2 * dora_age_now in
        ^^^^^^^^^^^^^
Warning 26 [unused-var]: unused variable james_age_now.
100%|█████████▉| 1315/1319 [57:08<00:10,  2.54s/it]100%|█████████▉| 1316/1319 [57:10<00:07,  2.39s/it]100%|█████████▉| 1317/1319 [57:12<00:04,  2.29s/it]100%|█████████▉| 1318/1319 [57:13<00:02,  2.15s/it]100%|██████████| 1319/1319 [57:15<00:00,  2.04s/it]100%|██████████| 1319/1319 [57:15<00:00,  2.60s/it]
Accuracy - 0.8157695223654283
