  0%|          | 0/1319 [00:00<?, ?it/s]  0%|          | 1/1319 [00:01<33:52,  1.54s/it]  0%|          | 2/1319 [00:02<26:46,  1.22s/it]  0%|          | 3/1319 [00:03<25:59,  1.19s/it]  0%|          | 4/1319 [00:06<36:12,  1.65s/it]  0%|          | 5/1319 [00:08<45:26,  2.08s/it]  0%|          | 6/1319 [00:10<39:31,  1.81s/it]  1%|          | 7/1319 [00:13<53:28,  2.45s/it]  1%|          | 8/1319 [00:15<45:35,  2.09s/it]  1%|          | 9/1319 [00:48<4:15:12, 11.69s/it]File "llm_build/723e6bb4-2883-11f0-8aee-e10f5b0b7eea/Solution.ml", line 10, characters 55-68:
10 | let years_until_profit = if profit_per_year > 0. then (planting_cost /. profit_per_year) |> ceil |> int_of_float else max_int in
                                                            ^^^^^^^^^^^^^
Error: This expression has type "int" but an expression was expected of type
         "float"
  1%|          | 10/1319 [01:02<4:34:51, 12.60s/it]File "llm_build/73855ef6-2883-11f0-8aee-e10f5b0b7eea/Solution.ml", line 7, characters 38-65:
7 | let jewelry_profit = (jewelry_cost * (jewelry_increase_percentage / 100.0)) in
                                          ^^^^^^^^^^^^^^^^^^^^^^^^^^^
Error: This expression has type "float" but an expression was expected of type
         "int"
  1%|          | 11/1319 [01:04<3:24:52,  9.40s/it]File "llm_build/75af9afc-2883-11f0-8aee-e10f5b0b7eea/Solution.ml", line 6, characters 4-24:
6 | let hours_per_week_coach = 15 in
        ^^^^^^^^^^^^^^^^^^^^
Warning 26 [unused-var]: unused variable hours_per_week_coach.
  1%|          | 12/1319 [01:08<2:46:34,  7.65s/it]  1%|          | 13/1319 [01:10<2:12:17,  6.08s/it]File "llm_build/79619ec0-2883-11f0-8aee-e10f5b0b7eea/Solution.ml", line 9, characters 25-45:
9 | let orange_drink_water = orange_drink_initial *. orange_drink_water_ratio in
                             ^^^^^^^^^^^^^^^^^^^^
Error: This expression has type "int" but an expression was expected of type
         "float"
  1%|          | 14/1319 [01:14<1:56:44,  5.37s/it]  1%|          | 15/1319 [01:16<1:32:46,  4.27s/it]  1%|          | 16/1319 [01:18<1:15:42,  3.49s/it]  1%|▏         | 17/1319 [01:21<1:12:16,  3.33s/it]File "llm_build/95ed09ee-2883-11f0-8aee-e10f5b0b7eea/Solution.ml", line 6, characters 19-31:
6 | let total_spent = (shorts_price + pants_price + shoes_price) *. float_of_int items_count in
                       ^^^^^^^^^^^^
Error: This expression has type "float" but an expression was expected of type
         "int"
  1%|▏         | 18/1319 [02:02<5:21:06, 14.81s/it]  1%|▏         | 19/1319 [02:08<4:25:04, 12.23s/it]  2%|▏         | 20/1319 [02:10<3:15:27,  9.03s/it]  2%|▏         | 21/1319 [02:14<2:40:39,  7.43s/it]File "llm_build/9dbd41a2-2883-11f0-8aee-e10f5b0b7eea/Solution.ml", line 6, characters 4-15:
6 | let darrell_age = (total_age * ratio_darrell) / total_ratio in
        ^^^^^^^^^^^
Warning 26 [unused-var]: unused variable darrell_age.
  2%|▏         | 22/1319 [02:15<2:02:56,  5.69s/it]  2%|▏         | 23/1319 [02:17<1:36:15,  4.46s/it]  2%|▏         | 24/1319 [02:20<1:26:10,  3.99s/it]  2%|▏         | 25/1319 [02:21<1:09:36,  3.23s/it]File "llm_build/abe5ab5c-2883-11f0-8aee-e10f5b0b7eea/Solution.ml", line 3, characters 4-17:
3 | let days_per_week = 3 in
        ^^^^^^^^^^^^^
Warning 26 [unused-var]: unused variable days_per_week.
  2%|▏         | 26/1319 [02:39<2:43:51,  7.60s/it]  2%|▏         | 27/1319 [02:47<2:49:49,  7.89s/it]  2%|▏         | 28/1319 [03:03<3:40:52, 10.27s/it]  2%|▏         | 29/1319 [03:06<2:50:42,  7.94s/it]File "llm_build/bd835936-2883-11f0-8aee-e10f5b0b7eea/Solution.ml", line 4, characters 4-22:
4 | let total_calories_bag = calories_per_serving * servings in
        ^^^^^^^^^^^^^^^^^^
Warning 26 [unused-var]: unused variable total_calories_bag.
  2%|▏         | 30/1319 [03:08<2:16:39,  6.36s/it]  2%|▏         | 31/1319 [03:12<1:56:43,  5.44s/it]  2%|▏         | 32/1319 [03:14<1:33:48,  4.37s/it]  3%|▎         | 33/1319 [03:15<1:15:45,  3.53s/it]  3%|▎         | 34/1319 [03:17<1:02:50,  2.93s/it]  3%|▎         | 35/1319 [03:18<52:52,  2.47s/it]    3%|▎         | 36/1319 [03:21<55:48,  2.61s/it]  3%|▎         | 37/1319 [03:48<3:29:10,  9.79s/it]  3%|▎         | 38/1319 [04:05<4:15:18, 11.96s/it]  3%|▎         | 39/1319 [04:06<3:06:33,  8.74s/it]  3%|▎         | 40/1319 [04:08<2:26:55,  6.89s/it]  3%|▎         | 41/1319 [04:11<1:58:21,  5.56s/it]  3%|▎         | 42/1319 [04:14<1:41:59,  4.79s/it]  3%|▎         | 43/1319 [04:17<1:28:41,  4.17s/it]  3%|▎         | 44/1319 [04:18<1:12:31,  3.41s/it]File "llm_build/e8990eae-2883-11f0-8aee-e10f5b0b7eea/Solution.ml", line 7, characters 42-64:
7 | let charge_second_half = monthly_charge * (1.0 -. discount_rate) * half_year in
                                              ^^^^^^^^^^^^^^^^^^^^^^
Error: This expression has type "float" but an expression was expected of type
         "int"
  3%|▎         | 45/1319 [04:21<1:06:30,  3.13s/it]  3%|▎         | 46/1319 [04:24<1:04:49,  3.06s/it]  4%|▎         | 47/1319 [04:41<2:33:32,  7.24s/it]  4%|▎         | 48/1319 [04:58<3:39:07, 10.34s/it]  4%|▎         | 49/1319 [05:04<3:07:46,  8.87s/it]  4%|▍         | 50/1319 [05:05<2:21:34,  6.69s/it]  4%|▍         | 51/1319 [05:08<1:55:26,  5.46s/it]  4%|▍         | 52/1319 [05:10<1:33:54,  4.45s/it]  4%|▍         | 53/1319 [05:13<1:23:11,  3.94s/it]  4%|▍         | 54/1319 [05:16<1:18:24,  3.72s/it]  4%|▍         | 55/1319 [05:18<1:07:03,  3.18s/it]  4%|▍         | 56/1319 [05:21<1:04:12,  3.05s/it]  4%|▍         | 57/1319 [05:22<54:03,  2.57s/it]    4%|▍         | 58/1319 [05:24<52:30,  2.50s/it]  4%|▍         | 59/1319 [05:42<2:30:28,  7.17s/it]  5%|▍         | 60/1319 [06:02<3:45:57, 10.77s/it]  5%|▍         | 61/1319 [06:07<3:10:57,  9.11s/it]  5%|▍         | 62/1319 [06:09<2:29:16,  7.13s/it]  5%|▍         | 63/1319 [06:11<1:54:56,  5.49s/it]  5%|▍         | 64/1319 [06:13<1:31:12,  4.36s/it]  5%|▍         | 65/1319 [07:06<6:40:12, 19.15s/it]  5%|▌         | 66/1319 [07:13<5:19:27, 15.30s/it]  5%|▌         | 67/1319 [07:14<3:51:56, 11.12s/it]  5%|▌         | 68/1319 [07:17<2:58:09,  8.55s/it]  5%|▌         | 69/1319 [07:20<2:24:42,  6.95s/it]  5%|▌         | 70/1319 [07:21<1:49:57,  5.28s/it]  5%|▌         | 71/1319 [07:24<1:35:53,  4.61s/it]  5%|▌         | 72/1319 [07:27<1:21:19,  3.91s/it]  6%|▌         | 73/1319 [07:33<1:36:53,  4.67s/it]  6%|▌         | 74/1319 [07:49<2:47:40,  8.08s/it]  6%|▌         | 75/1319 [08:02<3:15:52,  9.45s/it]  6%|▌         | 76/1319 [08:07<2:49:21,  8.18s/it]  6%|▌         | 77/1319 [08:09<2:11:08,  6.34s/it]  6%|▌         | 78/1319 [08:12<1:53:29,  5.49s/it]  6%|▌         | 79/1319 [08:18<1:51:53,  5.41s/it]  6%|▌         | 80/1319 [08:21<1:38:28,  4.77s/it]  6%|▌         | 81/1319 [08:25<1:33:17,  4.52s/it]  6%|▌         | 82/1319 [08:28<1:23:25,  4.05s/it]  6%|▋         | 83/1319 [08:35<1:44:29,  5.07s/it]  6%|▋         | 84/1319 [08:50<2:44:51,  8.01s/it]  6%|▋         | 85/1319 [09:06<3:36:01, 10.50s/it]  7%|▋         | 86/1319 [09:09<2:45:52,  8.07s/it]  7%|▋         | 87/1319 [09:11<2:10:59,  6.38s/it]  7%|▋         | 88/1319 [09:15<1:56:05,  5.66s/it]  7%|▋         | 89/1319 [09:16<1:28:53,  4.34s/it]  7%|▋         | 90/1319 [09:18<1:10:42,  3.45s/it]  7%|▋         | 91/1319 [09:20<1:00:53,  2.98s/it]File "llm_build/9c176d90-2884-11f0-8aee-e10f5b0b7eea/Solution.ml", line 7, characters 4-17:
7 | let hours_per_day = 24.0 in
        ^^^^^^^^^^^^^
Warning 26 [unused-var]: unused variable hours_per_day.
  7%|▋         | 92/1319 [09:22<55:51,  2.73s/it]    7%|▋         | 93/1319 [09:24<51:39,  2.53s/it]  7%|▋         | 94/1319 [09:25<43:30,  2.13s/it]  7%|▋         | 95/1319 [09:27<41:46,  2.05s/it]  7%|▋         | 96/1319 [09:28<36:04,  1.77s/it]  7%|▋         | 97/1319 [09:30<34:14,  1.68s/it]  7%|▋         | 98/1319 [09:49<2:23:30,  7.05s/it]  8%|▊         | 99/1319 [10:03<3:04:54,  9.09s/it]  8%|▊         | 100/1319 [10:09<2:45:32,  8.15s/it]  8%|▊         | 101/1319 [10:12<2:12:21,  6.52s/it]  8%|▊         | 102/1319 [10:13<1:41:38,  5.01s/it]  8%|▊         | 103/1319 [10:17<1:33:32,  4.62s/it]  8%|▊         | 104/1319 [10:18<1:14:47,  3.69s/it]File "llm_build/bf2da952-2884-11f0-8aee-e10f5b0b7eea/Solution.ml", line 11, characters 38-46:
11 | let tax_amount = total_nonfood_cost * tax_rate in
                                           ^^^^^^^^
Error: This expression has type "float" but an expression was expected of type
         "int"
  8%|▊         | 105/1319 [10:21<1:06:21,  3.28s/it]  8%|▊         | 106/1319 [10:22<55:13,  2.73s/it]    8%|▊         | 107/1319 [10:24<50:53,  2.52s/it]  8%|▊         | 108/1319 [10:25<42:14,  2.09s/it]  8%|▊         | 109/1319 [10:28<43:50,  2.17s/it]  8%|▊         | 110/1319 [10:29<40:11,  1.99s/it]  8%|▊         | 111/1319 [10:35<1:03:25,  3.15s/it]File "llm_build/c7ba6c2d-2884-11f0-8aee-e10f5b0b7eea/Solution.ml", line 8, characters 61-74:
8 | let total_notebook_cost = float_of_int notebooks_quantity *. notebook_cost in
                                                                 ^^^^^^^^^^^^^
Error: This expression has type "int" but an expression was expected of type
         "float"
  8%|▊         | 112/1319 [10:37<53:43,  2.67s/it]    9%|▊         | 113/1319 [10:50<1:56:50,  5.81s/it]  9%|▊         | 114/1319 [11:04<2:50:03,  8.47s/it]  9%|▊         | 115/1319 [11:08<2:21:25,  7.05s/it]  9%|▉         | 116/1319 [11:14<2:14:17,  6.70s/it]  9%|▉         | 117/1319 [11:19<2:01:14,  6.05s/it]  9%|▉         | 118/1319 [11:21<1:38:27,  4.92s/it]  9%|▉         | 119/1319 [11:22<1:14:51,  3.74s/it]  9%|▉         | 120/1319 [11:25<1:08:30,  3.43s/it]  9%|▉         | 121/1319 [11:27<1:04:06,  3.21s/it]  9%|▉         | 122/1319 [11:31<1:05:29,  3.28s/it]  9%|▉         | 123/1319 [12:04<4:06:59, 12.39s/it]  9%|▉         | 124/1319 [12:06<3:05:06,  9.29s/it]  9%|▉         | 125/1319 [12:11<2:34:33,  7.77s/it]File "llm_build/02cc8d36-2885-11f0-8aee-e10f5b0b7eea/Solution.ml", line 7, characters 4-27:
7 | let remaining_after_charity = remaining_after_rent_and_fuel - charity_donation in
        ^^^^^^^^^^^^^^^^^^^^^^^
Warning 26 [unused-var]: unused variable remaining_after_charity.
 10%|▉         | 126/1319 [12:14<2:09:12,  6.50s/it] 10%|▉         | 127/1319 [12:16<1:42:24,  5.15s/it] 10%|▉         | 128/1319 [12:18<1:21:16,  4.09s/it] 10%|▉         | 129/1319 [12:19<1:04:46,  3.27s/it] 10%|▉         | 130/1319 [12:21<57:41,  2.91s/it]   10%|▉         | 131/1319 [12:22<46:36,  2.35s/it] 10%|█         | 132/1319 [12:26<56:22,  2.85s/it] 10%|█         | 133/1319 [12:28<47:23,  2.40s/it] 10%|█         | 134/1319 [12:29<43:27,  2.20s/it]File "llm_build/0d3ce540-2885-11f0-8aef-e10f5b0b7eea/Solution.ml", line 3, characters 16-28:
3 | let food_cost = tickets_cost -. 4.50 in
                    ^^^^^^^^^^^^
Error: This expression has type "int" but an expression was expected of type
         "float"
Execute error: 
Traceback (most recent call last):
  File "/home/doyle/Documents/COS484/COS484_PAL/.venv/lib/python3.10/site-packages/pal/core/interface.py", line 185, in run
    exec_result = self.execute(code)
  File "/home/doyle/Documents/COS484/COS484_PAL/.venv/lib/python3.10/site-packages/pal/core/interface.py", line 114, in execute
    self.runtime.exec_code('\n'.join(code))
  File "/home/doyle/Documents/COS484/COS484_PAL/.venv/lib/python3.10/site-packages/pal/core/runtime.py", line 145, in exec_code
    result = subprocess.run([f"llm_build/{str(random_uuid)}/Solution"], capture_output=True)
  File "/usr/lib/python3.10/subprocess.py", line 503, in run
    with Popen(*popenargs, **kwargs) as process:
  File "/usr/lib/python3.10/subprocess.py", line 971, in __init__
    self._execute_child(args, executable, preexec_fn, close_fds,
  File "/usr/lib/python3.10/subprocess.py", line 1863, in _execute_child
    raise child_exception_type(errno_num, err_msg, err_filename)
FileNotFoundError: [Errno 2] No such file or directory: 'llm_build/723e6bb4-2883-11f0-8aee-e10f5b0b7eea/Solution'

Execute error: 
Traceback (most recent call last):
  File "/home/doyle/Documents/COS484/COS484_PAL/.venv/lib/python3.10/site-packages/pal/core/interface.py", line 185, in run
    exec_result = self.execute(code)
  File "/home/doyle/Documents/COS484/COS484_PAL/.venv/lib/python3.10/site-packages/pal/core/interface.py", line 114, in execute
    self.runtime.exec_code('\n'.join(code))
  File "/home/doyle/Documents/COS484/COS484_PAL/.venv/lib/python3.10/site-packages/pal/core/runtime.py", line 145, in exec_code
    result = subprocess.run([f"llm_build/{str(random_uuid)}/Solution"], capture_output=True)
  File "/usr/lib/python3.10/subprocess.py", line 503, in run
    with Popen(*popenargs, **kwargs) as process:
  File "/usr/lib/python3.10/subprocess.py", line 971, in __init__
    self._execute_child(args, executable, preexec_fn, close_fds,
  File "/usr/lib/python3.10/subprocess.py", line 1863, in _execute_child
    raise child_exception_type(errno_num, err_msg, err_filename)
FileNotFoundError: [Errno 2] No such file or directory: 'llm_build/73855ef6-2883-11f0-8aee-e10f5b0b7eea/Solution'

Execute error: 
Traceback (most recent call last):
  File "/home/doyle/Documents/COS484/COS484_PAL/.venv/lib/python3.10/site-packages/pal/core/interface.py", line 185, in run
    exec_result = self.execute(code)
  File "/home/doyle/Documents/COS484/COS484_PAL/.venv/lib/python3.10/site-packages/pal/core/interface.py", line 114, in execute
    self.runtime.exec_code('\n'.join(code))
  File "/home/doyle/Documents/COS484/COS484_PAL/.venv/lib/python3.10/site-packages/pal/core/runtime.py", line 145, in exec_code
    result = subprocess.run([f"llm_build/{str(random_uuid)}/Solution"], capture_output=True)
  File "/usr/lib/python3.10/subprocess.py", line 503, in run
    with Popen(*popenargs, **kwargs) as process:
  File "/usr/lib/python3.10/subprocess.py", line 971, in __init__
    self._execute_child(args, executable, preexec_fn, close_fds,
  File "/usr/lib/python3.10/subprocess.py", line 1863, in _execute_child
    raise child_exception_type(errno_num, err_msg, err_filename)
FileNotFoundError: [Errno 2] No such file or directory: 'llm_build/79619ec0-2883-11f0-8aee-e10f5b0b7eea/Solution'

Execute error: 
Traceback (most recent call last):
  File "/home/doyle/Documents/COS484/COS484_PAL/.venv/lib/python3.10/site-packages/pal/core/interface.py", line 185, in run
    exec_result = self.execute(code)
  File "/home/doyle/Documents/COS484/COS484_PAL/.venv/lib/python3.10/site-packages/pal/core/interface.py", line 114, in execute
    self.runtime.exec_code('\n'.join(code))
  File "/home/doyle/Documents/COS484/COS484_PAL/.venv/lib/python3.10/site-packages/pal/core/runtime.py", line 145, in exec_code
    result = subprocess.run([f"llm_build/{str(random_uuid)}/Solution"], capture_output=True)
  File "/usr/lib/python3.10/subprocess.py", line 503, in run
    with Popen(*popenargs, **kwargs) as process:
  File "/usr/lib/python3.10/subprocess.py", line 971, in __init__
    self._execute_child(args, executable, preexec_fn, close_fds,
  File "/usr/lib/python3.10/subprocess.py", line 1863, in _execute_child
    raise child_exception_type(errno_num, err_msg, err_filename)
FileNotFoundError: [Errno 2] No such file or directory: 'llm_build/95ed09ee-2883-11f0-8aee-e10f5b0b7eea/Solution'

Execute error: 
Traceback (most recent call last):
  File "/home/doyle/Documents/COS484/COS484_PAL/.venv/lib/python3.10/site-packages/pal/core/interface.py", line 185, in run
    exec_result = self.execute(code)
  File "/home/doyle/Documents/COS484/COS484_PAL/.venv/lib/python3.10/site-packages/pal/core/interface.py", line 114, in execute
    self.runtime.exec_code('\n'.join(code))
  File "/home/doyle/Documents/COS484/COS484_PAL/.venv/lib/python3.10/site-packages/pal/core/runtime.py", line 145, in exec_code
    result = subprocess.run([f"llm_build/{str(random_uuid)}/Solution"], capture_output=True)
  File "/usr/lib/python3.10/subprocess.py", line 503, in run
    with Popen(*popenargs, **kwargs) as process:
  File "/usr/lib/python3.10/subprocess.py", line 971, in __init__
    self._execute_child(args, executable, preexec_fn, close_fds,
  File "/usr/lib/python3.10/subprocess.py", line 1863, in _execute_child
    raise child_exception_type(errno_num, err_msg, err_filename)
FileNotFoundError: [Errno 2] No such file or directory: 'llm_build/e8990eae-2883-11f0-8aee-e10f5b0b7eea/Solution'

Execute error: 
Traceback (most recent call last):
  File "/home/doyle/Documents/COS484/COS484_PAL/.venv/lib/python3.10/site-packages/pal/core/interface.py", line 185, in run
    exec_result = self.execute(code)
  File "/home/doyle/Documents/COS484/COS484_PAL/.venv/lib/python3.10/site-packages/pal/core/interface.py", line 114, in execute
    self.runtime.exec_code('\n'.join(code))
  File "/home/doyle/Documents/COS484/COS484_PAL/.venv/lib/python3.10/site-packages/pal/core/runtime.py", line 145, in exec_code
    result = subprocess.run([f"llm_build/{str(random_uuid)}/Solution"], capture_output=True)
  File "/usr/lib/python3.10/subprocess.py", line 503, in run
    with Popen(*popenargs, **kwargs) as process:
  File "/usr/lib/python3.10/subprocess.py", line 971, in __init__
    self._execute_child(args, executable, preexec_fn, close_fds,
  File "/usr/lib/python3.10/subprocess.py", line 1863, in _execute_child
    raise child_exception_type(errno_num, err_msg, err_filename)
FileNotFoundError: [Errno 2] No such file or directory: 'llm_build/bf2da952-2884-11f0-8aee-e10f5b0b7eea/Solution'

Execute error: 
Traceback (most recent call last):
  File "/home/doyle/Documents/COS484/COS484_PAL/.venv/lib/python3.10/site-packages/pal/core/interface.py", line 185, in run
    exec_result = self.execute(code)
  File "/home/doyle/Documents/COS484/COS484_PAL/.venv/lib/python3.10/site-packages/pal/core/interface.py", line 114, in execute
    self.runtime.exec_code('\n'.join(code))
  File "/home/doyle/Documents/COS484/COS484_PAL/.venv/lib/python3.10/site-packages/pal/core/runtime.py", line 145, in exec_code
    result = subprocess.run([f"llm_build/{str(random_uuid)}/Solution"], capture_output=True)
  File "/usr/lib/python3.10/subprocess.py", line 503, in run
    with Popen(*popenargs, **kwargs) as process:
  File "/usr/lib/python3.10/subprocess.py", line 971, in __init__
    self._execute_child(args, executable, preexec_fn, close_fds,
  File "/usr/lib/python3.10/subprocess.py", line 1863, in _execute_child
    raise child_exception_type(errno_num, err_msg, err_filename)
FileNotFoundError: [Errno 2] No such file or directory: 'llm_build/c7ba6c2d-2884-11f0-8aee-e10f5b0b7eea/Solution'

Execute error: 
 10%|█         | 135/1319 [12:32<44:06,  2.24s/it] 10%|█         | 136/1319 [12:51<2:25:28,  7.38s/it]File "llm_build/20d054ca-2885-11f0-8aef-e10f5b0b7eea/Solution.ml", line 5, characters 35-40:
5 | let total_insects_needed_per_day = ducks *. insects_per_day in
                                       ^^^^^
Error: This expression has type "int" but an expression was expected of type
         "float"
 10%|█         | 137/1319 [13:05<3:01:16,  9.20s/it] 10%|█         | 138/1319 [13:07<2:20:38,  7.15s/it] 11%|█         | 139/1319 [13:09<1:52:22,  5.71s/it] 11%|█         | 140/1319 [13:13<1:38:51,  5.03s/it] 11%|█         | 141/1319 [13:14<1:17:21,  3.94s/it] 11%|█         | 142/1319 [13:17<1:11:39,  3.65s/it] 11%|█         | 143/1319 [13:20<1:04:41,  3.30s/it] 11%|█         | 144/1319 [13:22<57:09,  2.92s/it]   11%|█         | 145/1319 [13:23<49:09,  2.51s/it] 11%|█         | 146/1319 [13:27<56:54,  2.91s/it] 11%|█         | 147/1319 [13:28<46:53,  2.40s/it] 11%|█         | 148/1319 [13:32<52:44,  2.70s/it] 11%|█▏        | 149/1319 [14:06<3:58:42, 12.24s/it] 11%|█▏        | 150/1319 [14:11<3:13:30,  9.93s/it] 11%|█▏        | 151/1319 [14:23<3:29:41, 10.77s/it] 12%|█▏        | 152/1319 [14:29<3:00:43,  9.29s/it] 12%|█▏        | 153/1319 [14:33<2:26:49,  7.56s/it] 12%|█▏        | 154/1319 [14:52<3:36:53, 11.17s/it] 12%|█▏        | 155/1319 [15:06<3:51:04, 11.91s/it] 12%|█▏        | 156/1319 [15:13<3:19:41, 10.30s/it]File "llm_build/7252a05a-2885-11f0-8aef-e10f5b0b7eea/Solution.ml", line 4, characters 60-73:
4 | let total_amount_due = borrowed_amount + (borrowed_amount * interest_rate) in
                                                                ^^^^^^^^^^^^^
Error: This expression has type "float" but an expression was expected of type
         "int"
 12%|█▏        | 157/1319 [15:21<3:10:41,  9.85s/it] 12%|█▏        | 158/1319 [15:23<2:22:55,  7.39s/it] 12%|█▏        | 159/1319 [15:25<1:49:37,  5.67s/it] 12%|█▏        | 160/1319 [15:27<1:29:26,  4.63s/it] 12%|█▏        | 161/1319 [15:28<1:11:54,  3.73s/it] 12%|█▏        | 162/1319 [15:30<56:51,  2.95s/it]   12%|█▏        | 163/1319 [15:31<48:50,  2.53s/it] 12%|█▏        | 164/1319 [15:33<46:00,  2.39s/it] 13%|█▎        | 165/1319 [15:37<53:12,  2.77s/it] 13%|█▎        | 166/1319 [15:54<2:14:04,  6.98s/it]File "llm_build/87a8c0c4-2885-11f0-8aef-e10f5b0b7eea/Solution.ml", line 11, characters 17-34:
11 | let total_cost = base_burrito_cost + extra_meat_cost + extra_cheese_cost + avocado_cost + (sauces_cost_per_unit *. float_of_int number_of_sauces) + upgrade_cost in
                      ^^^^^^^^^^^^^^^^^
Error: This expression has type "float" but an expression was expected of type
         "int"
 13%|█▎        | 167/1319 [15:57<1:53:44,  5.92s/it] 13%|█▎        | 168/1319 [16:06<2:09:47,  6.77s/it] 13%|█▎        | 169/1319 [16:08<1:43:44,  5.41s/it]File "llm_build/91c103aa-2885-11f0-8aef-e10f5b0b7eea/Solution.ml", line 8, characters 34-42:
8 | let tax_amount = total_car_cost * tax_rate in
                                      ^^^^^^^^
Error: This expression has type "float" but an expression was expected of type
         "int"
 13%|█▎        | 170/1319 [16:14<1:46:41,  5.57s/it] 13%|█▎        | 171/1319 [16:20<1:48:19,  5.66s/it] 13%|█▎        | 172/1319 [16:21<1:22:38,  4.32s/it] 13%|█▎        | 173/1319 [16:23<1:06:39,  3.49s/it] 13%|█▎        | 174/1319 [16:24<56:31,  2.96s/it]   13%|█▎        | 175/1319 [16:28<1:00:18,  3.16s/it] 13%|█▎        | 176/1319 [16:31<56:45,  2.98s/it]   13%|█▎        | 177/1319 [16:32<50:37,  2.66s/it] 13%|█▎        | 178/1319 [16:34<43:13,  2.27s/it] 14%|█▎        | 179/1319 [16:36<42:27,  2.23s/it] 14%|█▎        | 180/1319 [16:53<2:09:17,  6.81s/it]File "llm_build/aa5e0066-2885-11f0-8aef-e10f5b0b7eea/Solution.ml", line 9, characters 35-43:
9 | let final_cost = total_cost * (1 - discount) in
                                       ^^^^^^^^
Error: This expression has type "float" but an expression was expected of type
         "int"
 14%|█▎        | 181/1319 [16:55<1:40:55,  5.32s/it] 14%|█▍        | 182/1319 [17:11<2:38:50,  8.38s/it] 14%|█▍        | 183/1319 [17:14<2:11:19,  6.94s/it] 14%|█▍        | 184/1319 [17:17<1:46:31,  5.63s/it] 14%|█▍        | 185/1319 [17:18<1:22:55,  4.39s/it] 14%|█▍        | 186/1319 [17:24<1:29:38,  4.75s/it] 14%|█▍        | 187/1319 [17:27<1:17:46,  4.12s/it] 14%|█▍        | 188/1319 [17:31<1:16:20,  4.05s/it] 14%|█▍        | 189/1319 [17:33<1:04:13,  3.41s/it] 14%|█▍        | 190/1319 [17:35<1:01:33,  3.27s/it] 14%|█▍        | 191/1319 [17:38<55:44,  2.96s/it]   15%|█▍        | 192/1319 [18:08<3:26:52, 11.01s/it] 15%|█▍        | 193/1319 [18:09<2:35:38,  8.29s/it] 15%|█▍        | 194/1319 [18:15<2:18:47,  7.40s/it]File "llm_build/dd5cc902-2885-11f0-8aef-e10f5b0b7eea/Solution.ml", line 6, characters 36-60:
6 | let brokerage_fee = selling_price * brokerage_fee_percentage in
                                        ^^^^^^^^^^^^^^^^^^^^^^^^
Error: This expression has type "float" but an expression was expected of type
         "int"
 15%|█▍        | 195/1319 [18:21<2:11:17,  7.01s/it] 15%|█▍        | 196/1319 [18:26<1:59:32,  6.39s/it] 15%|█▍        | 197/1319 [18:28<1:34:16,  5.04s/it] 15%|█▌        | 198/1319 [18:29<1:14:11,  3.97s/it] 15%|█▌        | 199/1319 [18:32<1:06:15,  3.55s/it] 15%|█▌        | 200/1319 [18:34<59:26,  3.19s/it]  File "llm_build/e53d2b9f-2885-11f0-8aef-e10f5b0b7eea/Solution.ml", line 5, characters 17-27:
5 | let total_cost = cocoa_cost + laundry_cost + pasta_cost in
                     ^^^^^^^^^^
Error: This expression has type "float" but an expression was expected of type
         "int"
Traceback (most recent call last):
  File "/home/doyle/Documents/COS484/COS484_PAL/.venv/lib/python3.10/site-packages/pal/core/interface.py", line 185, in run
    exec_result = self.execute(code)
  File "/home/doyle/Documents/COS484/COS484_PAL/.venv/lib/python3.10/site-packages/pal/core/interface.py", line 114, in execute
    self.runtime.exec_code('\n'.join(code))
  File "/home/doyle/Documents/COS484/COS484_PAL/.venv/lib/python3.10/site-packages/pal/core/runtime.py", line 145, in exec_code
    result = subprocess.run([f"llm_build/{str(random_uuid)}/Solution"], capture_output=True)
  File "/usr/lib/python3.10/subprocess.py", line 503, in run
    with Popen(*popenargs, **kwargs) as process:
  File "/usr/lib/python3.10/subprocess.py", line 971, in __init__
    self._execute_child(args, executable, preexec_fn, close_fds,
  File "/usr/lib/python3.10/subprocess.py", line 1863, in _execute_child
    raise child_exception_type(errno_num, err_msg, err_filename)
FileNotFoundError: [Errno 2] No such file or directory: 'llm_build/0d3ce540-2885-11f0-8aef-e10f5b0b7eea/Solution'

Execute error: 
Traceback (most recent call last):
  File "/home/doyle/Documents/COS484/COS484_PAL/.venv/lib/python3.10/site-packages/pal/core/interface.py", line 185, in run
    exec_result = self.execute(code)
  File "/home/doyle/Documents/COS484/COS484_PAL/.venv/lib/python3.10/site-packages/pal/core/interface.py", line 114, in execute
    self.runtime.exec_code('\n'.join(code))
  File "/home/doyle/Documents/COS484/COS484_PAL/.venv/lib/python3.10/site-packages/pal/core/runtime.py", line 145, in exec_code
    result = subprocess.run([f"llm_build/{str(random_uuid)}/Solution"], capture_output=True)
  File "/usr/lib/python3.10/subprocess.py", line 503, in run
    with Popen(*popenargs, **kwargs) as process:
  File "/usr/lib/python3.10/subprocess.py", line 971, in __init__
    self._execute_child(args, executable, preexec_fn, close_fds,
  File "/usr/lib/python3.10/subprocess.py", line 1863, in _execute_child
    raise child_exception_type(errno_num, err_msg, err_filename)
FileNotFoundError: [Errno 2] No such file or directory: 'llm_build/20d054ca-2885-11f0-8aef-e10f5b0b7eea/Solution'

Execute error: 
Traceback (most recent call last):
  File "/home/doyle/Documents/COS484/COS484_PAL/.venv/lib/python3.10/site-packages/pal/core/interface.py", line 185, in run
    exec_result = self.execute(code)
  File "/home/doyle/Documents/COS484/COS484_PAL/.venv/lib/python3.10/site-packages/pal/core/interface.py", line 114, in execute
    self.runtime.exec_code('\n'.join(code))
  File "/home/doyle/Documents/COS484/COS484_PAL/.venv/lib/python3.10/site-packages/pal/core/runtime.py", line 145, in exec_code
    result = subprocess.run([f"llm_build/{str(random_uuid)}/Solution"], capture_output=True)
  File "/usr/lib/python3.10/subprocess.py", line 503, in run
    with Popen(*popenargs, **kwargs) as process:
  File "/usr/lib/python3.10/subprocess.py", line 971, in __init__
    self._execute_child(args, executable, preexec_fn, close_fds,
  File "/usr/lib/python3.10/subprocess.py", line 1863, in _execute_child
    raise child_exception_type(errno_num, err_msg, err_filename)
FileNotFoundError: [Errno 2] No such file or directory: 'llm_build/7252a05a-2885-11f0-8aef-e10f5b0b7eea/Solution'

Execute error: 
Traceback (most recent call last):
  File "/home/doyle/Documents/COS484/COS484_PAL/.venv/lib/python3.10/site-packages/pal/core/interface.py", line 185, in run
    exec_result = self.execute(code)
  File "/home/doyle/Documents/COS484/COS484_PAL/.venv/lib/python3.10/site-packages/pal/core/interface.py", line 114, in execute
    self.runtime.exec_code('\n'.join(code))
  File "/home/doyle/Documents/COS484/COS484_PAL/.venv/lib/python3.10/site-packages/pal/core/runtime.py", line 145, in exec_code
    result = subprocess.run([f"llm_build/{str(random_uuid)}/Solution"], capture_output=True)
  File "/usr/lib/python3.10/subprocess.py", line 503, in run
    with Popen(*popenargs, **kwargs) as process:
  File "/usr/lib/python3.10/subprocess.py", line 971, in __init__
    self._execute_child(args, executable, preexec_fn, close_fds,
  File "/usr/lib/python3.10/subprocess.py", line 1863, in _execute_child
    raise child_exception_type(errno_num, err_msg, err_filename)
FileNotFoundError: [Errno 2] No such file or directory: 'llm_build/87a8c0c4-2885-11f0-8aef-e10f5b0b7eea/Solution'

Execute error: 
Traceback (most recent call last):
  File "/home/doyle/Documents/COS484/COS484_PAL/.venv/lib/python3.10/site-packages/pal/core/interface.py", line 185, in run
    exec_result = self.execute(code)
  File "/home/doyle/Documents/COS484/COS484_PAL/.venv/lib/python3.10/site-packages/pal/core/interface.py", line 114, in execute
    self.runtime.exec_code('\n'.join(code))
  File "/home/doyle/Documents/COS484/COS484_PAL/.venv/lib/python3.10/site-packages/pal/core/runtime.py", line 145, in exec_code
    result = subprocess.run([f"llm_build/{str(random_uuid)}/Solution"], capture_output=True)
  File "/usr/lib/python3.10/subprocess.py", line 503, in run
    with Popen(*popenargs, **kwargs) as process:
  File "/usr/lib/python3.10/subprocess.py", line 971, in __init__
    self._execute_child(args, executable, preexec_fn, close_fds,
  File "/usr/lib/python3.10/subprocess.py", line 1863, in _execute_child
    raise child_exception_type(errno_num, err_msg, err_filename)
FileNotFoundError: [Errno 2] No such file or directory: 'llm_build/91c103aa-2885-11f0-8aef-e10f5b0b7eea/Solution'

Execute error: 
Traceback (most recent call last):
  File "/home/doyle/Documents/COS484/COS484_PAL/.venv/lib/python3.10/site-packages/pal/core/interface.py", line 185, in run
    exec_result = self.execute(code)
  File "/home/doyle/Documents/COS484/COS484_PAL/.venv/lib/python3.10/site-packages/pal/core/interface.py", line 114, in execute
    self.runtime.exec_code('\n'.join(code))
  File "/home/doyle/Documents/COS484/COS484_PAL/.venv/lib/python3.10/site-packages/pal/core/runtime.py", line 145, in exec_code
    result = subprocess.run([f"llm_build/{str(random_uuid)}/Solution"], capture_output=True)
  File "/usr/lib/python3.10/subprocess.py", line 503, in run
    with Popen(*popenargs, **kwargs) as process:
  File "/usr/lib/python3.10/subprocess.py", line 971, in __init__
    self._execute_child(args, executable, preexec_fn, close_fds,
  File "/usr/lib/python3.10/subprocess.py", line 1863, in _execute_child
    raise child_exception_type(errno_num, err_msg, err_filename)
FileNotFoundError: [Errno 2] No such file or directory: 'llm_build/aa5e0066-2885-11f0-8aef-e10f5b0b7eea/Solution'

Execute error: 
Traceback (most recent call last):
  File "/home/doyle/Documents/COS484/COS484_PAL/.venv/lib/python3.10/site-packages/pal/core/interface.py", line 185, in run
    exec_result = self.execute(code)
  File "/home/doyle/Documents/COS484/COS484_PAL/.venv/lib/python3.10/site-packages/pal/core/interface.py", line 114, in execute
    self.runtime.exec_code('\n'.join(code))
  File "/home/doyle/Documents/COS484/COS484_PAL/.venv/lib/python3.10/site-packages/pal/core/runtime.py", line 145, in exec_code
    result = subprocess.run([f"llm_build/{str(random_uuid)}/Solution"], capture_output=True)
  File "/usr/lib/python3.10/subprocess.py", line 503, in run
    with Popen(*popenargs, **kwargs) as process:
  File "/usr/lib/python3.10/subprocess.py", line 971, in __init__
    self._execute_child(args, executable, preexec_fn, close_fds,
  File "/usr/lib/python3.10/subprocess.py", line 1863, in _execute_child
    raise child_exception_type(errno_num, err_msg, err_filename)
FileNotFoundError: [Errno 2] No such file or directory: 'llm_build/dd5cc902-2885-11f0-8aef-e10f5b0b7eea/Solution'

Execute error: 
 15%|█▌        | 201/1319 [18:36<50:06,  2.69s/it] 15%|█▌        | 202/1319 [18:37<44:56,  2.41s/it] 15%|█▌        | 203/1319 [18:40<45:13,  2.43s/it] 15%|█▌        | 204/1319 [18:53<1:43:14,  5.56s/it] 16%|█▌        | 205/1319 [19:08<2:39:21,  8.58s/it] 16%|█▌        | 206/1319 [19:11<2:05:23,  6.76s/it] 16%|█▌        | 207/1319 [19:16<1:56:59,  6.31s/it]File "llm_build/01cd50b8-2886-11f0-8af0-e10f5b0b7eea/Solution.ml", line 8, characters 17-33:
8 | let beads_used = remaining_length /. length_per_bead in
                     ^^^^^^^^^^^^^^^^
Error: This expression has type "int" but an expression was expected of type
         "float"
 16%|█▌        | 208/1319 [19:22<1:54:27,  6.18s/it] 16%|█▌        | 209/1319 [19:26<1:41:20,  5.48s/it] 16%|█▌        | 210/1319 [19:27<1:18:11,  4.23s/it] 16%|█▌        | 211/1319 [19:30<1:10:49,  3.84s/it] 16%|█▌        | 212/1319 [19:32<1:02:14,  3.37s/it] 16%|█▌        | 213/1319 [19:34<52:30,  2.85s/it]   16%|█▌        | 214/1319 [19:36<46:33,  2.53s/it] 16%|█▋        | 215/1319 [19:38<43:41,  2.37s/it] 16%|█▋        | 216/1319 [19:40<41:15,  2.24s/it] 16%|█▋        | 217/1319 [19:42<38:55,  2.12s/it] 17%|█▋        | 218/1319 [20:10<3:01:27,  9.89s/it] 17%|█▋        | 219/1319 [20:12<2:20:43,  7.68s/it] 17%|█▋        | 220/1319 [20:17<2:07:28,  6.96s/it] 17%|█▋        | 221/1319 [20:20<1:41:36,  5.55s/it] 17%|█▋        | 222/1319 [20:25<1:42:27,  5.60s/it] 17%|█▋        | 223/1319 [20:29<1:31:25,  5.00s/it] 17%|█▋        | 224/1319 [20:34<1:33:36,  5.13s/it] 17%|█▋        | 225/1319 [20:36<1:12:18,  3.97s/it] 17%|█▋        | 226/1319 [20:38<1:02:23,  3.42s/it] 17%|█▋        | 227/1319 [20:43<1:09:47,  3.83s/it]File "llm_build/3354fe6a-2886-11f0-8af0-e10f5b0b7eea/Solution.ml", line 10, characters 33-53:
10 | let total_milk_cost_discounted = milk_packet_discount * num_milk_packets in
                                      ^^^^^^^^^^^^^^^^^^^^
Error: This expression has type "float" but an expression was expected of type
         "int"
 17%|█▋        | 228/1319 [20:45<1:02:28,  3.44s/it] 17%|█▋        | 229/1319 [20:54<1:32:02,  5.07s/it] 17%|█▋        | 230/1319 [21:10<2:32:50,  8.42s/it] 18%|█▊        | 231/1319 [21:12<1:56:42,  6.44s/it] 18%|█▊        | 232/1319 [21:19<2:01:15,  6.69s/it] 18%|█▊        | 233/1319 [21:21<1:34:11,  5.20s/it] 18%|█▊        | 234/1319 [21:24<1:23:27,  4.62s/it] 18%|█▊        | 235/1319 [21:26<1:07:09,  3.72s/it] 18%|█▊        | 236/1319 [21:30<1:09:10,  3.83s/it] 18%|█▊        | 237/1319 [21:33<1:01:52,  3.43s/it]File "llm_build/50868eea-2886-11f0-8af0-e10f5b0b7eea/Solution.ml", line 5, characters 4-15:
5 | let total_ratio = ratio_poles + ratio_wires in
        ^^^^^^^^^^^
Warning 26 [unused-var]: unused variable total_ratio.
 18%|█▊        | 238/1319 [21:34<51:48,  2.88s/it]   18%|█▊        | 239/1319 [21:35<41:58,  2.33s/it] 18%|█▊        | 240/1319 [21:39<48:05,  2.67s/it] 18%|█▊        | 241/1319 [21:46<1:13:11,  4.07s/it] 18%|█▊        | 242/1319 [22:09<2:53:42,  9.68s/it] 18%|█▊        | 243/1319 [22:12<2:18:06,  7.70s/it] 18%|█▊        | 244/1319 [22:13<1:45:31,  5.89s/it] 19%|█▊        | 245/1319 [22:19<1:43:04,  5.76s/it] 19%|█▊        | 246/1319 [22:21<1:21:56,  4.58s/it] 19%|█▊        | 247/1319 [22:23<1:08:26,  3.83s/it]File "llm_build/7067f71c-2886-11f0-8af0-e10f5b0b7eea/Solution.ml", line 4, characters 4-20:
4 | let total_investment = shares * price_per_share_initial in
        ^^^^^^^^^^^^^^^^
Warning 26 [unused-var]: unused variable total_investment.
 19%|█▉        | 248/1319 [22:28<1:13:13,  4.10s/it] 19%|█▉        | 249/1319 [22:29<58:36,  3.29s/it]   19%|█▉        | 250/1319 [22:32<57:28,  3.23s/it] 19%|█▉        | 251/1319 [22:34<51:11,  2.88s/it] 19%|█▉        | 252/1319 [22:35<42:43,  2.40s/it] 19%|█▉        | 253/1319 [22:37<39:45,  2.24s/it] 19%|█▉        | 254/1319 [22:40<40:30,  2.28s/it] 19%|█▉        | 255/1319 [22:41<37:42,  2.13s/it] 19%|█▉        | 256/1319 [22:43<36:37,  2.07s/it] 19%|█▉        | 257/1319 [22:46<37:07,  2.10s/it]File "llm_build/808e68c4-2886-11f0-8af0-e10f5b0b7eea/Solution.ml", line 5, characters 18-21:
5 | let museum_tour = 0.5 * cooking_class in
                      ^^^
Error: This expression has type "float" but an expression was expected of type
         "int"
 20%|█▉        | 258/1319 [22:55<1:14:36,  4.22s/it] 20%|█▉        | 259/1319 [23:11<2:16:44,  7.74s/it] 20%|█▉        | 260/1319 [23:15<1:58:17,  6.70s/it] 20%|█▉        | 261/1319 [23:20<1:51:29,  6.32s/it] 20%|█▉        | 262/1319 [23:22<1:27:04,  4.94s/it] 20%|█▉        | 263/1319 [23:26<1:20:53,  4.60s/it]File "llm_build/9484d836-2886-11f0-8af0-e10f5b0b7eea/Solution.ml", line 6, characters 26-46:
6 | let money_saved_per_day = pocket_money_per_day -. total_spent_per_day in
                              ^^^^^^^^^^^^^^^^^^^^
Error: This expression has type "int" but an expression was expected of type
         "float"
 20%|██        | 264/1319 [23:28<1:08:42,  3.91s/it] 20%|██        | 265/1319 [23:33<1:14:58,  4.27s/it] 20%|██        | 266/1319 [23:36<1:04:24,  3.67s/it] 20%|██        | 267/1319 [23:37<55:02,  3.14s/it]   20%|██        | 268/1319 [23:39<46:59,  2.68s/it] 20%|██        | 269/1319 [23:40<40:06,  2.29s/it] 20%|██        | 270/1319 [23:43<40:24,  2.31s/it] 21%|██        | 271/1319 [23:45<37:47,  2.16s/it] 21%|██        | 272/1319 [23:46<36:04,  2.07s/it] 21%|██        | 273/1319 [24:12<2:39:22,  9.14s/it] 21%|██        | 274/1319 [24:25<2:58:17, 10.24s/it] 21%|██        | 275/1319 [24:28<2:19:57,  8.04s/it] 21%|██        | 276/1319 [24:29<1:44:29,  6.01s/it] 21%|██        | 277/1319 [24:31<1:20:43,  4.65s/it] 21%|██        | 278/1319 [24:33<1:11:25,  4.12s/it] 21%|██        | 279/1319 [24:35<56:58,  3.29s/it]   21%|██        | 280/1319 [24:37<49:19,  2.85s/it] 21%|██▏       | 281/1319 [24:39<44:55,  2.60s/it] 21%|██▏       | 282/1319 [24:40<39:45,  2.30s/it] 21%|██▏       | 283/1319 [24:42<37:39,  2.18s/it] 22%|██▏       | 284/1319 [24:45<39:58,  2.32s/it] 22%|██▏       | 285/1319 [24:47<37:25,  2.17s/it] 22%|██▏       | 286/1319 [24:56<1:16:02,  4.42s/it] 22%|██▏       | 287/1319 [25:12<2:14:39,  7.83s/it] 22%|██▏       | 288/1319 [25:14<1:44:53,  6.10s/it] 22%|██▏       | 289/1319 [25:16<1:23:57,  4.89s/it] 22%|██▏       | 290/1319 [25:21<1:23:17,  4.86s/it] 22%|██▏       | 291/1319 [25:22<1:05:22,  3.82s/it] 22%|██▏       | 292/1319 [25:24<56:02,  3.27s/it]   22%|██▏       | 293/1319 [25:28<57:28,  3.36s/it] 22%|██▏       | 294/1319 [25:30<52:02,  3.05s/it] 22%|██▏       | 295/1319 [25:32<44:13,  2.59s/it] 22%|██▏       | 296/1319 [25:33<38:11,  2.24s/it] 23%|██▎       | 297/1319 [25:35<34:25,  2.02s/it] 23%|██▎       | 298/1319 [25:36<30:29,  1.79s/it] 23%|██▎       | 299/1319 [25:37<28:13,  1.66s/it] 23%|██▎       | 300/1319 [25:40<32:28,  1.91s/it] 23%|██▎       | 301/1319 [25:44<41:47,  2.46s/it] 23%|██▎       | 302/1319 [25:47<48:02,  2.83s/it] 23%|██▎       | 303/1319 [26:18<3:07:48, 11.09s/it] 23%|██▎       | 304/1319 [26:22<2:35:15,  9.18s/it] 23%|██▎       | 305/1319 [26:24<1:57:53,  6.98s/it] 23%|██▎       | 306/1319 [26:26<1:33:04,  5.51s/it] 23%|██▎       | 307/1319 [26:32<1:32:30,  5.48s/it]File "llm_build/034b8abc-2887-11f0-8af1-e10f5b0b7eea/Solution.ml", line 5, characters 33-57:
5 | let discount_amount_per_blouse = regular_price_per_blouse *. discount_percentage in
                                     ^^^^^^^^^^^^^^^^^^^^^^^^
Error: This expression has type "int" but an expression was expected of type
         "float"
 23%|██▎       | 308/1319 [26:34<1:16:28,  4.54s/it] 23%|██▎       | 309/1319 [26:35<1:00:01,  3.57s/it] 24%|██▎       | 310/1319 [26:38<55:52,  3.32s/it]   24%|██▎       | 311/1319 [26:40<46:49,  2.79s/it] 24%|██▎       | 312/1319 [26:41<40:49,  2.43s/it] 24%|██▎       | 313/1319 [26:43<39:05,  2.33s/it] 24%|██▍       | 314/1319 [26:46<38:29,  2.30s/it] 24%|██▍       | 315/1319 [26:47<35:02,  2.09s/it] 24%|██▍       | 316/1319 [26:49<33:45,  2.02s/it] 24%|██▍       | 317/1319 [27:16<2:36:52,  9.39s/it] 24%|██▍       | 318/1319 [27:18<2:00:26,  7.22s/it] 24%|██▍       | 319/1319 [27:23<1:52:42,  6.76s/it] 24%|██▍       | 320/1319 [27:25<1:28:33,  5.32s/it] 24%|██▍       | 321/1319 [27:28<1:15:53,  4.56s/it] 24%|██▍       | 322/1319 [27:31<1:05:17,  3.93s/it] 24%|██▍       | 323/1319 [27:33<57:59,  3.49s/it]   25%|██▍       | 324/1319 [27:35<51:18,  3.09s/it] 25%|██▍       | 325/1319 [27:37<43:37,  2.63s/it]File "llm_build/2a1ebef2-2887-11f0-8af3-e10f5b0b7eea/Solution.ml", line 5, characters 21-30:
5 | let distance_miles = speed_mph *. time_hours in
                         ^^^^^^^^^
Error: This expression has type "int" but an expression was expected of type
         "float"
 25%|██▍       | 326/1319 [27:39<42:04,  2.54s/it] 25%|██▍       | 327/1319 [27:41<38:21,  2.32s/it] 25%|██▍       | 328/1319 [27:43<37:16,  2.26s/it] 25%|██▍       | 329/1319 [27:45<36:27,  2.21s/it] 25%|██▌       | 330/1319 [27:51<54:06,  3.28s/it] 25%|██▌       | 331/1319 [27:55<56:42,  3.44s/it] 25%|██▌       | 332/1319 [27:58<54:08,  3.29s/it] 25%|██▌       | 333/1319 [28:16<2:06:05,  7.67s/it] 25%|██▌       | 334/1319 [28:19<1:43:18,  6.29s/it] 25%|██▌       | 335/1319 [28:25<1:41:05,  6.16s/it] 25%|██▌       | 336/1319 [28:27<1:24:11,  5.14s/it] 26%|██▌       | 337/1319 [28:33<1:28:02,  5.38s/it] 26%|██▌       | 338/1319 [28:36<1:14:25,  4.55s/it] 26%|██▌       | 339/1319 [28:37<57:20,  3.51s/it]   26%|██▌       | 340/1319 [28:39<49:01,  3.00s/it] 26%|██▌       | 341/1319 [28:41<45:41,  2.80s/it] 26%|██▌       | 342/1319 [28:44<46:04,  2.83s/it] 26%|██▌       | 343/1319 [28:47<47:20,  2.91s/it] 26%|██▌       | 344/1319 [28:49<41:47,  2.57s/it] 26%|██▌       | 345/1319 [28:50<36:30,  2.25s/it] 26%|██▌       | 346/1319 [28:53<38:06,  2.35s/it] 26%|██▋       | 347/1319 [28:55<35:08,  2.17s/it] 26%|██▋       | 348/1319 [28:57<34:05,  2.11s/it] 26%|██▋       | 349/1319 [29:00<38:06,  2.36s/it]File "llm_build/63c7a7b8-2887-11f0-8af3-e10f5b0b7eea/Solution.ml", line 7, characters 27-53:
7 | let hotel_price_increase = hotel_normal_price_per_day *. hotel_increase_percentage in
                               ^^^^^^^^^^^^^^^^^^^^^^^^^^
Error: This expression has type "int" but an expression was expected of type
         "float"
Traceback (most recent call last):
  File "/home/doyle/Documents/COS484/COS484_PAL/.venv/lib/python3.10/site-packages/pal/core/interface.py", line 185, in run
    exec_result = self.execute(code)
  File "/home/doyle/Documents/COS484/COS484_PAL/.venv/lib/python3.10/site-packages/pal/core/interface.py", line 114, in execute
    self.runtime.exec_code('\n'.join(code))
  File "/home/doyle/Documents/COS484/COS484_PAL/.venv/lib/python3.10/site-packages/pal/core/runtime.py", line 145, in exec_code
    result = subprocess.run([f"llm_build/{str(random_uuid)}/Solution"], capture_output=True)
  File "/usr/lib/python3.10/subprocess.py", line 503, in run
    with Popen(*popenargs, **kwargs) as process:
  File "/usr/lib/python3.10/subprocess.py", line 971, in __init__
    self._execute_child(args, executable, preexec_fn, close_fds,
  File "/usr/lib/python3.10/subprocess.py", line 1863, in _execute_child
    raise child_exception_type(errno_num, err_msg, err_filename)
FileNotFoundError: [Errno 2] No such file or directory: 'llm_build/e53d2b9f-2885-11f0-8aef-e10f5b0b7eea/Solution'

Execute error: 
Traceback (most recent call last):
  File "/home/doyle/Documents/COS484/COS484_PAL/.venv/lib/python3.10/site-packages/pal/core/interface.py", line 185, in run
    exec_result = self.execute(code)
  File "/home/doyle/Documents/COS484/COS484_PAL/.venv/lib/python3.10/site-packages/pal/core/interface.py", line 114, in execute
    self.runtime.exec_code('\n'.join(code))
  File "/home/doyle/Documents/COS484/COS484_PAL/.venv/lib/python3.10/site-packages/pal/core/runtime.py", line 145, in exec_code
    result = subprocess.run([f"llm_build/{str(random_uuid)}/Solution"], capture_output=True)
  File "/usr/lib/python3.10/subprocess.py", line 503, in run
    with Popen(*popenargs, **kwargs) as process:
  File "/usr/lib/python3.10/subprocess.py", line 971, in __init__
    self._execute_child(args, executable, preexec_fn, close_fds,
  File "/usr/lib/python3.10/subprocess.py", line 1863, in _execute_child
    raise child_exception_type(errno_num, err_msg, err_filename)
FileNotFoundError: [Errno 2] No such file or directory: 'llm_build/01cd50b8-2886-11f0-8af0-e10f5b0b7eea/Solution'

Execute error: 
Traceback (most recent call last):
  File "/home/doyle/Documents/COS484/COS484_PAL/.venv/lib/python3.10/site-packages/pal/core/interface.py", line 185, in run
    exec_result = self.execute(code)
  File "/home/doyle/Documents/COS484/COS484_PAL/.venv/lib/python3.10/site-packages/pal/core/interface.py", line 114, in execute
    self.runtime.exec_code('\n'.join(code))
  File "/home/doyle/Documents/COS484/COS484_PAL/.venv/lib/python3.10/site-packages/pal/core/runtime.py", line 145, in exec_code
    result = subprocess.run([f"llm_build/{str(random_uuid)}/Solution"], capture_output=True)
  File "/usr/lib/python3.10/subprocess.py", line 503, in run
    with Popen(*popenargs, **kwargs) as process:
  File "/usr/lib/python3.10/subprocess.py", line 971, in __init__
    self._execute_child(args, executable, preexec_fn, close_fds,
  File "/usr/lib/python3.10/subprocess.py", line 1863, in _execute_child
    raise child_exception_type(errno_num, err_msg, err_filename)
FileNotFoundError: [Errno 2] No such file or directory: 'llm_build/3354fe6a-2886-11f0-8af0-e10f5b0b7eea/Solution'

Execute error: 
Traceback (most recent call last):
  File "/home/doyle/Documents/COS484/COS484_PAL/.venv/lib/python3.10/site-packages/pal/core/interface.py", line 185, in run
    exec_result = self.execute(code)
  File "/home/doyle/Documents/COS484/COS484_PAL/.venv/lib/python3.10/site-packages/pal/core/interface.py", line 114, in execute
    self.runtime.exec_code('\n'.join(code))
  File "/home/doyle/Documents/COS484/COS484_PAL/.venv/lib/python3.10/site-packages/pal/core/runtime.py", line 145, in exec_code
    result = subprocess.run([f"llm_build/{str(random_uuid)}/Solution"], capture_output=True)
  File "/usr/lib/python3.10/subprocess.py", line 503, in run
    with Popen(*popenargs, **kwargs) as process:
  File "/usr/lib/python3.10/subprocess.py", line 971, in __init__
    self._execute_child(args, executable, preexec_fn, close_fds,
  File "/usr/lib/python3.10/subprocess.py", line 1863, in _execute_child
    raise child_exception_type(errno_num, err_msg, err_filename)
FileNotFoundError: [Errno 2] No such file or directory: 'llm_build/808e68c4-2886-11f0-8af0-e10f5b0b7eea/Solution'

Execute error: 
Traceback (most recent call last):
  File "/home/doyle/Documents/COS484/COS484_PAL/.venv/lib/python3.10/site-packages/pal/core/interface.py", line 185, in run
    exec_result = self.execute(code)
  File "/home/doyle/Documents/COS484/COS484_PAL/.venv/lib/python3.10/site-packages/pal/core/interface.py", line 114, in execute
    self.runtime.exec_code('\n'.join(code))
  File "/home/doyle/Documents/COS484/COS484_PAL/.venv/lib/python3.10/site-packages/pal/core/runtime.py", line 145, in exec_code
    result = subprocess.run([f"llm_build/{str(random_uuid)}/Solution"], capture_output=True)
  File "/usr/lib/python3.10/subprocess.py", line 503, in run
    with Popen(*popenargs, **kwargs) as process:
  File "/usr/lib/python3.10/subprocess.py", line 971, in __init__
    self._execute_child(args, executable, preexec_fn, close_fds,
  File "/usr/lib/python3.10/subprocess.py", line 1863, in _execute_child
    raise child_exception_type(errno_num, err_msg, err_filename)
FileNotFoundError: [Errno 2] No such file or directory: 'llm_build/9484d836-2886-11f0-8af0-e10f5b0b7eea/Solution'

Execute error: 
Traceback (most recent call last):
  File "/home/doyle/Documents/COS484/COS484_PAL/.venv/lib/python3.10/site-packages/pal/core/interface.py", line 185, in run
    exec_result = self.execute(code)
  File "/home/doyle/Documents/COS484/COS484_PAL/.venv/lib/python3.10/site-packages/pal/core/interface.py", line 114, in execute
    self.runtime.exec_code('\n'.join(code))
  File "/home/doyle/Documents/COS484/COS484_PAL/.venv/lib/python3.10/site-packages/pal/core/runtime.py", line 145, in exec_code
    result = subprocess.run([f"llm_build/{str(random_uuid)}/Solution"], capture_output=True)
  File "/usr/lib/python3.10/subprocess.py", line 503, in run
    with Popen(*popenargs, **kwargs) as process:
  File "/usr/lib/python3.10/subprocess.py", line 971, in __init__
    self._execute_child(args, executable, preexec_fn, close_fds,
  File "/usr/lib/python3.10/subprocess.py", line 1863, in _execute_child
    raise child_exception_type(errno_num, err_msg, err_filename)
FileNotFoundError: [Errno 2] No such file or directory: 'llm_build/034b8abc-2887-11f0-8af1-e10f5b0b7eea/Solution'

Execute error: 
Traceback (most recent call last):
  File "/home/doyle/Documents/COS484/COS484_PAL/.venv/lib/python3.10/site-packages/pal/core/interface.py", line 185, in run
    exec_result = self.execute(code)
  File "/home/doyle/Documents/COS484/COS484_PAL/.venv/lib/python3.10/site-packages/pal/core/interface.py", line 114, in execute
    self.runtime.exec_code('\n'.join(code))
  File "/home/doyle/Documents/COS484/COS484_PAL/.venv/lib/python3.10/site-packages/pal/core/runtime.py", line 145, in exec_code
    result = subprocess.run([f"llm_build/{str(random_uuid)}/Solution"], capture_output=True)
  File "/usr/lib/python3.10/subprocess.py", line 503, in run
    with Popen(*popenargs, **kwargs) as process:
  File "/usr/lib/python3.10/subprocess.py", line 971, in __init__
    self._execute_child(args, executable, preexec_fn, close_fds,
  File "/usr/lib/python3.10/subprocess.py", line 1863, in _execute_child
    raise child_exception_type(errno_num, err_msg, err_filename)
FileNotFoundError: [Errno 2] No such file or directory: 'llm_build/2a1ebef2-2887-11f0-8af3-e10f5b0b7eea/Solution'

Execute error: 
 27%|██▋       | 350/1319 [29:16<1:45:35,  6.54s/it] 27%|██▋       | 351/1319 [29:17<1:21:18,  5.04s/it] 27%|██▋       | 352/1319 [29:26<1:39:05,  6.15s/it] 27%|██▋       | 353/1319 [29:28<1:17:03,  4.79s/it] 27%|██▋       | 354/1319 [29:30<1:02:13,  3.87s/it] 27%|██▋       | 355/1319 [29:32<54:00,  3.36s/it]   27%|██▋       | 356/1319 [29:33<45:47,  2.85s/it] 27%|██▋       | 357/1319 [29:40<1:02:57,  3.93s/it] 27%|██▋       | 358/1319 [29:42<52:50,  3.30s/it]   27%|██▋       | 359/1319 [29:43<45:04,  2.82s/it] 27%|██▋       | 360/1319 [29:45<39:41,  2.48s/it] 27%|██▋       | 361/1319 [29:46<33:09,  2.08s/it] 27%|██▋       | 362/1319 [29:48<29:41,  1.86s/it] 28%|██▊       | 363/1319 [29:49<29:57,  1.88s/it] 28%|██▊       | 364/1319 [29:51<29:56,  1.88s/it] 28%|██▊       | 365/1319 [29:53<29:52,  1.88s/it] 28%|██▊       | 366/1319 [29:57<38:31,  2.43s/it] 28%|██▊       | 367/1319 [30:10<1:28:00,  5.55s/it] 28%|██▊       | 368/1319 [30:16<1:30:58,  5.74s/it] 28%|██▊       | 369/1319 [30:21<1:26:43,  5.48s/it] 28%|██▊       | 370/1319 [30:27<1:30:01,  5.69s/it] 28%|██▊       | 371/1319 [30:31<1:20:56,  5.12s/it] 28%|██▊       | 372/1319 [30:37<1:25:45,  5.43s/it] 28%|██▊       | 373/1319 [30:39<1:07:28,  4.28s/it] 28%|██▊       | 374/1319 [30:40<55:52,  3.55s/it]   28%|██▊       | 375/1319 [30:42<47:56,  3.05s/it] 29%|██▊       | 376/1319 [30:44<40:16,  2.56s/it] 29%|██▊       | 377/1319 [30:45<36:27,  2.32s/it] 29%|██▊       | 378/1319 [30:48<35:41,  2.28s/it] 29%|██▊       | 379/1319 [30:50<34:19,  2.19s/it] 29%|██▉       | 380/1319 [30:51<29:02,  1.86s/it] 29%|██▉       | 381/1319 [30:53<32:06,  2.05s/it] 29%|██▉       | 382/1319 [30:57<41:27,  2.65s/it] 29%|██▉       | 383/1319 [30:58<34:07,  2.19s/it] 29%|██▉       | 384/1319 [31:01<35:03,  2.25s/it] 29%|██▉       | 385/1319 [31:19<1:47:52,  6.93s/it] 29%|██▉       | 386/1319 [31:20<1:23:35,  5.38s/it] 29%|██▉       | 387/1319 [31:25<1:22:25,  5.31s/it] 29%|██▉       | 388/1319 [31:28<1:09:54,  4.51s/it] 29%|██▉       | 389/1319 [31:32<1:05:34,  4.23s/it] 30%|██▉       | 390/1319 [31:34<54:44,  3.54s/it]   30%|██▉       | 391/1319 [31:35<46:06,  2.98s/it] 30%|██▉       | 392/1319 [31:38<43:17,  2.80s/it] 30%|██▉       | 393/1319 [31:40<39:58,  2.59s/it] 30%|██▉       | 394/1319 [31:41<35:20,  2.29s/it] 30%|██▉       | 395/1319 [31:43<32:09,  2.09s/it] 30%|███       | 396/1319 [31:45<32:19,  2.10s/it]File "llm_build/be301492-2887-11f0-8af4-e10f5b0b7eea/Solution.ml", line 10, characters 58-70:
10 | let total_oranges_cost = int_of_float (oranges_quantity * oranges_cost) in
                                                               ^^^^^^^^^^^^
Error: This expression has type "float" but an expression was expected of type
         "int"
 30%|███       | 397/1319 [31:48<33:58,  2.21s/it] 30%|███       | 398/1319 [31:49<30:17,  1.97s/it] 30%|███       | 399/1319 [31:50<26:28,  1.73s/it] 30%|███       | 400/1319 [31:52<26:18,  1.72s/it] 30%|███       | 401/1319 [31:53<25:11,  1.65s/it] 30%|███       | 402/1319 [31:57<32:50,  2.15s/it] 31%|███       | 403/1319 [31:59<31:51,  2.09s/it] 31%|███       | 404/1319 [32:00<30:47,  2.02s/it] 31%|███       | 405/1319 [32:02<28:11,  1.85s/it] 31%|███       | 406/1319 [32:08<45:53,  3.02s/it] 31%|███       | 407/1319 [32:17<1:13:47,  4.86s/it] 31%|███       | 408/1319 [32:18<57:28,  3.79s/it]   31%|███       | 409/1319 [32:21<54:03,  3.56s/it] 31%|███       | 410/1319 [32:25<53:32,  3.53s/it] 31%|███       | 411/1319 [32:29<59:06,  3.91s/it] 31%|███       | 412/1319 [32:32<52:06,  3.45s/it] 31%|███▏      | 413/1319 [32:34<47:41,  3.16s/it] 31%|███▏      | 414/1319 [32:40<58:50,  3.90s/it] 31%|███▏      | 415/1319 [32:41<48:17,  3.21s/it] 32%|███▏      | 416/1319 [32:43<39:46,  2.64s/it] 32%|███▏      | 417/1319 [32:46<40:51,  2.72s/it] 32%|███▏      | 418/1319 [32:48<40:15,  2.68s/it] 32%|███▏      | 419/1319 [32:52<44:52,  2.99s/it] 32%|███▏      | 420/1319 [32:59<1:01:19,  4.09s/it] 32%|███▏      | 421/1319 [33:00<49:30,  3.31s/it]   32%|███▏      | 422/1319 [33:01<39:06,  2.62s/it] 32%|███▏      | 423/1319 [33:03<37:10,  2.49s/it] 32%|███▏      | 424/1319 [33:05<31:41,  2.12s/it] 32%|███▏      | 425/1319 [33:06<29:06,  1.95s/it] 32%|███▏      | 426/1319 [33:21<1:28:01,  5.91s/it] 32%|███▏      | 427/1319 [33:23<1:10:24,  4.74s/it] 32%|███▏      | 428/1319 [33:25<55:52,  3.76s/it]   33%|███▎      | 429/1319 [33:31<1:04:53,  4.37s/it] 33%|███▎      | 430/1319 [33:32<53:42,  3.62s/it]   33%|███▎      | 431/1319 [33:34<46:30,  3.14s/it] 33%|███▎      | 432/1319 [33:35<36:48,  2.49s/it] 33%|███▎      | 433/1319 [33:38<36:12,  2.45s/it] 33%|███▎      | 434/1319 [33:40<36:32,  2.48s/it] 33%|███▎      | 435/1319 [33:42<32:13,  2.19s/it] 33%|███▎      | 436/1319 [33:47<43:07,  2.93s/it] 33%|███▎      | 437/1319 [33:49<39:31,  2.69s/it] 33%|███▎      | 438/1319 [33:51<37:16,  2.54s/it] 33%|███▎      | 439/1319 [33:53<37:40,  2.57s/it]File "llm_build/0aede2c8-2888-11f0-8af5-e10f5b0b7eea/Solution.ml", line 6, characters 48-61:
6 | let shirt_discounted_price = shirt_price * (1 - discount_rate) in
                                                    ^^^^^^^^^^^^^
Error: This expression has type "float" but an expression was expected of type
         "int"
 33%|███▎      | 440/1319 [33:56<38:56,  2.66s/it] 33%|███▎      | 441/1319 [33:58<35:34,  2.43s/it] 34%|███▎      | 442/1319 [34:00<32:01,  2.19s/it] 34%|███▎      | 443/1319 [34:02<30:30,  2.09s/it]File "llm_build/0f49a4ba-2888-11f0-8af5-e10f5b0b7eea/Solution.ml", line 8, characters 38-53:
8 | let total_cost = total_gallons_used * cost_per_gallon in
                                          ^^^^^^^^^^^^^^^
Error: This expression has type "float" but an expression was expected of type
         "int"
 34%|███▎      | 444/1319 [34:04<29:46,  2.04s/it] 34%|███▎      | 445/1319 [34:12<58:43,  4.03s/it] 34%|███▍      | 446/1319 [34:14<47:44,  3.28s/it] 34%|███▍      | 447/1319 [34:15<39:40,  2.73s/it] 34%|███▍      | 448/1319 [34:18<37:49,  2.61s/it] 34%|███▍      | 449/1319 [34:21<39:20,  2.71s/it] 34%|███▍      | 450/1319 [34:27<53:47,  3.71s/it] 34%|███▍      | 451/1319 [34:32<1:02:09,  4.30s/it] 34%|███▍      | 452/1319 [34:34<52:11,  3.61s/it]   34%|███▍      | 453/1319 [34:37<47:06,  3.26s/it] 34%|███▍      | 454/1319 [34:40<45:00,  3.12s/it] 34%|███▍      | 455/1319 [34:43<45:23,  3.15s/it] 35%|███▍      | 456/1319 [34:44<38:38,  2.69s/it] 35%|███▍      | 457/1319 [34:50<53:25,  3.72s/it] 35%|███▍      | 458/1319 [34:54<51:43,  3.60s/it] 35%|███▍      | 459/1319 [34:56<45:00,  3.14s/it] 35%|███▍      | 460/1319 [34:58<40:09,  2.80s/it] 35%|███▍      | 461/1319 [34:59<32:58,  2.31s/it] 35%|███▌      | 462/1319 [35:02<37:38,  2.64s/it] 35%|███▌      | 463/1319 [35:04<32:49,  2.30s/it] 35%|███▌      | 464/1319 [35:06<32:43,  2.30s/it] 35%|███▌      | 465/1319 [35:11<44:19,  3.11s/it] 35%|███▌      | 466/1319 [35:13<39:47,  2.80s/it] 35%|███▌      | 467/1319 [35:15<34:02,  2.40s/it] 35%|███▌      | 468/1319 [35:16<28:31,  2.01s/it] 36%|███▌      | 469/1319 [35:18<30:08,  2.13s/it]File "llm_build/3bc7e345-2888-11f0-8af6-e10f5b0b7eea/Solution.ml", line 6, characters 21-32:
6 | let alisa_distance = alisa_speed *. alisa_time in
                         ^^^^^^^^^^^
Error: This expression has type "int" but an expression was expected of type
         "float"
 36%|███▌      | 470/1319 [35:20<27:31,  1.95s/it] 36%|███▌      | 471/1319 [35:23<34:41,  2.45s/it] 36%|███▌      | 472/1319 [35:25<30:43,  2.18s/it] 36%|███▌      | 473/1319 [35:28<35:07,  2.49s/it] 36%|███▌      | 474/1319 [35:33<44:30,  3.16s/it] 36%|███▌      | 475/1319 [35:34<36:42,  2.61s/it] 36%|███▌      | 476/1319 [35:36<34:56,  2.49s/it] 36%|███▌      | 477/1319 [35:39<34:04,  2.43s/it] 36%|███▌      | 478/1319 [35:41<32:37,  2.33s/it] 36%|███▋      | 479/1319 [35:43<32:56,  2.35s/it] 36%|███▋      | 480/1319 [35:45<32:12,  2.30s/it] 36%|███▋      | 481/1319 [35:47<29:27,  2.11s/it]File "llm_build/4cf55977-2888-11f0-8af6-e10f5b0b7eea/Solution.ml", line 7, characters 36-52:
7 | let recipes_learned = int_of_float (total_class_time /. hours_per_recipe) in
                                        ^^^^^^^^^^^^^^^^
Error: This expression has type "int" but an expression was expected of type
         "float"
 37%|███▋      | 482/1319 [35:49<27:10,  1.95s/it] 37%|███▋      | 483/1319 [35:51<28:34,  2.05s/it] 37%|███▋      | 484/1319 [35:53<28:44,  2.06s/it] 37%|███▋      | 485/1319 [35:55<26:56,  1.94s/it] 37%|███▋      | 486/1319 [35:57<28:25,  2.05s/it] 37%|███▋      | 487/1319 [36:01<34:50,  2.51s/it] 37%|███▋      | 488/1319 [36:02<30:21,  2.19s/it] 37%|███▋      | 489/1319 [36:08<45:40,  3.30s/it] 37%|███▋      | 490/1319 [36:09<36:23,  2.63s/it] 37%|███▋      | 491/1319 [36:12<38:41,  2.80s/it] 37%|███▋      | 492/1319 [36:14<34:15,  2.49s/it] 37%|███▋      | 493/1319 [36:16<33:22,  2.42s/it] 37%|███▋      | 494/1319 [36:18<28:31,  2.08s/it] 38%|███▊      | 495/1319 [36:20<29:04,  2.12s/it] 38%|███▊      | 496/1319 [36:22<30:07,  2.20s/it] 38%|███▊      | 497/1319 [36:24<27:29,  2.01s/it] 38%|███▊      | 498/1319 [36:27<31:26,  2.30s/it] 38%|███▊      | 499/1319 [36:28<27:50,  2.04s/it] 38%|███▊      | 500/1319 [36:30<27:11,  1.99s/it] 38%|███▊      | 501/1319 [36:33<29:25,  2.16s/it] 38%|███▊      | 502/1319 [36:34<26:57,  1.98s/it] 38%|███▊      | 503/1319 [36:36<24:48,  1.82s/it] 38%|███▊      | 504/1319 [36:38<27:44,  2.04s/it] 38%|███▊      | 505/1319 [36:41<30:01,  2.21s/it] 38%|███▊      | 506/1319 [36:43<28:55,  2.13s/it] 38%|███▊      | 507/1319 [36:45<29:39,  2.19s/it] 39%|███▊      | 508/1319 [36:48<32:25,  2.40s/it] 39%|███▊      | 509/1319 [36:51<37:16,  2.76s/it] 39%|███▊      | 510/1319 [36:54<35:50,  2.66s/it] 39%|███▊      | 511/1319 [36:56<32:03,  2.38s/it] 39%|███▉      | 512/1319 [36:57<29:23,  2.18s/it] 39%|███▉      | 513/1319 [36:59<28:08,  2.10s/it] 39%|███▉      | 514/1319 [37:01<28:40,  2.14s/it] 39%|███▉      | 515/1319 [37:06<37:45,  2.82s/it] 39%|███▉      | 516/1319 [37:10<41:02,  3.07s/it] 39%|███▉      | 517/1319 [37:11<34:50,  2.61s/it]File "llm_build/80287d8c-2888-11f0-8af7-e10f5b0b7eea/Solution.ml", line 7, characters 23-44:
7 | let total_cost_store = store_price_per_pound * float_of_int pounds_picked in
                           ^^^^^^^^^^^^^^^^^^^^^
Error: This expression has type "float" but an expression was expected of type
         "int"
Traceback (most recent call last):
  File "/home/doyle/Documents/COS484/COS484_PAL/.venv/lib/python3.10/site-packages/pal/core/interface.py", line 185, in run
    exec_result = self.execute(code)
  File "/home/doyle/Documents/COS484/COS484_PAL/.venv/lib/python3.10/site-packages/pal/core/interface.py", line 114, in execute
    self.runtime.exec_code('\n'.join(code))
  File "/home/doyle/Documents/COS484/COS484_PAL/.venv/lib/python3.10/site-packages/pal/core/runtime.py", line 145, in exec_code
    result = subprocess.run([f"llm_build/{str(random_uuid)}/Solution"], capture_output=True)
  File "/usr/lib/python3.10/subprocess.py", line 503, in run
    with Popen(*popenargs, **kwargs) as process:
  File "/usr/lib/python3.10/subprocess.py", line 971, in __init__
    self._execute_child(args, executable, preexec_fn, close_fds,
  File "/usr/lib/python3.10/subprocess.py", line 1863, in _execute_child
    raise child_exception_type(errno_num, err_msg, err_filename)
FileNotFoundError: [Errno 2] No such file or directory: 'llm_build/63c7a7b8-2887-11f0-8af3-e10f5b0b7eea/Solution'

Execute error: 
Traceback (most recent call last):
  File "/home/doyle/Documents/COS484/COS484_PAL/.venv/lib/python3.10/site-packages/pal/core/interface.py", line 185, in run
    exec_result = self.execute(code)
  File "/home/doyle/Documents/COS484/COS484_PAL/.venv/lib/python3.10/site-packages/pal/core/interface.py", line 114, in execute
    self.runtime.exec_code('\n'.join(code))
  File "/home/doyle/Documents/COS484/COS484_PAL/.venv/lib/python3.10/site-packages/pal/core/runtime.py", line 145, in exec_code
    result = subprocess.run([f"llm_build/{str(random_uuid)}/Solution"], capture_output=True)
  File "/usr/lib/python3.10/subprocess.py", line 505, in run
    stdout, stderr = process.communicate(input, timeout=timeout)
  File "/usr/lib/python3.10/subprocess.py", line 1154, in communicate
    stdout, stderr = self._communicate(input, endtime, timeout)
  File "/usr/lib/python3.10/subprocess.py", line 2021, in _communicate
    ready = selector.select(timeout)
  File "/usr/lib/python3.10/selectors.py", line 416, in select
    fd_event_list = self._selector.poll(timeout)
  File "/home/doyle/Documents/COS484/COS484_PAL/.venv/lib/python3.10/site-packages/pal/core/interface.py", line 32, in timeout_handler
    raise TimeoutError(self.error_message)
TimeoutError: Timeout

Execute error: 
Traceback (most recent call last):
  File "/home/doyle/Documents/COS484/COS484_PAL/.venv/lib/python3.10/site-packages/pal/core/interface.py", line 185, in run
    exec_result = self.execute(code)
  File "/home/doyle/Documents/COS484/COS484_PAL/.venv/lib/python3.10/site-packages/pal/core/interface.py", line 114, in execute
    self.runtime.exec_code('\n'.join(code))
  File "/home/doyle/Documents/COS484/COS484_PAL/.venv/lib/python3.10/site-packages/pal/core/runtime.py", line 145, in exec_code
    result = subprocess.run([f"llm_build/{str(random_uuid)}/Solution"], capture_output=True)
  File "/usr/lib/python3.10/subprocess.py", line 503, in run
    with Popen(*popenargs, **kwargs) as process:
  File "/usr/lib/python3.10/subprocess.py", line 971, in __init__
    self._execute_child(args, executable, preexec_fn, close_fds,
  File "/usr/lib/python3.10/subprocess.py", line 1863, in _execute_child
    raise child_exception_type(errno_num, err_msg, err_filename)
FileNotFoundError: [Errno 2] No such file or directory: 'llm_build/be301492-2887-11f0-8af4-e10f5b0b7eea/Solution'

Execute error: 
Traceback (most recent call last):
  File "/home/doyle/Documents/COS484/COS484_PAL/.venv/lib/python3.10/site-packages/pal/core/interface.py", line 185, in run
    exec_result = self.execute(code)
  File "/home/doyle/Documents/COS484/COS484_PAL/.venv/lib/python3.10/site-packages/pal/core/interface.py", line 114, in execute
    self.runtime.exec_code('\n'.join(code))
  File "/home/doyle/Documents/COS484/COS484_PAL/.venv/lib/python3.10/site-packages/pal/core/runtime.py", line 145, in exec_code
    result = subprocess.run([f"llm_build/{str(random_uuid)}/Solution"], capture_output=True)
  File "/usr/lib/python3.10/subprocess.py", line 503, in run
    with Popen(*popenargs, **kwargs) as process:
  File "/usr/lib/python3.10/subprocess.py", line 971, in __init__
    self._execute_child(args, executable, preexec_fn, close_fds,
  File "/usr/lib/python3.10/subprocess.py", line 1863, in _execute_child
    raise child_exception_type(errno_num, err_msg, err_filename)
FileNotFoundError: [Errno 2] No such file or directory: 'llm_build/0aede2c8-2888-11f0-8af5-e10f5b0b7eea/Solution'

Execute error: 
Traceback (most recent call last):
  File "/home/doyle/Documents/COS484/COS484_PAL/.venv/lib/python3.10/site-packages/pal/core/interface.py", line 185, in run
    exec_result = self.execute(code)
  File "/home/doyle/Documents/COS484/COS484_PAL/.venv/lib/python3.10/site-packages/pal/core/interface.py", line 114, in execute
    self.runtime.exec_code('\n'.join(code))
  File "/home/doyle/Documents/COS484/COS484_PAL/.venv/lib/python3.10/site-packages/pal/core/runtime.py", line 145, in exec_code
    result = subprocess.run([f"llm_build/{str(random_uuid)}/Solution"], capture_output=True)
  File "/usr/lib/python3.10/subprocess.py", line 503, in run
    with Popen(*popenargs, **kwargs) as process:
  File "/usr/lib/python3.10/subprocess.py", line 971, in __init__
    self._execute_child(args, executable, preexec_fn, close_fds,
  File "/usr/lib/python3.10/subprocess.py", line 1863, in _execute_child
    raise child_exception_type(errno_num, err_msg, err_filename)
FileNotFoundError: [Errno 2] No such file or directory: 'llm_build/0f49a4ba-2888-11f0-8af5-e10f5b0b7eea/Solution'

Execute error: 
Traceback (most recent call last):
  File "/home/doyle/Documents/COS484/COS484_PAL/.venv/lib/python3.10/site-packages/pal/core/interface.py", line 185, in run
    exec_result = self.execute(code)
  File "/home/doyle/Documents/COS484/COS484_PAL/.venv/lib/python3.10/site-packages/pal/core/interface.py", line 114, in execute
    self.runtime.exec_code('\n'.join(code))
  File "/home/doyle/Documents/COS484/COS484_PAL/.venv/lib/python3.10/site-packages/pal/core/runtime.py", line 145, in exec_code
    result = subprocess.run([f"llm_build/{str(random_uuid)}/Solution"], capture_output=True)
  File "/usr/lib/python3.10/subprocess.py", line 503, in run
    with Popen(*popenargs, **kwargs) as process:
  File "/usr/lib/python3.10/subprocess.py", line 971, in __init__
    self._execute_child(args, executable, preexec_fn, close_fds,
  File "/usr/lib/python3.10/subprocess.py", line 1863, in _execute_child
    raise child_exception_type(errno_num, err_msg, err_filename)
FileNotFoundError: [Errno 2] No such file or directory: 'llm_build/3bc7e345-2888-11f0-8af6-e10f5b0b7eea/Solution'

Execute error: 
Traceback (most recent call last):
  File "/home/doyle/Documents/COS484/COS484_PAL/.venv/lib/python3.10/site-packages/pal/core/interface.py", line 185, in run
    exec_result = self.execute(code)
  File "/home/doyle/Documents/COS484/COS484_PAL/.venv/lib/python3.10/site-packages/pal/core/interface.py", line 114, in execute
    self.runtime.exec_code('\n'.join(code))
  File "/home/doyle/Documents/COS484/COS484_PAL/.venv/lib/python3.10/site-packages/pal/core/runtime.py", line 145, in exec_code
    result = subprocess.run([f"llm_build/{str(random_uuid)}/Solution"], capture_output=True)
  File "/usr/lib/python3.10/subprocess.py", line 503, in run
    with Popen(*popenargs, **kwargs) as process:
  File "/usr/lib/python3.10/subprocess.py", line 971, in __init__
    self._execute_child(args, executable, preexec_fn, close_fds,
  File "/usr/lib/python3.10/subprocess.py", line 1863, in _execute_child
    raise child_exception_type(errno_num, err_msg, err_filename)
FileNotFoundError: [Errno 2] No such file or directory: 'llm_build/4cf55977-2888-11f0-8af6-e10f5b0b7eea/Solution'

Execute error: 
 39%|███▉      | 518/1319 [37:13<32:12,  2.41s/it] 39%|███▉      | 519/1319 [37:15<30:48,  2.31s/it] 39%|███▉      | 520/1319 [37:17<29:45,  2.24s/it] 39%|███▉      | 521/1319 [37:19<29:35,  2.22s/it]File "llm_build/83ee798b-2888-11f0-8af7-e10f5b0b7eea/Solution.ml", line 2, characters 4-17:
2 | let sacks_initial = 20 in
        ^^^^^^^^^^^^^
Warning 26 [unused-var]: unused variable sacks_initial.
 40%|███▉      | 522/1319 [37:21<26:30,  2.00s/it] 40%|███▉      | 523/1319 [37:26<38:38,  2.91s/it] 40%|███▉      | 524/1319 [37:29<37:44,  2.85s/it] 40%|███▉      | 525/1319 [37:31<36:26,  2.75s/it] 40%|███▉      | 526/1319 [37:33<32:32,  2.46s/it] 40%|███▉      | 527/1319 [37:35<31:15,  2.37s/it] 40%|████      | 528/1319 [37:37<30:55,  2.35s/it] 40%|████      | 529/1319 [37:40<30:57,  2.35s/it] 40%|████      | 530/1319 [37:42<30:56,  2.35s/it] 40%|████      | 531/1319 [37:46<35:25,  2.70s/it] 40%|████      | 532/1319 [37:48<34:50,  2.66s/it] 40%|████      | 533/1319 [37:53<42:10,  3.22s/it] 40%|████      | 534/1319 [37:55<37:24,  2.86s/it] 41%|████      | 535/1319 [37:56<32:27,  2.48s/it] 41%|████      | 536/1319 [37:58<28:06,  2.15s/it]File "llm_build/9c45d0e6-2888-11f0-8af8-e10f5b0b7eea/Solution.ml", line 9, characters 102-117:
9 | let water_used = (giant_cubes * giant_cube_cost) + (medium_cubes * medium_cube_cost) + (small_cubes * small_cube_cost) in
                                                                                                          ^^^^^^^^^^^^^^^
Error: This expression has type "float" but an expression was expected of type
         "int"
 41%|████      | 537/1319 [38:00<29:34,  2.27s/it] 41%|████      | 538/1319 [38:04<37:07,  2.85s/it] 41%|████      | 539/1319 [38:07<35:54,  2.76s/it] 41%|████      | 540/1319 [38:09<32:21,  2.49s/it] 41%|████      | 541/1319 [38:11<30:11,  2.33s/it] 41%|████      | 542/1319 [38:13<29:32,  2.28s/it] 41%|████      | 543/1319 [38:15<28:33,  2.21s/it] 41%|████      | 544/1319 [38:17<28:43,  2.22s/it] 41%|████▏     | 545/1319 [38:18<24:54,  1.93s/it]File "llm_build/a8737c56-2888-11f0-8af8-e10f5b0b7eea/Solution.ml", line 4, characters 4-17:
4 | let days_per_week = 7 in
        ^^^^^^^^^^^^^
Warning 26 [unused-var]: unused variable days_per_week.
 41%|████▏     | 546/1319 [38:21<25:43,  2.00s/it] 41%|████▏     | 547/1319 [38:23<27:42,  2.15s/it] 42%|████▏     | 548/1319 [38:25<27:23,  2.13s/it]File "llm_build/ad5dc06e-2888-11f0-8af8-e10f5b0b7eea/Solution.ml", line 11, characters 4-23:
11 | let small_stickers_left = small_stickers_initial - small_stickers_traded in
         ^^^^^^^^^^^^^^^^^^^
Warning 26 [unused-var]: unused variable small_stickers_left.
 42%|████▏     | 549/1319 [38:29<33:11,  2.59s/it] 42%|████▏     | 550/1319 [38:30<28:25,  2.22s/it] 42%|████▏     | 551/1319 [38:32<25:09,  1.97s/it] 42%|████▏     | 552/1319 [38:37<39:04,  3.06s/it] 42%|████▏     | 553/1319 [38:38<31:28,  2.47s/it] 42%|████▏     | 554/1319 [38:40<26:55,  2.11s/it] 42%|████▏     | 555/1319 [38:42<29:52,  2.35s/it] 42%|████▏     | 556/1319 [38:46<33:23,  2.63s/it] 42%|████▏     | 557/1319 [38:49<36:11,  2.85s/it] 42%|████▏     | 558/1319 [38:50<30:23,  2.40s/it] 42%|████▏     | 559/1319 [38:52<29:00,  2.29s/it] 42%|████▏     | 560/1319 [38:54<25:45,  2.04s/it] 43%|████▎     | 561/1319 [38:57<29:50,  2.36s/it] 43%|████▎     | 562/1319 [39:02<40:36,  3.22s/it] 43%|████▎     | 563/1319 [39:04<34:25,  2.73s/it] 43%|████▎     | 564/1319 [39:07<34:42,  2.76s/it] 43%|████▎     | 565/1319 [39:09<33:07,  2.64s/it] 43%|████▎     | 566/1319 [39:10<28:13,  2.25s/it] 43%|████▎     | 567/1319 [39:12<27:17,  2.18s/it]File "llm_build/ca79c08a-2888-11f0-8af9-e10f5b0b7eea/Solution.ml", line 6, characters 32-43:
6 | let driving_time = total_time - hiking_time in
                                    ^^^^^^^^^^^
Error: This expression has type "float" but an expression was expected of type
         "int"
 43%|████▎     | 568/1319 [39:18<38:57,  3.11s/it] 43%|████▎     | 569/1319 [39:20<37:07,  2.97s/it] 43%|████▎     | 570/1319 [39:23<36:13,  2.90s/it]File "llm_build/cf2855ce-2888-11f0-8af9-e10f5b0b7eea/Solution.ml", line 7, characters 4-24:
7 | let total_twenties_value = twenties_initial * value_of_twenties in
        ^^^^^^^^^^^^^^^^^^^^
Warning 26 [unused-var]: unused variable total_twenties_value.
 43%|████▎     | 571/1319 [39:26<34:36,  2.78s/it] 43%|████▎     | 572/1319 [39:28<33:41,  2.71s/it] 43%|████▎     | 573/1319 [39:30<29:54,  2.41s/it] 44%|████▎     | 574/1319 [39:32<29:53,  2.41s/it] 44%|████▎     | 575/1319 [39:35<32:00,  2.58s/it] 44%|████▎     | 576/1319 [39:37<30:50,  2.49s/it] 44%|████▎     | 577/1319 [39:40<32:17,  2.61s/it] 44%|████▍     | 578/1319 [39:42<29:28,  2.39s/it] 44%|████▍     | 579/1319 [39:44<25:32,  2.07s/it] 44%|████▍     | 580/1319 [39:47<30:16,  2.46s/it] 44%|████▍     | 581/1319 [39:49<27:03,  2.20s/it]File "llm_build/df3e8082-2888-11f0-8af9-e10f5b0b7eea/Solution.ml", line 5, characters 28-49:
5 | let sally_starting_salary = billy_starting_salary + 0.4 in
                                ^^^^^^^^^^^^^^^^^^^^^
Error: This expression has type "float" but an expression was expected of type
         "int"
 44%|████▍     | 582/1319 [39:53<33:41,  2.74s/it] 44%|████▍     | 583/1319 [39:54<29:53,  2.44s/it] 44%|████▍     | 584/1319 [39:56<26:14,  2.14s/it] 44%|████▍     | 585/1319 [40:01<37:26,  3.06s/it]File "llm_build/e5580dda-2888-11f0-8afa-e10f5b0b7eea/Solution.ml", line 9, characters 25-47:
9 | let total_hours_played = hours_played_two_weeks + hours_played_one_week in
                             ^^^^^^^^^^^^^^^^^^^^^^
Error: This expression has type "float" but an expression was expected of type
         "int"
 44%|████▍     | 586/1319 [40:03<32:57,  2.70s/it] 45%|████▍     | 587/1319 [40:04<28:45,  2.36s/it]File "llm_build/e751e840-2888-11f0-8afa-e10f5b0b7eea/Solution.ml", line 6, characters 32-50:
6 | let premium_cost = total_cost * premium_percentage in
                                    ^^^^^^^^^^^^^^^^^^
Error: This expression has type "float" but an expression was expected of type
         "int"
 45%|████▍     | 588/1319 [40:06<26:30,  2.18s/it] 45%|████▍     | 589/1319 [40:08<24:42,  2.03s/it]File "llm_build/eaed1420-2888-11f0-8afa-e10f5b0b7eea/Solution.ml", line 5, characters 56-59:
5 | let tea_drunk_by_1_5_students = students_drinking_1_5 * 1.5 in
                                                            ^^^
Error: This expression has type "float" but an expression was expected of type
         "int"
 45%|████▍     | 590/1319 [40:12<33:09,  2.73s/it] 45%|████▍     | 591/1319 [40:14<30:36,  2.52s/it] 45%|████▍     | 592/1319 [40:18<33:47,  2.79s/it]File "llm_build/ef4c68b8-2888-11f0-8afa-e10f5b0b7eea/Solution.ml", line 3, characters 11-12:
3 | let zest = x in
               ^
Error: Unbound value "x"
Traceback (most recent call last):
  File "/home/doyle/Documents/COS484/COS484_PAL/.venv/lib/python3.10/site-packages/pal/core/interface.py", line 185, in run
    exec_result = self.execute(code)
  File "/home/doyle/Documents/COS484/COS484_PAL/.venv/lib/python3.10/site-packages/pal/core/interface.py", line 114, in execute
    self.runtime.exec_code('\n'.join(code))
  File "/home/doyle/Documents/COS484/COS484_PAL/.venv/lib/python3.10/site-packages/pal/core/runtime.py", line 145, in exec_code
    result = subprocess.run([f"llm_build/{str(random_uuid)}/Solution"], capture_output=True)
  File "/usr/lib/python3.10/subprocess.py", line 503, in run
    with Popen(*popenargs, **kwargs) as process:
  File "/usr/lib/python3.10/subprocess.py", line 971, in __init__
    self._execute_child(args, executable, preexec_fn, close_fds,
  File "/usr/lib/python3.10/subprocess.py", line 1863, in _execute_child
    raise child_exception_type(errno_num, err_msg, err_filename)
FileNotFoundError: [Errno 2] No such file or directory: 'llm_build/80287d8c-2888-11f0-8af7-e10f5b0b7eea/Solution'

Execute error: 
Traceback (most recent call last):
  File "/home/doyle/Documents/COS484/COS484_PAL/.venv/lib/python3.10/site-packages/pal/core/interface.py", line 185, in run
    exec_result = self.execute(code)
  File "/home/doyle/Documents/COS484/COS484_PAL/.venv/lib/python3.10/site-packages/pal/core/interface.py", line 114, in execute
    self.runtime.exec_code('\n'.join(code))
  File "/home/doyle/Documents/COS484/COS484_PAL/.venv/lib/python3.10/site-packages/pal/core/runtime.py", line 145, in exec_code
    result = subprocess.run([f"llm_build/{str(random_uuid)}/Solution"], capture_output=True)
  File "/usr/lib/python3.10/subprocess.py", line 503, in run
    with Popen(*popenargs, **kwargs) as process:
  File "/usr/lib/python3.10/subprocess.py", line 971, in __init__
    self._execute_child(args, executable, preexec_fn, close_fds,
  File "/usr/lib/python3.10/subprocess.py", line 1863, in _execute_child
    raise child_exception_type(errno_num, err_msg, err_filename)
FileNotFoundError: [Errno 2] No such file or directory: 'llm_build/9c45d0e6-2888-11f0-8af8-e10f5b0b7eea/Solution'

Execute error: 
Traceback (most recent call last):
  File "/home/doyle/Documents/COS484/COS484_PAL/.venv/lib/python3.10/site-packages/pal/core/interface.py", line 185, in run
    exec_result = self.execute(code)
  File "/home/doyle/Documents/COS484/COS484_PAL/.venv/lib/python3.10/site-packages/pal/core/interface.py", line 114, in execute
    self.runtime.exec_code('\n'.join(code))
  File "/home/doyle/Documents/COS484/COS484_PAL/.venv/lib/python3.10/site-packages/pal/core/runtime.py", line 145, in exec_code
    result = subprocess.run([f"llm_build/{str(random_uuid)}/Solution"], capture_output=True)
  File "/usr/lib/python3.10/subprocess.py", line 503, in run
    with Popen(*popenargs, **kwargs) as process:
  File "/usr/lib/python3.10/subprocess.py", line 971, in __init__
    self._execute_child(args, executable, preexec_fn, close_fds,
  File "/usr/lib/python3.10/subprocess.py", line 1863, in _execute_child
    raise child_exception_type(errno_num, err_msg, err_filename)
FileNotFoundError: [Errno 2] No such file or directory: 'llm_build/ca79c08a-2888-11f0-8af9-e10f5b0b7eea/Solution'

Execute error: 
Traceback (most recent call last):
  File "/home/doyle/Documents/COS484/COS484_PAL/.venv/lib/python3.10/site-packages/pal/core/interface.py", line 185, in run
    exec_result = self.execute(code)
  File "/home/doyle/Documents/COS484/COS484_PAL/.venv/lib/python3.10/site-packages/pal/core/interface.py", line 114, in execute
    self.runtime.exec_code('\n'.join(code))
  File "/home/doyle/Documents/COS484/COS484_PAL/.venv/lib/python3.10/site-packages/pal/core/runtime.py", line 145, in exec_code
    result = subprocess.run([f"llm_build/{str(random_uuid)}/Solution"], capture_output=True)
  File "/usr/lib/python3.10/subprocess.py", line 503, in run
    with Popen(*popenargs, **kwargs) as process:
  File "/usr/lib/python3.10/subprocess.py", line 971, in __init__
    self._execute_child(args, executable, preexec_fn, close_fds,
  File "/usr/lib/python3.10/subprocess.py", line 1863, in _execute_child
    raise child_exception_type(errno_num, err_msg, err_filename)
FileNotFoundError: [Errno 2] No such file or directory: 'llm_build/df3e8082-2888-11f0-8af9-e10f5b0b7eea/Solution'

Execute error: 
Traceback (most recent call last):
  File "/home/doyle/Documents/COS484/COS484_PAL/.venv/lib/python3.10/site-packages/pal/core/interface.py", line 185, in run
    exec_result = self.execute(code)
  File "/home/doyle/Documents/COS484/COS484_PAL/.venv/lib/python3.10/site-packages/pal/core/interface.py", line 114, in execute
    self.runtime.exec_code('\n'.join(code))
  File "/home/doyle/Documents/COS484/COS484_PAL/.venv/lib/python3.10/site-packages/pal/core/runtime.py", line 145, in exec_code
    result = subprocess.run([f"llm_build/{str(random_uuid)}/Solution"], capture_output=True)
  File "/usr/lib/python3.10/subprocess.py", line 503, in run
    with Popen(*popenargs, **kwargs) as process:
  File "/usr/lib/python3.10/subprocess.py", line 971, in __init__
    self._execute_child(args, executable, preexec_fn, close_fds,
  File "/usr/lib/python3.10/subprocess.py", line 1863, in _execute_child
    raise child_exception_type(errno_num, err_msg, err_filename)
FileNotFoundError: [Errno 2] No such file or directory: 'llm_build/e5580dda-2888-11f0-8afa-e10f5b0b7eea/Solution'

Execute error: 
Traceback (most recent call last):
  File "/home/doyle/Documents/COS484/COS484_PAL/.venv/lib/python3.10/site-packages/pal/core/interface.py", line 185, in run
    exec_result = self.execute(code)
  File "/home/doyle/Documents/COS484/COS484_PAL/.venv/lib/python3.10/site-packages/pal/core/interface.py", line 114, in execute
    self.runtime.exec_code('\n'.join(code))
  File "/home/doyle/Documents/COS484/COS484_PAL/.venv/lib/python3.10/site-packages/pal/core/runtime.py", line 145, in exec_code
    result = subprocess.run([f"llm_build/{str(random_uuid)}/Solution"], capture_output=True)
  File "/usr/lib/python3.10/subprocess.py", line 503, in run
    with Popen(*popenargs, **kwargs) as process:
  File "/usr/lib/python3.10/subprocess.py", line 971, in __init__
    self._execute_child(args, executable, preexec_fn, close_fds,
  File "/usr/lib/python3.10/subprocess.py", line 1863, in _execute_child
    raise child_exception_type(errno_num, err_msg, err_filename)
FileNotFoundError: [Errno 2] No such file or directory: 'llm_build/e751e840-2888-11f0-8afa-e10f5b0b7eea/Solution'

Execute error: 
Traceback (most recent call last):
  File "/home/doyle/Documents/COS484/COS484_PAL/.venv/lib/python3.10/site-packages/pal/core/interface.py", line 185, in run
    exec_result = self.execute(code)
  File "/home/doyle/Documents/COS484/COS484_PAL/.venv/lib/python3.10/site-packages/pal/core/interface.py", line 114, in execute
    self.runtime.exec_code('\n'.join(code))
  File "/home/doyle/Documents/COS484/COS484_PAL/.venv/lib/python3.10/site-packages/pal/core/runtime.py", line 145, in exec_code
    result = subprocess.run([f"llm_build/{str(random_uuid)}/Solution"], capture_output=True)
  File "/usr/lib/python3.10/subprocess.py", line 503, in run
    with Popen(*popenargs, **kwargs) as process:
  File "/usr/lib/python3.10/subprocess.py", line 971, in __init__
    self._execute_child(args, executable, preexec_fn, close_fds,
  File "/usr/lib/python3.10/subprocess.py", line 1863, in _execute_child
    raise child_exception_type(errno_num, err_msg, err_filename)
FileNotFoundError: [Errno 2] No such file or directory: 'llm_build/eaed1420-2888-11f0-8afa-e10f5b0b7eea/Solution'

Execute error: 
 45%|████▍     | 593/1319 [40:19<30:28,  2.52s/it] 45%|████▌     | 594/1319 [40:22<30:02,  2.49s/it] 45%|████▌     | 595/1319 [40:23<26:08,  2.17s/it] 45%|████▌     | 596/1319 [40:27<32:43,  2.72s/it] 45%|████▌     | 597/1319 [40:29<28:23,  2.36s/it] 45%|████▌     | 598/1319 [40:31<25:52,  2.15s/it] 45%|████▌     | 599/1319 [40:32<24:44,  2.06s/it] 45%|████▌     | 600/1319 [40:34<24:44,  2.07s/it] 46%|████▌     | 601/1319 [40:36<23:30,  1.96s/it] 46%|████▌     | 602/1319 [40:38<24:06,  2.02s/it] 46%|████▌     | 603/1319 [40:41<25:15,  2.12s/it] 46%|████▌     | 604/1319 [40:42<24:11,  2.03s/it] 46%|████▌     | 605/1319 [40:45<26:01,  2.19s/it] 46%|████▌     | 606/1319 [40:47<26:09,  2.20s/it] 46%|████▌     | 607/1319 [40:50<27:30,  2.32s/it] 46%|████▌     | 608/1319 [40:52<25:07,  2.12s/it] 46%|████▌     | 609/1319 [40:53<24:04,  2.03s/it] 46%|████▌     | 610/1319 [40:56<26:31,  2.24s/it] 46%|████▋     | 611/1319 [40:59<29:14,  2.48s/it] 46%|████▋     | 612/1319 [41:01<27:10,  2.31s/it] 46%|████▋     | 613/1319 [41:02<23:57,  2.04s/it] 47%|████▋     | 614/1319 [41:12<50:45,  4.32s/it] 47%|████▋     | 615/1319 [41:14<43:50,  3.74s/it]File "llm_build/12017b46-2889-11f0-8afa-e10f5b0b7eea/Solution.ml", line 8, characters 4-19:
8 | let total_time_used = intermission_time + total_time_per_group in
        ^^^^^^^^^^^^^^^
Warning 26 [unused-var]: unused variable total_time_used.
 47%|████▋     | 616/1319 [41:18<42:08,  3.60s/it] 47%|████▋     | 617/1319 [41:19<35:11,  3.01s/it] 47%|████▋     | 618/1319 [41:21<30:32,  2.61s/it] 47%|████▋     | 619/1319 [41:22<25:34,  2.19s/it] 47%|████▋     | 620/1319 [41:25<26:12,  2.25s/it] 47%|████▋     | 621/1319 [41:26<24:14,  2.08s/it] 47%|████▋     | 622/1319 [41:38<56:20,  4.85s/it] 47%|████▋     | 623/1319 [41:40<45:59,  3.96s/it] 47%|████▋     | 624/1319 [41:42<41:29,  3.58s/it] 47%|████▋     | 625/1319 [41:44<34:57,  3.02s/it] 47%|████▋     | 626/1319 [41:45<29:08,  2.52s/it] 48%|████▊     | 627/1319 [41:47<25:53,  2.24s/it] 48%|████▊     | 628/1319 [41:49<25:00,  2.17s/it] 48%|████▊     | 629/1319 [41:50<21:32,  1.87s/it] 48%|████▊     | 630/1319 [41:52<21:40,  1.89s/it] 48%|████▊     | 631/1319 [41:54<23:46,  2.07s/it] 48%|████▊     | 632/1319 [41:56<20:45,  1.81s/it] 48%|████▊     | 633/1319 [41:58<21:37,  1.89s/it] 48%|████▊     | 634/1319 [41:59<19:26,  1.70s/it] 48%|████▊     | 635/1319 [42:01<19:06,  1.68s/it] 48%|████▊     | 636/1319 [42:03<20:45,  1.82s/it] 48%|████▊     | 637/1319 [42:05<20:44,  1.83s/it] 48%|████▊     | 638/1319 [42:07<22:35,  1.99s/it] 48%|████▊     | 639/1319 [42:09<22:03,  1.95s/it] 49%|████▊     | 640/1319 [42:11<21:33,  1.91s/it] 49%|████▊     | 641/1319 [42:13<22:38,  2.00s/it] 49%|████▊     | 642/1319 [42:18<32:04,  2.84s/it] 49%|████▊     | 643/1319 [42:19<27:23,  2.43s/it] 49%|████▉     | 644/1319 [42:21<25:43,  2.29s/it] 49%|████▉     | 645/1319 [42:24<28:21,  2.53s/it] 49%|████▉     | 646/1319 [42:25<23:59,  2.14s/it] 49%|████▉     | 647/1319 [42:27<21:55,  1.96s/it] 49%|████▉     | 648/1319 [42:28<20:23,  1.82s/it] 49%|████▉     | 649/1319 [42:31<21:36,  1.94s/it] 49%|████▉     | 650/1319 [42:32<19:59,  1.79s/it] 49%|████▉     | 651/1319 [42:34<18:57,  1.70s/it] 49%|████▉     | 652/1319 [42:35<18:42,  1.68s/it] 50%|████▉     | 653/1319 [42:40<29:05,  2.62s/it] 50%|████▉     | 654/1319 [42:41<24:06,  2.18s/it] 50%|████▉     | 655/1319 [42:42<21:02,  1.90s/it] 50%|████▉     | 656/1319 [42:44<21:04,  1.91s/it] 50%|████▉     | 657/1319 [42:46<20:09,  1.83s/it] 50%|████▉     | 658/1319 [42:48<20:44,  1.88s/it] 50%|████▉     | 659/1319 [42:50<19:28,  1.77s/it] 50%|█████     | 660/1319 [42:52<20:14,  1.84s/it] 50%|█████     | 661/1319 [42:53<18:37,  1.70s/it]File "llm_build/4bccf92c-2889-11f0-8afa-e10f5b0b7eea/Solution.ml", line 7, characters 40-58:
7 | let total_spent = total_notebook_cost + total_ballpen_cost in
                                            ^^^^^^^^^^^^^^^^^^
Error: This expression has type "float" but an expression was expected of type
         "int"
 50%|█████     | 662/1319 [42:55<18:41,  1.71s/it] 50%|█████     | 663/1319 [42:56<18:27,  1.69s/it] 50%|█████     | 664/1319 [42:58<17:59,  1.65s/it] 50%|█████     | 665/1319 [43:00<18:43,  1.72s/it] 50%|█████     | 666/1319 [43:01<16:55,  1.56s/it] 51%|█████     | 667/1319 [43:02<16:38,  1.53s/it] 51%|█████     | 668/1319 [43:04<16:14,  1.50s/it] 51%|█████     | 669/1319 [43:05<15:22,  1.42s/it] 51%|█████     | 670/1319 [43:06<15:20,  1.42s/it] 51%|█████     | 671/1319 [43:09<18:20,  1.70s/it] 51%|█████     | 672/1319 [43:11<19:26,  1.80s/it] 51%|█████     | 673/1319 [43:12<17:55,  1.66s/it] 51%|█████     | 674/1319 [43:14<16:45,  1.56s/it] 51%|█████     | 675/1319 [43:15<17:04,  1.59s/it] 51%|█████▏    | 676/1319 [43:17<18:52,  1.76s/it] 51%|█████▏    | 677/1319 [43:19<20:03,  1.87s/it] 51%|█████▏    | 678/1319 [43:22<21:16,  1.99s/it] 51%|█████▏    | 679/1319 [43:24<20:59,  1.97s/it] 52%|█████▏    | 680/1319 [43:25<19:38,  1.84s/it] 52%|█████▏    | 681/1319 [43:29<25:13,  2.37s/it] 52%|█████▏    | 682/1319 [43:31<25:26,  2.40s/it] 52%|█████▏    | 683/1319 [43:33<24:40,  2.33s/it] 52%|█████▏    | 684/1319 [43:35<22:36,  2.14s/it] 52%|█████▏    | 685/1319 [43:37<22:02,  2.09s/it] 52%|█████▏    | 686/1319 [43:39<22:23,  2.12s/it] 52%|█████▏    | 687/1319 [43:41<21:54,  2.08s/it] 52%|█████▏    | 688/1319 [43:44<22:24,  2.13s/it] 52%|█████▏    | 689/1319 [43:45<20:15,  1.93s/it] 52%|█████▏    | 690/1319 [43:47<19:13,  1.83s/it] 52%|█████▏    | 691/1319 [43:49<20:00,  1.91s/it]File "llm_build/6d3e728e-2889-11f0-8afb-e10f5b0b7eea/Solution.ml", line 11, characters 52-64:
11 | let total_carrot_earnings = int_of_float (carrots * carrot_price) in
                                                         ^^^^^^^^^^^^
Error: This expression has type "float" but an expression was expected of type
         "int"
 52%|█████▏    | 692/1319 [43:51<20:29,  1.96s/it] 53%|█████▎    | 693/1319 [43:53<22:22,  2.14s/it] 53%|█████▎    | 694/1319 [43:55<19:58,  1.92s/it] 53%|█████▎    | 695/1319 [43:56<17:50,  1.71s/it] 53%|█████▎    | 696/1319 [44:00<25:14,  2.43s/it] 53%|█████▎    | 697/1319 [44:02<22:04,  2.13s/it] 53%|█████▎    | 698/1319 [44:03<19:54,  1.92s/it] 53%|█████▎    | 699/1319 [44:05<19:31,  1.89s/it] 53%|█████▎    | 700/1319 [44:06<18:13,  1.77s/it] 53%|█████▎    | 701/1319 [44:08<17:11,  1.67s/it] 53%|█████▎    | 702/1319 [44:10<19:09,  1.86s/it] 53%|█████▎    | 703/1319 [44:11<17:27,  1.70s/it] 53%|█████▎    | 704/1319 [44:13<18:06,  1.77s/it] 53%|█████▎    | 705/1319 [44:15<17:15,  1.69s/it] 54%|█████▎    | 706/1319 [44:18<21:07,  2.07s/it] 54%|█████▎    | 707/1319 [44:19<19:56,  1.96s/it] 54%|█████▎    | 708/1319 [44:21<18:29,  1.82s/it] 54%|█████▍    | 709/1319 [44:22<16:50,  1.66s/it] 54%|█████▍    | 710/1319 [44:24<18:10,  1.79s/it] 54%|█████▍    | 711/1319 [44:26<17:21,  1.71s/it] 54%|█████▍    | 712/1319 [44:28<19:04,  1.89s/it]File "llm_build/8438f266-2889-11f0-8afb-e10f5b0b7eea/Solution.ml", line 4, characters 42-58:
4 | let red_car_price = blue_car_price * (1 - red_car_discount) in
                                              ^^^^^^^^^^^^^^^^
Error: This expression has type "float" but an expression was expected of type
         "int"
 54%|█████▍    | 713/1319 [44:29<17:03,  1.69s/it] 54%|█████▍    | 714/1319 [44:31<16:30,  1.64s/it] 54%|█████▍    | 715/1319 [44:32<15:58,  1.59s/it] 54%|█████▍    | 716/1319 [44:34<16:36,  1.65s/it] 54%|█████▍    | 717/1319 [44:36<17:40,  1.76s/it] 54%|█████▍    | 718/1319 [44:38<17:28,  1.74s/it] 55%|█████▍    | 719/1319 [44:39<15:57,  1.60s/it] 55%|█████▍    | 720/1319 [44:41<17:33,  1.76s/it] 55%|█████▍    | 721/1319 [44:43<18:47,  1.89s/it] 55%|█████▍    | 722/1319 [44:45<17:40,  1.78s/it] 55%|█████▍    | 723/1319 [44:47<19:58,  2.01s/it] 55%|█████▍    | 724/1319 [44:50<19:59,  2.02s/it] 55%|█████▍    | 725/1319 [44:51<19:34,  1.98s/it] 55%|█████▌    | 726/1319 [44:54<21:55,  2.22s/it] 55%|█████▌    | 727/1319 [44:56<20:06,  2.04s/it]File "llm_build/9563b2d8-2889-11f0-8afb-e10f5b0b7eea/Solution.ml", line 7, characters 4-14:
7 | let helene_age = 2 * average_age in
        ^^^^^^^^^^
Warning 26 [unused-var]: unused variable helene_age.
 55%|█████▌    | 728/1319 [44:58<20:58,  2.13s/it] 55%|█████▌    | 729/1319 [45:00<20:52,  2.12s/it] 55%|█████▌    | 730/1319 [45:03<21:21,  2.17s/it]File "llm_build/99089b06-2889-11f0-8afb-e10f5b0b7eea/Solution.ml", line 4, characters 18-28:
4 | let total_boxes = lisa_boxes + peter_boxes in
                      ^^^^^^^^^^
Error: This expression has type "float" but an expression was expected of type
         "int"
 55%|█████▌    | 731/1319 [45:04<19:55,  2.03s/it] 55%|█████▌    | 732/1319 [45:06<20:21,  2.08s/it] 56%|█████▌    | 733/1319 [45:09<20:51,  2.14s/it] 56%|█████▌    | 734/1319 [45:11<22:05,  2.27s/it] 56%|█████▌    | 735/1319 [45:13<20:11,  2.08s/it] 56%|█████▌    | 736/1319 [45:15<19:54,  2.05s/it] 56%|█████▌    | 737/1319 [45:17<21:13,  2.19s/it] 56%|█████▌    | 738/1319 [45:19<19:52,  2.05s/it] 56%|█████▌    | 739/1319 [45:23<25:21,  2.62s/it] 56%|█████▌    | 740/1319 [45:26<26:03,  2.70s/it]File "llm_build/a8d4e850-2889-11f0-8afb-e10f5b0b7eea/Solution.ml", line 15, characters 2-45:
15 |   (float_of_int peaches_bought *. peach_cost) +
       ^^^^^^^^^^^^^^^^^^^^^^^^^^^^^^^^^^^^^^^^^^^
Error: This expression has type "float" but an expression was expected of type
         "int"
 56%|█████▌    | 741/1319 [45:31<32:00,  3.32s/it] 56%|█████▋    | 742/1319 [45:32<27:07,  2.82s/it] 56%|█████▋    | 743/1319 [45:35<27:21,  2.85s/it] 56%|█████▋    | 744/1319 [45:37<23:04,  2.41s/it] 56%|█████▋    | 745/1319 [45:39<21:49,  2.28s/it] 57%|█████▋    | 746/1319 [45:40<19:03,  2.00s/it] 57%|█████▋    | 747/1319 [45:42<20:11,  2.12s/it] 57%|█████▋    | 748/1319 [45:45<20:59,  2.21s/it] 57%|█████▋    | 749/1319 [45:47<19:42,  2.07s/it] 57%|█████▋    | 750/1319 [45:49<19:15,  2.03s/it]File "llm_build/b4b5c0d6-2889-11f0-8afb-e10f5b0b7eea/Solution.ml", line 4, characters 4-29:
4 | let sandwiches_second_package = 4 in
        ^^^^^^^^^^^^^^^^^^^^^^^^^
Warning 26 [unused-var]: unused variable sandwiches_second_package.

File "llm_build/b4b5c0d6-2889-11f0-8afb-e10f5b0b7eea/Solution.ml", line 5, characters 4-24:
5 | let price_second_package = 6 in
        ^^^^^^^^^^^^^^^^^^^^
Warning 26 [unused-var]: unused variable price_second_package.
 57%|█████▋    | 751/1319 [45:51<19:36,  2.07s/it]File "llm_build/b5e84906-2889-11f0-8afb-e10f5b0b7eea/Solution.ml", line 6, characters 35-61:
6 | let monthly_payment = amount_due * monthly_payment_percentage in
                                       ^^^^^^^^^^^^^^^^^^^^^^^^^^
Error: This expression has type "float" but an expression was expected of type
         "int"
 57%|█████▋    | 752/1319 [45:53<19:21,  2.05s/it] 57%|█████▋    | 753/1319 [45:54<17:44,  1.88s/it] 57%|█████▋    | 754/1319 [45:56<17:39,  1.88s/it] 57%|█████▋    | 755/1319 [45:58<18:03,  1.92s/it] 57%|█████▋    | 756/1319 [45:59<16:19,  1.74s/it] 57%|█████▋    | 757/1319 [46:03<22:21,  2.39s/it] 57%|█████▋    | 758/1319 [46:05<20:30,  2.19s/it] 58%|█████▊    | 759/1319 [46:07<20:47,  2.23s/it] 58%|█████▊    | 760/1319 [46:10<20:39,  2.22s/it] 58%|█████▊    | 761/1319 [46:11<19:38,  2.11s/it] 58%|█████▊    | 762/1319 [46:13<18:05,  1.95s/it] 58%|█████▊    | 763/1319 [46:15<18:23,  1.98s/it] 58%|█████▊    | 764/1319 [46:20<25:19,  2.74s/it] 58%|█████▊    | 765/1319 [46:22<23:29,  2.54s/it]File "llm_build/c724d145-2889-11f0-8afb-e10f5b0b7eea/Solution.ml", line 4, characters 56-75:
4 | let increased_cost_monthly = normal_cost_monthly * (1 + increase_percentage) in
                                                            ^^^^^^^^^^^^^^^^^^^
Error: This expression has type "float" but an expression was expected of type
         "int"
Traceback (most recent call last):
  File "/home/doyle/Documents/COS484/COS484_PAL/.venv/lib/python3.10/site-packages/pal/core/interface.py", line 185, in run
    exec_result = self.execute(code)
  File "/home/doyle/Documents/COS484/COS484_PAL/.venv/lib/python3.10/site-packages/pal/core/interface.py", line 114, in execute
    self.runtime.exec_code('\n'.join(code))
  File "/home/doyle/Documents/COS484/COS484_PAL/.venv/lib/python3.10/site-packages/pal/core/runtime.py", line 145, in exec_code
    result = subprocess.run([f"llm_build/{str(random_uuid)}/Solution"], capture_output=True)
  File "/usr/lib/python3.10/subprocess.py", line 503, in run
    with Popen(*popenargs, **kwargs) as process:
  File "/usr/lib/python3.10/subprocess.py", line 971, in __init__
    self._execute_child(args, executable, preexec_fn, close_fds,
  File "/usr/lib/python3.10/subprocess.py", line 1863, in _execute_child
    raise child_exception_type(errno_num, err_msg, err_filename)
FileNotFoundError: [Errno 2] No such file or directory: 'llm_build/ef4c68b8-2888-11f0-8afa-e10f5b0b7eea/Solution'

Execute error: 
Traceback (most recent call last):
  File "/home/doyle/Documents/COS484/COS484_PAL/.venv/lib/python3.10/site-packages/pal/core/interface.py", line 185, in run
    exec_result = self.execute(code)
  File "/home/doyle/Documents/COS484/COS484_PAL/.venv/lib/python3.10/site-packages/pal/core/interface.py", line 114, in execute
    self.runtime.exec_code('\n'.join(code))
  File "/home/doyle/Documents/COS484/COS484_PAL/.venv/lib/python3.10/site-packages/pal/core/runtime.py", line 145, in exec_code
    result = subprocess.run([f"llm_build/{str(random_uuid)}/Solution"], capture_output=True)
  File "/usr/lib/python3.10/subprocess.py", line 503, in run
    with Popen(*popenargs, **kwargs) as process:
  File "/usr/lib/python3.10/subprocess.py", line 971, in __init__
    self._execute_child(args, executable, preexec_fn, close_fds,
  File "/usr/lib/python3.10/subprocess.py", line 1863, in _execute_child
    raise child_exception_type(errno_num, err_msg, err_filename)
FileNotFoundError: [Errno 2] No such file or directory: 'llm_build/4bccf92c-2889-11f0-8afa-e10f5b0b7eea/Solution'

Execute error: 
Traceback (most recent call last):
  File "/home/doyle/Documents/COS484/COS484_PAL/.venv/lib/python3.10/site-packages/pal/core/interface.py", line 185, in run
    exec_result = self.execute(code)
  File "/home/doyle/Documents/COS484/COS484_PAL/.venv/lib/python3.10/site-packages/pal/core/interface.py", line 114, in execute
    self.runtime.exec_code('\n'.join(code))
  File "/home/doyle/Documents/COS484/COS484_PAL/.venv/lib/python3.10/site-packages/pal/core/runtime.py", line 145, in exec_code
    result = subprocess.run([f"llm_build/{str(random_uuid)}/Solution"], capture_output=True)
  File "/usr/lib/python3.10/subprocess.py", line 503, in run
    with Popen(*popenargs, **kwargs) as process:
  File "/usr/lib/python3.10/subprocess.py", line 971, in __init__
    self._execute_child(args, executable, preexec_fn, close_fds,
  File "/usr/lib/python3.10/subprocess.py", line 1863, in _execute_child
    raise child_exception_type(errno_num, err_msg, err_filename)
FileNotFoundError: [Errno 2] No such file or directory: 'llm_build/6d3e728e-2889-11f0-8afb-e10f5b0b7eea/Solution'

Execute error: 
Traceback (most recent call last):
  File "/home/doyle/Documents/COS484/COS484_PAL/.venv/lib/python3.10/site-packages/pal/core/interface.py", line 185, in run
    exec_result = self.execute(code)
  File "/home/doyle/Documents/COS484/COS484_PAL/.venv/lib/python3.10/site-packages/pal/core/interface.py", line 114, in execute
    self.runtime.exec_code('\n'.join(code))
  File "/home/doyle/Documents/COS484/COS484_PAL/.venv/lib/python3.10/site-packages/pal/core/runtime.py", line 145, in exec_code
    result = subprocess.run([f"llm_build/{str(random_uuid)}/Solution"], capture_output=True)
  File "/usr/lib/python3.10/subprocess.py", line 503, in run
    with Popen(*popenargs, **kwargs) as process:
  File "/usr/lib/python3.10/subprocess.py", line 971, in __init__
    self._execute_child(args, executable, preexec_fn, close_fds,
  File "/usr/lib/python3.10/subprocess.py", line 1863, in _execute_child
    raise child_exception_type(errno_num, err_msg, err_filename)
FileNotFoundError: [Errno 2] No such file or directory: 'llm_build/8438f266-2889-11f0-8afb-e10f5b0b7eea/Solution'

Execute error: 
Traceback (most recent call last):
  File "/home/doyle/Documents/COS484/COS484_PAL/.venv/lib/python3.10/site-packages/pal/core/interface.py", line 185, in run
    exec_result = self.execute(code)
  File "/home/doyle/Documents/COS484/COS484_PAL/.venv/lib/python3.10/site-packages/pal/core/interface.py", line 114, in execute
    self.runtime.exec_code('\n'.join(code))
  File "/home/doyle/Documents/COS484/COS484_PAL/.venv/lib/python3.10/site-packages/pal/core/runtime.py", line 145, in exec_code
    result = subprocess.run([f"llm_build/{str(random_uuid)}/Solution"], capture_output=True)
  File "/usr/lib/python3.10/subprocess.py", line 503, in run
    with Popen(*popenargs, **kwargs) as process:
  File "/usr/lib/python3.10/subprocess.py", line 971, in __init__
    self._execute_child(args, executable, preexec_fn, close_fds,
  File "/usr/lib/python3.10/subprocess.py", line 1863, in _execute_child
    raise child_exception_type(errno_num, err_msg, err_filename)
FileNotFoundError: [Errno 2] No such file or directory: 'llm_build/99089b06-2889-11f0-8afb-e10f5b0b7eea/Solution'

Execute error: 
Traceback (most recent call last):
  File "/home/doyle/Documents/COS484/COS484_PAL/.venv/lib/python3.10/site-packages/pal/core/interface.py", line 185, in run
    exec_result = self.execute(code)
  File "/home/doyle/Documents/COS484/COS484_PAL/.venv/lib/python3.10/site-packages/pal/core/interface.py", line 114, in execute
    self.runtime.exec_code('\n'.join(code))
  File "/home/doyle/Documents/COS484/COS484_PAL/.venv/lib/python3.10/site-packages/pal/core/runtime.py", line 145, in exec_code
    result = subprocess.run([f"llm_build/{str(random_uuid)}/Solution"], capture_output=True)
  File "/usr/lib/python3.10/subprocess.py", line 503, in run
    with Popen(*popenargs, **kwargs) as process:
  File "/usr/lib/python3.10/subprocess.py", line 971, in __init__
    self._execute_child(args, executable, preexec_fn, close_fds,
  File "/usr/lib/python3.10/subprocess.py", line 1863, in _execute_child
    raise child_exception_type(errno_num, err_msg, err_filename)
FileNotFoundError: [Errno 2] No such file or directory: 'llm_build/a8d4e850-2889-11f0-8afb-e10f5b0b7eea/Solution'

Execute error: 
Traceback (most recent call last):
  File "/home/doyle/Documents/COS484/COS484_PAL/.venv/lib/python3.10/site-packages/pal/core/interface.py", line 185, in run
    exec_result = self.execute(code)
  File "/home/doyle/Documents/COS484/COS484_PAL/.venv/lib/python3.10/site-packages/pal/core/interface.py", line 114, in execute
    self.runtime.exec_code('\n'.join(code))
  File "/home/doyle/Documents/COS484/COS484_PAL/.venv/lib/python3.10/site-packages/pal/core/runtime.py", line 145, in exec_code
    result = subprocess.run([f"llm_build/{str(random_uuid)}/Solution"], capture_output=True)
  File "/usr/lib/python3.10/subprocess.py", line 503, in run
    with Popen(*popenargs, **kwargs) as process:
  File "/usr/lib/python3.10/subprocess.py", line 971, in __init__
    self._execute_child(args, executable, preexec_fn, close_fds,
  File "/usr/lib/python3.10/subprocess.py", line 1863, in _execute_child
    raise child_exception_type(errno_num, err_msg, err_filename)
FileNotFoundError: [Errno 2] No such file or directory: 'llm_build/b5e84906-2889-11f0-8afb-e10f5b0b7eea/Solution'

Execute error: 
 58%|█████▊    | 766/1319 [46:23<19:56,  2.16s/it] 58%|█████▊    | 767/1319 [46:26<22:16,  2.42s/it] 58%|█████▊    | 768/1319 [46:28<20:55,  2.28s/it] 58%|█████▊    | 769/1319 [46:29<19:01,  2.08s/it]File "llm_build/cce94d4e-2889-11f0-8afb-e10f5b0b7eea/Solution.ml", line 4, characters 4-16:
4 | let total_slices = pizzas_shared * slices_per_pizza in
        ^^^^^^^^^^^^
Warning 26 [unused-var]: unused variable total_slices.
 58%|█████▊    | 770/1319 [46:31<18:19,  2.00s/it] 58%|█████▊    | 771/1319 [46:33<17:20,  1.90s/it] 59%|█████▊    | 772/1319 [46:35<16:37,  1.82s/it] 59%|█████▊    | 773/1319 [46:36<15:01,  1.65s/it] 59%|█████▊    | 774/1319 [46:39<18:45,  2.06s/it] 59%|█████▉    | 775/1319 [46:41<19:47,  2.18s/it] 59%|█████▉    | 776/1319 [46:43<19:07,  2.11s/it] 59%|█████▉    | 777/1319 [46:45<18:20,  2.03s/it] 59%|█████▉    | 778/1319 [46:48<20:15,  2.25s/it] 59%|█████▉    | 779/1319 [46:50<18:35,  2.07s/it] 59%|█████▉    | 780/1319 [46:51<17:16,  1.92s/it] 59%|█████▉    | 781/1319 [46:53<18:12,  2.03s/it] 59%|█████▉    | 782/1319 [46:57<21:29,  2.40s/it] 59%|█████▉    | 783/1319 [46:59<21:08,  2.37s/it] 59%|█████▉    | 784/1319 [47:00<17:50,  2.00s/it] 60%|█████▉    | 785/1319 [47:01<16:02,  1.80s/it]File "llm_build/e03d7276-2889-11f0-8afb-e10f5b0b7eea/Solution.ml", line 7, characters 44-59:
7 | let total_cost_individual = total_bananas * cost_per_banana in
                                                ^^^^^^^^^^^^^^^
Error: This expression has type "float" but an expression was expected of type
         "int"
 60%|█████▉    | 786/1319 [47:04<17:17,  1.95s/it] 60%|█████▉    | 787/1319 [47:09<27:28,  3.10s/it] 60%|█████▉    | 788/1319 [47:11<24:08,  2.73s/it] 60%|█████▉    | 789/1319 [47:13<21:14,  2.40s/it] 60%|█████▉    | 790/1319 [47:15<18:50,  2.14s/it] 60%|█████▉    | 791/1319 [47:17<19:01,  2.16s/it] 60%|██████    | 792/1319 [47:19<19:18,  2.20s/it] 60%|██████    | 793/1319 [47:21<18:55,  2.16s/it] 60%|██████    | 794/1319 [47:25<22:55,  2.62s/it] 60%|██████    | 795/1319 [47:27<21:53,  2.51s/it] 60%|██████    | 796/1319 [47:28<18:43,  2.15s/it]File "llm_build/eeeb1a3b-2889-11f0-8afb-e10f5b0b7eea/Solution.ml", line 5, characters 34-45:
5 | let ahito_miles = total_miles -. (amber_miles + micah_miles) in
                                      ^^^^^^^^^^^
Error: This expression has type "float" but an expression was expected of type
         "int"
 60%|██████    | 797/1319 [47:30<17:27,  2.01s/it]File "llm_build/f0fdfec8-2889-11f0-8afb-e10f5b0b7eea/Solution.ml", line 10, characters 51-70:
10 | let frying_pan_final_cost = frying_pan_cost * (1 - frying_pan_discount) in
                                                        ^^^^^^^^^^^^^^^^^^^
Error: This expression has type "float" but an expression was expected of type
         "int"
 61%|██████    | 798/1319 [47:32<16:52,  1.94s/it] 61%|██████    | 799/1319 [47:33<14:43,  1.70s/it] 61%|██████    | 800/1319 [47:34<13:54,  1.61s/it] 61%|██████    | 801/1319 [47:36<14:00,  1.62s/it] 61%|██████    | 802/1319 [47:39<18:02,  2.09s/it] 61%|██████    | 803/1319 [47:41<17:10,  2.00s/it] 61%|██████    | 804/1319 [47:43<16:30,  1.92s/it] 61%|██████    | 805/1319 [47:44<14:55,  1.74s/it] 61%|██████    | 806/1319 [47:46<15:42,  1.84s/it] 61%|██████    | 807/1319 [47:48<15:57,  1.87s/it] 61%|██████▏   | 808/1319 [47:49<14:07,  1.66s/it] 61%|██████▏   | 809/1319 [47:52<16:54,  1.99s/it] 61%|██████▏   | 810/1319 [47:54<16:38,  1.96s/it] 61%|██████▏   | 811/1319 [47:55<14:24,  1.70s/it] 62%|██████▏   | 812/1319 [47:56<13:37,  1.61s/it] 62%|██████▏   | 813/1319 [47:59<17:10,  2.04s/it] 62%|██████▏   | 814/1319 [48:02<18:23,  2.18s/it]File "llm_build/03dffa96-288a-11f0-8afb-e10f5b0b7eea/Solution.ml", line 4, characters 24-28:
4 | let fastest_car_speed = 1.25 * float_of_int second_fastest_car_speed in
                            ^^^^
Error: This expression has type "float" but an expression was expected of type
         "int"
 62%|██████▏   | 815/1319 [48:03<16:49,  2.00s/it] 62%|██████▏   | 816/1319 [48:05<15:08,  1.81s/it] 62%|██████▏   | 817/1319 [48:06<14:46,  1.77s/it] 62%|██████▏   | 818/1319 [48:08<13:53,  1.66s/it] 62%|██████▏   | 819/1319 [48:10<14:10,  1.70s/it] 62%|██████▏   | 820/1319 [48:13<16:58,  2.04s/it] 62%|██████▏   | 821/1319 [48:14<15:34,  1.88s/it] 62%|██████▏   | 822/1319 [48:16<16:10,  1.95s/it]File "llm_build/0b6e50e7-288a-11f0-8afb-e10f5b0b7eea/Solution.ml", line 7, characters 45-62:
7 | let total_cost_after_discount = total_cost * (1.0 -. discount) in
                                                 ^^^^^^^^^^^^^^^^^
Error: This expression has type "float" but an expression was expected of type
         "int"
 62%|██████▏   | 823/1319 [48:18<15:51,  1.92s/it]File "llm_build/0dd50b7c-288a-11f0-8afb-e10f5b0b7eea/Solution.ml", line 8, characters 4-14:
8 | let total_eggs = total_eggs_initial + total_eggs_later in
        ^^^^^^^^^^
Warning 26 [unused-var]: unused variable total_eggs.
 62%|██████▏   | 824/1319 [48:20<16:29,  2.00s/it] 63%|██████▎   | 825/1319 [48:24<20:45,  2.52s/it] 63%|██████▎   | 826/1319 [48:26<18:45,  2.28s/it] 63%|██████▎   | 827/1319 [48:27<15:48,  1.93s/it] 63%|██████▎   | 828/1319 [48:28<13:16,  1.62s/it] 63%|██████▎   | 829/1319 [48:29<12:33,  1.54s/it] 63%|██████▎   | 830/1319 [48:30<11:56,  1.47s/it] 63%|██████▎   | 831/1319 [48:31<11:01,  1.35s/it] 63%|██████▎   | 832/1319 [48:34<12:49,  1.58s/it] 63%|██████▎   | 833/1319 [48:35<12:31,  1.55s/it] 63%|██████▎   | 834/1319 [48:37<12:35,  1.56s/it] 63%|██████▎   | 835/1319 [48:39<14:00,  1.74s/it] 63%|██████▎   | 836/1319 [48:40<13:15,  1.65s/it] 63%|██████▎   | 837/1319 [48:42<12:34,  1.57s/it] 64%|██████▎   | 838/1319 [48:43<12:57,  1.62s/it] 64%|██████▎   | 839/1319 [48:45<12:20,  1.54s/it] 64%|██████▎   | 840/1319 [48:47<13:29,  1.69s/it] 64%|██████▍   | 841/1319 [48:50<16:17,  2.05s/it] 64%|██████▍   | 842/1319 [48:51<14:01,  1.76s/it] 64%|██████▍   | 843/1319 [48:53<14:37,  1.84s/it] 64%|██████▍   | 844/1319 [48:55<15:51,  2.00s/it] 64%|██████▍   | 845/1319 [48:57<16:30,  2.09s/it] 64%|██████▍   | 846/1319 [49:00<18:07,  2.30s/it] 64%|██████▍   | 847/1319 [49:02<17:02,  2.17s/it] 64%|██████▍   | 848/1319 [49:04<17:40,  2.25s/it] 64%|██████▍   | 849/1319 [49:06<15:19,  1.96s/it] 64%|██████▍   | 850/1319 [49:08<15:04,  1.93s/it] 65%|██████▍   | 851/1319 [49:09<13:29,  1.73s/it] 65%|██████▍   | 852/1319 [49:19<32:22,  4.16s/it] 65%|██████▍   | 853/1319 [49:21<28:30,  3.67s/it] 65%|██████▍   | 854/1319 [49:23<24:20,  3.14s/it] 65%|██████▍   | 855/1319 [49:26<22:58,  2.97s/it]File "llm_build/35e04852-288a-11f0-8afb-e10f5b0b7eea/Solution.ml", line 2, characters 4-15:
2 | let doxa_slices = 8 in
        ^^^^^^^^^^^
Warning 26 [unused-var]: unused variable doxa_slices.
 65%|██████▍   | 856/1319 [49:27<19:58,  2.59s/it] 65%|██████▍   | 857/1319 [49:29<17:50,  2.32s/it] 65%|██████▌   | 858/1319 [49:31<17:43,  2.31s/it] 65%|██████▌   | 859/1319 [49:33<16:54,  2.21s/it] 65%|██████▌   | 860/1319 [49:35<15:17,  2.00s/it] 65%|██████▌   | 861/1319 [49:37<15:58,  2.09s/it] 65%|██████▌   | 862/1319 [49:39<15:06,  1.98s/it] 65%|██████▌   | 863/1319 [49:41<15:37,  2.06s/it]File "llm_build/3fb74380-288a-11f0-8afb-e10f5b0b7eea/Solution.ml", line 6, characters 4-19:
6 | let palettes_stolen = 6169228 in
        ^^^^^^^^^^^^^^^
Warning 26 [unused-var]: unused variable palettes_stolen.
 66%|██████▌   | 864/1319 [49:44<17:16,  2.28s/it] 66%|██████▌   | 865/1319 [49:45<15:18,  2.02s/it] 66%|██████▌   | 866/1319 [49:49<18:01,  2.39s/it] 66%|██████▌   | 867/1319 [49:51<18:32,  2.46s/it] 66%|██████▌   | 868/1319 [49:53<16:56,  2.25s/it] 66%|██████▌   | 869/1319 [49:54<14:32,  1.94s/it] 66%|██████▌   | 870/1319 [49:58<18:45,  2.51s/it] 66%|██████▌   | 871/1319 [50:02<20:59,  2.81s/it] 66%|██████▌   | 872/1319 [50:04<19:29,  2.62s/it] 66%|██████▌   | 873/1319 [50:05<17:23,  2.34s/it]File "llm_build/4df3911a-288a-11f0-8afb-e10f5b0b7eea/Solution.ml", line 6, characters 39-52:
6 | let total_interest = borrowed_amount * interest_rate in
                                           ^^^^^^^^^^^^^
Error: This expression has type "float" but an expression was expected of type
         "int"
 66%|██████▋   | 874/1319 [50:08<17:28,  2.36s/it] 66%|██████▋   | 875/1319 [50:09<15:20,  2.07s/it] 66%|██████▋   | 876/1319 [50:12<16:22,  2.22s/it] 66%|██████▋   | 877/1319 [50:13<15:03,  2.04s/it] 67%|██████▋   | 878/1319 [50:16<15:29,  2.11s/it] 67%|██████▋   | 879/1319 [50:17<14:43,  2.01s/it] 67%|██████▋   | 880/1319 [50:20<15:52,  2.17s/it] 67%|██████▋   | 881/1319 [50:23<18:22,  2.52s/it] 67%|██████▋   | 882/1319 [50:24<14:50,  2.04s/it]File "llm_build/5ac30a06-288a-11f0-8afb-e10f5b0b7eea/Solution.ml", line 9, characters 51-64:
9 | let discount_amount = total_cost_before_discount * discount_rate in
                                                       ^^^^^^^^^^^^^
Error: This expression has type "float" but an expression was expected of type
         "int"
Traceback (most recent call last):
  File "/home/doyle/Documents/COS484/COS484_PAL/.venv/lib/python3.10/site-packages/pal/core/interface.py", line 185, in run
    exec_result = self.execute(code)
  File "/home/doyle/Documents/COS484/COS484_PAL/.venv/lib/python3.10/site-packages/pal/core/interface.py", line 114, in execute
    self.runtime.exec_code('\n'.join(code))
  File "/home/doyle/Documents/COS484/COS484_PAL/.venv/lib/python3.10/site-packages/pal/core/runtime.py", line 145, in exec_code
    result = subprocess.run([f"llm_build/{str(random_uuid)}/Solution"], capture_output=True)
  File "/usr/lib/python3.10/subprocess.py", line 503, in run
    with Popen(*popenargs, **kwargs) as process:
  File "/usr/lib/python3.10/subprocess.py", line 971, in __init__
    self._execute_child(args, executable, preexec_fn, close_fds,
  File "/usr/lib/python3.10/subprocess.py", line 1863, in _execute_child
    raise child_exception_type(errno_num, err_msg, err_filename)
FileNotFoundError: [Errno 2] No such file or directory: 'llm_build/c724d145-2889-11f0-8afb-e10f5b0b7eea/Solution'

Execute error: 
Traceback (most recent call last):
  File "/home/doyle/Documents/COS484/COS484_PAL/.venv/lib/python3.10/site-packages/pal/core/interface.py", line 185, in run
    exec_result = self.execute(code)
  File "/home/doyle/Documents/COS484/COS484_PAL/.venv/lib/python3.10/site-packages/pal/core/interface.py", line 114, in execute
    self.runtime.exec_code('\n'.join(code))
  File "/home/doyle/Documents/COS484/COS484_PAL/.venv/lib/python3.10/site-packages/pal/core/runtime.py", line 145, in exec_code
    result = subprocess.run([f"llm_build/{str(random_uuid)}/Solution"], capture_output=True)
  File "/usr/lib/python3.10/subprocess.py", line 503, in run
    with Popen(*popenargs, **kwargs) as process:
  File "/usr/lib/python3.10/subprocess.py", line 971, in __init__
    self._execute_child(args, executable, preexec_fn, close_fds,
  File "/usr/lib/python3.10/subprocess.py", line 1863, in _execute_child
    raise child_exception_type(errno_num, err_msg, err_filename)
FileNotFoundError: [Errno 2] No such file or directory: 'llm_build/e03d7276-2889-11f0-8afb-e10f5b0b7eea/Solution'

Execute error: 
Traceback (most recent call last):
  File "/home/doyle/Documents/COS484/COS484_PAL/.venv/lib/python3.10/site-packages/pal/core/interface.py", line 185, in run
    exec_result = self.execute(code)
  File "/home/doyle/Documents/COS484/COS484_PAL/.venv/lib/python3.10/site-packages/pal/core/interface.py", line 114, in execute
    self.runtime.exec_code('\n'.join(code))
  File "/home/doyle/Documents/COS484/COS484_PAL/.venv/lib/python3.10/site-packages/pal/core/runtime.py", line 145, in exec_code
    result = subprocess.run([f"llm_build/{str(random_uuid)}/Solution"], capture_output=True)
  File "/usr/lib/python3.10/subprocess.py", line 503, in run
    with Popen(*popenargs, **kwargs) as process:
  File "/usr/lib/python3.10/subprocess.py", line 971, in __init__
    self._execute_child(args, executable, preexec_fn, close_fds,
  File "/usr/lib/python3.10/subprocess.py", line 1863, in _execute_child
    raise child_exception_type(errno_num, err_msg, err_filename)
FileNotFoundError: [Errno 2] No such file or directory: 'llm_build/eeeb1a3b-2889-11f0-8afb-e10f5b0b7eea/Solution'

Execute error: 
Traceback (most recent call last):
  File "/home/doyle/Documents/COS484/COS484_PAL/.venv/lib/python3.10/site-packages/pal/core/interface.py", line 185, in run
    exec_result = self.execute(code)
  File "/home/doyle/Documents/COS484/COS484_PAL/.venv/lib/python3.10/site-packages/pal/core/interface.py", line 114, in execute
    self.runtime.exec_code('\n'.join(code))
  File "/home/doyle/Documents/COS484/COS484_PAL/.venv/lib/python3.10/site-packages/pal/core/runtime.py", line 145, in exec_code
    result = subprocess.run([f"llm_build/{str(random_uuid)}/Solution"], capture_output=True)
  File "/usr/lib/python3.10/subprocess.py", line 503, in run
    with Popen(*popenargs, **kwargs) as process:
  File "/usr/lib/python3.10/subprocess.py", line 971, in __init__
    self._execute_child(args, executable, preexec_fn, close_fds,
  File "/usr/lib/python3.10/subprocess.py", line 1863, in _execute_child
    raise child_exception_type(errno_num, err_msg, err_filename)
FileNotFoundError: [Errno 2] No such file or directory: 'llm_build/f0fdfec8-2889-11f0-8afb-e10f5b0b7eea/Solution'

Execute error: 
Traceback (most recent call last):
  File "/home/doyle/Documents/COS484/COS484_PAL/.venv/lib/python3.10/site-packages/pal/core/interface.py", line 185, in run
    exec_result = self.execute(code)
  File "/home/doyle/Documents/COS484/COS484_PAL/.venv/lib/python3.10/site-packages/pal/core/interface.py", line 114, in execute
    self.runtime.exec_code('\n'.join(code))
  File "/home/doyle/Documents/COS484/COS484_PAL/.venv/lib/python3.10/site-packages/pal/core/runtime.py", line 145, in exec_code
    result = subprocess.run([f"llm_build/{str(random_uuid)}/Solution"], capture_output=True)
  File "/usr/lib/python3.10/subprocess.py", line 503, in run
    with Popen(*popenargs, **kwargs) as process:
  File "/usr/lib/python3.10/subprocess.py", line 971, in __init__
    self._execute_child(args, executable, preexec_fn, close_fds,
  File "/usr/lib/python3.10/subprocess.py", line 1863, in _execute_child
    raise child_exception_type(errno_num, err_msg, err_filename)
FileNotFoundError: [Errno 2] No such file or directory: 'llm_build/03dffa96-288a-11f0-8afb-e10f5b0b7eea/Solution'

Execute error: 
Traceback (most recent call last):
  File "/home/doyle/Documents/COS484/COS484_PAL/.venv/lib/python3.10/site-packages/pal/core/interface.py", line 185, in run
    exec_result = self.execute(code)
  File "/home/doyle/Documents/COS484/COS484_PAL/.venv/lib/python3.10/site-packages/pal/core/interface.py", line 114, in execute
    self.runtime.exec_code('\n'.join(code))
  File "/home/doyle/Documents/COS484/COS484_PAL/.venv/lib/python3.10/site-packages/pal/core/runtime.py", line 145, in exec_code
    result = subprocess.run([f"llm_build/{str(random_uuid)}/Solution"], capture_output=True)
  File "/usr/lib/python3.10/subprocess.py", line 503, in run
    with Popen(*popenargs, **kwargs) as process:
  File "/usr/lib/python3.10/subprocess.py", line 971, in __init__
    self._execute_child(args, executable, preexec_fn, close_fds,
  File "/usr/lib/python3.10/subprocess.py", line 1863, in _execute_child
    raise child_exception_type(errno_num, err_msg, err_filename)
FileNotFoundError: [Errno 2] No such file or directory: 'llm_build/0b6e50e7-288a-11f0-8afb-e10f5b0b7eea/Solution'

Execute error: 
Traceback (most recent call last):
  File "/home/doyle/Documents/COS484/COS484_PAL/.venv/lib/python3.10/site-packages/pal/core/interface.py", line 185, in run
    exec_result = self.execute(code)
  File "/home/doyle/Documents/COS484/COS484_PAL/.venv/lib/python3.10/site-packages/pal/core/interface.py", line 114, in execute
    self.runtime.exec_code('\n'.join(code))
  File "/home/doyle/Documents/COS484/COS484_PAL/.venv/lib/python3.10/site-packages/pal/core/runtime.py", line 145, in exec_code
    result = subprocess.run([f"llm_build/{str(random_uuid)}/Solution"], capture_output=True)
  File "/usr/lib/python3.10/subprocess.py", line 503, in run
    with Popen(*popenargs, **kwargs) as process:
  File "/usr/lib/python3.10/subprocess.py", line 971, in __init__
    self._execute_child(args, executable, preexec_fn, close_fds,
  File "/usr/lib/python3.10/subprocess.py", line 1863, in _execute_child
    raise child_exception_type(errno_num, err_msg, err_filename)
FileNotFoundError: [Errno 2] No such file or directory: 'llm_build/4df3911a-288a-11f0-8afb-e10f5b0b7eea/Solution'

Execute error: 
 67%|██████▋   | 883/1319 [50:29<21:23,  2.94s/it] 67%|██████▋   | 884/1319 [50:31<18:02,  2.49s/it] 67%|██████▋   | 885/1319 [50:33<18:16,  2.53s/it] 67%|██████▋   | 886/1319 [50:36<18:23,  2.55s/it] 67%|██████▋   | 887/1319 [50:37<15:51,  2.20s/it] 67%|██████▋   | 888/1319 [50:38<13:34,  1.89s/it] 67%|██████▋   | 889/1319 [50:41<14:23,  2.01s/it] 67%|██████▋   | 890/1319 [50:42<12:36,  1.76s/it] 68%|██████▊   | 891/1319 [50:44<13:11,  1.85s/it] 68%|██████▊   | 892/1319 [50:45<12:26,  1.75s/it] 68%|██████▊   | 893/1319 [50:47<12:13,  1.72s/it] 68%|██████▊   | 894/1319 [50:50<13:51,  1.96s/it] 68%|██████▊   | 895/1319 [50:51<12:30,  1.77s/it] 68%|██████▊   | 896/1319 [50:53<12:38,  1.79s/it] 68%|██████▊   | 897/1319 [50:55<13:39,  1.94s/it] 68%|██████▊   | 898/1319 [50:58<14:52,  2.12s/it] 68%|██████▊   | 899/1319 [50:59<13:13,  1.89s/it] 68%|██████▊   | 900/1319 [51:01<13:52,  1.99s/it] 68%|██████▊   | 901/1319 [51:07<21:58,  3.15s/it] 68%|██████▊   | 902/1319 [51:09<19:43,  2.84s/it] 68%|██████▊   | 903/1319 [51:12<20:03,  2.89s/it] 69%|██████▊   | 904/1319 [51:14<17:47,  2.57s/it] 69%|██████▊   | 905/1319 [51:15<15:05,  2.19s/it] 69%|██████▊   | 906/1319 [51:17<13:47,  2.00s/it] 69%|██████▉   | 907/1319 [51:19<14:22,  2.09s/it] 69%|██████▉   | 908/1319 [51:21<13:53,  2.03s/it] 69%|██████▉   | 909/1319 [51:23<13:25,  1.96s/it] 69%|██████▉   | 910/1319 [51:25<14:39,  2.15s/it] 69%|██████▉   | 911/1319 [51:27<13:24,  1.97s/it]File "llm_build/7f42acc4-288a-11f0-8afb-e10f5b0b7eea/Solution.ml", line 7, characters 40-68:
7 | let value_after_year_1 = boat_initial * (1.0 -. depreciation_year_1) in
                                            ^^^^^^^^^^^^^^^^^^^^^^^^^^^^
Error: This expression has type "float" but an expression was expected of type
         "int"
 69%|██████▉   | 912/1319 [51:30<16:22,  2.41s/it] 69%|██████▉   | 913/1319 [51:32<15:14,  2.25s/it] 69%|██████▉   | 914/1319 [51:35<15:13,  2.25s/it] 69%|██████▉   | 915/1319 [51:36<13:36,  2.02s/it] 69%|██████▉   | 916/1319 [51:38<12:56,  1.93s/it] 70%|██████▉   | 917/1319 [51:39<11:45,  1.76s/it] 70%|██████▉   | 918/1319 [51:41<11:25,  1.71s/it] 70%|██████▉   | 919/1319 [51:45<16:21,  2.45s/it] 70%|██████▉   | 920/1319 [51:47<14:50,  2.23s/it] 70%|██████▉   | 921/1319 [51:48<13:24,  2.02s/it] 70%|██████▉   | 922/1319 [51:50<12:27,  1.88s/it] 70%|██████▉   | 923/1319 [51:54<18:00,  2.73s/it] 70%|███████   | 924/1319 [51:57<16:46,  2.55s/it] 70%|███████   | 925/1319 [51:59<15:39,  2.38s/it] 70%|███████   | 926/1319 [52:00<14:02,  2.14s/it] 70%|███████   | 927/1319 [52:02<13:44,  2.10s/it] 70%|███████   | 928/1319 [52:05<14:59,  2.30s/it] 70%|███████   | 929/1319 [52:06<13:07,  2.02s/it] 71%|███████   | 930/1319 [52:08<11:35,  1.79s/it]File "llm_build/969f602e-288a-11f0-8afb-e10f5b0b7eea/Solution.ml", line 1, characters 0-2:
1 | (* Jackie grew 3" over the summer. She is now 2" shorter than Anne, who is twice the size of Albert. If Albert is 9295956" tall, how tall was Jackie before summer? *)
    ^^
Error: This comment contains an unterminated string literal
File "llm_build/969f602e-288a-11f0-8afb-e10f5b0b7eea/Solution.ml", line 1, characters 121-122:
1 | (* Jackie grew 3" over the summer. She is now 2" shorter than Anne, who is twice the size of Albert. If Albert is 9295956" tall, how tall was Jackie before summer? *)
                                                                                                                             ^
  String literal begins here
 71%|███████   | 931/1319 [52:10<12:13,  1.89s/it] 71%|███████   | 932/1319 [52:12<13:12,  2.05s/it]File "llm_build/9a1c76c4-288a-11f0-8afb-e10f5b0b7eea/Solution.ml", line 6, characters 40-55:
6 | let second_tshirt_cost = tshirt_price * tshirt_discount in
                                            ^^^^^^^^^^^^^^^
Error: This expression has type "float" but an expression was expected of type
         "int"
 71%|███████   | 933/1319 [52:16<15:52,  2.47s/it]File "llm_build/9b9a6dee-288a-11f0-8afb-e10f5b0b7eea/Solution.ml", line 9, characters 22-37:
9 | let remaining_money = total_allowance -. total_ice_cream_cost in
                          ^^^^^^^^^^^^^^^
Error: This expression has type "int" but an expression was expected of type
         "float"
 71%|███████   | 934/1319 [52:18<15:53,  2.48s/it] 71%|███████   | 935/1319 [52:21<16:29,  2.58s/it]File "llm_build/9ef7e3ae-288a-11f0-8afb-e10f5b0b7eea/Solution.ml", line 12, characters 34-51:
12 | let total_jackfruit_cost = jars * jackfruit_per_jar * jackfruit_cost_per_pound in
                                       ^^^^^^^^^^^^^^^^^
Error: This expression has type "float" but an expression was expected of type
         "int"
 71%|███████   | 936/1319 [52:24<16:56,  2.65s/it] 71%|███████   | 937/1319 [52:25<14:51,  2.33s/it]File "llm_build/9fe8aa5b-288a-11f0-8afb-e10f5b0b7eea/Solution.ml", line 7, characters 67-80:
7 | let total_spent = ice_cream_cost + int_of_float total_movie_cost + bracelet_cost in
                                                                       ^^^^^^^^^^^^^
Error: This expression has type "float" but an expression was expected of type
         "int"
 71%|███████   | 938/1319 [52:27<13:20,  2.10s/it] 71%|███████   | 939/1319 [52:29<13:10,  2.08s/it]File "llm_build/a40478b2-288a-11f0-8afb-e10f5b0b7eea/Solution.ml", line 5, characters 4-23:
5 | let cookies_eaten_snack = 3 in
        ^^^^^^^^^^^^^^^^^^^
Warning 26 [unused-var]: unused variable cookies_eaten_snack.
 71%|███████▏  | 940/1319 [52:32<15:26,  2.45s/it] 71%|███████▏  | 941/1319 [52:34<14:39,  2.33s/it] 71%|███████▏  | 942/1319 [52:37<16:11,  2.58s/it] 71%|███████▏  | 943/1319 [52:39<14:27,  2.31s/it] 72%|███████▏  | 944/1319 [52:41<13:18,  2.13s/it] 72%|███████▏  | 945/1319 [52:42<11:51,  1.90s/it] 72%|███████▏  | 946/1319 [52:44<11:26,  1.84s/it] 72%|███████▏  | 947/1319 [52:46<11:18,  1.82s/it] 72%|███████▏  | 948/1319 [52:48<11:29,  1.86s/it] 72%|███████▏  | 949/1319 [52:50<11:51,  1.92s/it] 72%|███████▏  | 950/1319 [52:51<10:38,  1.73s/it] 72%|███████▏  | 951/1319 [52:54<13:37,  2.22s/it] 72%|███████▏  | 952/1319 [52:56<13:26,  2.20s/it] 72%|███████▏  | 953/1319 [52:58<12:17,  2.01s/it] 72%|███████▏  | 954/1319 [52:59<11:05,  1.82s/it] 72%|███████▏  | 955/1319 [53:01<11:25,  1.88s/it] 72%|███████▏  | 956/1319 [53:03<10:46,  1.78s/it] 73%|███████▎  | 957/1319 [53:05<11:04,  1.84s/it] 73%|███████▎  | 958/1319 [53:07<11:54,  1.98s/it] 73%|███████▎  | 959/1319 [53:09<11:30,  1.92s/it] 73%|███████▎  | 960/1319 [53:11<11:31,  1.93s/it] 73%|███████▎  | 961/1319 [53:13<12:03,  2.02s/it]File "llm_build/bdd8be10-288a-11f0-8afc-e10f5b0b7eea/Solution.ml", line 9, characters 25-38:
9 | let magnets_total_cost = magnets_price * float_of_int magnets_quantity in
                             ^^^^^^^^^^^^^
Error: This expression has type "float" but an expression was expected of type
         "int"
Traceback (most recent call last):
  File "/home/doyle/Documents/COS484/COS484_PAL/.venv/lib/python3.10/site-packages/pal/core/interface.py", line 185, in run
    exec_result = self.execute(code)
  File "/home/doyle/Documents/COS484/COS484_PAL/.venv/lib/python3.10/site-packages/pal/core/interface.py", line 114, in execute
    self.runtime.exec_code('\n'.join(code))
  File "/home/doyle/Documents/COS484/COS484_PAL/.venv/lib/python3.10/site-packages/pal/core/runtime.py", line 145, in exec_code
    result = subprocess.run([f"llm_build/{str(random_uuid)}/Solution"], capture_output=True)
  File "/usr/lib/python3.10/subprocess.py", line 503, in run
    with Popen(*popenargs, **kwargs) as process:
  File "/usr/lib/python3.10/subprocess.py", line 971, in __init__
    self._execute_child(args, executable, preexec_fn, close_fds,
  File "/usr/lib/python3.10/subprocess.py", line 1863, in _execute_child
    raise child_exception_type(errno_num, err_msg, err_filename)
FileNotFoundError: [Errno 2] No such file or directory: 'llm_build/5ac30a06-288a-11f0-8afb-e10f5b0b7eea/Solution'

Execute error: 
Traceback (most recent call last):
  File "/home/doyle/Documents/COS484/COS484_PAL/.venv/lib/python3.10/site-packages/pal/core/interface.py", line 185, in run
    exec_result = self.execute(code)
  File "/home/doyle/Documents/COS484/COS484_PAL/.venv/lib/python3.10/site-packages/pal/core/interface.py", line 114, in execute
    self.runtime.exec_code('\n'.join(code))
  File "/home/doyle/Documents/COS484/COS484_PAL/.venv/lib/python3.10/site-packages/pal/core/runtime.py", line 145, in exec_code
    result = subprocess.run([f"llm_build/{str(random_uuid)}/Solution"], capture_output=True)
  File "/usr/lib/python3.10/subprocess.py", line 503, in run
    with Popen(*popenargs, **kwargs) as process:
  File "/usr/lib/python3.10/subprocess.py", line 971, in __init__
    self._execute_child(args, executable, preexec_fn, close_fds,
  File "/usr/lib/python3.10/subprocess.py", line 1863, in _execute_child
    raise child_exception_type(errno_num, err_msg, err_filename)
FileNotFoundError: [Errno 2] No such file or directory: 'llm_build/7f42acc4-288a-11f0-8afb-e10f5b0b7eea/Solution'

Execute error: 
Traceback (most recent call last):
  File "/home/doyle/Documents/COS484/COS484_PAL/.venv/lib/python3.10/site-packages/pal/core/interface.py", line 185, in run
    exec_result = self.execute(code)
  File "/home/doyle/Documents/COS484/COS484_PAL/.venv/lib/python3.10/site-packages/pal/core/interface.py", line 114, in execute
    self.runtime.exec_code('\n'.join(code))
  File "/home/doyle/Documents/COS484/COS484_PAL/.venv/lib/python3.10/site-packages/pal/core/runtime.py", line 145, in exec_code
    result = subprocess.run([f"llm_build/{str(random_uuid)}/Solution"], capture_output=True)
  File "/usr/lib/python3.10/subprocess.py", line 503, in run
    with Popen(*popenargs, **kwargs) as process:
  File "/usr/lib/python3.10/subprocess.py", line 971, in __init__
    self._execute_child(args, executable, preexec_fn, close_fds,
  File "/usr/lib/python3.10/subprocess.py", line 1863, in _execute_child
    raise child_exception_type(errno_num, err_msg, err_filename)
FileNotFoundError: [Errno 2] No such file or directory: 'llm_build/969f602e-288a-11f0-8afb-e10f5b0b7eea/Solution'

Execute error: 
Traceback (most recent call last):
  File "/home/doyle/Documents/COS484/COS484_PAL/.venv/lib/python3.10/site-packages/pal/core/interface.py", line 185, in run
    exec_result = self.execute(code)
  File "/home/doyle/Documents/COS484/COS484_PAL/.venv/lib/python3.10/site-packages/pal/core/interface.py", line 114, in execute
    self.runtime.exec_code('\n'.join(code))
  File "/home/doyle/Documents/COS484/COS484_PAL/.venv/lib/python3.10/site-packages/pal/core/runtime.py", line 145, in exec_code
    result = subprocess.run([f"llm_build/{str(random_uuid)}/Solution"], capture_output=True)
  File "/usr/lib/python3.10/subprocess.py", line 503, in run
    with Popen(*popenargs, **kwargs) as process:
  File "/usr/lib/python3.10/subprocess.py", line 971, in __init__
    self._execute_child(args, executable, preexec_fn, close_fds,
  File "/usr/lib/python3.10/subprocess.py", line 1863, in _execute_child
    raise child_exception_type(errno_num, err_msg, err_filename)
FileNotFoundError: [Errno 2] No such file or directory: 'llm_build/9a1c76c4-288a-11f0-8afb-e10f5b0b7eea/Solution'

Execute error: 
Traceback (most recent call last):
  File "/home/doyle/Documents/COS484/COS484_PAL/.venv/lib/python3.10/site-packages/pal/core/interface.py", line 185, in run
    exec_result = self.execute(code)
  File "/home/doyle/Documents/COS484/COS484_PAL/.venv/lib/python3.10/site-packages/pal/core/interface.py", line 114, in execute
    self.runtime.exec_code('\n'.join(code))
  File "/home/doyle/Documents/COS484/COS484_PAL/.venv/lib/python3.10/site-packages/pal/core/runtime.py", line 145, in exec_code
    result = subprocess.run([f"llm_build/{str(random_uuid)}/Solution"], capture_output=True)
  File "/usr/lib/python3.10/subprocess.py", line 503, in run
    with Popen(*popenargs, **kwargs) as process:
  File "/usr/lib/python3.10/subprocess.py", line 971, in __init__
    self._execute_child(args, executable, preexec_fn, close_fds,
  File "/usr/lib/python3.10/subprocess.py", line 1863, in _execute_child
    raise child_exception_type(errno_num, err_msg, err_filename)
FileNotFoundError: [Errno 2] No such file or directory: 'llm_build/9b9a6dee-288a-11f0-8afb-e10f5b0b7eea/Solution'

Execute error: 
Traceback (most recent call last):
  File "/home/doyle/Documents/COS484/COS484_PAL/.venv/lib/python3.10/site-packages/pal/core/interface.py", line 185, in run
    exec_result = self.execute(code)
  File "/home/doyle/Documents/COS484/COS484_PAL/.venv/lib/python3.10/site-packages/pal/core/interface.py", line 114, in execute
    self.runtime.exec_code('\n'.join(code))
  File "/home/doyle/Documents/COS484/COS484_PAL/.venv/lib/python3.10/site-packages/pal/core/runtime.py", line 145, in exec_code
    result = subprocess.run([f"llm_build/{str(random_uuid)}/Solution"], capture_output=True)
  File "/usr/lib/python3.10/subprocess.py", line 503, in run
    with Popen(*popenargs, **kwargs) as process:
  File "/usr/lib/python3.10/subprocess.py", line 971, in __init__
    self._execute_child(args, executable, preexec_fn, close_fds,
  File "/usr/lib/python3.10/subprocess.py", line 1863, in _execute_child
    raise child_exception_type(errno_num, err_msg, err_filename)
FileNotFoundError: [Errno 2] No such file or directory: 'llm_build/9ef7e3ae-288a-11f0-8afb-e10f5b0b7eea/Solution'

Execute error: 
Traceback (most recent call last):
  File "/home/doyle/Documents/COS484/COS484_PAL/.venv/lib/python3.10/site-packages/pal/core/interface.py", line 185, in run
    exec_result = self.execute(code)
  File "/home/doyle/Documents/COS484/COS484_PAL/.venv/lib/python3.10/site-packages/pal/core/interface.py", line 114, in execute
    self.runtime.exec_code('\n'.join(code))
  File "/home/doyle/Documents/COS484/COS484_PAL/.venv/lib/python3.10/site-packages/pal/core/runtime.py", line 145, in exec_code
    result = subprocess.run([f"llm_build/{str(random_uuid)}/Solution"], capture_output=True)
  File "/usr/lib/python3.10/subprocess.py", line 503, in run
    with Popen(*popenargs, **kwargs) as process:
  File "/usr/lib/python3.10/subprocess.py", line 971, in __init__
    self._execute_child(args, executable, preexec_fn, close_fds,
  File "/usr/lib/python3.10/subprocess.py", line 1863, in _execute_child
    raise child_exception_type(errno_num, err_msg, err_filename)
FileNotFoundError: [Errno 2] No such file or directory: 'llm_build/9fe8aa5b-288a-11f0-8afb-e10f5b0b7eea/Solution'

Execute error: 
 73%|███████▎  | 962/1319 [53:16<12:32,  2.11s/it] 73%|███████▎  | 963/1319 [53:18<12:40,  2.14s/it]File "llm_build/c06e377c-288a-11f0-8afc-e10f5b0b7eea/Solution.ml", line 6, characters 38-60:
6 | let cards_sold = total_money_needed / selling_price_per_card in
                                          ^^^^^^^^^^^^^^^^^^^^^^
Error: This expression has type "float" but an expression was expected of type
         "int"
 73%|███████▎  | 964/1319 [53:20<12:37,  2.13s/it] 73%|███████▎  | 965/1319 [53:22<12:09,  2.06s/it]File "llm_build/c27c62fa-288a-11f0-8afc-e10f5b0b7eea/Solution.ml", line 3, characters 32-35:
3 | let fraction_without_computer = 1.0 / 4.0 in
                                    ^^^
Error: This expression has type "float" but an expression was expected of type
         "int"
 73%|███████▎  | 966/1319 [53:23<11:13,  1.91s/it] 73%|███████▎  | 967/1319 [53:26<12:48,  2.18s/it] 73%|███████▎  | 968/1319 [53:28<11:34,  1.98s/it]File "llm_build/c646b106-288a-11f0-8afc-e10f5b0b7eea/Solution.ml", line 3, characters 4-12:
3 | let son2_age = son1_age - 4 in
        ^^^^^^^^
Warning 26 [unused-var]: unused variable son2_age.
 73%|███████▎  | 969/1319 [53:30<11:39,  2.00s/it] 74%|███████▎  | 970/1319 [53:32<12:20,  2.12s/it] 74%|███████▎  | 971/1319 [53:34<11:47,  2.03s/it] 74%|███████▎  | 972/1319 [53:35<10:35,  1.83s/it] 74%|███████▍  | 973/1319 [53:37<10:14,  1.77s/it] 74%|███████▍  | 974/1319 [53:39<10:48,  1.88s/it] 74%|███████▍  | 975/1319 [53:42<12:51,  2.24s/it] 74%|███████▍  | 976/1319 [53:45<13:06,  2.29s/it] 74%|███████▍  | 977/1319 [53:46<11:50,  2.08s/it] 74%|███████▍  | 978/1319 [53:48<11:24,  2.01s/it] 74%|███████▍  | 979/1319 [53:50<11:09,  1.97s/it] 74%|███████▍  | 980/1319 [53:53<12:22,  2.19s/it] 74%|███████▍  | 981/1319 [53:54<10:57,  1.95s/it] 74%|███████▍  | 982/1319 [53:56<10:39,  1.90s/it]File "llm_build/d6b9ac1e-288a-11f0-8afc-e10f5b0b7eea/Solution.ml", line 2, characters 4-18:
2 | let students_total = 20 in
        ^^^^^^^^^^^^^^
Warning 26 [unused-var]: unused variable students_total.

File "llm_build/d6b9ac1e-288a-11f0-8afc-e10f5b0b7eea/Solution.ml", line 4, characters 4-16:
4 | let english_only = 8 in
        ^^^^^^^^^^^^
Warning 26 [unused-var]: unused variable english_only.
 75%|███████▍  | 983/1319 [53:57<10:04,  1.80s/it] 75%|███████▍  | 984/1319 [54:02<15:26,  2.77s/it] 75%|███████▍  | 985/1319 [54:04<13:37,  2.45s/it] 75%|███████▍  | 986/1319 [54:10<19:37,  3.54s/it] 75%|███████▍  | 987/1319 [54:12<16:22,  2.96s/it] 75%|███████▍  | 988/1319 [54:13<13:50,  2.51s/it] 75%|███████▍  | 989/1319 [54:15<13:26,  2.44s/it] 75%|███████▌  | 990/1319 [54:17<12:44,  2.32s/it]File "llm_build/e45a047c-288a-11f0-8afc-e10f5b0b7eea/Solution.ml", line 8, characters 48-101:
8 | let total_earnings = (studio_rent_per_session + (cost_per_student *. float_of_int number_of_students)) * float_of_int total_sessions_per_month in
                                                    ^^^^^^^^^^^^^^^^^^^^^^^^^^^^^^^^^^^^^^^^^^^^^^^^^^^^^
Error: This expression has type "float" but an expression was expected of type
         "int"
 75%|███████▌  | 991/1319 [54:20<13:13,  2.42s/it] 75%|███████▌  | 992/1319 [54:22<12:23,  2.27s/it] 75%|███████▌  | 993/1319 [54:25<13:19,  2.45s/it]File "llm_build/e827b450-288a-11f0-8afc-e10f5b0b7eea/Solution.ml", line 2, characters 4-17:
2 | let initial_money = 7493436 in
        ^^^^^^^^^^^^^
Warning 26 [unused-var]: unused variable initial_money.
 75%|███████▌  | 994/1319 [54:26<11:51,  2.19s/it] 75%|███████▌  | 995/1319 [54:28<10:36,  1.96s/it] 76%|███████▌  | 996/1319 [54:30<10:23,  1.93s/it] 76%|███████▌  | 997/1319 [54:32<10:16,  1.91s/it] 76%|███████▌  | 998/1319 [54:33<09:22,  1.75s/it] 76%|███████▌  | 999/1319 [54:37<13:33,  2.54s/it] 76%|███████▌  | 1000/1319 [54:42<16:02,  3.02s/it]File "llm_build/f3ba224e-288a-11f0-8afc-e10f5b0b7eea/Solution.ml", line 6, characters 36-51:
6 | let total_juices_produced_per_day = bottles_per_day /. coverage_per_juice in
                                        ^^^^^^^^^^^^^^^
Error: This expression has type "int" but an expression was expected of type
         "float"
 76%|███████▌  | 1001/1319 [54:46<18:07,  3.42s/it] 76%|███████▌  | 1002/1319 [54:48<15:35,  2.95s/it] 76%|███████▌  | 1003/1319 [54:53<18:58,  3.60s/it] 76%|███████▌  | 1004/1319 [54:55<16:08,  3.07s/it]File "llm_build/fa1d891e-288a-11f0-8afc-e10f5b0b7eea/Solution.ml", line 8, characters 70-85:
8 | let days_needed_for_one_person = total_houses /. houses_per_person *. days_per_person in
                                                                          ^^^^^^^^^^^^^^^
Error: This expression has type "int" but an expression was expected of type
         "float"
 76%|███████▌  | 1005/1319 [54:57<14:14,  2.72s/it] 76%|███████▋  | 1006/1319 [54:59<13:30,  2.59s/it] 76%|███████▋  | 1007/1319 [55:01<12:39,  2.44s/it] 76%|███████▋  | 1008/1319 [55:02<10:36,  2.05s/it] 76%|███████▋  | 1009/1319 [55:05<11:52,  2.30s/it] 77%|███████▋  | 1010/1319 [55:07<10:47,  2.09s/it]File "llm_build/01310186-288b-11f0-8afc-e10f5b0b7eea/Solution.ml", line 6, characters 17-35:
6 | let total_bill = total_vaccine_cost /. (1.0 -. heartworm_check_percentage) in
                     ^^^^^^^^^^^^^^^^^^
Error: This expression has type "int" but an expression was expected of type
         "float"
 77%|███████▋  | 1011/1319 [55:08<10:24,  2.03s/it] 77%|███████▋  | 1012/1319 [55:10<09:21,  1.83s/it]File "llm_build/03a2fc80-288b-11f0-8afc-e10f5b0b7eea/Solution.ml", line 5, characters 4-26:
5 | let total_balloons_initial = (friends * balloons_per_friend_initial) + maria_balloons_initial in
        ^^^^^^^^^^^^^^^^^^^^^^
Warning 26 [unused-var]: unused variable total_balloons_initial.
 77%|███████▋  | 1013/1319 [55:13<10:43,  2.10s/it] 77%|███████▋  | 1014/1319 [55:16<12:09,  2.39s/it] 77%|███████▋  | 1015/1319 [55:18<11:39,  2.30s/it] 77%|███████▋  | 1016/1319 [55:20<11:46,  2.33s/it]File "llm_build/0822cb51-288b-11f0-8afc-e10f5b0b7eea/Solution.ml", line 4, characters 41-44:
4 | let original_price = discounted_price / (1.0 - discount_percentage) in
                                             ^^^
Error: This expression has type "float" but an expression was expected of type
         "int"
Traceback (most recent call last):
  File "/home/doyle/Documents/COS484/COS484_PAL/.venv/lib/python3.10/site-packages/pal/core/interface.py", line 185, in run
    exec_result = self.execute(code)
  File "/home/doyle/Documents/COS484/COS484_PAL/.venv/lib/python3.10/site-packages/pal/core/interface.py", line 114, in execute
    self.runtime.exec_code('\n'.join(code))
  File "/home/doyle/Documents/COS484/COS484_PAL/.venv/lib/python3.10/site-packages/pal/core/runtime.py", line 145, in exec_code
    result = subprocess.run([f"llm_build/{str(random_uuid)}/Solution"], capture_output=True)
  File "/usr/lib/python3.10/subprocess.py", line 503, in run
    with Popen(*popenargs, **kwargs) as process:
  File "/usr/lib/python3.10/subprocess.py", line 971, in __init__
    self._execute_child(args, executable, preexec_fn, close_fds,
  File "/usr/lib/python3.10/subprocess.py", line 1863, in _execute_child
    raise child_exception_type(errno_num, err_msg, err_filename)
FileNotFoundError: [Errno 2] No such file or directory: 'llm_build/bdd8be10-288a-11f0-8afc-e10f5b0b7eea/Solution'

Execute error: 
Traceback (most recent call last):
  File "/home/doyle/Documents/COS484/COS484_PAL/.venv/lib/python3.10/site-packages/pal/core/interface.py", line 185, in run
    exec_result = self.execute(code)
  File "/home/doyle/Documents/COS484/COS484_PAL/.venv/lib/python3.10/site-packages/pal/core/interface.py", line 114, in execute
    self.runtime.exec_code('\n'.join(code))
  File "/home/doyle/Documents/COS484/COS484_PAL/.venv/lib/python3.10/site-packages/pal/core/runtime.py", line 145, in exec_code
    result = subprocess.run([f"llm_build/{str(random_uuid)}/Solution"], capture_output=True)
  File "/usr/lib/python3.10/subprocess.py", line 503, in run
    with Popen(*popenargs, **kwargs) as process:
  File "/usr/lib/python3.10/subprocess.py", line 971, in __init__
    self._execute_child(args, executable, preexec_fn, close_fds,
  File "/usr/lib/python3.10/subprocess.py", line 1863, in _execute_child
    raise child_exception_type(errno_num, err_msg, err_filename)
FileNotFoundError: [Errno 2] No such file or directory: 'llm_build/c06e377c-288a-11f0-8afc-e10f5b0b7eea/Solution'

Execute error: 
Traceback (most recent call last):
  File "/home/doyle/Documents/COS484/COS484_PAL/.venv/lib/python3.10/site-packages/pal/core/interface.py", line 185, in run
    exec_result = self.execute(code)
  File "/home/doyle/Documents/COS484/COS484_PAL/.venv/lib/python3.10/site-packages/pal/core/interface.py", line 114, in execute
    self.runtime.exec_code('\n'.join(code))
  File "/home/doyle/Documents/COS484/COS484_PAL/.venv/lib/python3.10/site-packages/pal/core/runtime.py", line 145, in exec_code
    result = subprocess.run([f"llm_build/{str(random_uuid)}/Solution"], capture_output=True)
  File "/usr/lib/python3.10/subprocess.py", line 503, in run
    with Popen(*popenargs, **kwargs) as process:
  File "/usr/lib/python3.10/subprocess.py", line 971, in __init__
    self._execute_child(args, executable, preexec_fn, close_fds,
  File "/usr/lib/python3.10/subprocess.py", line 1863, in _execute_child
    raise child_exception_type(errno_num, err_msg, err_filename)
FileNotFoundError: [Errno 2] No such file or directory: 'llm_build/c27c62fa-288a-11f0-8afc-e10f5b0b7eea/Solution'

Execute error: 
Traceback (most recent call last):
  File "/home/doyle/Documents/COS484/COS484_PAL/.venv/lib/python3.10/site-packages/pal/core/interface.py", line 185, in run
    exec_result = self.execute(code)
  File "/home/doyle/Documents/COS484/COS484_PAL/.venv/lib/python3.10/site-packages/pal/core/interface.py", line 114, in execute
    self.runtime.exec_code('\n'.join(code))
  File "/home/doyle/Documents/COS484/COS484_PAL/.venv/lib/python3.10/site-packages/pal/core/runtime.py", line 145, in exec_code
    result = subprocess.run([f"llm_build/{str(random_uuid)}/Solution"], capture_output=True)
  File "/usr/lib/python3.10/subprocess.py", line 503, in run
    with Popen(*popenargs, **kwargs) as process:
  File "/usr/lib/python3.10/subprocess.py", line 971, in __init__
    self._execute_child(args, executable, preexec_fn, close_fds,
  File "/usr/lib/python3.10/subprocess.py", line 1863, in _execute_child
    raise child_exception_type(errno_num, err_msg, err_filename)
FileNotFoundError: [Errno 2] No such file or directory: 'llm_build/e45a047c-288a-11f0-8afc-e10f5b0b7eea/Solution'

Execute error: 
Traceback (most recent call last):
  File "/home/doyle/Documents/COS484/COS484_PAL/.venv/lib/python3.10/site-packages/pal/core/interface.py", line 185, in run
    exec_result = self.execute(code)
  File "/home/doyle/Documents/COS484/COS484_PAL/.venv/lib/python3.10/site-packages/pal/core/interface.py", line 114, in execute
    self.runtime.exec_code('\n'.join(code))
  File "/home/doyle/Documents/COS484/COS484_PAL/.venv/lib/python3.10/site-packages/pal/core/runtime.py", line 145, in exec_code
    result = subprocess.run([f"llm_build/{str(random_uuid)}/Solution"], capture_output=True)
  File "/usr/lib/python3.10/subprocess.py", line 503, in run
    with Popen(*popenargs, **kwargs) as process:
  File "/usr/lib/python3.10/subprocess.py", line 971, in __init__
    self._execute_child(args, executable, preexec_fn, close_fds,
  File "/usr/lib/python3.10/subprocess.py", line 1863, in _execute_child
    raise child_exception_type(errno_num, err_msg, err_filename)
FileNotFoundError: [Errno 2] No such file or directory: 'llm_build/f3ba224e-288a-11f0-8afc-e10f5b0b7eea/Solution'

Execute error: 
Traceback (most recent call last):
  File "/home/doyle/Documents/COS484/COS484_PAL/.venv/lib/python3.10/site-packages/pal/core/interface.py", line 185, in run
    exec_result = self.execute(code)
  File "/home/doyle/Documents/COS484/COS484_PAL/.venv/lib/python3.10/site-packages/pal/core/interface.py", line 114, in execute
    self.runtime.exec_code('\n'.join(code))
  File "/home/doyle/Documents/COS484/COS484_PAL/.venv/lib/python3.10/site-packages/pal/core/runtime.py", line 145, in exec_code
    result = subprocess.run([f"llm_build/{str(random_uuid)}/Solution"], capture_output=True)
  File "/usr/lib/python3.10/subprocess.py", line 503, in run
    with Popen(*popenargs, **kwargs) as process:
  File "/usr/lib/python3.10/subprocess.py", line 971, in __init__
    self._execute_child(args, executable, preexec_fn, close_fds,
  File "/usr/lib/python3.10/subprocess.py", line 1863, in _execute_child
    raise child_exception_type(errno_num, err_msg, err_filename)
FileNotFoundError: [Errno 2] No such file or directory: 'llm_build/fa1d891e-288a-11f0-8afc-e10f5b0b7eea/Solution'

Execute error: 
Traceback (most recent call last):
  File "/home/doyle/Documents/COS484/COS484_PAL/.venv/lib/python3.10/site-packages/pal/core/interface.py", line 185, in run
    exec_result = self.execute(code)
  File "/home/doyle/Documents/COS484/COS484_PAL/.venv/lib/python3.10/site-packages/pal/core/interface.py", line 114, in execute
    self.runtime.exec_code('\n'.join(code))
  File "/home/doyle/Documents/COS484/COS484_PAL/.venv/lib/python3.10/site-packages/pal/core/runtime.py", line 145, in exec_code
    result = subprocess.run([f"llm_build/{str(random_uuid)}/Solution"], capture_output=True)
  File "/usr/lib/python3.10/subprocess.py", line 503, in run
    with Popen(*popenargs, **kwargs) as process:
  File "/usr/lib/python3.10/subprocess.py", line 971, in __init__
    self._execute_child(args, executable, preexec_fn, close_fds,
  File "/usr/lib/python3.10/subprocess.py", line 1863, in _execute_child
    raise child_exception_type(errno_num, err_msg, err_filename)
FileNotFoundError: [Errno 2] No such file or directory: 'llm_build/01310186-288b-11f0-8afc-e10f5b0b7eea/Solution'

Execute error: 
 77%|███████▋  | 1017/1319 [55:21<09:59,  1.98s/it] 77%|███████▋  | 1018/1319 [55:24<10:28,  2.09s/it] 77%|███████▋  | 1019/1319 [55:25<09:05,  1.82s/it] 77%|███████▋  | 1020/1319 [55:27<09:24,  1.89s/it] 77%|███████▋  | 1021/1319 [55:29<09:51,  1.99s/it] 77%|███████▋  | 1022/1319 [55:31<09:55,  2.01s/it] 78%|███████▊  | 1023/1319 [55:34<10:55,  2.21s/it] 78%|███████▊  | 1024/1319 [55:35<09:43,  1.98s/it] 78%|███████▊  | 1025/1319 [55:37<09:07,  1.86s/it]File "llm_build/132afec8-288b-11f0-8afc-e10f5b0b7eea/Solution.ml", line 4, characters 4-24:
4 | let fraction_large_total = 1.0 /. 5.0 in
        ^^^^^^^^^^^^^^^^^^^^
Warning 26 [unused-var]: unused variable fraction_large_total.
 78%|███████▊  | 1026/1319 [55:39<08:58,  1.84s/it] 78%|███████▊  | 1027/1319 [55:41<08:59,  1.85s/it] 78%|███████▊  | 1028/1319 [55:42<08:42,  1.79s/it]File "llm_build/1548ba61-288b-11f0-8afc-e10f5b0b7eea/Solution.ml", line 4, characters 4-21:
4 | let blinks_per_minute = blinks_per_5_minutes / time_period_minutes in
        ^^^^^^^^^^^^^^^^^
Warning 26 [unused-var]: unused variable blinks_per_minute.
 78%|███████▊  | 1029/1319 [55:44<08:20,  1.73s/it] 78%|███████▊  | 1030/1319 [55:50<14:29,  3.01s/it] 78%|███████▊  | 1031/1319 [55:53<15:02,  3.13s/it] 78%|███████▊  | 1032/1319 [55:56<14:06,  2.95s/it] 78%|███████▊  | 1033/1319 [55:58<12:45,  2.68s/it] 78%|███████▊  | 1034/1319 [56:00<12:37,  2.66s/it] 78%|███████▊  | 1035/1319 [56:02<11:07,  2.35s/it] 79%|███████▊  | 1036/1319 [56:03<09:26,  2.00s/it] 79%|███████▊  | 1037/1319 [56:05<09:17,  1.98s/it] 79%|███████▊  | 1038/1319 [56:08<09:52,  2.11s/it]File "llm_build/245fb8b5-288b-11f0-8afc-e10f5b0b7eea/Solution.ml", line 6, characters 4-16:
6 | let total_shares = first_share +. second_share +. third_share in
        ^^^^^^^^^^^^
Warning 26 [unused-var]: unused variable total_shares.
 79%|███████▉  | 1039/1319 [56:09<08:50,  1.89s/it] 79%|███████▉  | 1040/1319 [56:11<08:38,  1.86s/it]File "llm_build/27bb3fc4-288b-11f0-8afc-e10f5b0b7eea/Solution.ml", line 3, characters 25-28:
3 | let thursday_hours = 1 + 0.5 in
                             ^^^
Error: This expression has type "float" but an expression was expected of type
         "int"
 79%|███████▉  | 1041/1319 [56:13<09:26,  2.04s/it] 79%|███████▉  | 1042/1319 [56:15<08:46,  1.90s/it] 79%|███████▉  | 1043/1319 [56:16<08:24,  1.83s/it] 79%|███████▉  | 1044/1319 [56:19<09:45,  2.13s/it]File "llm_build/2ce9bd18-288b-11f0-8afc-e10f5b0b7eea/Solution.ml", line 2, characters 4-15:
2 | let cages_total = 6 in
        ^^^^^^^^^^^
Warning 26 [unused-var]: unused variable cages_total.
 79%|███████▉  | 1045/1319 [56:22<10:24,  2.28s/it]File "llm_build/2e2a1dbc-288b-11f0-8afc-e10f5b0b7eea/Solution.ml", line 7, characters 42-59:
7 | let annual_living_cost = current_salary * living_percentage in
                                              ^^^^^^^^^^^^^^^^^
Error: This expression has type "float" but an expression was expected of type
         "int"
 79%|███████▉  | 1046/1319 [56:24<10:06,  2.22s/it] 79%|███████▉  | 1047/1319 [56:26<09:35,  2.12s/it]File "llm_build/304b39a0-288b-11f0-8afc-e10f5b0b7eea/Solution.ml", line 7, characters 4-12:
7 | let equation = ruby_age_future = 3 * sam_age_future in
        ^^^^^^^^
Warning 26 [unused-var]: unused variable equation.
 79%|███████▉  | 1048/1319 [56:28<09:00,  1.99s/it] 80%|███████▉  | 1049/1319 [56:30<09:54,  2.20s/it] 80%|███████▉  | 1050/1319 [56:32<09:35,  2.14s/it]File "llm_build/34d01e6e-288b-11f0-8afd-e10f5b0b7eea/Solution.ml", line 11, characters 42-45:
11 | let chance_homework_without_substitute = (1.0 - chance_extension_class) * (1.0 - chance_extension_personal) in
                                               ^^^
Error: This expression has type "float" but an expression was expected of type
         "int"
 80%|███████▉  | 1051/1319 [56:35<10:34,  2.37s/it]File "llm_build/34d01e6f-288b-11f0-8afd-e10f5b0b7eea/Solution.ml", line 4, characters 27-46:
4 | let gerald_time_improved = gerald_time_initial *. 0.9 in
                               ^^^^^^^^^^^^^^^^^^^
Error: This expression has type "int" but an expression was expected of type
         "float"
 80%|███████▉  | 1052/1319 [56:37<09:36,  2.16s/it] 80%|███████▉  | 1053/1319 [56:39<09:25,  2.12s/it] 80%|███████▉  | 1054/1319 [56:41<09:51,  2.23s/it] 80%|███████▉  | 1055/1319 [56:43<08:43,  1.98s/it]File "llm_build/3a4c8c10-288b-11f0-8afd-e10f5b0b7eea/Solution.ml", line 4, characters 4-25:
4 | let colin_age_in_25_years = colin_age_now + 25 in
        ^^^^^^^^^^^^^^^^^^^^^
Warning 26 [unused-var]: unused variable colin_age_in_25_years.

File "llm_build/3a4c8c10-288b-11f0-8afd-e10f5b0b7eea/Solution.ml", line 5, characters 4-25:
5 | let wendy_age_in_25_years = wendy_age_now + 25 in
        ^^^^^^^^^^^^^^^^^^^^^
Warning 26 [unused-var]: unused variable wendy_age_in_25_years.
 80%|████████  | 1056/1319 [56:44<08:11,  1.87s/it]File "llm_build/3bd4a162-288b-11f0-8afd-e10f5b0b7eea/Solution.ml", line 5, characters 33-34:
5 | let large_stuffed_animals_sold = x in
                                     ^
Error: Unbound value "x"
 80%|████████  | 1057/1319 [56:47<09:04,  2.08s/it]File "llm_build/3d156b88-288b-11f0-8afd-e10f5b0b7eea/Solution.ml", line 5, characters 4-24:
5 | let neutral_days_initial = total_days - good_days_initial - bad_days_initial in
        ^^^^^^^^^^^^^^^^^^^^
Warning 26 [unused-var]: unused variable neutral_days_initial.
 80%|████████  | 1058/1319 [56:49<09:04,  2.08s/it] 80%|████████  | 1059/1319 [56:52<10:06,  2.33s/it] 80%|████████  | 1060/1319 [56:53<09:05,  2.11s/it] 80%|████████  | 1061/1319 [56:55<08:48,  2.05s/it] 81%|████████  | 1062/1319 [56:58<09:59,  2.33s/it] 81%|████████  | 1063/1319 [57:01<09:56,  2.33s/it] 81%|████████  | 1064/1319 [57:03<09:15,  2.18s/it]File "llm_build/4650f104-288b-11f0-8afd-e10f5b0b7eea/Solution.ml", line 9, characters 5-20:
9 |     (commission_rate + additional_commission_rate) * sales_amount
         ^^^^^^^^^^^^^^^
Error: This expression has type "float" but an expression was expected of type
         "int"
 81%|████████  | 1065/1319 [57:04<08:56,  2.11s/it] 81%|████████  | 1066/1319 [57:06<07:55,  1.88s/it] 81%|████████  | 1067/1319 [57:08<08:09,  1.94s/it] 81%|████████  | 1068/1319 [57:10<07:50,  1.88s/it] 81%|████████  | 1069/1319 [57:12<08:22,  2.01s/it] 81%|████████  | 1070/1319 [57:16<10:19,  2.49s/it] 81%|████████  | 1071/1319 [57:18<10:13,  2.48s/it]File "llm_build/50b00e50-288b-11f0-8afd-e10f5b0b7eea/Solution.ml", line 20, characters 0-3:
20 | let white_fish_bought = find_white_fish_bought 0 in
     ^^^
Error: Syntax error
Traceback (most recent call last):
  File "/home/doyle/Documents/COS484/COS484_PAL/.venv/lib/python3.10/site-packages/pal/core/interface.py", line 185, in run
    exec_result = self.execute(code)
  File "/home/doyle/Documents/COS484/COS484_PAL/.venv/lib/python3.10/site-packages/pal/core/interface.py", line 114, in execute
    self.runtime.exec_code('\n'.join(code))
  File "/home/doyle/Documents/COS484/COS484_PAL/.venv/lib/python3.10/site-packages/pal/core/runtime.py", line 145, in exec_code
    result = subprocess.run([f"llm_build/{str(random_uuid)}/Solution"], capture_output=True)
  File "/usr/lib/python3.10/subprocess.py", line 503, in run
    with Popen(*popenargs, **kwargs) as process:
  File "/usr/lib/python3.10/subprocess.py", line 971, in __init__
    self._execute_child(args, executable, preexec_fn, close_fds,
  File "/usr/lib/python3.10/subprocess.py", line 1863, in _execute_child
    raise child_exception_type(errno_num, err_msg, err_filename)
FileNotFoundError: [Errno 2] No such file or directory: 'llm_build/0822cb51-288b-11f0-8afc-e10f5b0b7eea/Solution'

Execute error: 
Traceback (most recent call last):
  File "/home/doyle/Documents/COS484/COS484_PAL/.venv/lib/python3.10/site-packages/pal/core/interface.py", line 185, in run
    exec_result = self.execute(code)
  File "/home/doyle/Documents/COS484/COS484_PAL/.venv/lib/python3.10/site-packages/pal/core/interface.py", line 114, in execute
    self.runtime.exec_code('\n'.join(code))
  File "/home/doyle/Documents/COS484/COS484_PAL/.venv/lib/python3.10/site-packages/pal/core/runtime.py", line 145, in exec_code
    result = subprocess.run([f"llm_build/{str(random_uuid)}/Solution"], capture_output=True)
  File "/usr/lib/python3.10/subprocess.py", line 503, in run
    with Popen(*popenargs, **kwargs) as process:
  File "/usr/lib/python3.10/subprocess.py", line 971, in __init__
    self._execute_child(args, executable, preexec_fn, close_fds,
  File "/usr/lib/python3.10/subprocess.py", line 1863, in _execute_child
    raise child_exception_type(errno_num, err_msg, err_filename)
FileNotFoundError: [Errno 2] No such file or directory: 'llm_build/27bb3fc4-288b-11f0-8afc-e10f5b0b7eea/Solution'

Execute error: 
Traceback (most recent call last):
  File "/home/doyle/Documents/COS484/COS484_PAL/.venv/lib/python3.10/site-packages/pal/core/interface.py", line 185, in run
    exec_result = self.execute(code)
  File "/home/doyle/Documents/COS484/COS484_PAL/.venv/lib/python3.10/site-packages/pal/core/interface.py", line 114, in execute
    self.runtime.exec_code('\n'.join(code))
  File "/home/doyle/Documents/COS484/COS484_PAL/.venv/lib/python3.10/site-packages/pal/core/runtime.py", line 145, in exec_code
    result = subprocess.run([f"llm_build/{str(random_uuid)}/Solution"], capture_output=True)
  File "/usr/lib/python3.10/subprocess.py", line 503, in run
    with Popen(*popenargs, **kwargs) as process:
  File "/usr/lib/python3.10/subprocess.py", line 971, in __init__
    self._execute_child(args, executable, preexec_fn, close_fds,
  File "/usr/lib/python3.10/subprocess.py", line 1863, in _execute_child
    raise child_exception_type(errno_num, err_msg, err_filename)
FileNotFoundError: [Errno 2] No such file or directory: 'llm_build/2e2a1dbc-288b-11f0-8afc-e10f5b0b7eea/Solution'

Execute error: 
Traceback (most recent call last):
  File "/home/doyle/Documents/COS484/COS484_PAL/.venv/lib/python3.10/site-packages/pal/core/interface.py", line 185, in run
    exec_result = self.execute(code)
  File "/home/doyle/Documents/COS484/COS484_PAL/.venv/lib/python3.10/site-packages/pal/core/interface.py", line 114, in execute
    self.runtime.exec_code('\n'.join(code))
  File "/home/doyle/Documents/COS484/COS484_PAL/.venv/lib/python3.10/site-packages/pal/core/runtime.py", line 145, in exec_code
    result = subprocess.run([f"llm_build/{str(random_uuid)}/Solution"], capture_output=True)
  File "/usr/lib/python3.10/subprocess.py", line 503, in run
    with Popen(*popenargs, **kwargs) as process:
  File "/usr/lib/python3.10/subprocess.py", line 971, in __init__
    self._execute_child(args, executable, preexec_fn, close_fds,
  File "/usr/lib/python3.10/subprocess.py", line 1863, in _execute_child
    raise child_exception_type(errno_num, err_msg, err_filename)
FileNotFoundError: [Errno 2] No such file or directory: 'llm_build/34d01e6e-288b-11f0-8afd-e10f5b0b7eea/Solution'

Execute error: 
Traceback (most recent call last):
  File "/home/doyle/Documents/COS484/COS484_PAL/.venv/lib/python3.10/site-packages/pal/core/interface.py", line 185, in run
    exec_result = self.execute(code)
  File "/home/doyle/Documents/COS484/COS484_PAL/.venv/lib/python3.10/site-packages/pal/core/interface.py", line 114, in execute
    self.runtime.exec_code('\n'.join(code))
  File "/home/doyle/Documents/COS484/COS484_PAL/.venv/lib/python3.10/site-packages/pal/core/runtime.py", line 145, in exec_code
    result = subprocess.run([f"llm_build/{str(random_uuid)}/Solution"], capture_output=True)
  File "/usr/lib/python3.10/subprocess.py", line 503, in run
    with Popen(*popenargs, **kwargs) as process:
  File "/usr/lib/python3.10/subprocess.py", line 971, in __init__
    self._execute_child(args, executable, preexec_fn, close_fds,
  File "/usr/lib/python3.10/subprocess.py", line 1863, in _execute_child
    raise child_exception_type(errno_num, err_msg, err_filename)
FileNotFoundError: [Errno 2] No such file or directory: 'llm_build/34d01e6f-288b-11f0-8afd-e10f5b0b7eea/Solution'

Execute error: 
Traceback (most recent call last):
  File "/home/doyle/Documents/COS484/COS484_PAL/.venv/lib/python3.10/site-packages/pal/core/interface.py", line 185, in run
    exec_result = self.execute(code)
  File "/home/doyle/Documents/COS484/COS484_PAL/.venv/lib/python3.10/site-packages/pal/core/interface.py", line 114, in execute
    self.runtime.exec_code('\n'.join(code))
  File "/home/doyle/Documents/COS484/COS484_PAL/.venv/lib/python3.10/site-packages/pal/core/runtime.py", line 145, in exec_code
    result = subprocess.run([f"llm_build/{str(random_uuid)}/Solution"], capture_output=True)
  File "/usr/lib/python3.10/subprocess.py", line 503, in run
    with Popen(*popenargs, **kwargs) as process:
  File "/usr/lib/python3.10/subprocess.py", line 971, in __init__
    self._execute_child(args, executable, preexec_fn, close_fds,
  File "/usr/lib/python3.10/subprocess.py", line 1863, in _execute_child
    raise child_exception_type(errno_num, err_msg, err_filename)
FileNotFoundError: [Errno 2] No such file or directory: 'llm_build/3bd4a162-288b-11f0-8afd-e10f5b0b7eea/Solution'

Execute error: 
Traceback (most recent call last):
  File "/home/doyle/Documents/COS484/COS484_PAL/.venv/lib/python3.10/site-packages/pal/core/interface.py", line 185, in run
    exec_result = self.execute(code)
  File "/home/doyle/Documents/COS484/COS484_PAL/.venv/lib/python3.10/site-packages/pal/core/interface.py", line 114, in execute
    self.runtime.exec_code('\n'.join(code))
  File "/home/doyle/Documents/COS484/COS484_PAL/.venv/lib/python3.10/site-packages/pal/core/runtime.py", line 145, in exec_code
    result = subprocess.run([f"llm_build/{str(random_uuid)}/Solution"], capture_output=True)
  File "/usr/lib/python3.10/subprocess.py", line 503, in run
    with Popen(*popenargs, **kwargs) as process:
  File "/usr/lib/python3.10/subprocess.py", line 971, in __init__
    self._execute_child(args, executable, preexec_fn, close_fds,
  File "/usr/lib/python3.10/subprocess.py", line 1863, in _execute_child
    raise child_exception_type(errno_num, err_msg, err_filename)
FileNotFoundError: [Errno 2] No such file or directory: 'llm_build/4650f104-288b-11f0-8afd-e10f5b0b7eea/Solution'

Execute error: 
 81%|████████▏ | 1072/1319 [57:22<11:55,  2.90s/it]File "llm_build/52ca88dc-288b-11f0-8afd-e10f5b0b7eea/Solution.ml", line 20, characters 4-21:
20 | let flowers_remaining = total_flowers - (4 * flowers_dropped) in
         ^^^^^^^^^^^^^^^^^
Warning 26 [unused-var]: unused variable flowers_remaining.
 81%|████████▏ | 1073/1319 [57:25<12:39,  3.09s/it] 81%|████████▏ | 1074/1319 [57:28<11:42,  2.87s/it] 82%|████████▏ | 1075/1319 [57:30<11:22,  2.80s/it] 82%|████████▏ | 1076/1319 [57:32<09:58,  2.46s/it] 82%|████████▏ | 1077/1319 [57:36<11:41,  2.90s/it] 82%|████████▏ | 1078/1319 [57:38<10:27,  2.60s/it] 82%|████████▏ | 1079/1319 [57:40<09:21,  2.34s/it] 82%|████████▏ | 1080/1319 [57:42<09:01,  2.26s/it] 82%|████████▏ | 1081/1319 [57:45<09:43,  2.45s/it] 82%|████████▏ | 1082/1319 [57:46<08:57,  2.27s/it] 82%|████████▏ | 1083/1319 [57:48<08:31,  2.17s/it]File "llm_build/61ab43b4-288b-11f0-8afd-e10f5b0b7eea/Solution.ml", line 5, characters 15-23:
5 | let paul_age = john_age + float_of_int age_difference in
                   ^^^^^^^^
Error: This expression has type "float" but an expression was expected of type
         "int"
 82%|████████▏ | 1084/1319 [57:50<08:16,  2.11s/it]File "llm_build/637a10d0-288b-11f0-8afd-e10f5b0b7eea/Solution.ml", line 4, characters 4-16:
4 | let john_age_now = 19 + james_age_now in
        ^^^^^^^^^^^^
Warning 26 [unused-var]: unused variable john_age_now.
 82%|████████▏ | 1085/1319 [57:53<09:18,  2.39s/it]File "llm_build/65118aae-288b-11f0-8afd-e10f5b0b7eea/Solution.ml", line 9, characters 41-57:
9 | let pension_increase = pension_initial * entitlement_rate * float_of_int years_entitled in
                                             ^^^^^^^^^^^^^^^^
Error: This expression has type "float" but an expression was expected of type
         "int"
 82%|████████▏ | 1086/1319 [57:56<09:36,  2.47s/it] 82%|████████▏ | 1087/1319 [57:59<09:46,  2.53s/it] 82%|████████▏ | 1088/1319 [58:01<09:55,  2.58s/it] 83%|████████▎ | 1089/1319 [58:04<09:39,  2.52s/it] 83%|████████▎ | 1090/1319 [58:05<08:12,  2.15s/it] 83%|████████▎ | 1091/1319 [58:07<08:25,  2.22s/it] 83%|████████▎ | 1092/1319 [58:09<07:50,  2.07s/it] 83%|████████▎ | 1093/1319 [58:12<08:15,  2.19s/it] 83%|████████▎ | 1094/1319 [58:14<08:10,  2.18s/it] 83%|████████▎ | 1095/1319 [58:15<07:18,  1.96s/it] 83%|████████▎ | 1096/1319 [58:20<09:52,  2.66s/it] 83%|████████▎ | 1097/1319 [58:21<08:17,  2.24s/it]File "llm_build/74bb40c6-288b-11f0-8afd-e10f5b0b7eea/Solution.ml", line 5, characters 4-20:
5 | let remaining_pieces = pieces_cut - pieces_taken in
        ^^^^^^^^^^^^^^^^
Warning 26 [unused-var]: unused variable remaining_pieces.
 83%|████████▎ | 1098/1319 [58:22<07:27,  2.03s/it] 83%|████████▎ | 1099/1319 [58:24<07:30,  2.05s/it] 83%|████████▎ | 1100/1319 [58:27<08:12,  2.25s/it] 83%|████████▎ | 1101/1319 [58:30<09:12,  2.54s/it] 84%|████████▎ | 1102/1319 [58:33<08:47,  2.43s/it] 84%|████████▎ | 1103/1319 [58:35<08:20,  2.32s/it]File "llm_build/7c089433-288b-11f0-8afd-e10f5b0b7eea/Solution.ml", line 3, characters 4-20:
3 | let brett_age_future = brett_age + 4 in
        ^^^^^^^^^^^^^^^^
Warning 26 [unused-var]: unused variable brett_age_future.
 84%|████████▎ | 1104/1319 [58:36<07:22,  2.06s/it] 84%|████████▍ | 1105/1319 [58:40<09:00,  2.52s/it] 84%|████████▍ | 1106/1319 [58:42<08:30,  2.40s/it] 84%|████████▍ | 1107/1319 [58:46<09:56,  2.81s/it] 84%|████████▍ | 1108/1319 [58:47<08:52,  2.52s/it] 84%|████████▍ | 1109/1319 [58:49<08:08,  2.33s/it]File "llm_build/84c7784b-288b-11f0-8afd-e10f5b0b7eea/Solution.ml", line 6, characters 22-43:
6 | let original_length = length_with_extension /. 1.5 in
                          ^^^^^^^^^^^^^^^^^^^^^
Error: This expression has type "int" but an expression was expected of type
         "float"
 84%|████████▍ | 1110/1319 [58:51<07:25,  2.13s/it] 84%|████████▍ | 1111/1319 [58:53<07:33,  2.18s/it] 84%|████████▍ | 1112/1319 [58:55<07:01,  2.04s/it]File "llm_build/8a97fa38-288b-11f0-8afd-e10f5b0b7eea/Solution.ml", line 6, characters 17-33:
6 | let total_used = glue_stick1_used + glue_stick2_used + glue_stick3_used in
                     ^^^^^^^^^^^^^^^^
Error: This expression has type "float" but an expression was expected of type
         "int"
 84%|████████▍ | 1113/1319 [58:59<09:05,  2.65s/it] 84%|████████▍ | 1114/1319 [59:01<08:33,  2.51s/it] 85%|████████▍ | 1115/1319 [59:04<08:56,  2.63s/it] 85%|████████▍ | 1116/1319 [59:06<07:40,  2.27s/it] 85%|████████▍ | 1117/1319 [59:09<08:26,  2.51s/it]File "llm_build/913c6ff4-288b-11f0-8afd-e10f5b0b7eea/Solution.ml", line 5, characters 34-82:
5 | let final_price = initial_price * (1.0 -. depreciation_rate) ** float_of_int years in
                                      ^^^^^^^^^^^^^^^^^^^^^^^^^^^^^^^^^^^^^^^^^^^^^^^^
Error: This expression has type "float" but an expression was expected of type
         "int"
 85%|████████▍ | 1118/1319 [59:10<07:26,  2.22s/it] 85%|████████▍ | 1119/1319 [59:12<07:32,  2.26s/it] 85%|████████▍ | 1120/1319 [59:15<07:50,  2.36s/it] 85%|████████▍ | 1121/1319 [59:17<07:36,  2.31s/it] 85%|████████▌ | 1122/1319 [59:19<07:11,  2.19s/it] 85%|████████▌ | 1123/1319 [59:22<07:56,  2.43s/it] 85%|████████▌ | 1124/1319 [59:24<07:15,  2.23s/it]File "llm_build/9aab95d8-288b-11f0-8afd-e10f5b0b7eea/Solution.ml", line 7, characters 4-25:
7 | let total_issues_per_year = (magazines_ordered * issues_per_magazine) + special_magazine_issues + last_magazine_issues in
        ^^^^^^^^^^^^^^^^^^^^^
Warning 26 [unused-var]: unused variable total_issues_per_year.
 85%|████████▌ | 1125/1319 [59:26<07:01,  2.17s/it] 85%|████████▌ | 1126/1319 [59:28<06:51,  2.13s/it] 85%|████████▌ | 1127/1319 [59:30<06:19,  1.98s/it] 86%|████████▌ | 1128/1319 [59:31<06:02,  1.90s/it] 86%|████████▌ | 1129/1319 [59:34<07:01,  2.22s/it] 86%|████████▌ | 1130/1319 [59:36<06:39,  2.11s/it]File "llm_build/a20e50cc-288b-11f0-8afd-e10f5b0b7eea/Solution.ml", line 5, characters 28-69:
5 | let profit_multiplier = 1 + (float_of_int profit_percentage /. 100.0) in
                                ^^^^^^^^^^^^^^^^^^^^^^^^^^^^^^^^^^^^^^^^^
Error: This expression has type "float" but an expression was expected of type
         "int"
 86%|████████▌ | 1131/1319 [59:38<06:41,  2.13s/it] 86%|████████▌ | 1132/1319 [59:40<06:30,  2.09s/it] 86%|████████▌ | 1133/1319 [59:42<06:30,  2.10s/it] 86%|████████▌ | 1134/1319 [59:45<06:26,  2.09s/it] 86%|████████▌ | 1135/1319 [59:48<07:56,  2.59s/it] 86%|████████▌ | 1136/1319 [59:50<06:43,  2.21s/it] 86%|████████▌ | 1137/1319 [59:53<07:41,  2.53s/it] 86%|████████▋ | 1138/1319 [59:56<08:07,  2.70s/it] 86%|████████▋ | 1139/1319 [1:00:02<11:30,  3.84s/it] 86%|████████▋ | 1140/1319 [1:00:05<10:26,  3.50s/it] 87%|████████▋ | 1141/1319 [1:00:07<08:38,  2.91s/it] 87%|████████▋ | 1142/1319 [1:00:09<07:48,  2.65s/it] 87%|████████▋ | 1143/1319 [1:00:11<07:48,  2.66s/it] 87%|████████▋ | 1144/1319 [1:00:14<07:55,  2.72s/it]File "llm_build/b77a0f15-288b-11f0-8afd-e10f5b0b7eea/Solution.ml", line 3, characters 13-14:
3 | let queens = x in
                 ^
Error: Unbound value "x"
Traceback (most recent call last):
  File "/home/doyle/Documents/COS484/COS484_PAL/.venv/lib/python3.10/site-packages/pal/core/interface.py", line 185, in run
    exec_result = self.execute(code)
  File "/home/doyle/Documents/COS484/COS484_PAL/.venv/lib/python3.10/site-packages/pal/core/interface.py", line 114, in execute
    self.runtime.exec_code('\n'.join(code))
  File "/home/doyle/Documents/COS484/COS484_PAL/.venv/lib/python3.10/site-packages/pal/core/runtime.py", line 145, in exec_code
    result = subprocess.run([f"llm_build/{str(random_uuid)}/Solution"], capture_output=True)
  File "/usr/lib/python3.10/subprocess.py", line 503, in run
    with Popen(*popenargs, **kwargs) as process:
  File "/usr/lib/python3.10/subprocess.py", line 971, in __init__
    self._execute_child(args, executable, preexec_fn, close_fds,
  File "/usr/lib/python3.10/subprocess.py", line 1863, in _execute_child
    raise child_exception_type(errno_num, err_msg, err_filename)
FileNotFoundError: [Errno 2] No such file or directory: 'llm_build/50b00e50-288b-11f0-8afd-e10f5b0b7eea/Solution'

Execute error: 
Traceback (most recent call last):
  File "/home/doyle/Documents/COS484/COS484_PAL/.venv/lib/python3.10/site-packages/pal/core/interface.py", line 185, in run
    exec_result = self.execute(code)
  File "/home/doyle/Documents/COS484/COS484_PAL/.venv/lib/python3.10/site-packages/pal/core/interface.py", line 114, in execute
    self.runtime.exec_code('\n'.join(code))
  File "/home/doyle/Documents/COS484/COS484_PAL/.venv/lib/python3.10/site-packages/pal/core/runtime.py", line 145, in exec_code
    result = subprocess.run([f"llm_build/{str(random_uuid)}/Solution"], capture_output=True)
  File "/usr/lib/python3.10/subprocess.py", line 503, in run
    with Popen(*popenargs, **kwargs) as process:
  File "/usr/lib/python3.10/subprocess.py", line 971, in __init__
    self._execute_child(args, executable, preexec_fn, close_fds,
  File "/usr/lib/python3.10/subprocess.py", line 1863, in _execute_child
    raise child_exception_type(errno_num, err_msg, err_filename)
FileNotFoundError: [Errno 2] No such file or directory: 'llm_build/61ab43b4-288b-11f0-8afd-e10f5b0b7eea/Solution'

Execute error: 
Traceback (most recent call last):
  File "/home/doyle/Documents/COS484/COS484_PAL/.venv/lib/python3.10/site-packages/pal/core/interface.py", line 185, in run
    exec_result = self.execute(code)
  File "/home/doyle/Documents/COS484/COS484_PAL/.venv/lib/python3.10/site-packages/pal/core/interface.py", line 114, in execute
    self.runtime.exec_code('\n'.join(code))
  File "/home/doyle/Documents/COS484/COS484_PAL/.venv/lib/python3.10/site-packages/pal/core/runtime.py", line 145, in exec_code
    result = subprocess.run([f"llm_build/{str(random_uuid)}/Solution"], capture_output=True)
  File "/usr/lib/python3.10/subprocess.py", line 503, in run
    with Popen(*popenargs, **kwargs) as process:
  File "/usr/lib/python3.10/subprocess.py", line 971, in __init__
    self._execute_child(args, executable, preexec_fn, close_fds,
  File "/usr/lib/python3.10/subprocess.py", line 1863, in _execute_child
    raise child_exception_type(errno_num, err_msg, err_filename)
FileNotFoundError: [Errno 2] No such file or directory: 'llm_build/65118aae-288b-11f0-8afd-e10f5b0b7eea/Solution'

Execute error: 
Traceback (most recent call last):
  File "/home/doyle/Documents/COS484/COS484_PAL/.venv/lib/python3.10/site-packages/pal/core/interface.py", line 185, in run
    exec_result = self.execute(code)
  File "/home/doyle/Documents/COS484/COS484_PAL/.venv/lib/python3.10/site-packages/pal/core/interface.py", line 114, in execute
    self.runtime.exec_code('\n'.join(code))
  File "/home/doyle/Documents/COS484/COS484_PAL/.venv/lib/python3.10/site-packages/pal/core/runtime.py", line 145, in exec_code
    result = subprocess.run([f"llm_build/{str(random_uuid)}/Solution"], capture_output=True)
  File "/usr/lib/python3.10/subprocess.py", line 503, in run
    with Popen(*popenargs, **kwargs) as process:
  File "/usr/lib/python3.10/subprocess.py", line 971, in __init__
    self._execute_child(args, executable, preexec_fn, close_fds,
  File "/usr/lib/python3.10/subprocess.py", line 1863, in _execute_child
    raise child_exception_type(errno_num, err_msg, err_filename)
FileNotFoundError: [Errno 2] No such file or directory: 'llm_build/84c7784b-288b-11f0-8afd-e10f5b0b7eea/Solution'

Execute error: 
Traceback (most recent call last):
  File "/home/doyle/Documents/COS484/COS484_PAL/.venv/lib/python3.10/site-packages/pal/core/interface.py", line 185, in run
    exec_result = self.execute(code)
  File "/home/doyle/Documents/COS484/COS484_PAL/.venv/lib/python3.10/site-packages/pal/core/interface.py", line 114, in execute
    self.runtime.exec_code('\n'.join(code))
  File "/home/doyle/Documents/COS484/COS484_PAL/.venv/lib/python3.10/site-packages/pal/core/runtime.py", line 145, in exec_code
    result = subprocess.run([f"llm_build/{str(random_uuid)}/Solution"], capture_output=True)
  File "/usr/lib/python3.10/subprocess.py", line 503, in run
    with Popen(*popenargs, **kwargs) as process:
  File "/usr/lib/python3.10/subprocess.py", line 971, in __init__
    self._execute_child(args, executable, preexec_fn, close_fds,
  File "/usr/lib/python3.10/subprocess.py", line 1863, in _execute_child
    raise child_exception_type(errno_num, err_msg, err_filename)
FileNotFoundError: [Errno 2] No such file or directory: 'llm_build/8a97fa38-288b-11f0-8afd-e10f5b0b7eea/Solution'

Execute error: 
Traceback (most recent call last):
  File "/home/doyle/Documents/COS484/COS484_PAL/.venv/lib/python3.10/site-packages/pal/core/interface.py", line 185, in run
    exec_result = self.execute(code)
  File "/home/doyle/Documents/COS484/COS484_PAL/.venv/lib/python3.10/site-packages/pal/core/interface.py", line 114, in execute
    self.runtime.exec_code('\n'.join(code))
  File "/home/doyle/Documents/COS484/COS484_PAL/.venv/lib/python3.10/site-packages/pal/core/runtime.py", line 145, in exec_code
    result = subprocess.run([f"llm_build/{str(random_uuid)}/Solution"], capture_output=True)
  File "/usr/lib/python3.10/subprocess.py", line 503, in run
    with Popen(*popenargs, **kwargs) as process:
  File "/usr/lib/python3.10/subprocess.py", line 971, in __init__
    self._execute_child(args, executable, preexec_fn, close_fds,
  File "/usr/lib/python3.10/subprocess.py", line 1863, in _execute_child
    raise child_exception_type(errno_num, err_msg, err_filename)
FileNotFoundError: [Errno 2] No such file or directory: 'llm_build/913c6ff4-288b-11f0-8afd-e10f5b0b7eea/Solution'

Execute error: 
Traceback (most recent call last):
  File "/home/doyle/Documents/COS484/COS484_PAL/.venv/lib/python3.10/site-packages/pal/core/interface.py", line 185, in run
    exec_result = self.execute(code)
  File "/home/doyle/Documents/COS484/COS484_PAL/.venv/lib/python3.10/site-packages/pal/core/interface.py", line 114, in execute
    self.runtime.exec_code('\n'.join(code))
  File "/home/doyle/Documents/COS484/COS484_PAL/.venv/lib/python3.10/site-packages/pal/core/runtime.py", line 145, in exec_code
    result = subprocess.run([f"llm_build/{str(random_uuid)}/Solution"], capture_output=True)
  File "/usr/lib/python3.10/subprocess.py", line 503, in run
    with Popen(*popenargs, **kwargs) as process:
  File "/usr/lib/python3.10/subprocess.py", line 971, in __init__
    self._execute_child(args, executable, preexec_fn, close_fds,
  File "/usr/lib/python3.10/subprocess.py", line 1863, in _execute_child
    raise child_exception_type(errno_num, err_msg, err_filename)
FileNotFoundError: [Errno 2] No such file or directory: 'llm_build/a20e50cc-288b-11f0-8afd-e10f5b0b7eea/Solution'

Execute error: 
 87%|████████▋ | 1145/1319 [1:00:16<06:48,  2.35s/it] 87%|████████▋ | 1146/1319 [1:00:17<06:05,  2.12s/it] 87%|████████▋ | 1147/1319 [1:00:19<05:31,  1.93s/it]File "llm_build/bb067a0a-288b-11f0-8afd-e10f5b0b7eea/Solution.ml", line 5, characters 60-73:
5 | let total_amount_due = borrowed_amount + (borrowed_amount * interest_rate) in
                                                                ^^^^^^^^^^^^^
Error: This expression has type "float" but an expression was expected of type
         "int"
 87%|████████▋ | 1148/1319 [1:00:20<05:02,  1.77s/it] 87%|████████▋ | 1149/1319 [1:00:22<05:10,  1.83s/it] 87%|████████▋ | 1150/1319 [1:00:24<05:12,  1.85s/it] 87%|████████▋ | 1151/1319 [1:00:27<05:42,  2.04s/it] 87%|████████▋ | 1152/1319 [1:00:29<06:08,  2.20s/it] 87%|████████▋ | 1153/1319 [1:00:44<16:28,  5.95s/it] 87%|████████▋ | 1154/1319 [1:00:50<16:17,  5.93s/it] 88%|████████▊ | 1155/1319 [1:00:56<16:21,  5.98s/it]File "llm_build/d231cb58-288b-11f0-8afd-e10f5b0b7eea/Solution.ml", line 8, characters 31-79:
8 | let cost_increase_factor = 1 + (float_of_int cost_increase_percentage /. 100.0) in
                                   ^^^^^^^^^^^^^^^^^^^^^^^^^^^^^^^^^^^^^^^^^^^^^^^^
Error: This expression has type "float" but an expression was expected of type
         "int"
 88%|████████▊ | 1156/1319 [1:00:59<14:01,  5.16s/it] 88%|████████▊ | 1157/1319 [1:01:02<12:16,  4.55s/it] 88%|████████▊ | 1158/1319 [1:01:08<12:48,  4.78s/it]File "llm_build/d9c95016-288b-11f0-8afd-e10f5b0b7eea/Solution.ml", line 6, characters 55-63:
6 | let total_after_discount = total_fireworks_cost * (1 - discount) in
                                                           ^^^^^^^^
Error: This expression has type "float" but an expression was expected of type
         "int"
 88%|████████▊ | 1159/1319 [1:01:12<12:22,  4.64s/it] 88%|████████▊ | 1160/1319 [1:01:15<11:23,  4.30s/it]File "llm_build/dd23bdb4-288b-11f0-8afd-e10f5b0b7eea/Solution.ml", line 8, characters 36-49:
8 | let discount_amount = total_price * discount_rate in
                                        ^^^^^^^^^^^^^
Error: This expression has type "float" but an expression was expected of type
         "int"
 88%|████████▊ | 1161/1319 [1:01:17<09:35,  3.64s/it]File "llm_build/de47e31e-288b-11f0-8afd-e10f5b0b7eea/Solution.ml", line 2, characters 4-26:
2 | let denise_pages_yesterday = 10 in
        ^^^^^^^^^^^^^^^^^^^^^^
Warning 26 [unused-var]: unused variable denise_pages_yesterday.
 88%|████████▊ | 1162/1319 [1:01:19<08:11,  3.13s/it] 88%|████████▊ | 1163/1319 [1:01:21<07:11,  2.77s/it]File "llm_build/e0d1a35e-288b-11f0-8afd-e10f5b0b7eea/Solution.ml", line 10, characters 17-36:
10 | let visit_cost = visit_cost_per_hour *. visit_duration_hours in
                      ^^^^^^^^^^^^^^^^^^^
Error: This expression has type "int" but an expression was expected of type
         "float"
 88%|████████▊ | 1164/1319 [1:01:24<06:48,  2.64s/it]File "llm_build/e209dd54-288b-11f0-8afd-e10f5b0b7eea/Solution.ml", line 2, characters 4-18:
2 | let minutes_played = 64729600 in
        ^^^^^^^^^^^^^^
Warning 26 [unused-var]: unused variable minutes_played.
 88%|████████▊ | 1165/1319 [1:01:26<06:19,  2.46s/it] 88%|████████▊ | 1166/1319 [1:01:27<05:35,  2.19s/it]File "llm_build/e5245186-288b-11f0-8afd-e10f5b0b7eea/Solution.ml", line 15, characters 4-18:
15 | let small_pool_now = small_pool_initial - water_lost in
         ^^^^^^^^^^^^^^
Warning 26 [unused-var]: unused variable small_pool_now.
 88%|████████▊ | 1167/1319 [1:01:31<06:39,  2.63s/it] 89%|████████▊ | 1168/1319 [1:01:32<05:27,  2.17s/it]File "llm_build/e816ef66-288b-11f0-8afd-e10f5b0b7eea/Solution.ml", line 7, characters 4-16:
7 | let total_apples = joanne_tallest_apples + joanne_shortest_apples + joanne_average_apples + sister_tallest_apples + sister_shortest_apples in
        ^^^^^^^^^^^^
Warning 26 [unused-var]: unused variable total_apples.
 89%|████████▊ | 1169/1319 [1:01:36<06:40,  2.67s/it] 89%|████████▊ | 1170/1319 [1:01:38<06:15,  2.52s/it] 89%|████████▉ | 1171/1319 [1:01:40<05:47,  2.35s/it] 89%|████████▉ | 1172/1319 [1:01:46<08:21,  3.41s/it] 89%|████████▉ | 1173/1319 [1:01:49<08:23,  3.45s/it] 89%|████████▉ | 1174/1319 [1:01:53<08:25,  3.49s/it] 89%|████████▉ | 1175/1319 [1:01:55<07:28,  3.11s/it] 89%|████████▉ | 1176/1319 [1:01:59<07:43,  3.24s/it]File "llm_build/f70575b0-288b-11f0-8afd-e10f5b0b7eea/Solution.ml", line 13, characters 2-6:
13 |   else if total_eggs < eggs_collected then
       ^^^^
Error: Syntax error
 89%|████████▉ | 1177/1319 [1:02:01<06:53,  2.91s/it] 89%|████████▉ | 1178/1319 [1:02:03<06:26,  2.74s/it] 89%|████████▉ | 1179/1319 [1:02:05<05:59,  2.57s/it] 89%|████████▉ | 1180/1319 [1:02:08<05:59,  2.59s/it] 90%|████████▉ | 1181/1319 [1:02:14<08:08,  3.54s/it] 90%|████████▉ | 1182/1319 [1:02:15<06:40,  2.92s/it]File "llm_build/00b3f51e-288c-11f0-8afd-e10f5b0b7eea/Solution.ml", line 7, characters 42-66:
7 | let pages_read_first_week = int_of_float (total_minutes_first_week /. minutes_per_page) in
                                              ^^^^^^^^^^^^^^^^^^^^^^^^
Error: This expression has type "int" but an expression was expected of type
         "float"
Traceback (most recent call last):
  File "/home/doyle/Documents/COS484/COS484_PAL/.venv/lib/python3.10/site-packages/pal/core/interface.py", line 185, in run
    exec_result = self.execute(code)
  File "/home/doyle/Documents/COS484/COS484_PAL/.venv/lib/python3.10/site-packages/pal/core/interface.py", line 114, in execute
    self.runtime.exec_code('\n'.join(code))
  File "/home/doyle/Documents/COS484/COS484_PAL/.venv/lib/python3.10/site-packages/pal/core/runtime.py", line 145, in exec_code
    result = subprocess.run([f"llm_build/{str(random_uuid)}/Solution"], capture_output=True)
  File "/usr/lib/python3.10/subprocess.py", line 503, in run
    with Popen(*popenargs, **kwargs) as process:
  File "/usr/lib/python3.10/subprocess.py", line 971, in __init__
    self._execute_child(args, executable, preexec_fn, close_fds,
  File "/usr/lib/python3.10/subprocess.py", line 1863, in _execute_child
    raise child_exception_type(errno_num, err_msg, err_filename)
FileNotFoundError: [Errno 2] No such file or directory: 'llm_build/b77a0f15-288b-11f0-8afd-e10f5b0b7eea/Solution'

Execute error: 
Traceback (most recent call last):
  File "/home/doyle/Documents/COS484/COS484_PAL/.venv/lib/python3.10/site-packages/pal/core/interface.py", line 185, in run
    exec_result = self.execute(code)
  File "/home/doyle/Documents/COS484/COS484_PAL/.venv/lib/python3.10/site-packages/pal/core/interface.py", line 114, in execute
    self.runtime.exec_code('\n'.join(code))
  File "/home/doyle/Documents/COS484/COS484_PAL/.venv/lib/python3.10/site-packages/pal/core/runtime.py", line 145, in exec_code
    result = subprocess.run([f"llm_build/{str(random_uuid)}/Solution"], capture_output=True)
  File "/usr/lib/python3.10/subprocess.py", line 503, in run
    with Popen(*popenargs, **kwargs) as process:
  File "/usr/lib/python3.10/subprocess.py", line 971, in __init__
    self._execute_child(args, executable, preexec_fn, close_fds,
  File "/usr/lib/python3.10/subprocess.py", line 1863, in _execute_child
    raise child_exception_type(errno_num, err_msg, err_filename)
FileNotFoundError: [Errno 2] No such file or directory: 'llm_build/bb067a0a-288b-11f0-8afd-e10f5b0b7eea/Solution'

Execute error: 
Traceback (most recent call last):
  File "/home/doyle/Documents/COS484/COS484_PAL/.venv/lib/python3.10/site-packages/pal/core/interface.py", line 185, in run
    exec_result = self.execute(code)
  File "/home/doyle/Documents/COS484/COS484_PAL/.venv/lib/python3.10/site-packages/pal/core/interface.py", line 114, in execute
    self.runtime.exec_code('\n'.join(code))
  File "/home/doyle/Documents/COS484/COS484_PAL/.venv/lib/python3.10/site-packages/pal/core/runtime.py", line 145, in exec_code
    result = subprocess.run([f"llm_build/{str(random_uuid)}/Solution"], capture_output=True)
  File "/usr/lib/python3.10/subprocess.py", line 503, in run
    with Popen(*popenargs, **kwargs) as process:
  File "/usr/lib/python3.10/subprocess.py", line 971, in __init__
    self._execute_child(args, executable, preexec_fn, close_fds,
  File "/usr/lib/python3.10/subprocess.py", line 1863, in _execute_child
    raise child_exception_type(errno_num, err_msg, err_filename)
FileNotFoundError: [Errno 2] No such file or directory: 'llm_build/d231cb58-288b-11f0-8afd-e10f5b0b7eea/Solution'

Execute error: 
Traceback (most recent call last):
  File "/home/doyle/Documents/COS484/COS484_PAL/.venv/lib/python3.10/site-packages/pal/core/interface.py", line 185, in run
    exec_result = self.execute(code)
  File "/home/doyle/Documents/COS484/COS484_PAL/.venv/lib/python3.10/site-packages/pal/core/interface.py", line 114, in execute
    self.runtime.exec_code('\n'.join(code))
  File "/home/doyle/Documents/COS484/COS484_PAL/.venv/lib/python3.10/site-packages/pal/core/runtime.py", line 145, in exec_code
    result = subprocess.run([f"llm_build/{str(random_uuid)}/Solution"], capture_output=True)
  File "/usr/lib/python3.10/subprocess.py", line 503, in run
    with Popen(*popenargs, **kwargs) as process:
  File "/usr/lib/python3.10/subprocess.py", line 971, in __init__
    self._execute_child(args, executable, preexec_fn, close_fds,
  File "/usr/lib/python3.10/subprocess.py", line 1863, in _execute_child
    raise child_exception_type(errno_num, err_msg, err_filename)
FileNotFoundError: [Errno 2] No such file or directory: 'llm_build/d9c95016-288b-11f0-8afd-e10f5b0b7eea/Solution'

Execute error: 
Traceback (most recent call last):
  File "/home/doyle/Documents/COS484/COS484_PAL/.venv/lib/python3.10/site-packages/pal/core/interface.py", line 185, in run
    exec_result = self.execute(code)
  File "/home/doyle/Documents/COS484/COS484_PAL/.venv/lib/python3.10/site-packages/pal/core/interface.py", line 114, in execute
    self.runtime.exec_code('\n'.join(code))
  File "/home/doyle/Documents/COS484/COS484_PAL/.venv/lib/python3.10/site-packages/pal/core/runtime.py", line 145, in exec_code
    result = subprocess.run([f"llm_build/{str(random_uuid)}/Solution"], capture_output=True)
  File "/usr/lib/python3.10/subprocess.py", line 503, in run
    with Popen(*popenargs, **kwargs) as process:
  File "/usr/lib/python3.10/subprocess.py", line 971, in __init__
    self._execute_child(args, executable, preexec_fn, close_fds,
  File "/usr/lib/python3.10/subprocess.py", line 1863, in _execute_child
    raise child_exception_type(errno_num, err_msg, err_filename)
FileNotFoundError: [Errno 2] No such file or directory: 'llm_build/dd23bdb4-288b-11f0-8afd-e10f5b0b7eea/Solution'

Execute error: 
Traceback (most recent call last):
  File "/home/doyle/Documents/COS484/COS484_PAL/.venv/lib/python3.10/site-packages/pal/core/interface.py", line 185, in run
    exec_result = self.execute(code)
  File "/home/doyle/Documents/COS484/COS484_PAL/.venv/lib/python3.10/site-packages/pal/core/interface.py", line 114, in execute
    self.runtime.exec_code('\n'.join(code))
  File "/home/doyle/Documents/COS484/COS484_PAL/.venv/lib/python3.10/site-packages/pal/core/runtime.py", line 145, in exec_code
    result = subprocess.run([f"llm_build/{str(random_uuid)}/Solution"], capture_output=True)
  File "/usr/lib/python3.10/subprocess.py", line 503, in run
    with Popen(*popenargs, **kwargs) as process:
  File "/usr/lib/python3.10/subprocess.py", line 971, in __init__
    self._execute_child(args, executable, preexec_fn, close_fds,
  File "/usr/lib/python3.10/subprocess.py", line 1863, in _execute_child
    raise child_exception_type(errno_num, err_msg, err_filename)
FileNotFoundError: [Errno 2] No such file or directory: 'llm_build/e0d1a35e-288b-11f0-8afd-e10f5b0b7eea/Solution'

Execute error: 
Traceback (most recent call last):
  File "/home/doyle/Documents/COS484/COS484_PAL/.venv/lib/python3.10/site-packages/pal/core/interface.py", line 185, in run
    exec_result = self.execute(code)
  File "/home/doyle/Documents/COS484/COS484_PAL/.venv/lib/python3.10/site-packages/pal/core/interface.py", line 114, in execute
    self.runtime.exec_code('\n'.join(code))
  File "/home/doyle/Documents/COS484/COS484_PAL/.venv/lib/python3.10/site-packages/pal/core/runtime.py", line 145, in exec_code
    result = subprocess.run([f"llm_build/{str(random_uuid)}/Solution"], capture_output=True)
  File "/usr/lib/python3.10/subprocess.py", line 503, in run
    with Popen(*popenargs, **kwargs) as process:
  File "/usr/lib/python3.10/subprocess.py", line 971, in __init__
    self._execute_child(args, executable, preexec_fn, close_fds,
  File "/usr/lib/python3.10/subprocess.py", line 1863, in _execute_child
    raise child_exception_type(errno_num, err_msg, err_filename)
FileNotFoundError: [Errno 2] No such file or directory: 'llm_build/f70575b0-288b-11f0-8afd-e10f5b0b7eea/Solution'

Execute error: 
 90%|████████▉ | 1183/1319 [1:02:17<05:53,  2.60s/it] 90%|████████▉ | 1184/1319 [1:02:20<05:58,  2.65s/it]File "llm_build/03a4a034-288c-11f0-8afd-e10f5b0b7eea/Solution.ml", line 2, characters 21-22:
2 | let smallest_angle = x in
                         ^
Error: Unbound value "x"
 90%|████████▉ | 1185/1319 [1:02:22<05:35,  2.51s/it] 90%|████████▉ | 1186/1319 [1:02:25<05:40,  2.56s/it] 90%|████████▉ | 1187/1319 [1:02:27<05:39,  2.57s/it] 90%|█████████ | 1188/1319 [1:02:29<05:09,  2.36s/it]File "llm_build/0979cf98-288c-11f0-8afd-e10f5b0b7eea/Solution.ml", line 5, characters 4-19:
5 | let acceptance_rate = 1 / 3 in
        ^^^^^^^^^^^^^^^
Warning 26 [unused-var]: unused variable acceptance_rate.
 90%|█████████ | 1189/1319 [1:02:32<05:17,  2.45s/it] 90%|█████████ | 1190/1319 [1:02:33<04:38,  2.16s/it]File "llm_build/0b72025c-288c-11f0-8afd-e10f5b0b7eea/Solution.ml", line 2, characters 4-18:
2 | let total_students = 54 in
        ^^^^^^^^^^^^^^
Warning 26 [unused-var]: unused variable total_students.
 90%|█████████ | 1191/1319 [1:02:35<04:22,  2.05s/it] 90%|█████████ | 1192/1319 [1:02:38<04:58,  2.35s/it] 90%|█████████ | 1193/1319 [1:02:41<05:13,  2.49s/it] 91%|█████████ | 1194/1319 [1:02:46<06:50,  3.29s/it] 91%|█████████ | 1195/1319 [1:02:55<09:57,  4.82s/it] 91%|█████████ | 1196/1319 [1:02:58<09:08,  4.46s/it] 91%|█████████ | 1197/1319 [1:03:00<07:34,  3.73s/it] 91%|█████████ | 1198/1319 [1:03:03<07:13,  3.58s/it] 91%|█████████ | 1199/1319 [1:03:07<06:54,  3.45s/it] 91%|█████████ | 1200/1319 [1:03:08<05:34,  2.81s/it] 91%|█████████ | 1201/1319 [1:03:11<05:52,  2.99s/it] 91%|█████████ | 1202/1319 [1:03:16<06:40,  3.43s/it] 91%|█████████ | 1203/1319 [1:03:17<05:26,  2.82s/it] 91%|█████████▏| 1204/1319 [1:03:19<05:06,  2.66s/it] 91%|█████████▏| 1205/1319 [1:03:22<04:43,  2.48s/it] 91%|█████████▏| 1206/1319 [1:03:28<06:50,  3.63s/it] 92%|█████████▏| 1207/1319 [1:03:30<05:53,  3.16s/it] 92%|█████████▏| 1208/1319 [1:03:34<06:36,  3.58s/it] 92%|█████████▏| 1209/1319 [1:03:36<05:28,  2.99s/it]File "llm_build/2fbf5b47-288c-11f0-8afd-e10f5b0b7eea/Solution.ml", line 5, characters 4-20:
5 | let remaining_amount = goal_amount - amount_raised in
        ^^^^^^^^^^^^^^^^
Warning 26 [unused-var]: unused variable remaining_amount.
 92%|█████████▏| 1210/1319 [1:03:38<04:44,  2.61s/it] 92%|█████████▏| 1211/1319 [1:03:42<05:30,  3.06s/it] 92%|█████████▏| 1212/1319 [1:03:44<05:00,  2.81s/it] 92%|█████████▏| 1213/1319 [1:03:46<04:33,  2.58s/it] 92%|█████████▏| 1214/1319 [1:03:48<04:18,  2.46s/it] 92%|█████████▏| 1215/1319 [1:03:52<05:03,  2.92s/it] 92%|█████████▏| 1216/1319 [1:03:56<05:16,  3.07s/it] 92%|█████████▏| 1217/1319 [1:03:58<04:35,  2.70s/it] 92%|█████████▏| 1218/1319 [1:04:00<04:22,  2.60s/it] 92%|█████████▏| 1219/1319 [1:04:04<04:58,  2.99s/it] 92%|█████████▏| 1220/1319 [1:04:06<04:43,  2.86s/it] 93%|█████████▎| 1221/1319 [1:04:08<04:13,  2.59s/it] 93%|█████████▎| 1222/1319 [1:04:10<03:39,  2.26s/it] 93%|█████████▎| 1223/1319 [1:04:12<03:20,  2.09s/it]File "llm_build/469277e0-288c-11f0-8afd-e10f5b0b7eea/Solution.ml", line 10, characters 55-72:
10 | let time_driving_fast = total_time - time_in_traffic - time_driving_slow in
                                                            ^^^^^^^^^^^^^^^^^
Error: This expression has type "float" but an expression was expected of type
         "int"
 93%|█████████▎| 1224/1319 [1:04:14<03:37,  2.29s/it]File "llm_build/47fa441e-288c-11f0-8afd-e10f5b0b7eea/Solution.ml", line 7, characters 24-28:
7 | let quarters = change / 0.25 in
                            ^^^^
Error: This expression has type "float" but an expression was expected of type
         "int"
 93%|█████████▎| 1225/1319 [1:04:17<03:37,  2.31s/it] 93%|█████████▎| 1226/1319 [1:04:19<03:40,  2.37s/it]File "llm_build/4975fcfd-288c-11f0-8afd-e10f5b0b7eea/Solution.ml", line 7, characters 41-44:
7 | let total_time_spent = total_show_time / 0.3 in
                                             ^^^
Error: This expression has type "float" but an expression was expected of type
         "int"
 93%|█████████▎| 1227/1319 [1:04:21<03:21,  2.19s/it] 93%|█████████▎| 1228/1319 [1:04:23<03:09,  2.09s/it] 93%|█████████▎| 1229/1319 [1:04:25<03:00,  2.01s/it] 93%|█████████▎| 1230/1319 [1:04:29<03:53,  2.62s/it] 93%|█████████▎| 1231/1319 [1:04:31<03:45,  2.56s/it] 93%|█████████▎| 1232/1319 [1:04:35<04:25,  3.05s/it] 93%|█████████▎| 1233/1319 [1:04:39<04:30,  3.14s/it] 94%|█████████▎| 1234/1319 [1:04:41<03:59,  2.81s/it] 94%|█████████▎| 1235/1319 [1:04:46<05:02,  3.60s/it] 94%|█████████▎| 1236/1319 [1:04:48<04:22,  3.16s/it] 94%|█████████▍| 1237/1319 [1:04:50<03:50,  2.82s/it]File "llm_build/5bff538d-288c-11f0-8afd-e10f5b0b7eea/Solution.ml", line 4, characters 19-33:
4 | let turtle_speed = kangaroo_speed /. 2.0 in
                       ^^^^^^^^^^^^^^
Error: This expression has type "int" but an expression was expected of type
         "float"
 94%|█████████▍| 1238/1319 [1:04:52<03:16,  2.42s/it] 94%|█████████▍| 1239/1319 [1:04:56<03:58,  2.98s/it] 94%|█████████▍| 1240/1319 [1:04:58<03:29,  2.66s/it]File "llm_build/6240bfba-288c-11f0-8afd-e10f5b0b7eea/Solution.ml", line 5, characters 43-62:
5 | let balloons_cost = (dozen_balloons / 2) * balloons_cost_per_2 in
                                               ^^^^^^^^^^^^^^^^^^^
Error: This expression has type "float" but an expression was expected of type
         "int"
 94%|█████████▍| 1241/1319 [1:05:01<03:30,  2.70s/it] 94%|█████████▍| 1242/1319 [1:05:04<03:37,  2.83s/it] 94%|█████████▍| 1243/1319 [1:05:06<03:06,  2.46s/it] 94%|█████████▍| 1244/1319 [1:05:07<02:48,  2.25s/it] 94%|█████████▍| 1245/1319 [1:05:09<02:39,  2.15s/it]File "llm_build/693f9840-288c-11f0-8afd-e10f5b0b7eea/Solution.ml", line 5, characters 28-40:
5 | let total_space_per_plant = flower_width + space_between_plants in
                                ^^^^^^^^^^^^
Error: This expression has type "float" but an expression was expected of type
         "int"
Traceback (most recent call last):
  File "/home/doyle/Documents/COS484/COS484_PAL/.venv/lib/python3.10/site-packages/pal/core/interface.py", line 185, in run
    exec_result = self.execute(code)
  File "/home/doyle/Documents/COS484/COS484_PAL/.venv/lib/python3.10/site-packages/pal/core/interface.py", line 114, in execute
    self.runtime.exec_code('\n'.join(code))
  File "/home/doyle/Documents/COS484/COS484_PAL/.venv/lib/python3.10/site-packages/pal/core/runtime.py", line 145, in exec_code
    result = subprocess.run([f"llm_build/{str(random_uuid)}/Solution"], capture_output=True)
  File "/usr/lib/python3.10/subprocess.py", line 503, in run
    with Popen(*popenargs, **kwargs) as process:
  File "/usr/lib/python3.10/subprocess.py", line 971, in __init__
    self._execute_child(args, executable, preexec_fn, close_fds,
  File "/usr/lib/python3.10/subprocess.py", line 1863, in _execute_child
    raise child_exception_type(errno_num, err_msg, err_filename)
FileNotFoundError: [Errno 2] No such file or directory: 'llm_build/00b3f51e-288c-11f0-8afd-e10f5b0b7eea/Solution'

Execute error: 
Traceback (most recent call last):
  File "/home/doyle/Documents/COS484/COS484_PAL/.venv/lib/python3.10/site-packages/pal/core/interface.py", line 185, in run
    exec_result = self.execute(code)
  File "/home/doyle/Documents/COS484/COS484_PAL/.venv/lib/python3.10/site-packages/pal/core/interface.py", line 114, in execute
    self.runtime.exec_code('\n'.join(code))
  File "/home/doyle/Documents/COS484/COS484_PAL/.venv/lib/python3.10/site-packages/pal/core/runtime.py", line 145, in exec_code
    result = subprocess.run([f"llm_build/{str(random_uuid)}/Solution"], capture_output=True)
  File "/usr/lib/python3.10/subprocess.py", line 503, in run
    with Popen(*popenargs, **kwargs) as process:
  File "/usr/lib/python3.10/subprocess.py", line 971, in __init__
    self._execute_child(args, executable, preexec_fn, close_fds,
  File "/usr/lib/python3.10/subprocess.py", line 1863, in _execute_child
    raise child_exception_type(errno_num, err_msg, err_filename)
FileNotFoundError: [Errno 2] No such file or directory: 'llm_build/03a4a034-288c-11f0-8afd-e10f5b0b7eea/Solution'

Execute error: 
Traceback (most recent call last):
  File "/home/doyle/Documents/COS484/COS484_PAL/.venv/lib/python3.10/site-packages/pal/core/interface.py", line 185, in run
    exec_result = self.execute(code)
  File "/home/doyle/Documents/COS484/COS484_PAL/.venv/lib/python3.10/site-packages/pal/core/interface.py", line 114, in execute
    self.runtime.exec_code('\n'.join(code))
  File "/home/doyle/Documents/COS484/COS484_PAL/.venv/lib/python3.10/site-packages/pal/core/runtime.py", line 145, in exec_code
    result = subprocess.run([f"llm_build/{str(random_uuid)}/Solution"], capture_output=True)
  File "/usr/lib/python3.10/subprocess.py", line 503, in run
    with Popen(*popenargs, **kwargs) as process:
  File "/usr/lib/python3.10/subprocess.py", line 971, in __init__
    self._execute_child(args, executable, preexec_fn, close_fds,
  File "/usr/lib/python3.10/subprocess.py", line 1863, in _execute_child
    raise child_exception_type(errno_num, err_msg, err_filename)
FileNotFoundError: [Errno 2] No such file or directory: 'llm_build/469277e0-288c-11f0-8afd-e10f5b0b7eea/Solution'

Execute error: 
Traceback (most recent call last):
  File "/home/doyle/Documents/COS484/COS484_PAL/.venv/lib/python3.10/site-packages/pal/core/interface.py", line 185, in run
    exec_result = self.execute(code)
  File "/home/doyle/Documents/COS484/COS484_PAL/.venv/lib/python3.10/site-packages/pal/core/interface.py", line 114, in execute
    self.runtime.exec_code('\n'.join(code))
  File "/home/doyle/Documents/COS484/COS484_PAL/.venv/lib/python3.10/site-packages/pal/core/runtime.py", line 145, in exec_code
    result = subprocess.run([f"llm_build/{str(random_uuid)}/Solution"], capture_output=True)
  File "/usr/lib/python3.10/subprocess.py", line 503, in run
    with Popen(*popenargs, **kwargs) as process:
  File "/usr/lib/python3.10/subprocess.py", line 971, in __init__
    self._execute_child(args, executable, preexec_fn, close_fds,
  File "/usr/lib/python3.10/subprocess.py", line 1863, in _execute_child
    raise child_exception_type(errno_num, err_msg, err_filename)
FileNotFoundError: [Errno 2] No such file or directory: 'llm_build/47fa441e-288c-11f0-8afd-e10f5b0b7eea/Solution'

Execute error: 
Traceback (most recent call last):
  File "/home/doyle/Documents/COS484/COS484_PAL/.venv/lib/python3.10/site-packages/pal/core/interface.py", line 185, in run
    exec_result = self.execute(code)
  File "/home/doyle/Documents/COS484/COS484_PAL/.venv/lib/python3.10/site-packages/pal/core/interface.py", line 114, in execute
    self.runtime.exec_code('\n'.join(code))
  File "/home/doyle/Documents/COS484/COS484_PAL/.venv/lib/python3.10/site-packages/pal/core/runtime.py", line 145, in exec_code
    result = subprocess.run([f"llm_build/{str(random_uuid)}/Solution"], capture_output=True)
  File "/usr/lib/python3.10/subprocess.py", line 503, in run
    with Popen(*popenargs, **kwargs) as process:
  File "/usr/lib/python3.10/subprocess.py", line 971, in __init__
    self._execute_child(args, executable, preexec_fn, close_fds,
  File "/usr/lib/python3.10/subprocess.py", line 1863, in _execute_child
    raise child_exception_type(errno_num, err_msg, err_filename)
FileNotFoundError: [Errno 2] No such file or directory: 'llm_build/4975fcfd-288c-11f0-8afd-e10f5b0b7eea/Solution'

Execute error: 
Traceback (most recent call last):
  File "/home/doyle/Documents/COS484/COS484_PAL/.venv/lib/python3.10/site-packages/pal/core/interface.py", line 185, in run
    exec_result = self.execute(code)
  File "/home/doyle/Documents/COS484/COS484_PAL/.venv/lib/python3.10/site-packages/pal/core/interface.py", line 114, in execute
    self.runtime.exec_code('\n'.join(code))
  File "/home/doyle/Documents/COS484/COS484_PAL/.venv/lib/python3.10/site-packages/pal/core/runtime.py", line 145, in exec_code
    result = subprocess.run([f"llm_build/{str(random_uuid)}/Solution"], capture_output=True)
  File "/usr/lib/python3.10/subprocess.py", line 503, in run
    with Popen(*popenargs, **kwargs) as process:
  File "/usr/lib/python3.10/subprocess.py", line 971, in __init__
    self._execute_child(args, executable, preexec_fn, close_fds,
  File "/usr/lib/python3.10/subprocess.py", line 1863, in _execute_child
    raise child_exception_type(errno_num, err_msg, err_filename)
FileNotFoundError: [Errno 2] No such file or directory: 'llm_build/5bff538d-288c-11f0-8afd-e10f5b0b7eea/Solution'

Execute error: 
Traceback (most recent call last):
  File "/home/doyle/Documents/COS484/COS484_PAL/.venv/lib/python3.10/site-packages/pal/core/interface.py", line 185, in run
    exec_result = self.execute(code)
  File "/home/doyle/Documents/COS484/COS484_PAL/.venv/lib/python3.10/site-packages/pal/core/interface.py", line 114, in execute
    self.runtime.exec_code('\n'.join(code))
  File "/home/doyle/Documents/COS484/COS484_PAL/.venv/lib/python3.10/site-packages/pal/core/runtime.py", line 145, in exec_code
    result = subprocess.run([f"llm_build/{str(random_uuid)}/Solution"], capture_output=True)
  File "/usr/lib/python3.10/subprocess.py", line 503, in run
    with Popen(*popenargs, **kwargs) as process:
  File "/usr/lib/python3.10/subprocess.py", line 971, in __init__
    self._execute_child(args, executable, preexec_fn, close_fds,
  File "/usr/lib/python3.10/subprocess.py", line 1863, in _execute_child
    raise child_exception_type(errno_num, err_msg, err_filename)
FileNotFoundError: [Errno 2] No such file or directory: 'llm_build/6240bfba-288c-11f0-8afd-e10f5b0b7eea/Solution'

Execute error: 
 94%|█████████▍| 1246/1319 [1:05:13<03:02,  2.50s/it]File "llm_build/6aa8e376-288c-11f0-8afd-e10f5b0b7eea/Solution.ml", line 7, characters 25-35:
7 | let total_hours_worked = total_days *. fraction_of_day *. 24.0 in
                             ^^^^^^^^^^
Error: This expression has type "int" but an expression was expected of type
         "float"
 95%|█████████▍| 1247/1319 [1:05:15<02:57,  2.46s/it]File "llm_build/6bde3afc-288c-11f0-8afd-e10f5b0b7eea/Solution.ml", line 2, characters 4-16:
2 | let toys_initial = 9070002 in
        ^^^^^^^^^^^^
Warning 26 [unused-var]: unused variable toys_initial.
 95%|█████████▍| 1248/1319 [1:05:17<02:45,  2.34s/it] 95%|█████████▍| 1249/1319 [1:05:20<02:58,  2.55s/it] 95%|█████████▍| 1250/1319 [1:05:22<02:45,  2.40s/it] 95%|█████████▍| 1251/1319 [1:05:23<02:21,  2.08s/it] 95%|█████████▍| 1252/1319 [1:05:26<02:33,  2.29s/it]File "llm_build/72d4ebd0-288c-11f0-8afd-e10f5b0b7eea/Solution.ml", line 5, characters 4-22:
5 | let current_year_sales = 5715521 in
        ^^^^^^^^^^^^^^^^^^
Warning 26 [unused-var]: unused variable current_year_sales.
 95%|█████████▍| 1253/1319 [1:05:29<02:34,  2.34s/it] 95%|█████████▌| 1254/1319 [1:05:30<02:11,  2.03s/it] 95%|█████████▌| 1255/1319 [1:05:32<02:04,  1.94s/it] 95%|█████████▌| 1256/1319 [1:05:34<02:04,  1.97s/it] 95%|█████████▌| 1257/1319 [1:05:36<01:59,  1.93s/it] 95%|█████████▌| 1258/1319 [1:05:38<02:13,  2.18s/it]File "llm_build/7a2df85e-288c-11f0-8afd-e10f5b0b7eea/Solution.ml", line 2, characters 4-18:
2 | let initial_apples = 2 in
        ^^^^^^^^^^^^^^
Warning 26 [unused-var]: unused variable initial_apples.

File "llm_build/7a2df85e-288c-11f0-8afd-e10f5b0b7eea/Solution.ml", line 3, characters 4-32:
3 | let apples_in_pocket_after_first = 1 in
        ^^^^^^^^^^^^^^^^^^^^^^^^^^^^
Warning 26 [unused-var]: unused variable apples_in_pocket_after_first.
 95%|█████████▌| 1259/1319 [1:05:41<02:19,  2.32s/it] 96%|█████████▌| 1260/1319 [1:05:43<02:13,  2.26s/it] 96%|█████████▌| 1261/1319 [1:05:46<02:14,  2.31s/it] 96%|█████████▌| 1262/1319 [1:05:48<02:07,  2.23s/it] 96%|█████████▌| 1263/1319 [1:05:49<01:55,  2.06s/it] 96%|█████████▌| 1264/1319 [1:05:50<01:39,  1.82s/it] 96%|█████████▌| 1265/1319 [1:05:53<01:42,  1.91s/it] 96%|█████████▌| 1266/1319 [1:05:56<01:59,  2.25s/it]File "llm_build/841dee6e-288c-11f0-8afd-e10f5b0b7eea/Solution.ml", line 8, characters 14-34:
8 | let savings = total_streaming_cost *. (1.0 -. discount) in
                  ^^^^^^^^^^^^^^^^^^^^
Error: This expression has type "int" but an expression was expected of type
         "float"
 96%|█████████▌| 1267/1319 [1:05:58<01:53,  2.18s/it] 96%|█████████▌| 1268/1319 [1:06:00<01:52,  2.21s/it] 96%|█████████▌| 1269/1319 [1:06:02<01:44,  2.08s/it] 96%|█████████▋| 1270/1319 [1:06:08<02:38,  3.23s/it] 96%|█████████▋| 1271/1319 [1:06:12<02:52,  3.59s/it]File "llm_build/8db03c52-288c-11f0-8afd-e10f5b0b7eea/Solution.ml", line 3, characters 22-23:
3 | let defense_players = d in
                          ^
Error: Unbound value "d"
 96%|█████████▋| 1272/1319 [1:06:14<02:21,  3.01s/it] 97%|█████████▋| 1273/1319 [1:06:17<02:20,  3.06s/it] 97%|█████████▋| 1274/1319 [1:06:20<02:19,  3.09s/it]File "llm_build/932d1a4c-288c-11f0-8afd-e10f5b0b7eea/Solution.ml", line 6, characters 44-67:
6 | let job_a_net_income = job_a_total_income * (1.0 -. job_a_tax_rate) in
                                                ^^^^^^^^^^^^^^^^^^^^^^^
Error: This expression has type "float" but an expression was expected of type
         "int"
 97%|█████████▋| 1275/1319 [1:06:23<02:12,  3.02s/it] 97%|█████████▋| 1276/1319 [1:06:27<02:19,  3.24s/it] 97%|█████████▋| 1277/1319 [1:06:34<03:03,  4.38s/it] 97%|█████████▋| 1278/1319 [1:06:36<02:32,  3.71s/it] 97%|█████████▋| 1279/1319 [1:06:38<02:15,  3.38s/it] 97%|█████████▋| 1280/1319 [1:06:41<01:59,  3.08s/it] 97%|█████████▋| 1281/1319 [1:06:44<02:02,  3.21s/it] 97%|█████████▋| 1282/1319 [1:06:47<01:53,  3.07s/it] 97%|█████████▋| 1283/1319 [1:06:52<02:13,  3.71s/it]File "llm_build/a690b440-288c-11f0-8afd-e10f5b0b7eea/Solution.ml", line 6, characters 45-64:
6 | let total_increase = annual_salary_initial * increase_percentage * years_of_increase in
                                                 ^^^^^^^^^^^^^^^^^^^
Error: This expression has type "float" but an expression was expected of type
         "int"
 97%|█████████▋| 1284/1319 [1:06:55<02:03,  3.54s/it] 97%|█████████▋| 1285/1319 [1:06:57<01:40,  2.95s/it] 97%|█████████▋| 1286/1319 [1:06:58<01:21,  2.48s/it] 98%|█████████▊| 1287/1319 [1:07:00<01:15,  2.36s/it] 98%|█████████▊| 1288/1319 [1:07:02<01:06,  2.16s/it] 98%|█████████▊| 1289/1319 [1:07:05<01:09,  2.32s/it] 98%|█████████▊| 1290/1319 [1:07:07<01:09,  2.41s/it]File "llm_build/adbd642b-288c-11f0-8afd-e10f5b0b7eea/Solution.ml", line 5, characters 40-66:
5 | let total_infected = initial_infected * (1 + daily_infection_rate) ** days in
                                            ^^^^^^^^^^^^^^^^^^^^^^^^^^
Error: This expression has type "int" but an expression was expected of type
         "float"
 98%|█████████▊| 1291/1319 [1:07:09<01:00,  2.17s/it] 98%|█████████▊| 1292/1319 [1:07:11<01:00,  2.23s/it] 98%|█████████▊| 1293/1319 [1:07:14<01:01,  2.38s/it] 98%|█████████▊| 1294/1319 [1:07:15<00:50,  2.02s/it] 98%|█████████▊| 1295/1319 [1:07:17<00:44,  1.87s/it] 98%|█████████▊| 1296/1319 [1:07:20<00:48,  2.10s/it] 98%|█████████▊| 1297/1319 [1:07:22<00:50,  2.28s/it] 98%|█████████▊| 1298/1319 [1:07:24<00:43,  2.06s/it] 98%|█████████▊| 1299/1319 [1:07:27<00:48,  2.41s/it] 99%|█████████▊| 1300/1319 [1:07:29<00:43,  2.27s/it] 99%|█████████▊| 1301/1319 [1:07:31<00:38,  2.14s/it] 99%|█████████▊| 1302/1319 [1:07:34<00:40,  2.38s/it] 99%|█████████▉| 1303/1319 [1:07:37<00:40,  2.55s/it]File "llm_build/c06e6452-288c-11f0-8afd-e10f5b0b7eea/Solution.ml", line 7, characters 4-14:
7 | let cds_unsold = 5 in
        ^^^^^^^^^^
Warning 26 [unused-var]: unused variable cds_unsold.
 99%|█████████▉| 1304/1319 [1:07:39<00:36,  2.43s/it] 99%|█████████▉| 1305/1319 [1:07:41<00:31,  2.22s/it] 99%|█████████▉| 1306/1319 [1:07:42<00:27,  2.10s/it] 99%|█████████▉| 1307/1319 [1:07:46<00:29,  2.45s/it] 99%|█████████▉| 1308/1319 [1:07:48<00:26,  2.38s/it] 99%|█████████▉| 1309/1319 [1:07:50<00:23,  2.33s/it] 99%|█████████▉| 1310/1319 [1:07:51<00:17,  1.96s/it] 99%|█████████▉| 1311/1319 [1:07:54<00:16,  2.09s/it] 99%|█████████▉| 1312/1319 [1:07:55<00:14,  2.04s/it]100%|█████████▉| 1313/1319 [1:07:57<00:11,  1.90s/it]100%|█████████▉| 1314/1319 [1:07:59<00:09,  1.85s/it]100%|█████████▉| 1315/1319 [1:08:00<00:06,  1.67s/it]File "llm_build/cef3c9ae-288c-11f0-8afd-e10f5b0b7eea/Solution.ml", line 5, characters 4-16:
5 | let alex_pokemon = stan_pokemon + 5 in
        ^^^^^^^^^^^^
Warning 26 [unused-var]: unused variable alex_pokemon.
100%|█████████▉| 1316/1319 [1:08:03<00:06,  2.12s/it]File "llm_build/d032713a-288c-11f0-8afd-e10f5b0b7eea/Solution.ml", line 3, characters 4-20:
3 | let blue_rope_length = 7 in
        ^^^^^^^^^^^^^^^^
Warning 26 [unused-var]: unused variable blue_rope_length.
100%|█████████▉| 1317/1319 [1:08:05<00:04,  2.11s/it]100%|█████████▉| 1318/1319 [1:08:07<00:02,  2.08s/it]100%|██████████| 1319/1319 [1:08:11<00:00,  2.45s/it]100%|██████████| 1319/1319 [1:08:11<00:00,  3.10s/it]
Traceback (most recent call last):
  File "/home/doyle/Documents/COS484/COS484_PAL/.venv/lib/python3.10/site-packages/pal/core/interface.py", line 185, in run
    exec_result = self.execute(code)
  File "/home/doyle/Documents/COS484/COS484_PAL/.venv/lib/python3.10/site-packages/pal/core/interface.py", line 114, in execute
    self.runtime.exec_code('\n'.join(code))
  File "/home/doyle/Documents/COS484/COS484_PAL/.venv/lib/python3.10/site-packages/pal/core/runtime.py", line 145, in exec_code
    result = subprocess.run([f"llm_build/{str(random_uuid)}/Solution"], capture_output=True)
  File "/usr/lib/python3.10/subprocess.py", line 503, in run
    with Popen(*popenargs, **kwargs) as process:
  File "/usr/lib/python3.10/subprocess.py", line 971, in __init__
    self._execute_child(args, executable, preexec_fn, close_fds,
  File "/usr/lib/python3.10/subprocess.py", line 1863, in _execute_child
    raise child_exception_type(errno_num, err_msg, err_filename)
FileNotFoundError: [Errno 2] No such file or directory: 'llm_build/693f9840-288c-11f0-8afd-e10f5b0b7eea/Solution'

Execute error: 
Traceback (most recent call last):
  File "/home/doyle/Documents/COS484/COS484_PAL/.venv/lib/python3.10/site-packages/pal/core/interface.py", line 185, in run
    exec_result = self.execute(code)
  File "/home/doyle/Documents/COS484/COS484_PAL/.venv/lib/python3.10/site-packages/pal/core/interface.py", line 114, in execute
    self.runtime.exec_code('\n'.join(code))
  File "/home/doyle/Documents/COS484/COS484_PAL/.venv/lib/python3.10/site-packages/pal/core/runtime.py", line 145, in exec_code
    result = subprocess.run([f"llm_build/{str(random_uuid)}/Solution"], capture_output=True)
  File "/usr/lib/python3.10/subprocess.py", line 503, in run
    with Popen(*popenargs, **kwargs) as process:
  File "/usr/lib/python3.10/subprocess.py", line 971, in __init__
    self._execute_child(args, executable, preexec_fn, close_fds,
  File "/usr/lib/python3.10/subprocess.py", line 1863, in _execute_child
    raise child_exception_type(errno_num, err_msg, err_filename)
FileNotFoundError: [Errno 2] No such file or directory: 'llm_build/6aa8e376-288c-11f0-8afd-e10f5b0b7eea/Solution'

Execute error: 
Traceback (most recent call last):
  File "/home/doyle/Documents/COS484/COS484_PAL/.venv/lib/python3.10/site-packages/pal/core/interface.py", line 185, in run
    exec_result = self.execute(code)
  File "/home/doyle/Documents/COS484/COS484_PAL/.venv/lib/python3.10/site-packages/pal/core/interface.py", line 114, in execute
    self.runtime.exec_code('\n'.join(code))
  File "/home/doyle/Documents/COS484/COS484_PAL/.venv/lib/python3.10/site-packages/pal/core/runtime.py", line 145, in exec_code
    result = subprocess.run([f"llm_build/{str(random_uuid)}/Solution"], capture_output=True)
  File "/usr/lib/python3.10/subprocess.py", line 503, in run
    with Popen(*popenargs, **kwargs) as process:
  File "/usr/lib/python3.10/subprocess.py", line 971, in __init__
    self._execute_child(args, executable, preexec_fn, close_fds,
  File "/usr/lib/python3.10/subprocess.py", line 1863, in _execute_child
    raise child_exception_type(errno_num, err_msg, err_filename)
FileNotFoundError: [Errno 2] No such file or directory: 'llm_build/841dee6e-288c-11f0-8afd-e10f5b0b7eea/Solution'

Execute error: 
Traceback (most recent call last):
  File "/home/doyle/Documents/COS484/COS484_PAL/.venv/lib/python3.10/site-packages/pal/core/interface.py", line 185, in run
    exec_result = self.execute(code)
  File "/home/doyle/Documents/COS484/COS484_PAL/.venv/lib/python3.10/site-packages/pal/core/interface.py", line 114, in execute
    self.runtime.exec_code('\n'.join(code))
  File "/home/doyle/Documents/COS484/COS484_PAL/.venv/lib/python3.10/site-packages/pal/core/runtime.py", line 145, in exec_code
    result = subprocess.run([f"llm_build/{str(random_uuid)}/Solution"], capture_output=True)
  File "/usr/lib/python3.10/subprocess.py", line 503, in run
    with Popen(*popenargs, **kwargs) as process:
  File "/usr/lib/python3.10/subprocess.py", line 971, in __init__
    self._execute_child(args, executable, preexec_fn, close_fds,
  File "/usr/lib/python3.10/subprocess.py", line 1863, in _execute_child
    raise child_exception_type(errno_num, err_msg, err_filename)
FileNotFoundError: [Errno 2] No such file or directory: 'llm_build/8db03c52-288c-11f0-8afd-e10f5b0b7eea/Solution'

Execute error: 
Traceback (most recent call last):
  File "/home/doyle/Documents/COS484/COS484_PAL/.venv/lib/python3.10/site-packages/pal/core/interface.py", line 185, in run
    exec_result = self.execute(code)
  File "/home/doyle/Documents/COS484/COS484_PAL/.venv/lib/python3.10/site-packages/pal/core/interface.py", line 114, in execute
    self.runtime.exec_code('\n'.join(code))
  File "/home/doyle/Documents/COS484/COS484_PAL/.venv/lib/python3.10/site-packages/pal/core/runtime.py", line 145, in exec_code
    result = subprocess.run([f"llm_build/{str(random_uuid)}/Solution"], capture_output=True)
  File "/usr/lib/python3.10/subprocess.py", line 503, in run
    with Popen(*popenargs, **kwargs) as process:
  File "/usr/lib/python3.10/subprocess.py", line 971, in __init__
    self._execute_child(args, executable, preexec_fn, close_fds,
  File "/usr/lib/python3.10/subprocess.py", line 1863, in _execute_child
    raise child_exception_type(errno_num, err_msg, err_filename)
FileNotFoundError: [Errno 2] No such file or directory: 'llm_build/932d1a4c-288c-11f0-8afd-e10f5b0b7eea/Solution'

Execute error: 
Traceback (most recent call last):
  File "/home/doyle/Documents/COS484/COS484_PAL/.venv/lib/python3.10/site-packages/pal/core/interface.py", line 185, in run
    exec_result = self.execute(code)
  File "/home/doyle/Documents/COS484/COS484_PAL/.venv/lib/python3.10/site-packages/pal/core/interface.py", line 114, in execute
    self.runtime.exec_code('\n'.join(code))
  File "/home/doyle/Documents/COS484/COS484_PAL/.venv/lib/python3.10/site-packages/pal/core/runtime.py", line 145, in exec_code
    result = subprocess.run([f"llm_build/{str(random_uuid)}/Solution"], capture_output=True)
  File "/usr/lib/python3.10/subprocess.py", line 503, in run
    with Popen(*popenargs, **kwargs) as process:
  File "/usr/lib/python3.10/subprocess.py", line 971, in __init__
    self._execute_child(args, executable, preexec_fn, close_fds,
  File "/usr/lib/python3.10/subprocess.py", line 1863, in _execute_child
    raise child_exception_type(errno_num, err_msg, err_filename)
FileNotFoundError: [Errno 2] No such file or directory: 'llm_build/a690b440-288c-11f0-8afd-e10f5b0b7eea/Solution'

Execute error: 
Traceback (most recent call last):
  File "/home/doyle/Documents/COS484/COS484_PAL/.venv/lib/python3.10/site-packages/pal/core/interface.py", line 185, in run
    exec_result = self.execute(code)
  File "/home/doyle/Documents/COS484/COS484_PAL/.venv/lib/python3.10/site-packages/pal/core/interface.py", line 114, in execute
    self.runtime.exec_code('\n'.join(code))
  File "/home/doyle/Documents/COS484/COS484_PAL/.venv/lib/python3.10/site-packages/pal/core/runtime.py", line 145, in exec_code
    result = subprocess.run([f"llm_build/{str(random_uuid)}/Solution"], capture_output=True)
  File "/usr/lib/python3.10/subprocess.py", line 503, in run
    with Popen(*popenargs, **kwargs) as process:
  File "/usr/lib/python3.10/subprocess.py", line 971, in __init__
    self._execute_child(args, executable, preexec_fn, close_fds,
  File "/usr/lib/python3.10/subprocess.py", line 1863, in _execute_child
    raise child_exception_type(errno_num, err_msg, err_filename)
FileNotFoundError: [Errno 2] No such file or directory: 'llm_build/adbd642b-288c-11f0-8afd-e10f5b0b7eea/Solution'

Accuracy - 0.555724033358605
