  0%|          | 0/149 [00:00<?, ?it/s]  1%|          | 1/149 [00:01<03:59,  1.62s/it]  1%|▏         | 2/149 [00:03<04:27,  1.82s/it]  2%|▏         | 3/149 [00:06<05:13,  2.14s/it]  3%|▎         | 4/149 [00:08<05:22,  2.22s/it]  3%|▎         | 5/149 [01:01<49:37, 20.68s/it]  4%|▍         | 6/149 [01:04<34:49, 14.61s/it]  5%|▍         | 7/149 [01:06<24:51, 10.51s/it]  5%|▌         | 8/149 [01:09<18:56,  8.06s/it]  6%|▌         | 9/149 [02:02<51:45, 22.18s/it]  7%|▋         | 10/149 [02:05<37:16, 16.09s/it]  7%|▋         | 11/149 [02:07<27:32, 11.97s/it]  8%|▊         | 12/149 [02:10<20:33,  9.00s/it]  9%|▊         | 13/149 [02:12<15:53,  7.01s/it]  9%|▉         | 14/149 [03:11<51:12, 22.76s/it] 10%|█         | 15/149 [04:05<1:11:58, 32.23s/it] 11%|█         | 16/149 [04:07<51:18, 23.14s/it]   11%|█▏        | 17/149 [04:09<36:47, 16.73s/it] 12%|█▏        | 18/149 [04:12<27:30, 12.60s/it]File "llm_build/6a00e6ae-2872-11f0-8acb-e10f5b0b7eea/Solution.ml", line 10, characters 4-28:
10 | let check_if_older_than_gwen older penguin = 
         ^^^^^^^^^^^^^^^^^^^^^^^^
Warning 26 [unused-var]: unused variable check_if_older_than_gwen.
 13%|█▎        | 19/149 [04:15<20:47,  9.60s/it] 13%|█▎        | 20/149 [05:03<45:42, 21.26s/it]File "llm_build/88ff4334-2872-11f0-8acb-e10f5b0b7eea/Solution.ml", line 14, characters 39-48:
14 | let filtered_penguins = List.fold_left check_age [] penguins in
                                            ^^^^^^^^^
Error: This expression has type
         "'a * int * 'b * 'c ->
         ('a * int * 'b * 'c) list -> ('a * int * 'b * 'c) list"
       but an expression was expected of type
         "'a * int * 'b * 'c ->
         ('a * int * 'b * 'c) list -> 'a * int * 'b * 'c"
       Type "('a * int * 'b * 'c) list" is not compatible with type
         "'a * int * 'b * 'c"
 14%|█▍        | 21/149 [05:07<34:00, 15.94s/it]File "llm_build/8a482990-2872-11f0-8acb-e10f5b0b7eea/Solution.ml", line 14, characters 39-48:
14 | let filtered_penguins = List.fold_left check_age [] penguins in
                                            ^^^^^^^^^
Error: This expression has type
         "'a * int * 'b * 'c ->
         ('a * int * 'b * 'c) list -> ('a * int * 'b * 'c) list"
       but an expression was expected of type
         "'a * int * 'b * 'c ->
         ('a * int * 'b * 'c) list -> 'a * int * 'b * 'c"
       Type "('a * int * 'b * 'c) list" is not compatible with type
         "'a * int * 'b * 'c"
 15%|█▍        | 22/149 [05:09<24:59, 11.80s/it] 15%|█▌        | 23/149 [05:12<19:16,  9.18s/it] 16%|█▌        | 24/149 [05:15<15:06,  7.25s/it] 17%|█▋        | 25/149 [06:03<40:32, 19.61s/it] 17%|█▋        | 26/149 [06:05<29:10, 14.23s/it] 18%|█▊        | 27/149 [06:07<21:38, 10.64s/it] 19%|█▉        | 28/149 [06:09<15:54,  7.89s/it] 19%|█▉        | 29/149 [06:11<12:25,  6.22s/it] 20%|██        | 30/149 [06:13<09:51,  4.97s/it] 21%|██        | 31/149 [06:18<09:35,  4.88s/it] 21%|██▏       | 32/149 [07:04<33:38, 17.25s/it] 22%|██▏       | 33/149 [07:09<26:18, 13.61s/it] 23%|██▎       | 34/149 [07:11<19:34, 10.21s/it] 23%|██▎       | 35/149 [07:14<15:20,  8.07s/it] 24%|██▍       | 36/149 [07:17<12:24,  6.59s/it] 25%|██▍       | 37/149 [08:10<38:04, 20.40s/it] 26%|██▌       | 38/149 [08:12<27:24, 14.81s/it] 26%|██▌       | 39/149 [08:13<19:56, 10.87s/it] 27%|██▋       | 40/149 [08:15<14:40,  8.08s/it] 28%|██▊       | 41/149 [08:17<11:29,  6.38s/it] 28%|██▊       | 42/149 [09:03<32:26, 18.19s/it] 29%|██▉       | 43/149 [09:10<26:21, 14.92s/it] 30%|██▉       | 44/149 [09:12<19:18, 11.03s/it] 30%|███       | 45/149 [09:14<14:24,  8.31s/it] 31%|███       | 46/149 [09:17<11:29,  6.70s/it] 32%|███▏      | 47/149 [10:10<35:03, 20.63s/it] 32%|███▏      | 48/149 [10:12<25:15, 15.00s/it] 33%|███▎      | 49/149 [10:14<18:22, 11.03s/it] 34%|███▎      | 50/149 [10:16<13:36,  8.24s/it] 34%|███▍      | 51/149 [10:17<10:11,  6.24s/it] 35%|███▍      | 52/149 [10:18<07:28,  4.62s/it] 36%|███▌      | 53/149 [11:11<30:16, 18.92s/it] 36%|███▌      | 54/149 [11:11<21:18, 13.45s/it] 37%|███▋      | 55/149 [11:14<15:54, 10.15s/it] 38%|███▊      | 56/149 [11:17<12:20,  7.96s/it] 38%|███▊      | 57/149 [11:19<09:43,  6.35s/it] 39%|███▉      | 58/149 [12:13<31:28, 20.75s/it] 40%|███▉      | 59/149 [12:16<23:03, 15.38s/it] 40%|████      | 60/149 [12:19<17:00, 11.47s/it] 41%|████      | 61/149 [12:20<12:33,  8.56s/it] 42%|████▏     | 62/149 [12:22<09:24,  6.49s/it] 42%|████▏     | 63/149 [13:07<25:43, 17.95s/it] 43%|████▎     | 64/149 [13:12<20:02, 14.14s/it] 44%|████▎     | 65/149 [13:14<14:34, 10.41s/it] 44%|████▍     | 66/149 [13:15<10:47,  7.80s/it] 45%|████▍     | 67/149 [13:17<08:14,  6.03s/it] 46%|████▌     | 68/149 [13:20<06:49,  5.06s/it] 46%|████▋     | 69/149 [13:23<05:46,  4.33s/it] 47%|████▋     | 70/149 [14:06<21:09, 16.07s/it] 48%|████▊     | 71/149 [14:18<19:12, 14.78s/it] 48%|████▊     | 72/149 [14:20<14:04, 10.96s/it] 49%|████▉     | 73/149 [14:23<10:40,  8.42s/it] 50%|████▉     | 74/149 [15:12<25:52, 20.70s/it] 50%|█████     | 75/149 [15:17<19:47, 16.04s/it] 51%|█████     | 76/149 [15:20<14:46, 12.14s/it] 52%|█████▏    | 77/149 [15:23<11:18,  9.43s/it] 52%|█████▏    | 78/149 [15:29<09:46,  8.25s/it] 53%|█████▎    | 79/149 [16:09<20:52, 17.90s/it] 54%|█████▎    | 80/149 [16:17<17:08, 14.91s/it] 54%|█████▍    | 81/149 [16:24<14:20, 12.65s/it] 55%|█████▌    | 82/149 [16:27<10:37,  9.51s/it] 56%|█████▌    | 83/149 [17:07<20:31, 18.66s/it] 56%|█████▋    | 84/149 [17:23<19:24, 17.92s/it] 57%|█████▋    | 85/149 [17:26<14:14, 13.36s/it] 58%|█████▊    | 86/149 [17:27<10:24,  9.92s/it] 58%|█████▊    | 87/149 [18:08<19:53, 19.25s/it] 59%|█████▉    | 88/149 [18:20<17:11, 16.91s/it] 60%|█████▉    | 89/149 [18:22<12:28, 12.47s/it] 60%|██████    | 90/149 [18:24<09:18,  9.46s/it] 61%|██████    | 91/149 [18:26<06:52,  7.12s/it] 62%|██████▏   | 92/149 [18:28<05:18,  5.59s/it] 62%|██████▏   | 93/149 [18:30<04:05,  4.38s/it] 63%|██████▎   | 94/149 [19:07<13:09, 14.36s/it] 64%|██████▍   | 95/149 [19:19<12:17, 13.66s/it] 64%|██████▍   | 96/149 [19:22<09:10, 10.39s/it] 65%|██████▌   | 97/149 [19:24<06:50,  7.89s/it] 66%|██████▌   | 98/149 [19:27<05:22,  6.32s/it] 66%|██████▋   | 99/149 [19:29<04:19,  5.18s/it] 67%|██████▋   | 100/149 [20:08<12:20, 15.10s/it] 68%|██████▊   | 101/149 [20:23<12:13, 15.28s/it] 68%|██████▊   | 102/149 [20:26<08:55, 11.39s/it] 69%|██████▉   | 103/149 [20:29<06:54,  9.01s/it] 70%|██████▉   | 104/149 [20:32<05:20,  7.12s/it] 70%|███████   | 105/149 [21:08<11:42, 15.97s/it] 71%|███████   | 106/149 [21:23<11:14, 15.68s/it] 72%|███████▏  | 107/149 [21:26<08:11, 11.71s/it] 72%|███████▏  | 108/149 [21:29<06:19,  9.24s/it] 73%|███████▎  | 109/149 [21:32<04:45,  7.13s/it] 74%|███████▍  | 110/149 [22:11<10:55, 16.81s/it] 74%|███████▍  | 111/149 [22:19<09:00, 14.24s/it] 75%|███████▌  | 112/149 [22:24<07:06, 11.53s/it]File "llm_build/f50c0290-2874-11f0-8ad7-e10f5b0b7eea/Solution.ml", line 14, characters 29-43:
14 | let penguin_70cm = List.find find_by_height 70 penguins in
                                  ^^^^^^^^^^^^^^
Error: This expression has type
         "('a -> 'b) -> 'c * 'd * ('a -> 'b) * 'e -> bool"
       but an expression was expected of type "('a -> 'b) -> bool"
       Type "'c * 'd * ('a -> 'b) * 'e -> bool" is not compatible with type
         "bool"
 76%|███████▌  | 113/149 [22:27<05:19,  8.87s/it] 77%|███████▋  | 114/149 [22:29<03:53,  6.66s/it] 77%|███████▋  | 115/149 [22:32<03:14,  5.73s/it] 78%|███████▊  | 116/149 [22:34<02:26,  4.44s/it] 79%|███████▊  | 117/149 [23:22<09:29, 17.79s/it] 79%|███████▉  | 118/149 [23:28<07:20, 14.20s/it] 80%|███████▉  | 119/149 [23:33<05:40, 11.34s/it] 81%|████████  | 120/149 [23:35<04:10,  8.64s/it]File "llm_build/324094c8-2875-11f0-8ad8-e10f5b0b7eea/Solution.ml", line 3, characters 4-12:
3 | let penguins = [
        ^^^^^^^^
Warning 26 [unused-var]: unused variable penguins.
 81%|████████  | 121/149 [24:10<07:38, 16.38s/it] 82%|████████▏ | 122/149 [24:22<06:49, 15.17s/it]File "llm_build/3cb9717c-2875-11f0-8ad8-e10f5b0b7eea/Solution.ml", line 3, characters 4-12:
3 | let penguins = [
        ^^^^^^^^
Warning 26 [unused-var]: unused variable penguins.

File "llm_build/3cb9717c-2875-11f0-8ad8-e10f5b0b7eea/Solution.ml", line 10, characters 4-12:
10 | let giraffes = [
         ^^^^^^^^
Warning 26 [unused-var]: unused variable giraffes.
 83%|████████▎ | 123/149 [24:27<05:16, 12.18s/it] 83%|████████▎ | 124/149 [24:29<03:48,  9.13s/it] 84%|████████▍ | 125/149 [24:32<02:51,  7.16s/it] 85%|████████▍ | 126/149 [24:35<02:13,  5.81s/it] 85%|████████▌ | 127/149 [25:22<06:45, 18.45s/it] 86%|████████▌ | 128/149 [25:28<05:05, 14.52s/it] 87%|████████▋ | 129/149 [25:30<03:36, 10.83s/it] 87%|████████▋ | 130/149 [25:33<02:42,  8.53s/it] 88%|████████▊ | 131/149 [25:35<01:58,  6.58s/it] 89%|████████▊ | 132/149 [25:38<01:30,  5.34s/it]File "llm_build/8560d258-2875-11f0-8ad9-e10f5b0b7eea/Solution.ml", line 15, characters 30-44:
15 | let penguin_70_cm = List.find find_by_height 70 penguins in
                                   ^^^^^^^^^^^^^^
Error: This expression has type
         "('a -> 'b) -> 'c * 'd * ('a -> 'b) * 'e -> bool"
       but an expression was expected of type "('a -> 'b) -> bool"
       Type "'c * 'd * ('a -> 'b) * 'e -> bool" is not compatible with type
         "bool"
 89%|████████▉ | 133/149 [26:29<05:07, 19.19s/it] 90%|████████▉ | 134/149 [26:31<03:29, 13.98s/it] 91%|█████████ | 135/149 [26:34<02:28, 10.61s/it]File "llm_build/8bc2be36-2875-11f0-8ad9-e10f5b0b7eea/Solution.ml", line 10, characters 4-12:
10 | let penguins = ("James", 12, 90, 12) :: penguins in
         ^^^^^^^^
Warning 26 [unused-var]: unused variable penguins.
 91%|█████████▏| 136/149 [26:40<02:00,  9.27s/it]File "llm_build/a45cc8ce-2875-11f0-8ad9-e10f5b0b7eea/Solution.ml", line 10, characters 4-12:
10 | let penguins = ("James", 12, 90, 12) :: penguins in
         ^^^^^^^^
Warning 26 [unused-var]: unused variable penguins.
 92%|█████████▏| 137/149 [27:21<03:46, 18.87s/it]File "llm_build/aa6c131e-2875-11f0-8ad9-e10f5b0b7eea/Solution.ml", line 10, characters 4-12:
10 | let penguins = ("James", 12, 90, 12) :: penguins in
         ^^^^^^^^
Warning 26 [unused-var]: unused variable penguins.
 93%|█████████▎| 138/149 [27:31<02:58, 16.26s/it] 93%|█████████▎| 139/149 [27:35<02:05, 12.51s/it] 94%|█████████▍| 140/149 [27:38<01:26,  9.65s/it]File "llm_build/afe70236-2875-11f0-8ad9-e10f5b0b7eea/Solution.ml", line 10, characters 4-12:
10 | let penguins = ("James", 12, 90, 12) :: penguins in
         ^^^^^^^^
Warning 26 [unused-var]: unused variable penguins.
 95%|█████████▍| 141/149 [27:41<00:59,  7.49s/it] 95%|█████████▌| 142/149 [28:13<01:44, 14.91s/it]File "llm_build/c9063336-2875-11f0-8ad9-e10f5b0b7eea/Solution.ml", line 10, characters 4-12:
10 | let penguins = ("James", 12, 90, 12) :: penguins in
         ^^^^^^^^
Warning 26 [unused-var]: unused variable penguins.

File "llm_build/c9063336-2875-11f0-8ad9-e10f5b0b7eea/Solution.ml", line 13, characters 4-12:
13 | let giraffes = [
         ^^^^^^^^
Warning 26 [unused-var]: unused variable giraffes.
 96%|█████████▌| 143/149 [28:23<01:20, 13.41s/it] 97%|█████████▋| 144/149 [28:31<00:59, 11.87s/it] 97%|█████████▋| 145/149 [28:33<00:35,  8.98s/it] 98%|█████████▊| 146/149 [28:36<00:21,  7.17s/it] 99%|█████████▊| 147/149 [28:38<00:11,  5.59s/it]File "llm_build/d3b262d2-2875-11f0-8ad9-e10f5b0b7eea/Solution.ml", line 10, characters 4-12:
10 | let penguins = ("James", 12, 90, 12) :: penguins in
         ^^^^^^^^
Warning 26 [unused-var]: unused variable penguins.
 99%|█████████▉| 148/149 [28:41<00:04,  4.68s/it]100%|██████████| 149/149 [29:14<00:00, 13.24s/it]100%|██████████| 149/149 [29:14<00:00, 11.77s/it]
Execute error: 
Traceback (most recent call last):
  File "/home/doyle/Documents/COS484/COS484_PAL/.venv/lib/python3.10/site-packages/pal/core/interface.py", line 185, in run
    exec_result = self.execute(code)
  File "/home/doyle/Documents/COS484/COS484_PAL/.venv/lib/python3.10/site-packages/pal/core/interface.py", line 114, in execute
    self.runtime.exec_code('\n'.join(code))
  File "/home/doyle/Documents/COS484/COS484_PAL/.venv/lib/python3.10/site-packages/pal/core/runtime.py", line 145, in exec_code
    result = subprocess.run([f"llm_build/{str(random_uuid)}/Solution"], capture_output=True)
  File "/usr/lib/python3.10/subprocess.py", line 503, in run
    with Popen(*popenargs, **kwargs) as process:
  File "/usr/lib/python3.10/subprocess.py", line 971, in __init__
    self._execute_child(args, executable, preexec_fn, close_fds,
  File "/usr/lib/python3.10/subprocess.py", line 1863, in _execute_child
    raise child_exception_type(errno_num, err_msg, err_filename)
FileNotFoundError: [Errno 2] No such file or directory: 'llm_build/88ff4334-2872-11f0-8acb-e10f5b0b7eea/Solution'

Execute error: 
Traceback (most recent call last):
  File "/home/doyle/Documents/COS484/COS484_PAL/.venv/lib/python3.10/site-packages/pal/core/interface.py", line 185, in run
    exec_result = self.execute(code)
  File "/home/doyle/Documents/COS484/COS484_PAL/.venv/lib/python3.10/site-packages/pal/core/interface.py", line 114, in execute
    self.runtime.exec_code('\n'.join(code))
  File "/home/doyle/Documents/COS484/COS484_PAL/.venv/lib/python3.10/site-packages/pal/core/runtime.py", line 145, in exec_code
    result = subprocess.run([f"llm_build/{str(random_uuid)}/Solution"], capture_output=True)
  File "/usr/lib/python3.10/subprocess.py", line 503, in run
    with Popen(*popenargs, **kwargs) as process:
  File "/usr/lib/python3.10/subprocess.py", line 971, in __init__
    self._execute_child(args, executable, preexec_fn, close_fds,
  File "/usr/lib/python3.10/subprocess.py", line 1863, in _execute_child
    raise child_exception_type(errno_num, err_msg, err_filename)
FileNotFoundError: [Errno 2] No such file or directory: 'llm_build/8a482990-2872-11f0-8acb-e10f5b0b7eea/Solution'

Execute error: 
Traceback (most recent call last):
  File "/home/doyle/Documents/COS484/COS484_PAL/.venv/lib/python3.10/site-packages/pal/core/interface.py", line 185, in run
    exec_result = self.execute(code)
  File "/home/doyle/Documents/COS484/COS484_PAL/.venv/lib/python3.10/site-packages/pal/core/interface.py", line 114, in execute
    self.runtime.exec_code('\n'.join(code))
  File "/home/doyle/Documents/COS484/COS484_PAL/.venv/lib/python3.10/site-packages/pal/core/runtime.py", line 145, in exec_code
    result = subprocess.run([f"llm_build/{str(random_uuid)}/Solution"], capture_output=True)
  File "/usr/lib/python3.10/subprocess.py", line 503, in run
    with Popen(*popenargs, **kwargs) as process:
  File "/usr/lib/python3.10/subprocess.py", line 971, in __init__
    self._execute_child(args, executable, preexec_fn, close_fds,
  File "/usr/lib/python3.10/subprocess.py", line 1863, in _execute_child
    raise child_exception_type(errno_num, err_msg, err_filename)
FileNotFoundError: [Errno 2] No such file or directory: 'llm_build/f50c0290-2874-11f0-8ad7-e10f5b0b7eea/Solution'

Execute error: 
Traceback (most recent call last):
  File "/home/doyle/Documents/COS484/COS484_PAL/.venv/lib/python3.10/site-packages/pal/core/interface.py", line 185, in run
    exec_result = self.execute(code)
  File "/home/doyle/Documents/COS484/COS484_PAL/.venv/lib/python3.10/site-packages/pal/core/interface.py", line 114, in execute
    self.runtime.exec_code('\n'.join(code))
  File "/home/doyle/Documents/COS484/COS484_PAL/.venv/lib/python3.10/site-packages/pal/core/runtime.py", line 145, in exec_code
    result = subprocess.run([f"llm_build/{str(random_uuid)}/Solution"], capture_output=True)
  File "/usr/lib/python3.10/subprocess.py", line 503, in run
    with Popen(*popenargs, **kwargs) as process:
  File "/usr/lib/python3.10/subprocess.py", line 971, in __init__
    self._execute_child(args, executable, preexec_fn, close_fds,
  File "/usr/lib/python3.10/subprocess.py", line 1863, in _execute_child
    raise child_exception_type(errno_num, err_msg, err_filename)
FileNotFoundError: [Errno 2] No such file or directory: 'llm_build/8560d258-2875-11f0-8ad9-e10f5b0b7eea/Solution'

Accuracy - 0.9261744966442953
